<?xml version="1.0" encoding="UTF-8"?>
<testsuite name="com.example.currencyrate.CurrencyRateApplicationTests" tests="1" skipped="0" failures="0" errors="0" timestamp="2021-12-28T09:41:29" hostname="WIN-57D37CKG0OU" time="0.004">
  <properties/>
  <testcase name="contextLoads()" classname="com.example.currencyrate.CurrencyRateApplicationTests" time="0.004"/>
  <system-out><![CDATA[12:41:24.044 [Test worker] DEBUG org.springframework.test.context.BootstrapUtils - Instantiating CacheAwareContextLoaderDelegate from class [org.springframework.test.context.cache.DefaultCacheAwareContextLoaderDelegate]
12:41:24.044 [Test worker] DEBUG org.springframework.test.context.BootstrapUtils - Instantiating BootstrapContext using constructor [public org.springframework.test.context.support.DefaultBootstrapContext(java.lang.Class,org.springframework.test.context.CacheAwareContextLoaderDelegate)]
12:41:24.053 [Test worker] DEBUG org.springframework.test.context.BootstrapUtils - Instantiating TestContextBootstrapper for test class [com.example.currencyrate.CurrencyRateApplicationTests] from class [org.springframework.boot.test.context.SpringBootTestContextBootstrapper]
12:41:24.060 [Test worker] INFO org.springframework.boot.test.context.SpringBootTestContextBootstrapper - Neither @ContextConfiguration nor @ContextHierarchy found for test class [com.example.currencyrate.CurrencyRateApplicationTests], using SpringBootContextLoader
12:41:24.061 [Test worker] DEBUG org.springframework.test.context.support.AbstractContextLoader - Did not detect default resource location for test class [com.example.currencyrate.CurrencyRateApplicationTests]: class path resource [com/example/currencyrate/CurrencyRateApplicationTests-context.xml] does not exist
12:41:24.063 [Test worker] DEBUG org.springframework.test.context.support.AbstractContextLoader - Did not detect default resource location for test class [com.example.currencyrate.CurrencyRateApplicationTests]: class path resource [com/example/currencyrate/CurrencyRateApplicationTestsContext.groovy] does not exist
12:41:24.064 [Test worker] INFO org.springframework.test.context.support.AbstractContextLoader - Could not detect default resource locations for test class [com.example.currencyrate.CurrencyRateApplicationTests]: no resource found for suffixes {-context.xml, Context.groovy}.
12:41:24.064 [Test worker] INFO org.springframework.test.context.support.AnnotationConfigContextLoaderUtils - Could not detect default configuration classes for test class [com.example.currencyrate.CurrencyRateApplicationTests]: CurrencyRateApplicationTests does not declare any static, non-private, non-final, nested classes annotated with @Configuration.
12:41:24.068 [Test worker] DEBUG org.springframework.test.context.support.ActiveProfilesUtils - Could not find an 'annotation declaring class' for annotation type [org.springframework.test.context.ActiveProfiles] and class [com.example.currencyrate.CurrencyRateApplicationTests]
12:41:24.106 [Test worker] DEBUG org.springframework.context.annotation.ClassPathScanningCandidateComponentProvider - Identified candidate component class: file [D:\Java_projects\currency-rate\build\classes\java\main\com\example\currencyrate\CurrencyRateApplication.class]
12:41:24.108 [Test worker] INFO org.springframework.boot.test.context.SpringBootTestContextBootstrapper - Found @SpringBootConfiguration com.example.currencyrate.CurrencyRateApplication for test class com.example.currencyrate.CurrencyRateApplicationTests
12:41:24.124 [Test worker] DEBUG org.springframework.boot.test.context.SpringBootTestContextBootstrapper - @TestExecutionListeners is not present for class [com.example.currencyrate.CurrencyRateApplicationTests]: using defaults.
12:41:24.124 [Test worker] INFO org.springframework.boot.test.context.SpringBootTestContextBootstrapper - Loaded default TestExecutionListener class names from location [META-INF/spring.factories]: [org.springframework.boot.test.autoconfigure.restdocs.RestDocsTestExecutionListener, org.springframework.boot.test.autoconfigure.web.client.MockRestServiceServerResetTestExecutionListener, org.springframework.boot.test.autoconfigure.web.servlet.MockMvcPrintOnlyOnFailureTestExecutionListener, org.springframework.boot.test.autoconfigure.web.servlet.WebDriverTestExecutionListener, org.springframework.boot.test.autoconfigure.webservices.client.MockWebServiceServerTestExecutionListener, org.springframework.boot.test.mock.mockito.MockitoTestExecutionListener, org.springframework.boot.test.mock.mockito.ResetMocksTestExecutionListener, org.springframework.test.context.web.ServletTestExecutionListener, org.springframework.test.context.support.DirtiesContextBeforeModesTestExecutionListener, org.springframework.test.context.event.ApplicationEventsTestExecutionListener, org.springframework.test.context.support.DependencyInjectionTestExecutionListener, org.springframework.test.context.support.DirtiesContextTestExecutionListener, org.springframework.test.context.transaction.TransactionalTestExecutionListener, org.springframework.test.context.jdbc.SqlScriptsTestExecutionListener, org.springframework.test.context.event.EventPublishingTestExecutionListener]
12:41:24.127 [Test worker] DEBUG org.springframework.boot.test.context.SpringBootTestContextBootstrapper - Skipping candidate TestExecutionListener [org.springframework.test.context.transaction.TransactionalTestExecutionListener] due to a missing dependency. Specify custom listener classes or make the default listener classes and their required dependencies available. Offending class: [org/springframework/transaction/interceptor/TransactionAttributeSource]
12:41:24.128 [Test worker] DEBUG org.springframework.boot.test.context.SpringBootTestContextBootstrapper - Skipping candidate TestExecutionListener [org.springframework.test.context.jdbc.SqlScriptsTestExecutionListener] due to a missing dependency. Specify custom listener classes or make the default listener classes and their required dependencies available. Offending class: [org/springframework/transaction/interceptor/TransactionAttribute]
12:41:24.129 [Test worker] INFO org.springframework.boot.test.context.SpringBootTestContextBootstrapper - Using TestExecutionListeners: [org.springframework.test.context.web.ServletTestExecutionListener@7dd611c8, org.springframework.test.context.support.DirtiesContextBeforeModesTestExecutionListener@5d425813, org.springframework.test.context.event.ApplicationEventsTestExecutionListener@1702830d, org.springframework.boot.test.mock.mockito.MockitoTestExecutionListener@6a937336, org.springframework.boot.test.autoconfigure.SpringBootDependencyInjectionTestExecutionListener@278667fd, org.springframework.test.context.support.DirtiesContextTestExecutionListener@684b31de, org.springframework.test.context.event.EventPublishingTestExecutionListener@6b52dd31, org.springframework.boot.test.autoconfigure.restdocs.RestDocsTestExecutionListener@1a2909ae, org.springframework.boot.test.autoconfigure.web.client.MockRestServiceServerResetTestExecutionListener@e042c99, org.springframework.boot.test.autoconfigure.web.servlet.MockMvcPrintOnlyOnFailureTestExecutionListener@3f702946, org.springframework.boot.test.autoconfigure.web.servlet.WebDriverTestExecutionListener@42b6d0cc, org.springframework.boot.test.autoconfigure.webservices.client.MockWebServiceServerTestExecutionListener@1000d54d, org.springframework.boot.test.mock.mockito.ResetMocksTestExecutionListener@3f4f5330]
12:41:24.130 [Test worker] DEBUG org.springframework.test.context.support.AbstractDirtiesContextTestExecutionListener - Before test class: context [DefaultTestContext@14b7786 testClass = CurrencyRateApplicationTests, testInstance = [null], testMethod = [null], testException = [null], mergedContextConfiguration = [WebMergedContextConfiguration@750ff7d3 testClass = CurrencyRateApplicationTests, locations = '{}', classes = '{class com.example.currencyrate.CurrencyRateApplication}', contextInitializerClasses = '[]', activeProfiles = '{}', propertySourceLocations = '{}', propertySourceProperties = '{org.springframework.boot.test.context.SpringBootTestContextBootstrapper=true}', contextCustomizers = set[org.springframework.boot.test.autoconfigure.actuate.metrics.MetricsExportContextCustomizerFactory$DisableMetricExportContextCustomizer@2f1de2d6, org.springframework.boot.test.autoconfigure.properties.PropertyMappingContextCustomizer@0, org.springframework.boot.test.autoconfigure.web.servlet.WebDriverContextCustomizerFactory$Customizer@38831718, org.springframework.boot.test.context.filter.ExcludeFilterContextCustomizer@28ec166e, org.springframework.boot.test.json.DuplicateJsonObjectContextCustomizerFactory$DuplicateJsonObjectContextCustomizer@5629510, org.springframework.boot.test.mock.mockito.MockitoContextCustomizer@0, org.springframework.boot.test.web.client.TestRestTemplateContextCustomizer@718dbd79, org.springframework.boot.test.context.SpringBootTestArgs@1, org.springframework.boot.test.context.SpringBootTestWebEnvironment@e15b7e8], resourceBasePath = 'src/main/webapp', contextLoader = 'org.springframework.boot.test.context.SpringBootContextLoader', parent = [null]], attributes = map['org.springframework.test.context.web.ServletTestExecutionListener.activateListener' -> true]], class annotated with @DirtiesContext [false] with mode [null].
12:41:24.255 [Test worker] DEBUG org.springframework.boot.ApplicationServletEnvironment - Activating profiles []
12:41:24.257 [Test worker] DEBUG org.springframework.test.context.support.TestPropertySourceUtils - Adding inlined properties to environment: {spring.jmx.enabled=false, org.springframework.boot.test.context.SpringBootTestContextBootstrapper=true}

  .   ____          _            __ _ _
 /\\ / ___'_ __ _ _(_)_ __  __ _ \ \ \ \
( ( )\___ | '_ | '_| | '_ \/ _` | \ \ \ \
 \\/  ___)| |_)| | | | | || (_| |  ) ) ) )
  '  |____| .__|_| |_|_| |_\__, | / / / /
 =========|_|==============|___/=/_/_/_/
 :: Spring Boot ::                (v2.6.1)

2021-12-28 12:41:25.055  INFO 9656 --- [    Test worker] c.e.c.CurrencyRateApplicationTests       : Starting CurrencyRateApplicationTests using Java 14.0.2 on WIN-57D37CKG0OU with PID 9656 (started by Klop in D:\Java_projects\currency-rate)
2021-12-28 12:41:25.056  INFO 9656 --- [    Test worker] c.e.c.CurrencyRateApplicationTests       : No active profile set, falling back to default profiles: default
2021-12-28 12:41:26.826  INFO 9656 --- [    Test worker] o.s.cloud.context.scope.GenericScope     : BeanFactory id=19e8f84f-12d3-3546-bc02-55f2e4bd9583
2021-12-28 12:41:28.988  INFO 9656 --- [    Test worker] c.e.c.CurrencyRateApplicationTests       : Started CurrencyRateApplicationTests in 4.717 seconds (JVM running for 11.792)
]]></system-out>
  <system-err><![CDATA[]]></system-err>
</testsuite>
