<?xml version="1.0" encoding="UTF-8"?>
<testsuite name="com.example.currencyrate.ConfigPropertiesTest" tests="17" skipped="0" failures="0" errors="0" timestamp="2021-12-28T09:41:22" hostname="WIN-57D37CKG0OU" time="1.39">
  <properties/>
  <testcase name="configPropertiesSetCurrencyNull()" classname="com.example.currencyrate.ConfigPropertiesTest" time="0.859"/>
  <testcase name="configPropertiesAllFieldsAreSet()" classname="com.example.currencyrate.ConfigPropertiesTest" time="0.024"/>
  <testcase name="configPropertiesApiKeyError()" classname="com.example.currencyrate.ConfigPropertiesTest" time="0.019"/>
  <testcase name="configPropertiesAppIdError()" classname="com.example.currencyrate.ConfigPropertiesTest" time="0.015"/>
  <testcase name="configPropertiesRequestWordDownError()" classname="com.example.currencyrate.ConfigPropertiesTest" time="0.022"/>
  <testcase name="configPropertiesLimitGifError()" classname="com.example.currencyrate.ConfigPropertiesTest" time="0.018"/>
  <testcase name="configPropertiesSetLimitGifNull()" classname="com.example.currencyrate.ConfigPropertiesTest" time="0.026"/>
  <testcase name="configPropertiesUrlRateError()" classname="com.example.currencyrate.ConfigPropertiesTest" time="0.037"/>
  <testcase name="configPropertiesSetUrlGifNull()" classname="com.example.currencyrate.ConfigPropertiesTest" time="0.073"/>
  <testcase name="configPropertiesUrlGifError()" classname="com.example.currencyrate.ConfigPropertiesTest" time="0.043"/>
  <testcase name="configPropertiesSetRequestWordUpNull()" classname="com.example.currencyrate.ConfigPropertiesTest" time="0.021"/>
  <testcase name="configPropertiesSetAppIdNull()" classname="com.example.currencyrate.ConfigPropertiesTest" time="0.027"/>
  <testcase name="configPropertiesSetUrlRateNull()" classname="com.example.currencyrate.ConfigPropertiesTest" time="0.01"/>
  <testcase name="configPropertiesSetRequestWordDownNull()" classname="com.example.currencyrate.ConfigPropertiesTest" time="0.013"/>
  <testcase name="configPropertiesRequestWordUpError()" classname="com.example.currencyrate.ConfigPropertiesTest" time="0.022"/>
  <testcase name="configPropertiesCurrencyError()" classname="com.example.currencyrate.ConfigPropertiesTest" time="0.021"/>
  <testcase name="configPropertiesSetApiKeyNull()" classname="com.example.currencyrate.ConfigPropertiesTest" time="0.021"/>
  <system-out><![CDATA[12:41:20.125 [Test worker] DEBUG org.springframework.test.context.BootstrapUtils - Instantiating CacheAwareContextLoaderDelegate from class [org.springframework.test.context.cache.DefaultCacheAwareContextLoaderDelegate]
12:41:20.140 [Test worker] DEBUG org.springframework.test.context.BootstrapUtils - Instantiating BootstrapContext using constructor [public org.springframework.test.context.support.DefaultBootstrapContext(java.lang.Class,org.springframework.test.context.CacheAwareContextLoaderDelegate)]
12:41:20.224 [Test worker] DEBUG org.springframework.test.context.BootstrapUtils - Instantiating TestContextBootstrapper for test class [com.example.currencyrate.ConfigPropertiesTest] from class [org.springframework.test.context.support.DefaultTestContextBootstrapper]
12:41:20.240 [Test worker] INFO org.springframework.test.context.support.DefaultTestContextBootstrapper - Neither @ContextConfiguration nor @ContextHierarchy found for test class [com.example.currencyrate.ConfigPropertiesTest], using DelegatingSmartContextLoader
12:41:20.247 [Test worker] DEBUG org.springframework.test.context.support.AbstractDelegatingSmartContextLoader - Delegating to GenericGroovyXmlContextLoader to process context configuration [ContextConfigurationAttributes@3cdf2c61 declaringClass = 'com.example.currencyrate.ConfigPropertiesTest', classes = '{}', locations = '{}', inheritLocations = false, initializers = '{}', inheritInitializers = true, name = [null], contextLoaderClass = 'org.springframework.test.context.ContextLoader'].
12:41:20.252 [Test worker] DEBUG org.springframework.test.context.support.AbstractContextLoader - Did not detect default resource location for test class [com.example.currencyrate.ConfigPropertiesTest]: class path resource [com/example/currencyrate/ConfigPropertiesTest-context.xml] does not exist
12:41:20.253 [Test worker] DEBUG org.springframework.test.context.support.AbstractContextLoader - Did not detect default resource location for test class [com.example.currencyrate.ConfigPropertiesTest]: class path resource [com/example/currencyrate/ConfigPropertiesTestContext.groovy] does not exist
12:41:20.254 [Test worker] INFO org.springframework.test.context.support.AbstractContextLoader - Could not detect default resource locations for test class [com.example.currencyrate.ConfigPropertiesTest]: no resource found for suffixes {-context.xml, Context.groovy}.
12:41:20.256 [Test worker] DEBUG org.springframework.test.context.support.AbstractDelegatingSmartContextLoader - Delegating to AnnotationConfigContextLoader to process context configuration [ContextConfigurationAttributes@3cdf2c61 declaringClass = 'com.example.currencyrate.ConfigPropertiesTest', classes = '{}', locations = '{}', inheritLocations = false, initializers = '{}', inheritInitializers = true, name = [null], contextLoaderClass = 'org.springframework.test.context.ContextLoader'].
12:41:20.257 [Test worker] INFO org.springframework.test.context.support.AnnotationConfigContextLoaderUtils - Could not detect default configuration classes for test class [com.example.currencyrate.ConfigPropertiesTest]: ConfigPropertiesTest does not declare any static, non-private, non-final, nested classes annotated with @Configuration.
12:41:20.414 [Test worker] DEBUG org.springframework.test.context.support.ActiveProfilesUtils - Could not find an 'annotation declaring class' for annotation type [org.springframework.test.context.ActiveProfiles] and class [com.example.currencyrate.ConfigPropertiesTest]
12:41:20.415 [Test worker] DEBUG org.springframework.test.context.support.DefaultTestContextBootstrapper - @TestExecutionListeners is not present for class [com.example.currencyrate.ConfigPropertiesTest]: using defaults.
12:41:20.416 [Test worker] INFO org.springframework.test.context.support.DefaultTestContextBootstrapper - Loaded default TestExecutionListener class names from location [META-INF/spring.factories]: [org.springframework.boot.test.autoconfigure.restdocs.RestDocsTestExecutionListener, org.springframework.boot.test.autoconfigure.web.client.MockRestServiceServerResetTestExecutionListener, org.springframework.boot.test.autoconfigure.web.servlet.MockMvcPrintOnlyOnFailureTestExecutionListener, org.springframework.boot.test.autoconfigure.web.servlet.WebDriverTestExecutionListener, org.springframework.boot.test.autoconfigure.webservices.client.MockWebServiceServerTestExecutionListener, org.springframework.boot.test.mock.mockito.MockitoTestExecutionListener, org.springframework.boot.test.mock.mockito.ResetMocksTestExecutionListener, org.springframework.test.context.web.ServletTestExecutionListener, org.springframework.test.context.support.DirtiesContextBeforeModesTestExecutionListener, org.springframework.test.context.event.ApplicationEventsTestExecutionListener, org.springframework.test.context.support.DependencyInjectionTestExecutionListener, org.springframework.test.context.support.DirtiesContextTestExecutionListener, org.springframework.test.context.transaction.TransactionalTestExecutionListener, org.springframework.test.context.jdbc.SqlScriptsTestExecutionListener, org.springframework.test.context.event.EventPublishingTestExecutionListener]
12:41:20.439 [Test worker] DEBUG org.springframework.test.context.support.DefaultTestContextBootstrapper - Skipping candidate TestExecutionListener [org.springframework.test.context.transaction.TransactionalTestExecutionListener] due to a missing dependency. Specify custom listener classes or make the default listener classes and their required dependencies available. Offending class: [org/springframework/transaction/interceptor/TransactionAttributeSource]
12:41:20.441 [Test worker] DEBUG org.springframework.test.context.support.DefaultTestContextBootstrapper - Skipping candidate TestExecutionListener [org.springframework.test.context.jdbc.SqlScriptsTestExecutionListener] due to a missing dependency. Specify custom listener classes or make the default listener classes and their required dependencies available. Offending class: [org/springframework/transaction/interceptor/TransactionAttribute]
12:41:20.441 [Test worker] INFO org.springframework.test.context.support.DefaultTestContextBootstrapper - Using TestExecutionListeners: [org.springframework.test.context.web.ServletTestExecutionListener@626c44e7, org.springframework.test.context.support.DirtiesContextBeforeModesTestExecutionListener@4dc8caa7, org.springframework.test.context.event.ApplicationEventsTestExecutionListener@1d730606, org.springframework.boot.test.mock.mockito.MockitoTestExecutionListener@3bcbb589, org.springframework.test.context.support.DependencyInjectionTestExecutionListener@3b00856b, org.springframework.test.context.support.DirtiesContextTestExecutionListener@3016fd5e, org.springframework.test.context.event.EventPublishingTestExecutionListener@35d08e6c, org.springframework.boot.test.autoconfigure.restdocs.RestDocsTestExecutionListener@53d102a2, org.springframework.boot.test.autoconfigure.web.client.MockRestServiceServerResetTestExecutionListener@6c45ee6e, org.springframework.boot.test.autoconfigure.web.servlet.MockMvcPrintOnlyOnFailureTestExecutionListener@6b3e12b5, org.springframework.boot.test.autoconfigure.web.servlet.WebDriverTestExecutionListener@5aac4250, org.springframework.boot.test.autoconfigure.webservices.client.MockWebServiceServerTestExecutionListener@1338fb5, org.springframework.boot.test.mock.mockito.ResetMocksTestExecutionListener@42463763]
12:41:20.450 [Test worker] DEBUG org.springframework.test.context.support.AbstractDirtiesContextTestExecutionListener - Before test class: context [DefaultTestContext@178213b testClass = ConfigPropertiesTest, testInstance = [null], testMethod = [null], testException = [null], mergedContextConfiguration = [MergedContextConfiguration@7103cb56 testClass = ConfigPropertiesTest, locations = '{}', classes = '{}', contextInitializerClasses = '[]', activeProfiles = '{}', propertySourceLocations = '{classpath:config-test.properties}', propertySourceProperties = '{}', contextCustomizers = set[org.springframework.boot.test.autoconfigure.actuate.metrics.MetricsExportContextCustomizerFactory$DisableMetricExportContextCustomizer@2f1de2d6, org.springframework.boot.test.autoconfigure.properties.PropertyMappingContextCustomizer@0, org.springframework.boot.test.autoconfigure.web.servlet.WebDriverContextCustomizerFactory$Customizer@38831718, [ImportsContextCustomizer@1b765a2c key = [@org.springframework.test.context.TestPropertySource(locations={}, value={"classpath:config-test.properties"}, inheritProperties=true, properties={}, inheritLocations=true), @org.springframework.context.annotation.Import({org.springframework.boot.context.properties.EnableConfigurationPropertiesRegistrar.class}), @org.springframework.boot.context.properties.EnableConfigurationProperties({com.example.currencyrate.config.ConfigProperties.class})]], org.springframework.boot.test.context.filter.ExcludeFilterContextCustomizer@28ec166e, org.springframework.boot.test.json.DuplicateJsonObjectContextCustomizerFactory$DuplicateJsonObjectContextCustomizer@5629510, org.springframework.boot.test.mock.mockito.MockitoContextCustomizer@0], contextLoader = 'org.springframework.test.context.support.DelegatingSmartContextLoader', parent = [null]], attributes = map[[empty]]], class annotated with @DirtiesContext [false] with mode [null].
12:41:20.736 [Test worker] DEBUG org.springframework.test.context.support.DependencyInjectionTestExecutionListener - Performing dependency injection for test context [[DefaultTestContext@178213b testClass = ConfigPropertiesTest, testInstance = com.example.currencyrate.ConfigPropertiesTest@2f48b3d2, testMethod = [null], testException = [null], mergedContextConfiguration = [MergedContextConfiguration@7103cb56 testClass = ConfigPropertiesTest, locations = '{}', classes = '{}', contextInitializerClasses = '[]', activeProfiles = '{}', propertySourceLocations = '{classpath:config-test.properties}', propertySourceProperties = '{}', contextCustomizers = set[org.springframework.boot.test.autoconfigure.actuate.metrics.MetricsExportContextCustomizerFactory$DisableMetricExportContextCustomizer@2f1de2d6, org.springframework.boot.test.autoconfigure.properties.PropertyMappingContextCustomizer@0, org.springframework.boot.test.autoconfigure.web.servlet.WebDriverContextCustomizerFactory$Customizer@38831718, [ImportsContextCustomizer@1b765a2c key = [@org.springframework.test.context.TestPropertySource(locations={}, value={"classpath:config-test.properties"}, inheritProperties=true, properties={}, inheritLocations=true), @org.springframework.context.annotation.Import({org.springframework.boot.context.properties.EnableConfigurationPropertiesRegistrar.class}), @org.springframework.boot.context.properties.EnableConfigurationProperties({com.example.currencyrate.config.ConfigProperties.class})]], org.springframework.boot.test.context.filter.ExcludeFilterContextCustomizer@28ec166e, org.springframework.boot.test.json.DuplicateJsonObjectContextCustomizerFactory$DuplicateJsonObjectContextCustomizer@5629510, org.springframework.boot.test.mock.mockito.MockitoContextCustomizer@0], contextLoader = 'org.springframework.test.context.support.DelegatingSmartContextLoader', parent = [null]], attributes = map['org.springframework.test.context.event.ApplicationEventsTestExecutionListener.recordApplicationEvents' -> false]]].
12:41:20.738 [Test worker] DEBUG org.springframework.test.context.support.AbstractDelegatingSmartContextLoader - Delegating to AnnotationConfigContextLoader to load context from [MergedContextConfiguration@7103cb56 testClass = ConfigPropertiesTest, locations = '{}', classes = '{}', contextInitializerClasses = '[]', activeProfiles = '{}', propertySourceLocations = '{classpath:config-test.properties}', propertySourceProperties = '{}', contextCustomizers = set[org.springframework.boot.test.autoconfigure.actuate.metrics.MetricsExportContextCustomizerFactory$DisableMetricExportContextCustomizer@2f1de2d6, org.springframework.boot.test.autoconfigure.properties.PropertyMappingContextCustomizer@0, org.springframework.boot.test.autoconfigure.web.servlet.WebDriverContextCustomizerFactory$Customizer@38831718, [ImportsContextCustomizer@1b765a2c key = [@org.springframework.test.context.TestPropertySource(locations={}, value={"classpath:config-test.properties"}, inheritProperties=true, properties={}, inheritLocations=true), @org.springframework.context.annotation.Import({org.springframework.boot.context.properties.EnableConfigurationPropertiesRegistrar.class}), @org.springframework.boot.context.properties.EnableConfigurationProperties({com.example.currencyrate.config.ConfigProperties.class})]], org.springframework.boot.test.context.filter.ExcludeFilterContextCustomizer@28ec166e, org.springframework.boot.test.json.DuplicateJsonObjectContextCustomizerFactory$DuplicateJsonObjectContextCustomizer@5629510, org.springframework.boot.test.mock.mockito.MockitoContextCustomizer@0], contextLoader = 'org.springframework.test.context.support.DelegatingSmartContextLoader', parent = [null]].
12:41:20.739 [Test worker] DEBUG org.springframework.test.context.support.AbstractGenericContextLoader - Loading ApplicationContext for merged context configuration [[MergedContextConfiguration@7103cb56 testClass = ConfigPropertiesTest, locations = '{}', classes = '{}', contextInitializerClasses = '[]', activeProfiles = '{}', propertySourceLocations = '{classpath:config-test.properties}', propertySourceProperties = '{}', contextCustomizers = set[org.springframework.boot.test.autoconfigure.actuate.metrics.MetricsExportContextCustomizerFactory$DisableMetricExportContextCustomizer@2f1de2d6, org.springframework.boot.test.autoconfigure.properties.PropertyMappingContextCustomizer@0, org.springframework.boot.test.autoconfigure.web.servlet.WebDriverContextCustomizerFactory$Customizer@38831718, [ImportsContextCustomizer@1b765a2c key = [@org.springframework.test.context.TestPropertySource(locations={}, value={"classpath:config-test.properties"}, inheritProperties=true, properties={}, inheritLocations=true), @org.springframework.context.annotation.Import({org.springframework.boot.context.properties.EnableConfigurationPropertiesRegistrar.class}), @org.springframework.boot.context.properties.EnableConfigurationProperties({com.example.currencyrate.config.ConfigProperties.class})]], org.springframework.boot.test.context.filter.ExcludeFilterContextCustomizer@28ec166e, org.springframework.boot.test.json.DuplicateJsonObjectContextCustomizerFactory$DuplicateJsonObjectContextCustomizer@5629510, org.springframework.boot.test.mock.mockito.MockitoContextCustomizer@0], contextLoader = 'org.springframework.test.context.support.DelegatingSmartContextLoader', parent = [null]]].
12:41:21.139 [Test worker] DEBUG org.springframework.core.env.StandardEnvironment - Activating profiles []
12:41:21.193 [Test worker] DEBUG org.springframework.test.context.support.AnnotationConfigContextLoader - Registering component classes: {}
12:41:21.237 [Test worker] DEBUG org.springframework.context.support.GenericApplicationContext - Refreshing org.springframework.context.support.GenericApplicationContext@ec2cc4
12:41:21.349 [Test worker] DEBUG org.springframework.beans.factory.support.DefaultListableBeanFactory - Creating shared instance of singleton bean 'org.springframework.context.annotation.internalConfigurationAnnotationProcessor'
12:41:21.689 [Test worker] DEBUG org.springframework.beans.factory.support.DefaultListableBeanFactory - Creating shared instance of singleton bean 'org.springframework.boot.test.context.ImportsContextCustomizer$ImportsCleanupPostProcessor'
12:41:21.764 [Test worker] DEBUG org.springframework.beans.factory.support.DefaultListableBeanFactory - Creating shared instance of singleton bean 'org.springframework.boot.test.mock.mockito.MockitoPostProcessor'
12:41:21.825 [Test worker] DEBUG org.springframework.beans.factory.support.DefaultListableBeanFactory - Creating shared instance of singleton bean 'org.springframework.context.event.internalEventListenerProcessor'
12:41:21.827 [Test worker] DEBUG org.springframework.beans.factory.support.DefaultListableBeanFactory - Creating shared instance of singleton bean 'org.springframework.context.event.internalEventListenerFactory'
12:41:21.830 [Test worker] DEBUG org.springframework.beans.factory.support.DefaultListableBeanFactory - Creating shared instance of singleton bean 'org.springframework.context.annotation.internalAutowiredAnnotationProcessor'
12:41:21.832 [Test worker] DEBUG org.springframework.beans.factory.support.DefaultListableBeanFactory - Creating shared instance of singleton bean 'org.springframework.context.annotation.internalCommonAnnotationProcessor'
12:41:21.888 [Test worker] DEBUG org.springframework.beans.factory.support.DefaultListableBeanFactory - Creating shared instance of singleton bean 'org.springframework.boot.test.mock.mockito.MockitoPostProcessor$SpyPostProcessor'
12:41:21.889 [Test worker] DEBUG org.springframework.beans.factory.support.DefaultListableBeanFactory - Creating shared instance of singleton bean 'org.springframework.boot.context.properties.ConfigurationPropertiesBindingPostProcessor'
12:41:21.890 [Test worker] DEBUG org.springframework.beans.factory.support.DefaultListableBeanFactory - Creating shared instance of singleton bean 'org.springframework.boot.context.internalConfigurationPropertiesBinder'
12:41:21.890 [Test worker] DEBUG org.springframework.beans.factory.support.DefaultListableBeanFactory - Creating shared instance of singleton bean 'org.springframework.boot.context.internalConfigurationPropertiesBinderFactory'
12:41:21.924 [Test worker] DEBUG org.springframework.beans.factory.support.DefaultListableBeanFactory - Creating shared instance of singleton bean 'org.springframework.boot.context.properties.BoundConfigurationProperties'
12:41:22.046 [Test worker] DEBUG org.springframework.beans.factory.support.DefaultListableBeanFactory - Creating shared instance of singleton bean 'org.springframework.boot.context.properties.EnableConfigurationPropertiesRegistrar.methodValidationExcludeFilter'
12:41:22.054 [Test worker] DEBUG org.springframework.beans.factory.support.DefaultListableBeanFactory - Creating shared instance of singleton bean 'feign-com.example.currencyrate.config.ConfigProperties'
12:41:22.610 [Test worker] DEBUG org.springframework.test.context.cache.DefaultCacheAwareContextLoaderDelegate - Storing ApplicationContext [15477956] in cache under key [[MergedContextConfiguration@7103cb56 testClass = ConfigPropertiesTest, locations = '{}', classes = '{}', contextInitializerClasses = '[]', activeProfiles = '{}', propertySourceLocations = '{classpath:config-test.properties}', propertySourceProperties = '{}', contextCustomizers = set[org.springframework.boot.test.autoconfigure.actuate.metrics.MetricsExportContextCustomizerFactory$DisableMetricExportContextCustomizer@2f1de2d6, org.springframework.boot.test.autoconfigure.properties.PropertyMappingContextCustomizer@0, org.springframework.boot.test.autoconfigure.web.servlet.WebDriverContextCustomizerFactory$Customizer@38831718, [ImportsContextCustomizer@1b765a2c key = [@org.springframework.test.context.TestPropertySource(locations={}, value={"classpath:config-test.properties"}, inheritProperties=true, properties={}, inheritLocations=true), @org.springframework.context.annotation.Import({org.springframework.boot.context.properties.EnableConfigurationPropertiesRegistrar.class}), @org.springframework.boot.context.properties.EnableConfigurationProperties({com.example.currencyrate.config.ConfigProperties.class})]], org.springframework.boot.test.context.filter.ExcludeFilterContextCustomizer@28ec166e, org.springframework.boot.test.json.DuplicateJsonObjectContextCustomizerFactory$DuplicateJsonObjectContextCustomizer@5629510, org.springframework.boot.test.mock.mockito.MockitoContextCustomizer@0], contextLoader = 'org.springframework.test.context.support.DelegatingSmartContextLoader', parent = [null]]]
12:41:22.612 [Test worker] DEBUG org.springframework.test.context.cache - Spring test ApplicationContext cache statistics: [DefaultContextCache@1bdbf9be size = 1, maxSize = 32, parentContextCount = 0, hitCount = 0, missCount = 1]
12:41:22.629 [Test worker] DEBUG org.springframework.test.context.cache.DefaultCacheAwareContextLoaderDelegate - Retrieved ApplicationContext [15477956] from cache with key [[MergedContextConfiguration@7103cb56 testClass = ConfigPropertiesTest, locations = '{}', classes = '{}', contextInitializerClasses = '[]', activeProfiles = '{}', propertySourceLocations = '{classpath:config-test.properties}', propertySourceProperties = '{}', contextCustomizers = set[org.springframework.boot.test.autoconfigure.actuate.metrics.MetricsExportContextCustomizerFactory$DisableMetricExportContextCustomizer@2f1de2d6, org.springframework.boot.test.autoconfigure.properties.PropertyMappingContextCustomizer@0, org.springframework.boot.test.autoconfigure.web.servlet.WebDriverContextCustomizerFactory$Customizer@38831718, [ImportsContextCustomizer@1b765a2c key = [@org.springframework.test.context.TestPropertySource(locations={}, value={"classpath:config-test.properties"}, inheritProperties=true, properties={}, inheritLocations=true), @org.springframework.context.annotation.Import({org.springframework.boot.context.properties.EnableConfigurationPropertiesRegistrar.class}), @org.springframework.boot.context.properties.EnableConfigurationProperties({com.example.currencyrate.config.ConfigProperties.class})]], org.springframework.boot.test.context.filter.ExcludeFilterContextCustomizer@28ec166e, org.springframework.boot.test.json.DuplicateJsonObjectContextCustomizerFactory$DuplicateJsonObjectContextCustomizer@5629510, org.springframework.boot.test.mock.mockito.MockitoContextCustomizer@0], contextLoader = 'org.springframework.test.context.support.DelegatingSmartContextLoader', parent = [null]]]
12:41:22.630 [Test worker] DEBUG org.springframework.test.context.cache - Spring test ApplicationContext cache statistics: [DefaultContextCache@1bdbf9be size = 1, maxSize = 32, parentContextCount = 0, hitCount = 1, missCount = 1]
12:41:22.639 [Test worker] DEBUG org.springframework.test.context.support.AbstractDirtiesContextTestExecutionListener - Before test method: context [DefaultTestContext@178213b testClass = ConfigPropertiesTest, testInstance = com.example.currencyrate.ConfigPropertiesTest@2f48b3d2, testMethod = configPropertiesSetCurrencyNull@ConfigPropertiesTest, testException = [null], mergedContextConfiguration = [MergedContextConfiguration@7103cb56 testClass = ConfigPropertiesTest, locations = '{}', classes = '{}', contextInitializerClasses = '[]', activeProfiles = '{}', propertySourceLocations = '{classpath:config-test.properties}', propertySourceProperties = '{}', contextCustomizers = set[org.springframework.boot.test.autoconfigure.actuate.metrics.MetricsExportContextCustomizerFactory$DisableMetricExportContextCustomizer@2f1de2d6, org.springframework.boot.test.autoconfigure.properties.PropertyMappingContextCustomizer@0, org.springframework.boot.test.autoconfigure.web.servlet.WebDriverContextCustomizerFactory$Customizer@38831718, [ImportsContextCustomizer@1b765a2c key = [@org.springframework.test.context.TestPropertySource(locations={}, value={"classpath:config-test.properties"}, inheritProperties=true, properties={}, inheritLocations=true), @org.springframework.context.annotation.Import({org.springframework.boot.context.properties.EnableConfigurationPropertiesRegistrar.class}), @org.springframework.boot.context.properties.EnableConfigurationProperties({com.example.currencyrate.config.ConfigProperties.class})]], org.springframework.boot.test.context.filter.ExcludeFilterContextCustomizer@28ec166e, org.springframework.boot.test.json.DuplicateJsonObjectContextCustomizerFactory$DuplicateJsonObjectContextCustomizer@5629510, org.springframework.boot.test.mock.mockito.MockitoContextCustomizer@0], contextLoader = 'org.springframework.test.context.support.DelegatingSmartContextLoader', parent = [null]], attributes = map['org.springframework.test.context.event.ApplicationEventsTestExecutionListener.recordApplicationEvents' -> false]], class annotated with @DirtiesContext [false] with mode [null], method annotated with @DirtiesContext [false] with mode [null].
12:41:22.642 [Test worker] DEBUG org.springframework.test.context.cache.DefaultCacheAwareContextLoaderDelegate - Retrieved ApplicationContext [15477956] from cache with key [[MergedContextConfiguration@7103cb56 testClass = ConfigPropertiesTest, locations = '{}', classes = '{}', contextInitializerClasses = '[]', activeProfiles = '{}', propertySourceLocations = '{classpath:config-test.properties}', propertySourceProperties = '{}', contextCustomizers = set[org.springframework.boot.test.autoconfigure.actuate.metrics.MetricsExportContextCustomizerFactory$DisableMetricExportContextCustomizer@2f1de2d6, org.springframework.boot.test.autoconfigure.properties.PropertyMappingContextCustomizer@0, org.springframework.boot.test.autoconfigure.web.servlet.WebDriverContextCustomizerFactory$Customizer@38831718, [ImportsContextCustomizer@1b765a2c key = [@org.springframework.test.context.TestPropertySource(locations={}, value={"classpath:config-test.properties"}, inheritProperties=true, properties={}, inheritLocations=true), @org.springframework.context.annotation.Import({org.springframework.boot.context.properties.EnableConfigurationPropertiesRegistrar.class}), @org.springframework.boot.context.properties.EnableConfigurationProperties({com.example.currencyrate.config.ConfigProperties.class})]], org.springframework.boot.test.context.filter.ExcludeFilterContextCustomizer@28ec166e, org.springframework.boot.test.json.DuplicateJsonObjectContextCustomizerFactory$DuplicateJsonObjectContextCustomizer@5629510, org.springframework.boot.test.mock.mockito.MockitoContextCustomizer@0], contextLoader = 'org.springframework.test.context.support.DelegatingSmartContextLoader', parent = [null]]]
12:41:22.642 [Test worker] DEBUG org.springframework.test.context.cache - Spring test ApplicationContext cache statistics: [DefaultContextCache@1bdbf9be size = 1, maxSize = 32, parentContextCount = 0, hitCount = 2, missCount = 1]
12:41:22.645 [Test worker] DEBUG org.springframework.test.context.cache.DefaultCacheAwareContextLoaderDelegate - Retrieved ApplicationContext [15477956] from cache with key [[MergedContextConfiguration@7103cb56 testClass = ConfigPropertiesTest, locations = '{}', classes = '{}', contextInitializerClasses = '[]', activeProfiles = '{}', propertySourceLocations = '{classpath:config-test.properties}', propertySourceProperties = '{}', contextCustomizers = set[org.springframework.boot.test.autoconfigure.actuate.metrics.MetricsExportContextCustomizerFactory$DisableMetricExportContextCustomizer@2f1de2d6, org.springframework.boot.test.autoconfigure.properties.PropertyMappingContextCustomizer@0, org.springframework.boot.test.autoconfigure.web.servlet.WebDriverContextCustomizerFactory$Customizer@38831718, [ImportsContextCustomizer@1b765a2c key = [@org.springframework.test.context.TestPropertySource(locations={}, value={"classpath:config-test.properties"}, inheritProperties=true, properties={}, inheritLocations=true), @org.springframework.context.annotation.Import({org.springframework.boot.context.properties.EnableConfigurationPropertiesRegistrar.class}), @org.springframework.boot.context.properties.EnableConfigurationProperties({com.example.currencyrate.config.ConfigProperties.class})]], org.springframework.boot.test.context.filter.ExcludeFilterContextCustomizer@28ec166e, org.springframework.boot.test.json.DuplicateJsonObjectContextCustomizerFactory$DuplicateJsonObjectContextCustomizer@5629510, org.springframework.boot.test.mock.mockito.MockitoContextCustomizer@0], contextLoader = 'org.springframework.test.context.support.DelegatingSmartContextLoader', parent = [null]]]
12:41:22.645 [Test worker] DEBUG org.springframework.test.context.cache - Spring test ApplicationContext cache statistics: [DefaultContextCache@1bdbf9be size = 1, maxSize = 32, parentContextCount = 0, hitCount = 3, missCount = 1]
12:41:23.457 [Test worker] DEBUG org.springframework.test.context.cache.DefaultCacheAwareContextLoaderDelegate - Retrieved ApplicationContext [15477956] from cache with key [[MergedContextConfiguration@7103cb56 testClass = ConfigPropertiesTest, locations = '{}', classes = '{}', contextInitializerClasses = '[]', activeProfiles = '{}', propertySourceLocations = '{classpath:config-test.properties}', propertySourceProperties = '{}', contextCustomizers = set[org.springframework.boot.test.autoconfigure.actuate.metrics.MetricsExportContextCustomizerFactory$DisableMetricExportContextCustomizer@2f1de2d6, org.springframework.boot.test.autoconfigure.properties.PropertyMappingContextCustomizer@0, org.springframework.boot.test.autoconfigure.web.servlet.WebDriverContextCustomizerFactory$Customizer@38831718, [ImportsContextCustomizer@1b765a2c key = [@org.springframework.test.context.TestPropertySource(locations={}, value={"classpath:config-test.properties"}, inheritProperties=true, properties={}, inheritLocations=true), @org.springframework.context.annotation.Import({org.springframework.boot.context.properties.EnableConfigurationPropertiesRegistrar.class}), @org.springframework.boot.context.properties.EnableConfigurationProperties({com.example.currencyrate.config.ConfigProperties.class})]], org.springframework.boot.test.context.filter.ExcludeFilterContextCustomizer@28ec166e, org.springframework.boot.test.json.DuplicateJsonObjectContextCustomizerFactory$DuplicateJsonObjectContextCustomizer@5629510, org.springframework.boot.test.mock.mockito.MockitoContextCustomizer@0], contextLoader = 'org.springframework.test.context.support.DelegatingSmartContextLoader', parent = [null]]]
12:41:23.457 [Test worker] DEBUG org.springframework.test.context.cache - Spring test ApplicationContext cache statistics: [DefaultContextCache@1bdbf9be size = 1, maxSize = 32, parentContextCount = 0, hitCount = 4, missCount = 1]
12:41:23.469 [Test worker] DEBUG org.springframework.test.context.cache.DefaultCacheAwareContextLoaderDelegate - Retrieved ApplicationContext [15477956] from cache with key [[MergedContextConfiguration@7103cb56 testClass = ConfigPropertiesTest, locations = '{}', classes = '{}', contextInitializerClasses = '[]', activeProfiles = '{}', propertySourceLocations = '{classpath:config-test.properties}', propertySourceProperties = '{}', contextCustomizers = set[org.springframework.boot.test.autoconfigure.actuate.metrics.MetricsExportContextCustomizerFactory$DisableMetricExportContextCustomizer@2f1de2d6, org.springframework.boot.test.autoconfigure.properties.PropertyMappingContextCustomizer@0, org.springframework.boot.test.autoconfigure.web.servlet.WebDriverContextCustomizerFactory$Customizer@38831718, [ImportsContextCustomizer@1b765a2c key = [@org.springframework.test.context.TestPropertySource(locations={}, value={"classpath:config-test.properties"}, inheritProperties=true, properties={}, inheritLocations=true), @org.springframework.context.annotation.Import({org.springframework.boot.context.properties.EnableConfigurationPropertiesRegistrar.class}), @org.springframework.boot.context.properties.EnableConfigurationProperties({com.example.currencyrate.config.ConfigProperties.class})]], org.springframework.boot.test.context.filter.ExcludeFilterContextCustomizer@28ec166e, org.springframework.boot.test.json.DuplicateJsonObjectContextCustomizerFactory$DuplicateJsonObjectContextCustomizer@5629510, org.springframework.boot.test.mock.mockito.MockitoContextCustomizer@0], contextLoader = 'org.springframework.test.context.support.DelegatingSmartContextLoader', parent = [null]]]
12:41:23.469 [Test worker] DEBUG org.springframework.test.context.cache - Spring test ApplicationContext cache statistics: [DefaultContextCache@1bdbf9be size = 1, maxSize = 32, parentContextCount = 0, hitCount = 5, missCount = 1]
12:41:23.472 [Test worker] DEBUG org.springframework.test.context.cache.DefaultCacheAwareContextLoaderDelegate - Retrieved ApplicationContext [15477956] from cache with key [[MergedContextConfiguration@7103cb56 testClass = ConfigPropertiesTest, locations = '{}', classes = '{}', contextInitializerClasses = '[]', activeProfiles = '{}', propertySourceLocations = '{classpath:config-test.properties}', propertySourceProperties = '{}', contextCustomizers = set[org.springframework.boot.test.autoconfigure.actuate.metrics.MetricsExportContextCustomizerFactory$DisableMetricExportContextCustomizer@2f1de2d6, org.springframework.boot.test.autoconfigure.properties.PropertyMappingContextCustomizer@0, org.springframework.boot.test.autoconfigure.web.servlet.WebDriverContextCustomizerFactory$Customizer@38831718, [ImportsContextCustomizer@1b765a2c key = [@org.springframework.test.context.TestPropertySource(locations={}, value={"classpath:config-test.properties"}, inheritProperties=true, properties={}, inheritLocations=true), @org.springframework.context.annotation.Import({org.springframework.boot.context.properties.EnableConfigurationPropertiesRegistrar.class}), @org.springframework.boot.context.properties.EnableConfigurationProperties({com.example.currencyrate.config.ConfigProperties.class})]], org.springframework.boot.test.context.filter.ExcludeFilterContextCustomizer@28ec166e, org.springframework.boot.test.json.DuplicateJsonObjectContextCustomizerFactory$DuplicateJsonObjectContextCustomizer@5629510, org.springframework.boot.test.mock.mockito.MockitoContextCustomizer@0], contextLoader = 'org.springframework.test.context.support.DelegatingSmartContextLoader', parent = [null]]]
12:41:23.472 [Test worker] DEBUG org.springframework.test.context.cache - Spring test ApplicationContext cache statistics: [DefaultContextCache@1bdbf9be size = 1, maxSize = 32, parentContextCount = 0, hitCount = 6, missCount = 1]
12:41:23.474 [Test worker] DEBUG org.springframework.test.context.cache.DefaultCacheAwareContextLoaderDelegate - Retrieved ApplicationContext [15477956] from cache with key [[MergedContextConfiguration@7103cb56 testClass = ConfigPropertiesTest, locations = '{}', classes = '{}', contextInitializerClasses = '[]', activeProfiles = '{}', propertySourceLocations = '{classpath:config-test.properties}', propertySourceProperties = '{}', contextCustomizers = set[org.springframework.boot.test.autoconfigure.actuate.metrics.MetricsExportContextCustomizerFactory$DisableMetricExportContextCustomizer@2f1de2d6, org.springframework.boot.test.autoconfigure.properties.PropertyMappingContextCustomizer@0, org.springframework.boot.test.autoconfigure.web.servlet.WebDriverContextCustomizerFactory$Customizer@38831718, [ImportsContextCustomizer@1b765a2c key = [@org.springframework.test.context.TestPropertySource(locations={}, value={"classpath:config-test.properties"}, inheritProperties=true, properties={}, inheritLocations=true), @org.springframework.context.annotation.Import({org.springframework.boot.context.properties.EnableConfigurationPropertiesRegistrar.class}), @org.springframework.boot.context.properties.EnableConfigurationProperties({com.example.currencyrate.config.ConfigProperties.class})]], org.springframework.boot.test.context.filter.ExcludeFilterContextCustomizer@28ec166e, org.springframework.boot.test.json.DuplicateJsonObjectContextCustomizerFactory$DuplicateJsonObjectContextCustomizer@5629510, org.springframework.boot.test.mock.mockito.MockitoContextCustomizer@0], contextLoader = 'org.springframework.test.context.support.DelegatingSmartContextLoader', parent = [null]]]
12:41:23.475 [Test worker] DEBUG org.springframework.test.context.cache - Spring test ApplicationContext cache statistics: [DefaultContextCache@1bdbf9be size = 1, maxSize = 32, parentContextCount = 0, hitCount = 7, missCount = 1]
12:41:23.476 [Test worker] DEBUG org.springframework.test.context.cache.DefaultCacheAwareContextLoaderDelegate - Retrieved ApplicationContext [15477956] from cache with key [[MergedContextConfiguration@7103cb56 testClass = ConfigPropertiesTest, locations = '{}', classes = '{}', contextInitializerClasses = '[]', activeProfiles = '{}', propertySourceLocations = '{classpath:config-test.properties}', propertySourceProperties = '{}', contextCustomizers = set[org.springframework.boot.test.autoconfigure.actuate.metrics.MetricsExportContextCustomizerFactory$DisableMetricExportContextCustomizer@2f1de2d6, org.springframework.boot.test.autoconfigure.properties.PropertyMappingContextCustomizer@0, org.springframework.boot.test.autoconfigure.web.servlet.WebDriverContextCustomizerFactory$Customizer@38831718, [ImportsContextCustomizer@1b765a2c key = [@org.springframework.test.context.TestPropertySource(locations={}, value={"classpath:config-test.properties"}, inheritProperties=true, properties={}, inheritLocations=true), @org.springframework.context.annotation.Import({org.springframework.boot.context.properties.EnableConfigurationPropertiesRegistrar.class}), @org.springframework.boot.context.properties.EnableConfigurationProperties({com.example.currencyrate.config.ConfigProperties.class})]], org.springframework.boot.test.context.filter.ExcludeFilterContextCustomizer@28ec166e, org.springframework.boot.test.json.DuplicateJsonObjectContextCustomizerFactory$DuplicateJsonObjectContextCustomizer@5629510, org.springframework.boot.test.mock.mockito.MockitoContextCustomizer@0], contextLoader = 'org.springframework.test.context.support.DelegatingSmartContextLoader', parent = [null]]]
12:41:23.476 [Test worker] DEBUG org.springframework.test.context.cache - Spring test ApplicationContext cache statistics: [DefaultContextCache@1bdbf9be size = 1, maxSize = 32, parentContextCount = 0, hitCount = 8, missCount = 1]
12:41:23.478 [Test worker] DEBUG org.springframework.test.context.cache.DefaultCacheAwareContextLoaderDelegate - Retrieved ApplicationContext [15477956] from cache with key [[MergedContextConfiguration@7103cb56 testClass = ConfigPropertiesTest, locations = '{}', classes = '{}', contextInitializerClasses = '[]', activeProfiles = '{}', propertySourceLocations = '{classpath:config-test.properties}', propertySourceProperties = '{}', contextCustomizers = set[org.springframework.boot.test.autoconfigure.actuate.metrics.MetricsExportContextCustomizerFactory$DisableMetricExportContextCustomizer@2f1de2d6, org.springframework.boot.test.autoconfigure.properties.PropertyMappingContextCustomizer@0, org.springframework.boot.test.autoconfigure.web.servlet.WebDriverContextCustomizerFactory$Customizer@38831718, [ImportsContextCustomizer@1b765a2c key = [@org.springframework.test.context.TestPropertySource(locations={}, value={"classpath:config-test.properties"}, inheritProperties=true, properties={}, inheritLocations=true), @org.springframework.context.annotation.Import({org.springframework.boot.context.properties.EnableConfigurationPropertiesRegistrar.class}), @org.springframework.boot.context.properties.EnableConfigurationProperties({com.example.currencyrate.config.ConfigProperties.class})]], org.springframework.boot.test.context.filter.ExcludeFilterContextCustomizer@28ec166e, org.springframework.boot.test.json.DuplicateJsonObjectContextCustomizerFactory$DuplicateJsonObjectContextCustomizer@5629510, org.springframework.boot.test.mock.mockito.MockitoContextCustomizer@0], contextLoader = 'org.springframework.test.context.support.DelegatingSmartContextLoader', parent = [null]]]
12:41:23.479 [Test worker] DEBUG org.springframework.test.context.cache - Spring test ApplicationContext cache statistics: [DefaultContextCache@1bdbf9be size = 1, maxSize = 32, parentContextCount = 0, hitCount = 9, missCount = 1]
12:41:23.482 [Test worker] DEBUG org.springframework.test.context.cache.DefaultCacheAwareContextLoaderDelegate - Retrieved ApplicationContext [15477956] from cache with key [[MergedContextConfiguration@7103cb56 testClass = ConfigPropertiesTest, locations = '{}', classes = '{}', contextInitializerClasses = '[]', activeProfiles = '{}', propertySourceLocations = '{classpath:config-test.properties}', propertySourceProperties = '{}', contextCustomizers = set[org.springframework.boot.test.autoconfigure.actuate.metrics.MetricsExportContextCustomizerFactory$DisableMetricExportContextCustomizer@2f1de2d6, org.springframework.boot.test.autoconfigure.properties.PropertyMappingContextCustomizer@0, org.springframework.boot.test.autoconfigure.web.servlet.WebDriverContextCustomizerFactory$Customizer@38831718, [ImportsContextCustomizer@1b765a2c key = [@org.springframework.test.context.TestPropertySource(locations={}, value={"classpath:config-test.properties"}, inheritProperties=true, properties={}, inheritLocations=true), @org.springframework.context.annotation.Import({org.springframework.boot.context.properties.EnableConfigurationPropertiesRegistrar.class}), @org.springframework.boot.context.properties.EnableConfigurationProperties({com.example.currencyrate.config.ConfigProperties.class})]], org.springframework.boot.test.context.filter.ExcludeFilterContextCustomizer@28ec166e, org.springframework.boot.test.json.DuplicateJsonObjectContextCustomizerFactory$DuplicateJsonObjectContextCustomizer@5629510, org.springframework.boot.test.mock.mockito.MockitoContextCustomizer@0], contextLoader = 'org.springframework.test.context.support.DelegatingSmartContextLoader', parent = [null]]]
12:41:23.483 [Test worker] DEBUG org.springframework.test.context.cache - Spring test ApplicationContext cache statistics: [DefaultContextCache@1bdbf9be size = 1, maxSize = 32, parentContextCount = 0, hitCount = 10, missCount = 1]
12:41:23.484 [Test worker] DEBUG org.springframework.test.context.support.AbstractDirtiesContextTestExecutionListener - After test method: context [DefaultTestContext@178213b testClass = ConfigPropertiesTest, testInstance = com.example.currencyrate.ConfigPropertiesTest@2f48b3d2, testMethod = configPropertiesSetCurrencyNull@ConfigPropertiesTest, testException = [null], mergedContextConfiguration = [MergedContextConfiguration@7103cb56 testClass = ConfigPropertiesTest, locations = '{}', classes = '{}', contextInitializerClasses = '[]', activeProfiles = '{}', propertySourceLocations = '{classpath:config-test.properties}', propertySourceProperties = '{}', contextCustomizers = set[org.springframework.boot.test.autoconfigure.actuate.metrics.MetricsExportContextCustomizerFactory$DisableMetricExportContextCustomizer@2f1de2d6, org.springframework.boot.test.autoconfigure.properties.PropertyMappingContextCustomizer@0, org.springframework.boot.test.autoconfigure.web.servlet.WebDriverContextCustomizerFactory$Customizer@38831718, [ImportsContextCustomizer@1b765a2c key = [@org.springframework.test.context.TestPropertySource(locations={}, value={"classpath:config-test.properties"}, inheritProperties=true, properties={}, inheritLocations=true), @org.springframework.context.annotation.Import({org.springframework.boot.context.properties.EnableConfigurationPropertiesRegistrar.class}), @org.springframework.boot.context.properties.EnableConfigurationProperties({com.example.currencyrate.config.ConfigProperties.class})]], org.springframework.boot.test.context.filter.ExcludeFilterContextCustomizer@28ec166e, org.springframework.boot.test.json.DuplicateJsonObjectContextCustomizerFactory$DuplicateJsonObjectContextCustomizer@5629510, org.springframework.boot.test.mock.mockito.MockitoContextCustomizer@0], contextLoader = 'org.springframework.test.context.support.DelegatingSmartContextLoader', parent = [null]], attributes = map['org.springframework.test.context.event.ApplicationEventsTestExecutionListener.recordApplicationEvents' -> false]], class annotated with @DirtiesContext [false] with mode [null], method annotated with @DirtiesContext [false] with mode [null].
12:41:23.494 [Test worker] DEBUG org.springframework.test.context.support.DependencyInjectionTestExecutionListener - Performing dependency injection for test context [[DefaultTestContext@178213b testClass = ConfigPropertiesTest, testInstance = com.example.currencyrate.ConfigPropertiesTest@3d5790ea, testMethod = [null], testException = [null], mergedContextConfiguration = [MergedContextConfiguration@7103cb56 testClass = ConfigPropertiesTest, locations = '{}', classes = '{}', contextInitializerClasses = '[]', activeProfiles = '{}', propertySourceLocations = '{classpath:config-test.properties}', propertySourceProperties = '{}', contextCustomizers = set[org.springframework.boot.test.autoconfigure.actuate.metrics.MetricsExportContextCustomizerFactory$DisableMetricExportContextCustomizer@2f1de2d6, org.springframework.boot.test.autoconfigure.properties.PropertyMappingContextCustomizer@0, org.springframework.boot.test.autoconfigure.web.servlet.WebDriverContextCustomizerFactory$Customizer@38831718, [ImportsContextCustomizer@1b765a2c key = [@org.springframework.test.context.TestPropertySource(locations={}, value={"classpath:config-test.properties"}, inheritProperties=true, properties={}, inheritLocations=true), @org.springframework.context.annotation.Import({org.springframework.boot.context.properties.EnableConfigurationPropertiesRegistrar.class}), @org.springframework.boot.context.properties.EnableConfigurationProperties({com.example.currencyrate.config.ConfigProperties.class})]], org.springframework.boot.test.context.filter.ExcludeFilterContextCustomizer@28ec166e, org.springframework.boot.test.json.DuplicateJsonObjectContextCustomizerFactory$DuplicateJsonObjectContextCustomizer@5629510, org.springframework.boot.test.mock.mockito.MockitoContextCustomizer@0], contextLoader = 'org.springframework.test.context.support.DelegatingSmartContextLoader', parent = [null]], attributes = map['org.springframework.test.context.event.ApplicationEventsTestExecutionListener.recordApplicationEvents' -> false]]].
12:41:23.495 [Test worker] DEBUG org.springframework.test.context.cache.DefaultCacheAwareContextLoaderDelegate - Retrieved ApplicationContext [15477956] from cache with key [[MergedContextConfiguration@7103cb56 testClass = ConfigPropertiesTest, locations = '{}', classes = '{}', contextInitializerClasses = '[]', activeProfiles = '{}', propertySourceLocations = '{classpath:config-test.properties}', propertySourceProperties = '{}', contextCustomizers = set[org.springframework.boot.test.autoconfigure.actuate.metrics.MetricsExportContextCustomizerFactory$DisableMetricExportContextCustomizer@2f1de2d6, org.springframework.boot.test.autoconfigure.properties.PropertyMappingContextCustomizer@0, org.springframework.boot.test.autoconfigure.web.servlet.WebDriverContextCustomizerFactory$Customizer@38831718, [ImportsContextCustomizer@1b765a2c key = [@org.springframework.test.context.TestPropertySource(locations={}, value={"classpath:config-test.properties"}, inheritProperties=true, properties={}, inheritLocations=true), @org.springframework.context.annotation.Import({org.springframework.boot.context.properties.EnableConfigurationPropertiesRegistrar.class}), @org.springframework.boot.context.properties.EnableConfigurationProperties({com.example.currencyrate.config.ConfigProperties.class})]], org.springframework.boot.test.context.filter.ExcludeFilterContextCustomizer@28ec166e, org.springframework.boot.test.json.DuplicateJsonObjectContextCustomizerFactory$DuplicateJsonObjectContextCustomizer@5629510, org.springframework.boot.test.mock.mockito.MockitoContextCustomizer@0], contextLoader = 'org.springframework.test.context.support.DelegatingSmartContextLoader', parent = [null]]]
12:41:23.495 [Test worker] DEBUG org.springframework.test.context.cache - Spring test ApplicationContext cache statistics: [DefaultContextCache@1bdbf9be size = 1, maxSize = 32, parentContextCount = 0, hitCount = 11, missCount = 1]
12:41:23.497 [Test worker] DEBUG org.springframework.test.context.cache.DefaultCacheAwareContextLoaderDelegate - Retrieved ApplicationContext [15477956] from cache with key [[MergedContextConfiguration@7103cb56 testClass = ConfigPropertiesTest, locations = '{}', classes = '{}', contextInitializerClasses = '[]', activeProfiles = '{}', propertySourceLocations = '{classpath:config-test.properties}', propertySourceProperties = '{}', contextCustomizers = set[org.springframework.boot.test.autoconfigure.actuate.metrics.MetricsExportContextCustomizerFactory$DisableMetricExportContextCustomizer@2f1de2d6, org.springframework.boot.test.autoconfigure.properties.PropertyMappingContextCustomizer@0, org.springframework.boot.test.autoconfigure.web.servlet.WebDriverContextCustomizerFactory$Customizer@38831718, [ImportsContextCustomizer@1b765a2c key = [@org.springframework.test.context.TestPropertySource(locations={}, value={"classpath:config-test.properties"}, inheritProperties=true, properties={}, inheritLocations=true), @org.springframework.context.annotation.Import({org.springframework.boot.context.properties.EnableConfigurationPropertiesRegistrar.class}), @org.springframework.boot.context.properties.EnableConfigurationProperties({com.example.currencyrate.config.ConfigProperties.class})]], org.springframework.boot.test.context.filter.ExcludeFilterContextCustomizer@28ec166e, org.springframework.boot.test.json.DuplicateJsonObjectContextCustomizerFactory$DuplicateJsonObjectContextCustomizer@5629510, org.springframework.boot.test.mock.mockito.MockitoContextCustomizer@0], contextLoader = 'org.springframework.test.context.support.DelegatingSmartContextLoader', parent = [null]]]
12:41:23.498 [Test worker] DEBUG org.springframework.test.context.cache - Spring test ApplicationContext cache statistics: [DefaultContextCache@1bdbf9be size = 1, maxSize = 32, parentContextCount = 0, hitCount = 12, missCount = 1]
12:41:23.500 [Test worker] DEBUG org.springframework.test.context.support.AbstractDirtiesContextTestExecutionListener - Before test method: context [DefaultTestContext@178213b testClass = ConfigPropertiesTest, testInstance = com.example.currencyrate.ConfigPropertiesTest@3d5790ea, testMethod = configPropertiesAllFieldsAreSet@ConfigPropertiesTest, testException = [null], mergedContextConfiguration = [MergedContextConfiguration@7103cb56 testClass = ConfigPropertiesTest, locations = '{}', classes = '{}', contextInitializerClasses = '[]', activeProfiles = '{}', propertySourceLocations = '{classpath:config-test.properties}', propertySourceProperties = '{}', contextCustomizers = set[org.springframework.boot.test.autoconfigure.actuate.metrics.MetricsExportContextCustomizerFactory$DisableMetricExportContextCustomizer@2f1de2d6, org.springframework.boot.test.autoconfigure.properties.PropertyMappingContextCustomizer@0, org.springframework.boot.test.autoconfigure.web.servlet.WebDriverContextCustomizerFactory$Customizer@38831718, [ImportsContextCustomizer@1b765a2c key = [@org.springframework.test.context.TestPropertySource(locations={}, value={"classpath:config-test.properties"}, inheritProperties=true, properties={}, inheritLocations=true), @org.springframework.context.annotation.Import({org.springframework.boot.context.properties.EnableConfigurationPropertiesRegistrar.class}), @org.springframework.boot.context.properties.EnableConfigurationProperties({com.example.currencyrate.config.ConfigProperties.class})]], org.springframework.boot.test.context.filter.ExcludeFilterContextCustomizer@28ec166e, org.springframework.boot.test.json.DuplicateJsonObjectContextCustomizerFactory$DuplicateJsonObjectContextCustomizer@5629510, org.springframework.boot.test.mock.mockito.MockitoContextCustomizer@0], contextLoader = 'org.springframework.test.context.support.DelegatingSmartContextLoader', parent = [null]], attributes = map['org.springframework.test.context.event.ApplicationEventsTestExecutionListener.recordApplicationEvents' -> false]], class annotated with @DirtiesContext [false] with mode [null], method annotated with @DirtiesContext [false] with mode [null].
12:41:23.501 [Test worker] DEBUG org.springframework.test.context.cache.DefaultCacheAwareContextLoaderDelegate - Retrieved ApplicationContext [15477956] from cache with key [[MergedContextConfiguration@7103cb56 testClass = ConfigPropertiesTest, locations = '{}', classes = '{}', contextInitializerClasses = '[]', activeProfiles = '{}', propertySourceLocations = '{classpath:config-test.properties}', propertySourceProperties = '{}', contextCustomizers = set[org.springframework.boot.test.autoconfigure.actuate.metrics.MetricsExportContextCustomizerFactory$DisableMetricExportContextCustomizer@2f1de2d6, org.springframework.boot.test.autoconfigure.properties.PropertyMappingContextCustomizer@0, org.springframework.boot.test.autoconfigure.web.servlet.WebDriverContextCustomizerFactory$Customizer@38831718, [ImportsContextCustomizer@1b765a2c key = [@org.springframework.test.context.TestPropertySource(locations={}, value={"classpath:config-test.properties"}, inheritProperties=true, properties={}, inheritLocations=true), @org.springframework.context.annotation.Import({org.springframework.boot.context.properties.EnableConfigurationPropertiesRegistrar.class}), @org.springframework.boot.context.properties.EnableConfigurationProperties({com.example.currencyrate.config.ConfigProperties.class})]], org.springframework.boot.test.context.filter.ExcludeFilterContextCustomizer@28ec166e, org.springframework.boot.test.json.DuplicateJsonObjectContextCustomizerFactory$DuplicateJsonObjectContextCustomizer@5629510, org.springframework.boot.test.mock.mockito.MockitoContextCustomizer@0], contextLoader = 'org.springframework.test.context.support.DelegatingSmartContextLoader', parent = [null]]]
12:41:23.501 [Test worker] DEBUG org.springframework.test.context.cache - Spring test ApplicationContext cache statistics: [DefaultContextCache@1bdbf9be size = 1, maxSize = 32, parentContextCount = 0, hitCount = 13, missCount = 1]
12:41:23.503 [Test worker] DEBUG org.springframework.test.context.cache.DefaultCacheAwareContextLoaderDelegate - Retrieved ApplicationContext [15477956] from cache with key [[MergedContextConfiguration@7103cb56 testClass = ConfigPropertiesTest, locations = '{}', classes = '{}', contextInitializerClasses = '[]', activeProfiles = '{}', propertySourceLocations = '{classpath:config-test.properties}', propertySourceProperties = '{}', contextCustomizers = set[org.springframework.boot.test.autoconfigure.actuate.metrics.MetricsExportContextCustomizerFactory$DisableMetricExportContextCustomizer@2f1de2d6, org.springframework.boot.test.autoconfigure.properties.PropertyMappingContextCustomizer@0, org.springframework.boot.test.autoconfigure.web.servlet.WebDriverContextCustomizerFactory$Customizer@38831718, [ImportsContextCustomizer@1b765a2c key = [@org.springframework.test.context.TestPropertySource(locations={}, value={"classpath:config-test.properties"}, inheritProperties=true, properties={}, inheritLocations=true), @org.springframework.context.annotation.Import({org.springframework.boot.context.properties.EnableConfigurationPropertiesRegistrar.class}), @org.springframework.boot.context.properties.EnableConfigurationProperties({com.example.currencyrate.config.ConfigProperties.class})]], org.springframework.boot.test.context.filter.ExcludeFilterContextCustomizer@28ec166e, org.springframework.boot.test.json.DuplicateJsonObjectContextCustomizerFactory$DuplicateJsonObjectContextCustomizer@5629510, org.springframework.boot.test.mock.mockito.MockitoContextCustomizer@0], contextLoader = 'org.springframework.test.context.support.DelegatingSmartContextLoader', parent = [null]]]
12:41:23.504 [Test worker] DEBUG org.springframework.test.context.cache - Spring test ApplicationContext cache statistics: [DefaultContextCache@1bdbf9be size = 1, maxSize = 32, parentContextCount = 0, hitCount = 14, missCount = 1]
12:41:23.505 [Test worker] DEBUG org.springframework.test.context.cache.DefaultCacheAwareContextLoaderDelegate - Retrieved ApplicationContext [15477956] from cache with key [[MergedContextConfiguration@7103cb56 testClass = ConfigPropertiesTest, locations = '{}', classes = '{}', contextInitializerClasses = '[]', activeProfiles = '{}', propertySourceLocations = '{classpath:config-test.properties}', propertySourceProperties = '{}', contextCustomizers = set[org.springframework.boot.test.autoconfigure.actuate.metrics.MetricsExportContextCustomizerFactory$DisableMetricExportContextCustomizer@2f1de2d6, org.springframework.boot.test.autoconfigure.properties.PropertyMappingContextCustomizer@0, org.springframework.boot.test.autoconfigure.web.servlet.WebDriverContextCustomizerFactory$Customizer@38831718, [ImportsContextCustomizer@1b765a2c key = [@org.springframework.test.context.TestPropertySource(locations={}, value={"classpath:config-test.properties"}, inheritProperties=true, properties={}, inheritLocations=true), @org.springframework.context.annotation.Import({org.springframework.boot.context.properties.EnableConfigurationPropertiesRegistrar.class}), @org.springframework.boot.context.properties.EnableConfigurationProperties({com.example.currencyrate.config.ConfigProperties.class})]], org.springframework.boot.test.context.filter.ExcludeFilterContextCustomizer@28ec166e, org.springframework.boot.test.json.DuplicateJsonObjectContextCustomizerFactory$DuplicateJsonObjectContextCustomizer@5629510, org.springframework.boot.test.mock.mockito.MockitoContextCustomizer@0], contextLoader = 'org.springframework.test.context.support.DelegatingSmartContextLoader', parent = [null]]]
12:41:23.505 [Test worker] DEBUG org.springframework.test.context.cache - Spring test ApplicationContext cache statistics: [DefaultContextCache@1bdbf9be size = 1, maxSize = 32, parentContextCount = 0, hitCount = 15, missCount = 1]
12:41:23.508 [Test worker] DEBUG org.springframework.test.context.cache.DefaultCacheAwareContextLoaderDelegate - Retrieved ApplicationContext [15477956] from cache with key [[MergedContextConfiguration@7103cb56 testClass = ConfigPropertiesTest, locations = '{}', classes = '{}', contextInitializerClasses = '[]', activeProfiles = '{}', propertySourceLocations = '{classpath:config-test.properties}', propertySourceProperties = '{}', contextCustomizers = set[org.springframework.boot.test.autoconfigure.actuate.metrics.MetricsExportContextCustomizerFactory$DisableMetricExportContextCustomizer@2f1de2d6, org.springframework.boot.test.autoconfigure.properties.PropertyMappingContextCustomizer@0, org.springframework.boot.test.autoconfigure.web.servlet.WebDriverContextCustomizerFactory$Customizer@38831718, [ImportsContextCustomizer@1b765a2c key = [@org.springframework.test.context.TestPropertySource(locations={}, value={"classpath:config-test.properties"}, inheritProperties=true, properties={}, inheritLocations=true), @org.springframework.context.annotation.Import({org.springframework.boot.context.properties.EnableConfigurationPropertiesRegistrar.class}), @org.springframework.boot.context.properties.EnableConfigurationProperties({com.example.currencyrate.config.ConfigProperties.class})]], org.springframework.boot.test.context.filter.ExcludeFilterContextCustomizer@28ec166e, org.springframework.boot.test.json.DuplicateJsonObjectContextCustomizerFactory$DuplicateJsonObjectContextCustomizer@5629510, org.springframework.boot.test.mock.mockito.MockitoContextCustomizer@0], contextLoader = 'org.springframework.test.context.support.DelegatingSmartContextLoader', parent = [null]]]
12:41:23.508 [Test worker] DEBUG org.springframework.test.context.cache - Spring test ApplicationContext cache statistics: [DefaultContextCache@1bdbf9be size = 1, maxSize = 32, parentContextCount = 0, hitCount = 16, missCount = 1]
12:41:23.510 [Test worker] DEBUG org.springframework.test.context.cache.DefaultCacheAwareContextLoaderDelegate - Retrieved ApplicationContext [15477956] from cache with key [[MergedContextConfiguration@7103cb56 testClass = ConfigPropertiesTest, locations = '{}', classes = '{}', contextInitializerClasses = '[]', activeProfiles = '{}', propertySourceLocations = '{classpath:config-test.properties}', propertySourceProperties = '{}', contextCustomizers = set[org.springframework.boot.test.autoconfigure.actuate.metrics.MetricsExportContextCustomizerFactory$DisableMetricExportContextCustomizer@2f1de2d6, org.springframework.boot.test.autoconfigure.properties.PropertyMappingContextCustomizer@0, org.springframework.boot.test.autoconfigure.web.servlet.WebDriverContextCustomizerFactory$Customizer@38831718, [ImportsContextCustomizer@1b765a2c key = [@org.springframework.test.context.TestPropertySource(locations={}, value={"classpath:config-test.properties"}, inheritProperties=true, properties={}, inheritLocations=true), @org.springframework.context.annotation.Import({org.springframework.boot.context.properties.EnableConfigurationPropertiesRegistrar.class}), @org.springframework.boot.context.properties.EnableConfigurationProperties({com.example.currencyrate.config.ConfigProperties.class})]], org.springframework.boot.test.context.filter.ExcludeFilterContextCustomizer@28ec166e, org.springframework.boot.test.json.DuplicateJsonObjectContextCustomizerFactory$DuplicateJsonObjectContextCustomizer@5629510, org.springframework.boot.test.mock.mockito.MockitoContextCustomizer@0], contextLoader = 'org.springframework.test.context.support.DelegatingSmartContextLoader', parent = [null]]]
12:41:23.510 [Test worker] DEBUG org.springframework.test.context.cache - Spring test ApplicationContext cache statistics: [DefaultContextCache@1bdbf9be size = 1, maxSize = 32, parentContextCount = 0, hitCount = 17, missCount = 1]
12:41:23.512 [Test worker] DEBUG org.springframework.test.context.cache.DefaultCacheAwareContextLoaderDelegate - Retrieved ApplicationContext [15477956] from cache with key [[MergedContextConfiguration@7103cb56 testClass = ConfigPropertiesTest, locations = '{}', classes = '{}', contextInitializerClasses = '[]', activeProfiles = '{}', propertySourceLocations = '{classpath:config-test.properties}', propertySourceProperties = '{}', contextCustomizers = set[org.springframework.boot.test.autoconfigure.actuate.metrics.MetricsExportContextCustomizerFactory$DisableMetricExportContextCustomizer@2f1de2d6, org.springframework.boot.test.autoconfigure.properties.PropertyMappingContextCustomizer@0, org.springframework.boot.test.autoconfigure.web.servlet.WebDriverContextCustomizerFactory$Customizer@38831718, [ImportsContextCustomizer@1b765a2c key = [@org.springframework.test.context.TestPropertySource(locations={}, value={"classpath:config-test.properties"}, inheritProperties=true, properties={}, inheritLocations=true), @org.springframework.context.annotation.Import({org.springframework.boot.context.properties.EnableConfigurationPropertiesRegistrar.class}), @org.springframework.boot.context.properties.EnableConfigurationProperties({com.example.currencyrate.config.ConfigProperties.class})]], org.springframework.boot.test.context.filter.ExcludeFilterContextCustomizer@28ec166e, org.springframework.boot.test.json.DuplicateJsonObjectContextCustomizerFactory$DuplicateJsonObjectContextCustomizer@5629510, org.springframework.boot.test.mock.mockito.MockitoContextCustomizer@0], contextLoader = 'org.springframework.test.context.support.DelegatingSmartContextLoader', parent = [null]]]
12:41:23.513 [Test worker] DEBUG org.springframework.test.context.cache - Spring test ApplicationContext cache statistics: [DefaultContextCache@1bdbf9be size = 1, maxSize = 32, parentContextCount = 0, hitCount = 18, missCount = 1]
12:41:23.515 [Test worker] DEBUG org.springframework.test.context.cache.DefaultCacheAwareContextLoaderDelegate - Retrieved ApplicationContext [15477956] from cache with key [[MergedContextConfiguration@7103cb56 testClass = ConfigPropertiesTest, locations = '{}', classes = '{}', contextInitializerClasses = '[]', activeProfiles = '{}', propertySourceLocations = '{classpath:config-test.properties}', propertySourceProperties = '{}', contextCustomizers = set[org.springframework.boot.test.autoconfigure.actuate.metrics.MetricsExportContextCustomizerFactory$DisableMetricExportContextCustomizer@2f1de2d6, org.springframework.boot.test.autoconfigure.properties.PropertyMappingContextCustomizer@0, org.springframework.boot.test.autoconfigure.web.servlet.WebDriverContextCustomizerFactory$Customizer@38831718, [ImportsContextCustomizer@1b765a2c key = [@org.springframework.test.context.TestPropertySource(locations={}, value={"classpath:config-test.properties"}, inheritProperties=true, properties={}, inheritLocations=true), @org.springframework.context.annotation.Import({org.springframework.boot.context.properties.EnableConfigurationPropertiesRegistrar.class}), @org.springframework.boot.context.properties.EnableConfigurationProperties({com.example.currencyrate.config.ConfigProperties.class})]], org.springframework.boot.test.context.filter.ExcludeFilterContextCustomizer@28ec166e, org.springframework.boot.test.json.DuplicateJsonObjectContextCustomizerFactory$DuplicateJsonObjectContextCustomizer@5629510, org.springframework.boot.test.mock.mockito.MockitoContextCustomizer@0], contextLoader = 'org.springframework.test.context.support.DelegatingSmartContextLoader', parent = [null]]]
12:41:23.516 [Test worker] DEBUG org.springframework.test.context.cache - Spring test ApplicationContext cache statistics: [DefaultContextCache@1bdbf9be size = 1, maxSize = 32, parentContextCount = 0, hitCount = 19, missCount = 1]
12:41:23.517 [Test worker] DEBUG org.springframework.test.context.cache.DefaultCacheAwareContextLoaderDelegate - Retrieved ApplicationContext [15477956] from cache with key [[MergedContextConfiguration@7103cb56 testClass = ConfigPropertiesTest, locations = '{}', classes = '{}', contextInitializerClasses = '[]', activeProfiles = '{}', propertySourceLocations = '{classpath:config-test.properties}', propertySourceProperties = '{}', contextCustomizers = set[org.springframework.boot.test.autoconfigure.actuate.metrics.MetricsExportContextCustomizerFactory$DisableMetricExportContextCustomizer@2f1de2d6, org.springframework.boot.test.autoconfigure.properties.PropertyMappingContextCustomizer@0, org.springframework.boot.test.autoconfigure.web.servlet.WebDriverContextCustomizerFactory$Customizer@38831718, [ImportsContextCustomizer@1b765a2c key = [@org.springframework.test.context.TestPropertySource(locations={}, value={"classpath:config-test.properties"}, inheritProperties=true, properties={}, inheritLocations=true), @org.springframework.context.annotation.Import({org.springframework.boot.context.properties.EnableConfigurationPropertiesRegistrar.class}), @org.springframework.boot.context.properties.EnableConfigurationProperties({com.example.currencyrate.config.ConfigProperties.class})]], org.springframework.boot.test.context.filter.ExcludeFilterContextCustomizer@28ec166e, org.springframework.boot.test.json.DuplicateJsonObjectContextCustomizerFactory$DuplicateJsonObjectContextCustomizer@5629510, org.springframework.boot.test.mock.mockito.MockitoContextCustomizer@0], contextLoader = 'org.springframework.test.context.support.DelegatingSmartContextLoader', parent = [null]]]
12:41:23.517 [Test worker] DEBUG org.springframework.test.context.cache - Spring test ApplicationContext cache statistics: [DefaultContextCache@1bdbf9be size = 1, maxSize = 32, parentContextCount = 0, hitCount = 20, missCount = 1]
12:41:23.520 [Test worker] DEBUG org.springframework.test.context.cache.DefaultCacheAwareContextLoaderDelegate - Retrieved ApplicationContext [15477956] from cache with key [[MergedContextConfiguration@7103cb56 testClass = ConfigPropertiesTest, locations = '{}', classes = '{}', contextInitializerClasses = '[]', activeProfiles = '{}', propertySourceLocations = '{classpath:config-test.properties}', propertySourceProperties = '{}', contextCustomizers = set[org.springframework.boot.test.autoconfigure.actuate.metrics.MetricsExportContextCustomizerFactory$DisableMetricExportContextCustomizer@2f1de2d6, org.springframework.boot.test.autoconfigure.properties.PropertyMappingContextCustomizer@0, org.springframework.boot.test.autoconfigure.web.servlet.WebDriverContextCustomizerFactory$Customizer@38831718, [ImportsContextCustomizer@1b765a2c key = [@org.springframework.test.context.TestPropertySource(locations={}, value={"classpath:config-test.properties"}, inheritProperties=true, properties={}, inheritLocations=true), @org.springframework.context.annotation.Import({org.springframework.boot.context.properties.EnableConfigurationPropertiesRegistrar.class}), @org.springframework.boot.context.properties.EnableConfigurationProperties({com.example.currencyrate.config.ConfigProperties.class})]], org.springframework.boot.test.context.filter.ExcludeFilterContextCustomizer@28ec166e, org.springframework.boot.test.json.DuplicateJsonObjectContextCustomizerFactory$DuplicateJsonObjectContextCustomizer@5629510, org.springframework.boot.test.mock.mockito.MockitoContextCustomizer@0], contextLoader = 'org.springframework.test.context.support.DelegatingSmartContextLoader', parent = [null]]]
12:41:23.521 [Test worker] DEBUG org.springframework.test.context.cache - Spring test ApplicationContext cache statistics: [DefaultContextCache@1bdbf9be size = 1, maxSize = 32, parentContextCount = 0, hitCount = 21, missCount = 1]
12:41:23.522 [Test worker] DEBUG org.springframework.test.context.support.AbstractDirtiesContextTestExecutionListener - After test method: context [DefaultTestContext@178213b testClass = ConfigPropertiesTest, testInstance = com.example.currencyrate.ConfigPropertiesTest@3d5790ea, testMethod = configPropertiesAllFieldsAreSet@ConfigPropertiesTest, testException = [null], mergedContextConfiguration = [MergedContextConfiguration@7103cb56 testClass = ConfigPropertiesTest, locations = '{}', classes = '{}', contextInitializerClasses = '[]', activeProfiles = '{}', propertySourceLocations = '{classpath:config-test.properties}', propertySourceProperties = '{}', contextCustomizers = set[org.springframework.boot.test.autoconfigure.actuate.metrics.MetricsExportContextCustomizerFactory$DisableMetricExportContextCustomizer@2f1de2d6, org.springframework.boot.test.autoconfigure.properties.PropertyMappingContextCustomizer@0, org.springframework.boot.test.autoconfigure.web.servlet.WebDriverContextCustomizerFactory$Customizer@38831718, [ImportsContextCustomizer@1b765a2c key = [@org.springframework.test.context.TestPropertySource(locations={}, value={"classpath:config-test.properties"}, inheritProperties=true, properties={}, inheritLocations=true), @org.springframework.context.annotation.Import({org.springframework.boot.context.properties.EnableConfigurationPropertiesRegistrar.class}), @org.springframework.boot.context.properties.EnableConfigurationProperties({com.example.currencyrate.config.ConfigProperties.class})]], org.springframework.boot.test.context.filter.ExcludeFilterContextCustomizer@28ec166e, org.springframework.boot.test.json.DuplicateJsonObjectContextCustomizerFactory$DuplicateJsonObjectContextCustomizer@5629510, org.springframework.boot.test.mock.mockito.MockitoContextCustomizer@0], contextLoader = 'org.springframework.test.context.support.DelegatingSmartContextLoader', parent = [null]], attributes = map['org.springframework.test.context.event.ApplicationEventsTestExecutionListener.recordApplicationEvents' -> false]], class annotated with @DirtiesContext [false] with mode [null], method annotated with @DirtiesContext [false] with mode [null].
12:41:23.524 [Test worker] DEBUG org.springframework.test.context.support.DependencyInjectionTestExecutionListener - Performing dependency injection for test context [[DefaultTestContext@178213b testClass = ConfigPropertiesTest, testInstance = com.example.currencyrate.ConfigPropertiesTest@5c534b5b, testMethod = [null], testException = [null], mergedContextConfiguration = [MergedContextConfiguration@7103cb56 testClass = ConfigPropertiesTest, locations = '{}', classes = '{}', contextInitializerClasses = '[]', activeProfiles = '{}', propertySourceLocations = '{classpath:config-test.properties}', propertySourceProperties = '{}', contextCustomizers = set[org.springframework.boot.test.autoconfigure.actuate.metrics.MetricsExportContextCustomizerFactory$DisableMetricExportContextCustomizer@2f1de2d6, org.springframework.boot.test.autoconfigure.properties.PropertyMappingContextCustomizer@0, org.springframework.boot.test.autoconfigure.web.servlet.WebDriverContextCustomizerFactory$Customizer@38831718, [ImportsContextCustomizer@1b765a2c key = [@org.springframework.test.context.TestPropertySource(locations={}, value={"classpath:config-test.properties"}, inheritProperties=true, properties={}, inheritLocations=true), @org.springframework.context.annotation.Import({org.springframework.boot.context.properties.EnableConfigurationPropertiesRegistrar.class}), @org.springframework.boot.context.properties.EnableConfigurationProperties({com.example.currencyrate.config.ConfigProperties.class})]], org.springframework.boot.test.context.filter.ExcludeFilterContextCustomizer@28ec166e, org.springframework.boot.test.json.DuplicateJsonObjectContextCustomizerFactory$DuplicateJsonObjectContextCustomizer@5629510, org.springframework.boot.test.mock.mockito.MockitoContextCustomizer@0], contextLoader = 'org.springframework.test.context.support.DelegatingSmartContextLoader', parent = [null]], attributes = map['org.springframework.test.context.event.ApplicationEventsTestExecutionListener.recordApplicationEvents' -> false]]].
12:41:23.524 [Test worker] DEBUG org.springframework.test.context.cache.DefaultCacheAwareContextLoaderDelegate - Retrieved ApplicationContext [15477956] from cache with key [[MergedContextConfiguration@7103cb56 testClass = ConfigPropertiesTest, locations = '{}', classes = '{}', contextInitializerClasses = '[]', activeProfiles = '{}', propertySourceLocations = '{classpath:config-test.properties}', propertySourceProperties = '{}', contextCustomizers = set[org.springframework.boot.test.autoconfigure.actuate.metrics.MetricsExportContextCustomizerFactory$DisableMetricExportContextCustomizer@2f1de2d6, org.springframework.boot.test.autoconfigure.properties.PropertyMappingContextCustomizer@0, org.springframework.boot.test.autoconfigure.web.servlet.WebDriverContextCustomizerFactory$Customizer@38831718, [ImportsContextCustomizer@1b765a2c key = [@org.springframework.test.context.TestPropertySource(locations={}, value={"classpath:config-test.properties"}, inheritProperties=true, properties={}, inheritLocations=true), @org.springframework.context.annotation.Import({org.springframework.boot.context.properties.EnableConfigurationPropertiesRegistrar.class}), @org.springframework.boot.context.properties.EnableConfigurationProperties({com.example.currencyrate.config.ConfigProperties.class})]], org.springframework.boot.test.context.filter.ExcludeFilterContextCustomizer@28ec166e, org.springframework.boot.test.json.DuplicateJsonObjectContextCustomizerFactory$DuplicateJsonObjectContextCustomizer@5629510, org.springframework.boot.test.mock.mockito.MockitoContextCustomizer@0], contextLoader = 'org.springframework.test.context.support.DelegatingSmartContextLoader', parent = [null]]]
12:41:23.525 [Test worker] DEBUG org.springframework.test.context.cache - Spring test ApplicationContext cache statistics: [DefaultContextCache@1bdbf9be size = 1, maxSize = 32, parentContextCount = 0, hitCount = 22, missCount = 1]
12:41:23.526 [Test worker] DEBUG org.springframework.test.context.cache.DefaultCacheAwareContextLoaderDelegate - Retrieved ApplicationContext [15477956] from cache with key [[MergedContextConfiguration@7103cb56 testClass = ConfigPropertiesTest, locations = '{}', classes = '{}', contextInitializerClasses = '[]', activeProfiles = '{}', propertySourceLocations = '{classpath:config-test.properties}', propertySourceProperties = '{}', contextCustomizers = set[org.springframework.boot.test.autoconfigure.actuate.metrics.MetricsExportContextCustomizerFactory$DisableMetricExportContextCustomizer@2f1de2d6, org.springframework.boot.test.autoconfigure.properties.PropertyMappingContextCustomizer@0, org.springframework.boot.test.autoconfigure.web.servlet.WebDriverContextCustomizerFactory$Customizer@38831718, [ImportsContextCustomizer@1b765a2c key = [@org.springframework.test.context.TestPropertySource(locations={}, value={"classpath:config-test.properties"}, inheritProperties=true, properties={}, inheritLocations=true), @org.springframework.context.annotation.Import({org.springframework.boot.context.properties.EnableConfigurationPropertiesRegistrar.class}), @org.springframework.boot.context.properties.EnableConfigurationProperties({com.example.currencyrate.config.ConfigProperties.class})]], org.springframework.boot.test.context.filter.ExcludeFilterContextCustomizer@28ec166e, org.springframework.boot.test.json.DuplicateJsonObjectContextCustomizerFactory$DuplicateJsonObjectContextCustomizer@5629510, org.springframework.boot.test.mock.mockito.MockitoContextCustomizer@0], contextLoader = 'org.springframework.test.context.support.DelegatingSmartContextLoader', parent = [null]]]
12:41:23.526 [Test worker] DEBUG org.springframework.test.context.cache - Spring test ApplicationContext cache statistics: [DefaultContextCache@1bdbf9be size = 1, maxSize = 32, parentContextCount = 0, hitCount = 23, missCount = 1]
12:41:23.528 [Test worker] DEBUG org.springframework.test.context.support.AbstractDirtiesContextTestExecutionListener - Before test method: context [DefaultTestContext@178213b testClass = ConfigPropertiesTest, testInstance = com.example.currencyrate.ConfigPropertiesTest@5c534b5b, testMethod = configPropertiesApiKeyError@ConfigPropertiesTest, testException = [null], mergedContextConfiguration = [MergedContextConfiguration@7103cb56 testClass = ConfigPropertiesTest, locations = '{}', classes = '{}', contextInitializerClasses = '[]', activeProfiles = '{}', propertySourceLocations = '{classpath:config-test.properties}', propertySourceProperties = '{}', contextCustomizers = set[org.springframework.boot.test.autoconfigure.actuate.metrics.MetricsExportContextCustomizerFactory$DisableMetricExportContextCustomizer@2f1de2d6, org.springframework.boot.test.autoconfigure.properties.PropertyMappingContextCustomizer@0, org.springframework.boot.test.autoconfigure.web.servlet.WebDriverContextCustomizerFactory$Customizer@38831718, [ImportsContextCustomizer@1b765a2c key = [@org.springframework.test.context.TestPropertySource(locations={}, value={"classpath:config-test.properties"}, inheritProperties=true, properties={}, inheritLocations=true), @org.springframework.context.annotation.Import({org.springframework.boot.context.properties.EnableConfigurationPropertiesRegistrar.class}), @org.springframework.boot.context.properties.EnableConfigurationProperties({com.example.currencyrate.config.ConfigProperties.class})]], org.springframework.boot.test.context.filter.ExcludeFilterContextCustomizer@28ec166e, org.springframework.boot.test.json.DuplicateJsonObjectContextCustomizerFactory$DuplicateJsonObjectContextCustomizer@5629510, org.springframework.boot.test.mock.mockito.MockitoContextCustomizer@0], contextLoader = 'org.springframework.test.context.support.DelegatingSmartContextLoader', parent = [null]], attributes = map['org.springframework.test.context.event.ApplicationEventsTestExecutionListener.recordApplicationEvents' -> false]], class annotated with @DirtiesContext [false] with mode [null], method annotated with @DirtiesContext [false] with mode [null].
12:41:23.529 [Test worker] DEBUG org.springframework.test.context.cache.DefaultCacheAwareContextLoaderDelegate - Retrieved ApplicationContext [15477956] from cache with key [[MergedContextConfiguration@7103cb56 testClass = ConfigPropertiesTest, locations = '{}', classes = '{}', contextInitializerClasses = '[]', activeProfiles = '{}', propertySourceLocations = '{classpath:config-test.properties}', propertySourceProperties = '{}', contextCustomizers = set[org.springframework.boot.test.autoconfigure.actuate.metrics.MetricsExportContextCustomizerFactory$DisableMetricExportContextCustomizer@2f1de2d6, org.springframework.boot.test.autoconfigure.properties.PropertyMappingContextCustomizer@0, org.springframework.boot.test.autoconfigure.web.servlet.WebDriverContextCustomizerFactory$Customizer@38831718, [ImportsContextCustomizer@1b765a2c key = [@org.springframework.test.context.TestPropertySource(locations={}, value={"classpath:config-test.properties"}, inheritProperties=true, properties={}, inheritLocations=true), @org.springframework.context.annotation.Import({org.springframework.boot.context.properties.EnableConfigurationPropertiesRegistrar.class}), @org.springframework.boot.context.properties.EnableConfigurationProperties({com.example.currencyrate.config.ConfigProperties.class})]], org.springframework.boot.test.context.filter.ExcludeFilterContextCustomizer@28ec166e, org.springframework.boot.test.json.DuplicateJsonObjectContextCustomizerFactory$DuplicateJsonObjectContextCustomizer@5629510, org.springframework.boot.test.mock.mockito.MockitoContextCustomizer@0], contextLoader = 'org.springframework.test.context.support.DelegatingSmartContextLoader', parent = [null]]]
12:41:23.530 [Test worker] DEBUG org.springframework.test.context.cache - Spring test ApplicationContext cache statistics: [DefaultContextCache@1bdbf9be size = 1, maxSize = 32, parentContextCount = 0, hitCount = 24, missCount = 1]
12:41:23.532 [Test worker] DEBUG org.springframework.test.context.cache.DefaultCacheAwareContextLoaderDelegate - Retrieved ApplicationContext [15477956] from cache with key [[MergedContextConfiguration@7103cb56 testClass = ConfigPropertiesTest, locations = '{}', classes = '{}', contextInitializerClasses = '[]', activeProfiles = '{}', propertySourceLocations = '{classpath:config-test.properties}', propertySourceProperties = '{}', contextCustomizers = set[org.springframework.boot.test.autoconfigure.actuate.metrics.MetricsExportContextCustomizerFactory$DisableMetricExportContextCustomizer@2f1de2d6, org.springframework.boot.test.autoconfigure.properties.PropertyMappingContextCustomizer@0, org.springframework.boot.test.autoconfigure.web.servlet.WebDriverContextCustomizerFactory$Customizer@38831718, [ImportsContextCustomizer@1b765a2c key = [@org.springframework.test.context.TestPropertySource(locations={}, value={"classpath:config-test.properties"}, inheritProperties=true, properties={}, inheritLocations=true), @org.springframework.context.annotation.Import({org.springframework.boot.context.properties.EnableConfigurationPropertiesRegistrar.class}), @org.springframework.boot.context.properties.EnableConfigurationProperties({com.example.currencyrate.config.ConfigProperties.class})]], org.springframework.boot.test.context.filter.ExcludeFilterContextCustomizer@28ec166e, org.springframework.boot.test.json.DuplicateJsonObjectContextCustomizerFactory$DuplicateJsonObjectContextCustomizer@5629510, org.springframework.boot.test.mock.mockito.MockitoContextCustomizer@0], contextLoader = 'org.springframework.test.context.support.DelegatingSmartContextLoader', parent = [null]]]
12:41:23.532 [Test worker] DEBUG org.springframework.test.context.cache - Spring test ApplicationContext cache statistics: [DefaultContextCache@1bdbf9be size = 1, maxSize = 32, parentContextCount = 0, hitCount = 25, missCount = 1]
12:41:23.533 [Test worker] DEBUG org.springframework.test.context.cache.DefaultCacheAwareContextLoaderDelegate - Retrieved ApplicationContext [15477956] from cache with key [[MergedContextConfiguration@7103cb56 testClass = ConfigPropertiesTest, locations = '{}', classes = '{}', contextInitializerClasses = '[]', activeProfiles = '{}', propertySourceLocations = '{classpath:config-test.properties}', propertySourceProperties = '{}', contextCustomizers = set[org.springframework.boot.test.autoconfigure.actuate.metrics.MetricsExportContextCustomizerFactory$DisableMetricExportContextCustomizer@2f1de2d6, org.springframework.boot.test.autoconfigure.properties.PropertyMappingContextCustomizer@0, org.springframework.boot.test.autoconfigure.web.servlet.WebDriverContextCustomizerFactory$Customizer@38831718, [ImportsContextCustomizer@1b765a2c key = [@org.springframework.test.context.TestPropertySource(locations={}, value={"classpath:config-test.properties"}, inheritProperties=true, properties={}, inheritLocations=true), @org.springframework.context.annotation.Import({org.springframework.boot.context.properties.EnableConfigurationPropertiesRegistrar.class}), @org.springframework.boot.context.properties.EnableConfigurationProperties({com.example.currencyrate.config.ConfigProperties.class})]], org.springframework.boot.test.context.filter.ExcludeFilterContextCustomizer@28ec166e, org.springframework.boot.test.json.DuplicateJsonObjectContextCustomizerFactory$DuplicateJsonObjectContextCustomizer@5629510, org.springframework.boot.test.mock.mockito.MockitoContextCustomizer@0], contextLoader = 'org.springframework.test.context.support.DelegatingSmartContextLoader', parent = [null]]]
12:41:23.533 [Test worker] DEBUG org.springframework.test.context.cache - Spring test ApplicationContext cache statistics: [DefaultContextCache@1bdbf9be size = 1, maxSize = 32, parentContextCount = 0, hitCount = 26, missCount = 1]
12:41:23.535 [Test worker] DEBUG org.springframework.test.context.cache.DefaultCacheAwareContextLoaderDelegate - Retrieved ApplicationContext [15477956] from cache with key [[MergedContextConfiguration@7103cb56 testClass = ConfigPropertiesTest, locations = '{}', classes = '{}', contextInitializerClasses = '[]', activeProfiles = '{}', propertySourceLocations = '{classpath:config-test.properties}', propertySourceProperties = '{}', contextCustomizers = set[org.springframework.boot.test.autoconfigure.actuate.metrics.MetricsExportContextCustomizerFactory$DisableMetricExportContextCustomizer@2f1de2d6, org.springframework.boot.test.autoconfigure.properties.PropertyMappingContextCustomizer@0, org.springframework.boot.test.autoconfigure.web.servlet.WebDriverContextCustomizerFactory$Customizer@38831718, [ImportsContextCustomizer@1b765a2c key = [@org.springframework.test.context.TestPropertySource(locations={}, value={"classpath:config-test.properties"}, inheritProperties=true, properties={}, inheritLocations=true), @org.springframework.context.annotation.Import({org.springframework.boot.context.properties.EnableConfigurationPropertiesRegistrar.class}), @org.springframework.boot.context.properties.EnableConfigurationProperties({com.example.currencyrate.config.ConfigProperties.class})]], org.springframework.boot.test.context.filter.ExcludeFilterContextCustomizer@28ec166e, org.springframework.boot.test.json.DuplicateJsonObjectContextCustomizerFactory$DuplicateJsonObjectContextCustomizer@5629510, org.springframework.boot.test.mock.mockito.MockitoContextCustomizer@0], contextLoader = 'org.springframework.test.context.support.DelegatingSmartContextLoader', parent = [null]]]
12:41:23.536 [Test worker] DEBUG org.springframework.test.context.cache - Spring test ApplicationContext cache statistics: [DefaultContextCache@1bdbf9be size = 1, maxSize = 32, parentContextCount = 0, hitCount = 27, missCount = 1]
12:41:23.537 [Test worker] DEBUG org.springframework.test.context.cache.DefaultCacheAwareContextLoaderDelegate - Retrieved ApplicationContext [15477956] from cache with key [[MergedContextConfiguration@7103cb56 testClass = ConfigPropertiesTest, locations = '{}', classes = '{}', contextInitializerClasses = '[]', activeProfiles = '{}', propertySourceLocations = '{classpath:config-test.properties}', propertySourceProperties = '{}', contextCustomizers = set[org.springframework.boot.test.autoconfigure.actuate.metrics.MetricsExportContextCustomizerFactory$DisableMetricExportContextCustomizer@2f1de2d6, org.springframework.boot.test.autoconfigure.properties.PropertyMappingContextCustomizer@0, org.springframework.boot.test.autoconfigure.web.servlet.WebDriverContextCustomizerFactory$Customizer@38831718, [ImportsContextCustomizer@1b765a2c key = [@org.springframework.test.context.TestPropertySource(locations={}, value={"classpath:config-test.properties"}, inheritProperties=true, properties={}, inheritLocations=true), @org.springframework.context.annotation.Import({org.springframework.boot.context.properties.EnableConfigurationPropertiesRegistrar.class}), @org.springframework.boot.context.properties.EnableConfigurationProperties({com.example.currencyrate.config.ConfigProperties.class})]], org.springframework.boot.test.context.filter.ExcludeFilterContextCustomizer@28ec166e, org.springframework.boot.test.json.DuplicateJsonObjectContextCustomizerFactory$DuplicateJsonObjectContextCustomizer@5629510, org.springframework.boot.test.mock.mockito.MockitoContextCustomizer@0], contextLoader = 'org.springframework.test.context.support.DelegatingSmartContextLoader', parent = [null]]]
12:41:23.537 [Test worker] DEBUG org.springframework.test.context.cache - Spring test ApplicationContext cache statistics: [DefaultContextCache@1bdbf9be size = 1, maxSize = 32, parentContextCount = 0, hitCount = 28, missCount = 1]
12:41:23.539 [Test worker] DEBUG org.springframework.test.context.cache.DefaultCacheAwareContextLoaderDelegate - Retrieved ApplicationContext [15477956] from cache with key [[MergedContextConfiguration@7103cb56 testClass = ConfigPropertiesTest, locations = '{}', classes = '{}', contextInitializerClasses = '[]', activeProfiles = '{}', propertySourceLocations = '{classpath:config-test.properties}', propertySourceProperties = '{}', contextCustomizers = set[org.springframework.boot.test.autoconfigure.actuate.metrics.MetricsExportContextCustomizerFactory$DisableMetricExportContextCustomizer@2f1de2d6, org.springframework.boot.test.autoconfigure.properties.PropertyMappingContextCustomizer@0, org.springframework.boot.test.autoconfigure.web.servlet.WebDriverContextCustomizerFactory$Customizer@38831718, [ImportsContextCustomizer@1b765a2c key = [@org.springframework.test.context.TestPropertySource(locations={}, value={"classpath:config-test.properties"}, inheritProperties=true, properties={}, inheritLocations=true), @org.springframework.context.annotation.Import({org.springframework.boot.context.properties.EnableConfigurationPropertiesRegistrar.class}), @org.springframework.boot.context.properties.EnableConfigurationProperties({com.example.currencyrate.config.ConfigProperties.class})]], org.springframework.boot.test.context.filter.ExcludeFilterContextCustomizer@28ec166e, org.springframework.boot.test.json.DuplicateJsonObjectContextCustomizerFactory$DuplicateJsonObjectContextCustomizer@5629510, org.springframework.boot.test.mock.mockito.MockitoContextCustomizer@0], contextLoader = 'org.springframework.test.context.support.DelegatingSmartContextLoader', parent = [null]]]
12:41:23.539 [Test worker] DEBUG org.springframework.test.context.cache - Spring test ApplicationContext cache statistics: [DefaultContextCache@1bdbf9be size = 1, maxSize = 32, parentContextCount = 0, hitCount = 29, missCount = 1]
12:41:23.540 [Test worker] DEBUG org.springframework.test.context.cache.DefaultCacheAwareContextLoaderDelegate - Retrieved ApplicationContext [15477956] from cache with key [[MergedContextConfiguration@7103cb56 testClass = ConfigPropertiesTest, locations = '{}', classes = '{}', contextInitializerClasses = '[]', activeProfiles = '{}', propertySourceLocations = '{classpath:config-test.properties}', propertySourceProperties = '{}', contextCustomizers = set[org.springframework.boot.test.autoconfigure.actuate.metrics.MetricsExportContextCustomizerFactory$DisableMetricExportContextCustomizer@2f1de2d6, org.springframework.boot.test.autoconfigure.properties.PropertyMappingContextCustomizer@0, org.springframework.boot.test.autoconfigure.web.servlet.WebDriverContextCustomizerFactory$Customizer@38831718, [ImportsContextCustomizer@1b765a2c key = [@org.springframework.test.context.TestPropertySource(locations={}, value={"classpath:config-test.properties"}, inheritProperties=true, properties={}, inheritLocations=true), @org.springframework.context.annotation.Import({org.springframework.boot.context.properties.EnableConfigurationPropertiesRegistrar.class}), @org.springframework.boot.context.properties.EnableConfigurationProperties({com.example.currencyrate.config.ConfigProperties.class})]], org.springframework.boot.test.context.filter.ExcludeFilterContextCustomizer@28ec166e, org.springframework.boot.test.json.DuplicateJsonObjectContextCustomizerFactory$DuplicateJsonObjectContextCustomizer@5629510, org.springframework.boot.test.mock.mockito.MockitoContextCustomizer@0], contextLoader = 'org.springframework.test.context.support.DelegatingSmartContextLoader', parent = [null]]]
12:41:23.540 [Test worker] DEBUG org.springframework.test.context.cache - Spring test ApplicationContext cache statistics: [DefaultContextCache@1bdbf9be size = 1, maxSize = 32, parentContextCount = 0, hitCount = 30, missCount = 1]
12:41:23.540 [Test worker] DEBUG org.springframework.test.context.cache.DefaultCacheAwareContextLoaderDelegate - Retrieved ApplicationContext [15477956] from cache with key [[MergedContextConfiguration@7103cb56 testClass = ConfigPropertiesTest, locations = '{}', classes = '{}', contextInitializerClasses = '[]', activeProfiles = '{}', propertySourceLocations = '{classpath:config-test.properties}', propertySourceProperties = '{}', contextCustomizers = set[org.springframework.boot.test.autoconfigure.actuate.metrics.MetricsExportContextCustomizerFactory$DisableMetricExportContextCustomizer@2f1de2d6, org.springframework.boot.test.autoconfigure.properties.PropertyMappingContextCustomizer@0, org.springframework.boot.test.autoconfigure.web.servlet.WebDriverContextCustomizerFactory$Customizer@38831718, [ImportsContextCustomizer@1b765a2c key = [@org.springframework.test.context.TestPropertySource(locations={}, value={"classpath:config-test.properties"}, inheritProperties=true, properties={}, inheritLocations=true), @org.springframework.context.annotation.Import({org.springframework.boot.context.properties.EnableConfigurationPropertiesRegistrar.class}), @org.springframework.boot.context.properties.EnableConfigurationProperties({com.example.currencyrate.config.ConfigProperties.class})]], org.springframework.boot.test.context.filter.ExcludeFilterContextCustomizer@28ec166e, org.springframework.boot.test.json.DuplicateJsonObjectContextCustomizerFactory$DuplicateJsonObjectContextCustomizer@5629510, org.springframework.boot.test.mock.mockito.MockitoContextCustomizer@0], contextLoader = 'org.springframework.test.context.support.DelegatingSmartContextLoader', parent = [null]]]
12:41:23.541 [Test worker] DEBUG org.springframework.test.context.cache - Spring test ApplicationContext cache statistics: [DefaultContextCache@1bdbf9be size = 1, maxSize = 32, parentContextCount = 0, hitCount = 31, missCount = 1]
12:41:23.543 [Test worker] DEBUG org.springframework.test.context.cache.DefaultCacheAwareContextLoaderDelegate - Retrieved ApplicationContext [15477956] from cache with key [[MergedContextConfiguration@7103cb56 testClass = ConfigPropertiesTest, locations = '{}', classes = '{}', contextInitializerClasses = '[]', activeProfiles = '{}', propertySourceLocations = '{classpath:config-test.properties}', propertySourceProperties = '{}', contextCustomizers = set[org.springframework.boot.test.autoconfigure.actuate.metrics.MetricsExportContextCustomizerFactory$DisableMetricExportContextCustomizer@2f1de2d6, org.springframework.boot.test.autoconfigure.properties.PropertyMappingContextCustomizer@0, org.springframework.boot.test.autoconfigure.web.servlet.WebDriverContextCustomizerFactory$Customizer@38831718, [ImportsContextCustomizer@1b765a2c key = [@org.springframework.test.context.TestPropertySource(locations={}, value={"classpath:config-test.properties"}, inheritProperties=true, properties={}, inheritLocations=true), @org.springframework.context.annotation.Import({org.springframework.boot.context.properties.EnableConfigurationPropertiesRegistrar.class}), @org.springframework.boot.context.properties.EnableConfigurationProperties({com.example.currencyrate.config.ConfigProperties.class})]], org.springframework.boot.test.context.filter.ExcludeFilterContextCustomizer@28ec166e, org.springframework.boot.test.json.DuplicateJsonObjectContextCustomizerFactory$DuplicateJsonObjectContextCustomizer@5629510, org.springframework.boot.test.mock.mockito.MockitoContextCustomizer@0], contextLoader = 'org.springframework.test.context.support.DelegatingSmartContextLoader', parent = [null]]]
12:41:23.543 [Test worker] DEBUG org.springframework.test.context.cache - Spring test ApplicationContext cache statistics: [DefaultContextCache@1bdbf9be size = 1, maxSize = 32, parentContextCount = 0, hitCount = 32, missCount = 1]
12:41:23.544 [Test worker] DEBUG org.springframework.test.context.support.AbstractDirtiesContextTestExecutionListener - After test method: context [DefaultTestContext@178213b testClass = ConfigPropertiesTest, testInstance = com.example.currencyrate.ConfigPropertiesTest@5c534b5b, testMethod = configPropertiesApiKeyError@ConfigPropertiesTest, testException = [null], mergedContextConfiguration = [MergedContextConfiguration@7103cb56 testClass = ConfigPropertiesTest, locations = '{}', classes = '{}', contextInitializerClasses = '[]', activeProfiles = '{}', propertySourceLocations = '{classpath:config-test.properties}', propertySourceProperties = '{}', contextCustomizers = set[org.springframework.boot.test.autoconfigure.actuate.metrics.MetricsExportContextCustomizerFactory$DisableMetricExportContextCustomizer@2f1de2d6, org.springframework.boot.test.autoconfigure.properties.PropertyMappingContextCustomizer@0, org.springframework.boot.test.autoconfigure.web.servlet.WebDriverContextCustomizerFactory$Customizer@38831718, [ImportsContextCustomizer@1b765a2c key = [@org.springframework.test.context.TestPropertySource(locations={}, value={"classpath:config-test.properties"}, inheritProperties=true, properties={}, inheritLocations=true), @org.springframework.context.annotation.Import({org.springframework.boot.context.properties.EnableConfigurationPropertiesRegistrar.class}), @org.springframework.boot.context.properties.EnableConfigurationProperties({com.example.currencyrate.config.ConfigProperties.class})]], org.springframework.boot.test.context.filter.ExcludeFilterContextCustomizer@28ec166e, org.springframework.boot.test.json.DuplicateJsonObjectContextCustomizerFactory$DuplicateJsonObjectContextCustomizer@5629510, org.springframework.boot.test.mock.mockito.MockitoContextCustomizer@0], contextLoader = 'org.springframework.test.context.support.DelegatingSmartContextLoader', parent = [null]], attributes = map['org.springframework.test.context.event.ApplicationEventsTestExecutionListener.recordApplicationEvents' -> false]], class annotated with @DirtiesContext [false] with mode [null], method annotated with @DirtiesContext [false] with mode [null].
12:41:23.546 [Test worker] DEBUG org.springframework.test.context.support.DependencyInjectionTestExecutionListener - Performing dependency injection for test context [[DefaultTestContext@178213b testClass = ConfigPropertiesTest, testInstance = com.example.currencyrate.ConfigPropertiesTest@2418ba04, testMethod = [null], testException = [null], mergedContextConfiguration = [MergedContextConfiguration@7103cb56 testClass = ConfigPropertiesTest, locations = '{}', classes = '{}', contextInitializerClasses = '[]', activeProfiles = '{}', propertySourceLocations = '{classpath:config-test.properties}', propertySourceProperties = '{}', contextCustomizers = set[org.springframework.boot.test.autoconfigure.actuate.metrics.MetricsExportContextCustomizerFactory$DisableMetricExportContextCustomizer@2f1de2d6, org.springframework.boot.test.autoconfigure.properties.PropertyMappingContextCustomizer@0, org.springframework.boot.test.autoconfigure.web.servlet.WebDriverContextCustomizerFactory$Customizer@38831718, [ImportsContextCustomizer@1b765a2c key = [@org.springframework.test.context.TestPropertySource(locations={}, value={"classpath:config-test.properties"}, inheritProperties=true, properties={}, inheritLocations=true), @org.springframework.context.annotation.Import({org.springframework.boot.context.properties.EnableConfigurationPropertiesRegistrar.class}), @org.springframework.boot.context.properties.EnableConfigurationProperties({com.example.currencyrate.config.ConfigProperties.class})]], org.springframework.boot.test.context.filter.ExcludeFilterContextCustomizer@28ec166e, org.springframework.boot.test.json.DuplicateJsonObjectContextCustomizerFactory$DuplicateJsonObjectContextCustomizer@5629510, org.springframework.boot.test.mock.mockito.MockitoContextCustomizer@0], contextLoader = 'org.springframework.test.context.support.DelegatingSmartContextLoader', parent = [null]], attributes = map['org.springframework.test.context.event.ApplicationEventsTestExecutionListener.recordApplicationEvents' -> false]]].
12:41:23.547 [Test worker] DEBUG org.springframework.test.context.cache.DefaultCacheAwareContextLoaderDelegate - Retrieved ApplicationContext [15477956] from cache with key [[MergedContextConfiguration@7103cb56 testClass = ConfigPropertiesTest, locations = '{}', classes = '{}', contextInitializerClasses = '[]', activeProfiles = '{}', propertySourceLocations = '{classpath:config-test.properties}', propertySourceProperties = '{}', contextCustomizers = set[org.springframework.boot.test.autoconfigure.actuate.metrics.MetricsExportContextCustomizerFactory$DisableMetricExportContextCustomizer@2f1de2d6, org.springframework.boot.test.autoconfigure.properties.PropertyMappingContextCustomizer@0, org.springframework.boot.test.autoconfigure.web.servlet.WebDriverContextCustomizerFactory$Customizer@38831718, [ImportsContextCustomizer@1b765a2c key = [@org.springframework.test.context.TestPropertySource(locations={}, value={"classpath:config-test.properties"}, inheritProperties=true, properties={}, inheritLocations=true), @org.springframework.context.annotation.Import({org.springframework.boot.context.properties.EnableConfigurationPropertiesRegistrar.class}), @org.springframework.boot.context.properties.EnableConfigurationProperties({com.example.currencyrate.config.ConfigProperties.class})]], org.springframework.boot.test.context.filter.ExcludeFilterContextCustomizer@28ec166e, org.springframework.boot.test.json.DuplicateJsonObjectContextCustomizerFactory$DuplicateJsonObjectContextCustomizer@5629510, org.springframework.boot.test.mock.mockito.MockitoContextCustomizer@0], contextLoader = 'org.springframework.test.context.support.DelegatingSmartContextLoader', parent = [null]]]
12:41:23.547 [Test worker] DEBUG org.springframework.test.context.cache - Spring test ApplicationContext cache statistics: [DefaultContextCache@1bdbf9be size = 1, maxSize = 32, parentContextCount = 0, hitCount = 33, missCount = 1]
12:41:23.548 [Test worker] DEBUG org.springframework.test.context.cache.DefaultCacheAwareContextLoaderDelegate - Retrieved ApplicationContext [15477956] from cache with key [[MergedContextConfiguration@7103cb56 testClass = ConfigPropertiesTest, locations = '{}', classes = '{}', contextInitializerClasses = '[]', activeProfiles = '{}', propertySourceLocations = '{classpath:config-test.properties}', propertySourceProperties = '{}', contextCustomizers = set[org.springframework.boot.test.autoconfigure.actuate.metrics.MetricsExportContextCustomizerFactory$DisableMetricExportContextCustomizer@2f1de2d6, org.springframework.boot.test.autoconfigure.properties.PropertyMappingContextCustomizer@0, org.springframework.boot.test.autoconfigure.web.servlet.WebDriverContextCustomizerFactory$Customizer@38831718, [ImportsContextCustomizer@1b765a2c key = [@org.springframework.test.context.TestPropertySource(locations={}, value={"classpath:config-test.properties"}, inheritProperties=true, properties={}, inheritLocations=true), @org.springframework.context.annotation.Import({org.springframework.boot.context.properties.EnableConfigurationPropertiesRegistrar.class}), @org.springframework.boot.context.properties.EnableConfigurationProperties({com.example.currencyrate.config.ConfigProperties.class})]], org.springframework.boot.test.context.filter.ExcludeFilterContextCustomizer@28ec166e, org.springframework.boot.test.json.DuplicateJsonObjectContextCustomizerFactory$DuplicateJsonObjectContextCustomizer@5629510, org.springframework.boot.test.mock.mockito.MockitoContextCustomizer@0], contextLoader = 'org.springframework.test.context.support.DelegatingSmartContextLoader', parent = [null]]]
12:41:23.549 [Test worker] DEBUG org.springframework.test.context.cache - Spring test ApplicationContext cache statistics: [DefaultContextCache@1bdbf9be size = 1, maxSize = 32, parentContextCount = 0, hitCount = 34, missCount = 1]
12:41:23.551 [Test worker] DEBUG org.springframework.test.context.support.AbstractDirtiesContextTestExecutionListener - Before test method: context [DefaultTestContext@178213b testClass = ConfigPropertiesTest, testInstance = com.example.currencyrate.ConfigPropertiesTest@2418ba04, testMethod = configPropertiesAppIdError@ConfigPropertiesTest, testException = [null], mergedContextConfiguration = [MergedContextConfiguration@7103cb56 testClass = ConfigPropertiesTest, locations = '{}', classes = '{}', contextInitializerClasses = '[]', activeProfiles = '{}', propertySourceLocations = '{classpath:config-test.properties}', propertySourceProperties = '{}', contextCustomizers = set[org.springframework.boot.test.autoconfigure.actuate.metrics.MetricsExportContextCustomizerFactory$DisableMetricExportContextCustomizer@2f1de2d6, org.springframework.boot.test.autoconfigure.properties.PropertyMappingContextCustomizer@0, org.springframework.boot.test.autoconfigure.web.servlet.WebDriverContextCustomizerFactory$Customizer@38831718, [ImportsContextCustomizer@1b765a2c key = [@org.springframework.test.context.TestPropertySource(locations={}, value={"classpath:config-test.properties"}, inheritProperties=true, properties={}, inheritLocations=true), @org.springframework.context.annotation.Import({org.springframework.boot.context.properties.EnableConfigurationPropertiesRegistrar.class}), @org.springframework.boot.context.properties.EnableConfigurationProperties({com.example.currencyrate.config.ConfigProperties.class})]], org.springframework.boot.test.context.filter.ExcludeFilterContextCustomizer@28ec166e, org.springframework.boot.test.json.DuplicateJsonObjectContextCustomizerFactory$DuplicateJsonObjectContextCustomizer@5629510, org.springframework.boot.test.mock.mockito.MockitoContextCustomizer@0], contextLoader = 'org.springframework.test.context.support.DelegatingSmartContextLoader', parent = [null]], attributes = map['org.springframework.test.context.event.ApplicationEventsTestExecutionListener.recordApplicationEvents' -> false]], class annotated with @DirtiesContext [false] with mode [null], method annotated with @DirtiesContext [false] with mode [null].
12:41:23.551 [Test worker] DEBUG org.springframework.test.context.cache.DefaultCacheAwareContextLoaderDelegate - Retrieved ApplicationContext [15477956] from cache with key [[MergedContextConfiguration@7103cb56 testClass = ConfigPropertiesTest, locations = '{}', classes = '{}', contextInitializerClasses = '[]', activeProfiles = '{}', propertySourceLocations = '{classpath:config-test.properties}', propertySourceProperties = '{}', contextCustomizers = set[org.springframework.boot.test.autoconfigure.actuate.metrics.MetricsExportContextCustomizerFactory$DisableMetricExportContextCustomizer@2f1de2d6, org.springframework.boot.test.autoconfigure.properties.PropertyMappingContextCustomizer@0, org.springframework.boot.test.autoconfigure.web.servlet.WebDriverContextCustomizerFactory$Customizer@38831718, [ImportsContextCustomizer@1b765a2c key = [@org.springframework.test.context.TestPropertySource(locations={}, value={"classpath:config-test.properties"}, inheritProperties=true, properties={}, inheritLocations=true), @org.springframework.context.annotation.Import({org.springframework.boot.context.properties.EnableConfigurationPropertiesRegistrar.class}), @org.springframework.boot.context.properties.EnableConfigurationProperties({com.example.currencyrate.config.ConfigProperties.class})]], org.springframework.boot.test.context.filter.ExcludeFilterContextCustomizer@28ec166e, org.springframework.boot.test.json.DuplicateJsonObjectContextCustomizerFactory$DuplicateJsonObjectContextCustomizer@5629510, org.springframework.boot.test.mock.mockito.MockitoContextCustomizer@0], contextLoader = 'org.springframework.test.context.support.DelegatingSmartContextLoader', parent = [null]]]
12:41:23.552 [Test worker] DEBUG org.springframework.test.context.cache - Spring test ApplicationContext cache statistics: [DefaultContextCache@1bdbf9be size = 1, maxSize = 32, parentContextCount = 0, hitCount = 35, missCount = 1]
12:41:23.553 [Test worker] DEBUG org.springframework.test.context.cache.DefaultCacheAwareContextLoaderDelegate - Retrieved ApplicationContext [15477956] from cache with key [[MergedContextConfiguration@7103cb56 testClass = ConfigPropertiesTest, locations = '{}', classes = '{}', contextInitializerClasses = '[]', activeProfiles = '{}', propertySourceLocations = '{classpath:config-test.properties}', propertySourceProperties = '{}', contextCustomizers = set[org.springframework.boot.test.autoconfigure.actuate.metrics.MetricsExportContextCustomizerFactory$DisableMetricExportContextCustomizer@2f1de2d6, org.springframework.boot.test.autoconfigure.properties.PropertyMappingContextCustomizer@0, org.springframework.boot.test.autoconfigure.web.servlet.WebDriverContextCustomizerFactory$Customizer@38831718, [ImportsContextCustomizer@1b765a2c key = [@org.springframework.test.context.TestPropertySource(locations={}, value={"classpath:config-test.properties"}, inheritProperties=true, properties={}, inheritLocations=true), @org.springframework.context.annotation.Import({org.springframework.boot.context.properties.EnableConfigurationPropertiesRegistrar.class}), @org.springframework.boot.context.properties.EnableConfigurationProperties({com.example.currencyrate.config.ConfigProperties.class})]], org.springframework.boot.test.context.filter.ExcludeFilterContextCustomizer@28ec166e, org.springframework.boot.test.json.DuplicateJsonObjectContextCustomizerFactory$DuplicateJsonObjectContextCustomizer@5629510, org.springframework.boot.test.mock.mockito.MockitoContextCustomizer@0], contextLoader = 'org.springframework.test.context.support.DelegatingSmartContextLoader', parent = [null]]]
12:41:23.554 [Test worker] DEBUG org.springframework.test.context.cache - Spring test ApplicationContext cache statistics: [DefaultContextCache@1bdbf9be size = 1, maxSize = 32, parentContextCount = 0, hitCount = 36, missCount = 1]
12:41:23.555 [Test worker] DEBUG org.springframework.test.context.cache.DefaultCacheAwareContextLoaderDelegate - Retrieved ApplicationContext [15477956] from cache with key [[MergedContextConfiguration@7103cb56 testClass = ConfigPropertiesTest, locations = '{}', classes = '{}', contextInitializerClasses = '[]', activeProfiles = '{}', propertySourceLocations = '{classpath:config-test.properties}', propertySourceProperties = '{}', contextCustomizers = set[org.springframework.boot.test.autoconfigure.actuate.metrics.MetricsExportContextCustomizerFactory$DisableMetricExportContextCustomizer@2f1de2d6, org.springframework.boot.test.autoconfigure.properties.PropertyMappingContextCustomizer@0, org.springframework.boot.test.autoconfigure.web.servlet.WebDriverContextCustomizerFactory$Customizer@38831718, [ImportsContextCustomizer@1b765a2c key = [@org.springframework.test.context.TestPropertySource(locations={}, value={"classpath:config-test.properties"}, inheritProperties=true, properties={}, inheritLocations=true), @org.springframework.context.annotation.Import({org.springframework.boot.context.properties.EnableConfigurationPropertiesRegistrar.class}), @org.springframework.boot.context.properties.EnableConfigurationProperties({com.example.currencyrate.config.ConfigProperties.class})]], org.springframework.boot.test.context.filter.ExcludeFilterContextCustomizer@28ec166e, org.springframework.boot.test.json.DuplicateJsonObjectContextCustomizerFactory$DuplicateJsonObjectContextCustomizer@5629510, org.springframework.boot.test.mock.mockito.MockitoContextCustomizer@0], contextLoader = 'org.springframework.test.context.support.DelegatingSmartContextLoader', parent = [null]]]
12:41:23.555 [Test worker] DEBUG org.springframework.test.context.cache - Spring test ApplicationContext cache statistics: [DefaultContextCache@1bdbf9be size = 1, maxSize = 32, parentContextCount = 0, hitCount = 37, missCount = 1]
12:41:23.556 [Test worker] DEBUG org.springframework.test.context.cache.DefaultCacheAwareContextLoaderDelegate - Retrieved ApplicationContext [15477956] from cache with key [[MergedContextConfiguration@7103cb56 testClass = ConfigPropertiesTest, locations = '{}', classes = '{}', contextInitializerClasses = '[]', activeProfiles = '{}', propertySourceLocations = '{classpath:config-test.properties}', propertySourceProperties = '{}', contextCustomizers = set[org.springframework.boot.test.autoconfigure.actuate.metrics.MetricsExportContextCustomizerFactory$DisableMetricExportContextCustomizer@2f1de2d6, org.springframework.boot.test.autoconfigure.properties.PropertyMappingContextCustomizer@0, org.springframework.boot.test.autoconfigure.web.servlet.WebDriverContextCustomizerFactory$Customizer@38831718, [ImportsContextCustomizer@1b765a2c key = [@org.springframework.test.context.TestPropertySource(locations={}, value={"classpath:config-test.properties"}, inheritProperties=true, properties={}, inheritLocations=true), @org.springframework.context.annotation.Import({org.springframework.boot.context.properties.EnableConfigurationPropertiesRegistrar.class}), @org.springframework.boot.context.properties.EnableConfigurationProperties({com.example.currencyrate.config.ConfigProperties.class})]], org.springframework.boot.test.context.filter.ExcludeFilterContextCustomizer@28ec166e, org.springframework.boot.test.json.DuplicateJsonObjectContextCustomizerFactory$DuplicateJsonObjectContextCustomizer@5629510, org.springframework.boot.test.mock.mockito.MockitoContextCustomizer@0], contextLoader = 'org.springframework.test.context.support.DelegatingSmartContextLoader', parent = [null]]]
12:41:23.556 [Test worker] DEBUG org.springframework.test.context.cache - Spring test ApplicationContext cache statistics: [DefaultContextCache@1bdbf9be size = 1, maxSize = 32, parentContextCount = 0, hitCount = 38, missCount = 1]
12:41:23.557 [Test worker] DEBUG org.springframework.test.context.cache.DefaultCacheAwareContextLoaderDelegate - Retrieved ApplicationContext [15477956] from cache with key [[MergedContextConfiguration@7103cb56 testClass = ConfigPropertiesTest, locations = '{}', classes = '{}', contextInitializerClasses = '[]', activeProfiles = '{}', propertySourceLocations = '{classpath:config-test.properties}', propertySourceProperties = '{}', contextCustomizers = set[org.springframework.boot.test.autoconfigure.actuate.metrics.MetricsExportContextCustomizerFactory$DisableMetricExportContextCustomizer@2f1de2d6, org.springframework.boot.test.autoconfigure.properties.PropertyMappingContextCustomizer@0, org.springframework.boot.test.autoconfigure.web.servlet.WebDriverContextCustomizerFactory$Customizer@38831718, [ImportsContextCustomizer@1b765a2c key = [@org.springframework.test.context.TestPropertySource(locations={}, value={"classpath:config-test.properties"}, inheritProperties=true, properties={}, inheritLocations=true), @org.springframework.context.annotation.Import({org.springframework.boot.context.properties.EnableConfigurationPropertiesRegistrar.class}), @org.springframework.boot.context.properties.EnableConfigurationProperties({com.example.currencyrate.config.ConfigProperties.class})]], org.springframework.boot.test.context.filter.ExcludeFilterContextCustomizer@28ec166e, org.springframework.boot.test.json.DuplicateJsonObjectContextCustomizerFactory$DuplicateJsonObjectContextCustomizer@5629510, org.springframework.boot.test.mock.mockito.MockitoContextCustomizer@0], contextLoader = 'org.springframework.test.context.support.DelegatingSmartContextLoader', parent = [null]]]
12:41:23.557 [Test worker] DEBUG org.springframework.test.context.cache - Spring test ApplicationContext cache statistics: [DefaultContextCache@1bdbf9be size = 1, maxSize = 32, parentContextCount = 0, hitCount = 39, missCount = 1]
12:41:23.559 [Test worker] DEBUG org.springframework.test.context.cache.DefaultCacheAwareContextLoaderDelegate - Retrieved ApplicationContext [15477956] from cache with key [[MergedContextConfiguration@7103cb56 testClass = ConfigPropertiesTest, locations = '{}', classes = '{}', contextInitializerClasses = '[]', activeProfiles = '{}', propertySourceLocations = '{classpath:config-test.properties}', propertySourceProperties = '{}', contextCustomizers = set[org.springframework.boot.test.autoconfigure.actuate.metrics.MetricsExportContextCustomizerFactory$DisableMetricExportContextCustomizer@2f1de2d6, org.springframework.boot.test.autoconfigure.properties.PropertyMappingContextCustomizer@0, org.springframework.boot.test.autoconfigure.web.servlet.WebDriverContextCustomizerFactory$Customizer@38831718, [ImportsContextCustomizer@1b765a2c key = [@org.springframework.test.context.TestPropertySource(locations={}, value={"classpath:config-test.properties"}, inheritProperties=true, properties={}, inheritLocations=true), @org.springframework.context.annotation.Import({org.springframework.boot.context.properties.EnableConfigurationPropertiesRegistrar.class}), @org.springframework.boot.context.properties.EnableConfigurationProperties({com.example.currencyrate.config.ConfigProperties.class})]], org.springframework.boot.test.context.filter.ExcludeFilterContextCustomizer@28ec166e, org.springframework.boot.test.json.DuplicateJsonObjectContextCustomizerFactory$DuplicateJsonObjectContextCustomizer@5629510, org.springframework.boot.test.mock.mockito.MockitoContextCustomizer@0], contextLoader = 'org.springframework.test.context.support.DelegatingSmartContextLoader', parent = [null]]]
12:41:23.559 [Test worker] DEBUG org.springframework.test.context.cache - Spring test ApplicationContext cache statistics: [DefaultContextCache@1bdbf9be size = 1, maxSize = 32, parentContextCount = 0, hitCount = 40, missCount = 1]
12:41:23.560 [Test worker] DEBUG org.springframework.test.context.cache.DefaultCacheAwareContextLoaderDelegate - Retrieved ApplicationContext [15477956] from cache with key [[MergedContextConfiguration@7103cb56 testClass = ConfigPropertiesTest, locations = '{}', classes = '{}', contextInitializerClasses = '[]', activeProfiles = '{}', propertySourceLocations = '{classpath:config-test.properties}', propertySourceProperties = '{}', contextCustomizers = set[org.springframework.boot.test.autoconfigure.actuate.metrics.MetricsExportContextCustomizerFactory$DisableMetricExportContextCustomizer@2f1de2d6, org.springframework.boot.test.autoconfigure.properties.PropertyMappingContextCustomizer@0, org.springframework.boot.test.autoconfigure.web.servlet.WebDriverContextCustomizerFactory$Customizer@38831718, [ImportsContextCustomizer@1b765a2c key = [@org.springframework.test.context.TestPropertySource(locations={}, value={"classpath:config-test.properties"}, inheritProperties=true, properties={}, inheritLocations=true), @org.springframework.context.annotation.Import({org.springframework.boot.context.properties.EnableConfigurationPropertiesRegistrar.class}), @org.springframework.boot.context.properties.EnableConfigurationProperties({com.example.currencyrate.config.ConfigProperties.class})]], org.springframework.boot.test.context.filter.ExcludeFilterContextCustomizer@28ec166e, org.springframework.boot.test.json.DuplicateJsonObjectContextCustomizerFactory$DuplicateJsonObjectContextCustomizer@5629510, org.springframework.boot.test.mock.mockito.MockitoContextCustomizer@0], contextLoader = 'org.springframework.test.context.support.DelegatingSmartContextLoader', parent = [null]]]
12:41:23.560 [Test worker] DEBUG org.springframework.test.context.cache - Spring test ApplicationContext cache statistics: [DefaultContextCache@1bdbf9be size = 1, maxSize = 32, parentContextCount = 0, hitCount = 41, missCount = 1]
12:41:23.561 [Test worker] DEBUG org.springframework.test.context.cache.DefaultCacheAwareContextLoaderDelegate - Retrieved ApplicationContext [15477956] from cache with key [[MergedContextConfiguration@7103cb56 testClass = ConfigPropertiesTest, locations = '{}', classes = '{}', contextInitializerClasses = '[]', activeProfiles = '{}', propertySourceLocations = '{classpath:config-test.properties}', propertySourceProperties = '{}', contextCustomizers = set[org.springframework.boot.test.autoconfigure.actuate.metrics.MetricsExportContextCustomizerFactory$DisableMetricExportContextCustomizer@2f1de2d6, org.springframework.boot.test.autoconfigure.properties.PropertyMappingContextCustomizer@0, org.springframework.boot.test.autoconfigure.web.servlet.WebDriverContextCustomizerFactory$Customizer@38831718, [ImportsContextCustomizer@1b765a2c key = [@org.springframework.test.context.TestPropertySource(locations={}, value={"classpath:config-test.properties"}, inheritProperties=true, properties={}, inheritLocations=true), @org.springframework.context.annotation.Import({org.springframework.boot.context.properties.EnableConfigurationPropertiesRegistrar.class}), @org.springframework.boot.context.properties.EnableConfigurationProperties({com.example.currencyrate.config.ConfigProperties.class})]], org.springframework.boot.test.context.filter.ExcludeFilterContextCustomizer@28ec166e, org.springframework.boot.test.json.DuplicateJsonObjectContextCustomizerFactory$DuplicateJsonObjectContextCustomizer@5629510, org.springframework.boot.test.mock.mockito.MockitoContextCustomizer@0], contextLoader = 'org.springframework.test.context.support.DelegatingSmartContextLoader', parent = [null]]]
12:41:23.561 [Test worker] DEBUG org.springframework.test.context.cache - Spring test ApplicationContext cache statistics: [DefaultContextCache@1bdbf9be size = 1, maxSize = 32, parentContextCount = 0, hitCount = 42, missCount = 1]
12:41:23.563 [Test worker] DEBUG org.springframework.test.context.cache.DefaultCacheAwareContextLoaderDelegate - Retrieved ApplicationContext [15477956] from cache with key [[MergedContextConfiguration@7103cb56 testClass = ConfigPropertiesTest, locations = '{}', classes = '{}', contextInitializerClasses = '[]', activeProfiles = '{}', propertySourceLocations = '{classpath:config-test.properties}', propertySourceProperties = '{}', contextCustomizers = set[org.springframework.boot.test.autoconfigure.actuate.metrics.MetricsExportContextCustomizerFactory$DisableMetricExportContextCustomizer@2f1de2d6, org.springframework.boot.test.autoconfigure.properties.PropertyMappingContextCustomizer@0, org.springframework.boot.test.autoconfigure.web.servlet.WebDriverContextCustomizerFactory$Customizer@38831718, [ImportsContextCustomizer@1b765a2c key = [@org.springframework.test.context.TestPropertySource(locations={}, value={"classpath:config-test.properties"}, inheritProperties=true, properties={}, inheritLocations=true), @org.springframework.context.annotation.Import({org.springframework.boot.context.properties.EnableConfigurationPropertiesRegistrar.class}), @org.springframework.boot.context.properties.EnableConfigurationProperties({com.example.currencyrate.config.ConfigProperties.class})]], org.springframework.boot.test.context.filter.ExcludeFilterContextCustomizer@28ec166e, org.springframework.boot.test.json.DuplicateJsonObjectContextCustomizerFactory$DuplicateJsonObjectContextCustomizer@5629510, org.springframework.boot.test.mock.mockito.MockitoContextCustomizer@0], contextLoader = 'org.springframework.test.context.support.DelegatingSmartContextLoader', parent = [null]]]
12:41:23.563 [Test worker] DEBUG org.springframework.test.context.cache - Spring test ApplicationContext cache statistics: [DefaultContextCache@1bdbf9be size = 1, maxSize = 32, parentContextCount = 0, hitCount = 43, missCount = 1]
12:41:23.564 [Test worker] DEBUG org.springframework.test.context.support.AbstractDirtiesContextTestExecutionListener - After test method: context [DefaultTestContext@178213b testClass = ConfigPropertiesTest, testInstance = com.example.currencyrate.ConfigPropertiesTest@2418ba04, testMethod = configPropertiesAppIdError@ConfigPropertiesTest, testException = [null], mergedContextConfiguration = [MergedContextConfiguration@7103cb56 testClass = ConfigPropertiesTest, locations = '{}', classes = '{}', contextInitializerClasses = '[]', activeProfiles = '{}', propertySourceLocations = '{classpath:config-test.properties}', propertySourceProperties = '{}', contextCustomizers = set[org.springframework.boot.test.autoconfigure.actuate.metrics.MetricsExportContextCustomizerFactory$DisableMetricExportContextCustomizer@2f1de2d6, org.springframework.boot.test.autoconfigure.properties.PropertyMappingContextCustomizer@0, org.springframework.boot.test.autoconfigure.web.servlet.WebDriverContextCustomizerFactory$Customizer@38831718, [ImportsContextCustomizer@1b765a2c key = [@org.springframework.test.context.TestPropertySource(locations={}, value={"classpath:config-test.properties"}, inheritProperties=true, properties={}, inheritLocations=true), @org.springframework.context.annotation.Import({org.springframework.boot.context.properties.EnableConfigurationPropertiesRegistrar.class}), @org.springframework.boot.context.properties.EnableConfigurationProperties({com.example.currencyrate.config.ConfigProperties.class})]], org.springframework.boot.test.context.filter.ExcludeFilterContextCustomizer@28ec166e, org.springframework.boot.test.json.DuplicateJsonObjectContextCustomizerFactory$DuplicateJsonObjectContextCustomizer@5629510, org.springframework.boot.test.mock.mockito.MockitoContextCustomizer@0], contextLoader = 'org.springframework.test.context.support.DelegatingSmartContextLoader', parent = [null]], attributes = map['org.springframework.test.context.event.ApplicationEventsTestExecutionListener.recordApplicationEvents' -> false]], class annotated with @DirtiesContext [false] with mode [null], method annotated with @DirtiesContext [false] with mode [null].
12:41:23.565 [Test worker] DEBUG org.springframework.test.context.support.DependencyInjectionTestExecutionListener - Performing dependency injection for test context [[DefaultTestContext@178213b testClass = ConfigPropertiesTest, testInstance = com.example.currencyrate.ConfigPropertiesTest@14229fa7, testMethod = [null], testException = [null], mergedContextConfiguration = [MergedContextConfiguration@7103cb56 testClass = ConfigPropertiesTest, locations = '{}', classes = '{}', contextInitializerClasses = '[]', activeProfiles = '{}', propertySourceLocations = '{classpath:config-test.properties}', propertySourceProperties = '{}', contextCustomizers = set[org.springframework.boot.test.autoconfigure.actuate.metrics.MetricsExportContextCustomizerFactory$DisableMetricExportContextCustomizer@2f1de2d6, org.springframework.boot.test.autoconfigure.properties.PropertyMappingContextCustomizer@0, org.springframework.boot.test.autoconfigure.web.servlet.WebDriverContextCustomizerFactory$Customizer@38831718, [ImportsContextCustomizer@1b765a2c key = [@org.springframework.test.context.TestPropertySource(locations={}, value={"classpath:config-test.properties"}, inheritProperties=true, properties={}, inheritLocations=true), @org.springframework.context.annotation.Import({org.springframework.boot.context.properties.EnableConfigurationPropertiesRegistrar.class}), @org.springframework.boot.context.properties.EnableConfigurationProperties({com.example.currencyrate.config.ConfigProperties.class})]], org.springframework.boot.test.context.filter.ExcludeFilterContextCustomizer@28ec166e, org.springframework.boot.test.json.DuplicateJsonObjectContextCustomizerFactory$DuplicateJsonObjectContextCustomizer@5629510, org.springframework.boot.test.mock.mockito.MockitoContextCustomizer@0], contextLoader = 'org.springframework.test.context.support.DelegatingSmartContextLoader', parent = [null]], attributes = map['org.springframework.test.context.event.ApplicationEventsTestExecutionListener.recordApplicationEvents' -> false]]].
12:41:23.567 [Test worker] DEBUG org.springframework.test.context.cache.DefaultCacheAwareContextLoaderDelegate - Retrieved ApplicationContext [15477956] from cache with key [[MergedContextConfiguration@7103cb56 testClass = ConfigPropertiesTest, locations = '{}', classes = '{}', contextInitializerClasses = '[]', activeProfiles = '{}', propertySourceLocations = '{classpath:config-test.properties}', propertySourceProperties = '{}', contextCustomizers = set[org.springframework.boot.test.autoconfigure.actuate.metrics.MetricsExportContextCustomizerFactory$DisableMetricExportContextCustomizer@2f1de2d6, org.springframework.boot.test.autoconfigure.properties.PropertyMappingContextCustomizer@0, org.springframework.boot.test.autoconfigure.web.servlet.WebDriverContextCustomizerFactory$Customizer@38831718, [ImportsContextCustomizer@1b765a2c key = [@org.springframework.test.context.TestPropertySource(locations={}, value={"classpath:config-test.properties"}, inheritProperties=true, properties={}, inheritLocations=true), @org.springframework.context.annotation.Import({org.springframework.boot.context.properties.EnableConfigurationPropertiesRegistrar.class}), @org.springframework.boot.context.properties.EnableConfigurationProperties({com.example.currencyrate.config.ConfigProperties.class})]], org.springframework.boot.test.context.filter.ExcludeFilterContextCustomizer@28ec166e, org.springframework.boot.test.json.DuplicateJsonObjectContextCustomizerFactory$DuplicateJsonObjectContextCustomizer@5629510, org.springframework.boot.test.mock.mockito.MockitoContextCustomizer@0], contextLoader = 'org.springframework.test.context.support.DelegatingSmartContextLoader', parent = [null]]]
12:41:23.568 [Test worker] DEBUG org.springframework.test.context.cache - Spring test ApplicationContext cache statistics: [DefaultContextCache@1bdbf9be size = 1, maxSize = 32, parentContextCount = 0, hitCount = 44, missCount = 1]
12:41:23.570 [Test worker] DEBUG org.springframework.test.context.cache.DefaultCacheAwareContextLoaderDelegate - Retrieved ApplicationContext [15477956] from cache with key [[MergedContextConfiguration@7103cb56 testClass = ConfigPropertiesTest, locations = '{}', classes = '{}', contextInitializerClasses = '[]', activeProfiles = '{}', propertySourceLocations = '{classpath:config-test.properties}', propertySourceProperties = '{}', contextCustomizers = set[org.springframework.boot.test.autoconfigure.actuate.metrics.MetricsExportContextCustomizerFactory$DisableMetricExportContextCustomizer@2f1de2d6, org.springframework.boot.test.autoconfigure.properties.PropertyMappingContextCustomizer@0, org.springframework.boot.test.autoconfigure.web.servlet.WebDriverContextCustomizerFactory$Customizer@38831718, [ImportsContextCustomizer@1b765a2c key = [@org.springframework.test.context.TestPropertySource(locations={}, value={"classpath:config-test.properties"}, inheritProperties=true, properties={}, inheritLocations=true), @org.springframework.context.annotation.Import({org.springframework.boot.context.properties.EnableConfigurationPropertiesRegistrar.class}), @org.springframework.boot.context.properties.EnableConfigurationProperties({com.example.currencyrate.config.ConfigProperties.class})]], org.springframework.boot.test.context.filter.ExcludeFilterContextCustomizer@28ec166e, org.springframework.boot.test.json.DuplicateJsonObjectContextCustomizerFactory$DuplicateJsonObjectContextCustomizer@5629510, org.springframework.boot.test.mock.mockito.MockitoContextCustomizer@0], contextLoader = 'org.springframework.test.context.support.DelegatingSmartContextLoader', parent = [null]]]
12:41:23.570 [Test worker] DEBUG org.springframework.test.context.cache - Spring test ApplicationContext cache statistics: [DefaultContextCache@1bdbf9be size = 1, maxSize = 32, parentContextCount = 0, hitCount = 45, missCount = 1]
12:41:23.572 [Test worker] DEBUG org.springframework.test.context.support.AbstractDirtiesContextTestExecutionListener - Before test method: context [DefaultTestContext@178213b testClass = ConfigPropertiesTest, testInstance = com.example.currencyrate.ConfigPropertiesTest@14229fa7, testMethod = configPropertiesRequestWordDownError@ConfigPropertiesTest, testException = [null], mergedContextConfiguration = [MergedContextConfiguration@7103cb56 testClass = ConfigPropertiesTest, locations = '{}', classes = '{}', contextInitializerClasses = '[]', activeProfiles = '{}', propertySourceLocations = '{classpath:config-test.properties}', propertySourceProperties = '{}', contextCustomizers = set[org.springframework.boot.test.autoconfigure.actuate.metrics.MetricsExportContextCustomizerFactory$DisableMetricExportContextCustomizer@2f1de2d6, org.springframework.boot.test.autoconfigure.properties.PropertyMappingContextCustomizer@0, org.springframework.boot.test.autoconfigure.web.servlet.WebDriverContextCustomizerFactory$Customizer@38831718, [ImportsContextCustomizer@1b765a2c key = [@org.springframework.test.context.TestPropertySource(locations={}, value={"classpath:config-test.properties"}, inheritProperties=true, properties={}, inheritLocations=true), @org.springframework.context.annotation.Import({org.springframework.boot.context.properties.EnableConfigurationPropertiesRegistrar.class}), @org.springframework.boot.context.properties.EnableConfigurationProperties({com.example.currencyrate.config.ConfigProperties.class})]], org.springframework.boot.test.context.filter.ExcludeFilterContextCustomizer@28ec166e, org.springframework.boot.test.json.DuplicateJsonObjectContextCustomizerFactory$DuplicateJsonObjectContextCustomizer@5629510, org.springframework.boot.test.mock.mockito.MockitoContextCustomizer@0], contextLoader = 'org.springframework.test.context.support.DelegatingSmartContextLoader', parent = [null]], attributes = map['org.springframework.test.context.event.ApplicationEventsTestExecutionListener.recordApplicationEvents' -> false]], class annotated with @DirtiesContext [false] with mode [null], method annotated with @DirtiesContext [false] with mode [null].
12:41:23.573 [Test worker] DEBUG org.springframework.test.context.cache.DefaultCacheAwareContextLoaderDelegate - Retrieved ApplicationContext [15477956] from cache with key [[MergedContextConfiguration@7103cb56 testClass = ConfigPropertiesTest, locations = '{}', classes = '{}', contextInitializerClasses = '[]', activeProfiles = '{}', propertySourceLocations = '{classpath:config-test.properties}', propertySourceProperties = '{}', contextCustomizers = set[org.springframework.boot.test.autoconfigure.actuate.metrics.MetricsExportContextCustomizerFactory$DisableMetricExportContextCustomizer@2f1de2d6, org.springframework.boot.test.autoconfigure.properties.PropertyMappingContextCustomizer@0, org.springframework.boot.test.autoconfigure.web.servlet.WebDriverContextCustomizerFactory$Customizer@38831718, [ImportsContextCustomizer@1b765a2c key = [@org.springframework.test.context.TestPropertySource(locations={}, value={"classpath:config-test.properties"}, inheritProperties=true, properties={}, inheritLocations=true), @org.springframework.context.annotation.Import({org.springframework.boot.context.properties.EnableConfigurationPropertiesRegistrar.class}), @org.springframework.boot.context.properties.EnableConfigurationProperties({com.example.currencyrate.config.ConfigProperties.class})]], org.springframework.boot.test.context.filter.ExcludeFilterContextCustomizer@28ec166e, org.springframework.boot.test.json.DuplicateJsonObjectContextCustomizerFactory$DuplicateJsonObjectContextCustomizer@5629510, org.springframework.boot.test.mock.mockito.MockitoContextCustomizer@0], contextLoader = 'org.springframework.test.context.support.DelegatingSmartContextLoader', parent = [null]]]
12:41:23.573 [Test worker] DEBUG org.springframework.test.context.cache - Spring test ApplicationContext cache statistics: [DefaultContextCache@1bdbf9be size = 1, maxSize = 32, parentContextCount = 0, hitCount = 46, missCount = 1]
12:41:23.575 [Test worker] DEBUG org.springframework.test.context.cache.DefaultCacheAwareContextLoaderDelegate - Retrieved ApplicationContext [15477956] from cache with key [[MergedContextConfiguration@7103cb56 testClass = ConfigPropertiesTest, locations = '{}', classes = '{}', contextInitializerClasses = '[]', activeProfiles = '{}', propertySourceLocations = '{classpath:config-test.properties}', propertySourceProperties = '{}', contextCustomizers = set[org.springframework.boot.test.autoconfigure.actuate.metrics.MetricsExportContextCustomizerFactory$DisableMetricExportContextCustomizer@2f1de2d6, org.springframework.boot.test.autoconfigure.properties.PropertyMappingContextCustomizer@0, org.springframework.boot.test.autoconfigure.web.servlet.WebDriverContextCustomizerFactory$Customizer@38831718, [ImportsContextCustomizer@1b765a2c key = [@org.springframework.test.context.TestPropertySource(locations={}, value={"classpath:config-test.properties"}, inheritProperties=true, properties={}, inheritLocations=true), @org.springframework.context.annotation.Import({org.springframework.boot.context.properties.EnableConfigurationPropertiesRegistrar.class}), @org.springframework.boot.context.properties.EnableConfigurationProperties({com.example.currencyrate.config.ConfigProperties.class})]], org.springframework.boot.test.context.filter.ExcludeFilterContextCustomizer@28ec166e, org.springframework.boot.test.json.DuplicateJsonObjectContextCustomizerFactory$DuplicateJsonObjectContextCustomizer@5629510, org.springframework.boot.test.mock.mockito.MockitoContextCustomizer@0], contextLoader = 'org.springframework.test.context.support.DelegatingSmartContextLoader', parent = [null]]]
12:41:23.576 [Test worker] DEBUG org.springframework.test.context.cache - Spring test ApplicationContext cache statistics: [DefaultContextCache@1bdbf9be size = 1, maxSize = 32, parentContextCount = 0, hitCount = 47, missCount = 1]
12:41:23.577 [Test worker] DEBUG org.springframework.test.context.cache.DefaultCacheAwareContextLoaderDelegate - Retrieved ApplicationContext [15477956] from cache with key [[MergedContextConfiguration@7103cb56 testClass = ConfigPropertiesTest, locations = '{}', classes = '{}', contextInitializerClasses = '[]', activeProfiles = '{}', propertySourceLocations = '{classpath:config-test.properties}', propertySourceProperties = '{}', contextCustomizers = set[org.springframework.boot.test.autoconfigure.actuate.metrics.MetricsExportContextCustomizerFactory$DisableMetricExportContextCustomizer@2f1de2d6, org.springframework.boot.test.autoconfigure.properties.PropertyMappingContextCustomizer@0, org.springframework.boot.test.autoconfigure.web.servlet.WebDriverContextCustomizerFactory$Customizer@38831718, [ImportsContextCustomizer@1b765a2c key = [@org.springframework.test.context.TestPropertySource(locations={}, value={"classpath:config-test.properties"}, inheritProperties=true, properties={}, inheritLocations=true), @org.springframework.context.annotation.Import({org.springframework.boot.context.properties.EnableConfigurationPropertiesRegistrar.class}), @org.springframework.boot.context.properties.EnableConfigurationProperties({com.example.currencyrate.config.ConfigProperties.class})]], org.springframework.boot.test.context.filter.ExcludeFilterContextCustomizer@28ec166e, org.springframework.boot.test.json.DuplicateJsonObjectContextCustomizerFactory$DuplicateJsonObjectContextCustomizer@5629510, org.springframework.boot.test.mock.mockito.MockitoContextCustomizer@0], contextLoader = 'org.springframework.test.context.support.DelegatingSmartContextLoader', parent = [null]]]
12:41:23.578 [Test worker] DEBUG org.springframework.test.context.cache - Spring test ApplicationContext cache statistics: [DefaultContextCache@1bdbf9be size = 1, maxSize = 32, parentContextCount = 0, hitCount = 48, missCount = 1]
12:41:23.579 [Test worker] DEBUG org.springframework.test.context.cache.DefaultCacheAwareContextLoaderDelegate - Retrieved ApplicationContext [15477956] from cache with key [[MergedContextConfiguration@7103cb56 testClass = ConfigPropertiesTest, locations = '{}', classes = '{}', contextInitializerClasses = '[]', activeProfiles = '{}', propertySourceLocations = '{classpath:config-test.properties}', propertySourceProperties = '{}', contextCustomizers = set[org.springframework.boot.test.autoconfigure.actuate.metrics.MetricsExportContextCustomizerFactory$DisableMetricExportContextCustomizer@2f1de2d6, org.springframework.boot.test.autoconfigure.properties.PropertyMappingContextCustomizer@0, org.springframework.boot.test.autoconfigure.web.servlet.WebDriverContextCustomizerFactory$Customizer@38831718, [ImportsContextCustomizer@1b765a2c key = [@org.springframework.test.context.TestPropertySource(locations={}, value={"classpath:config-test.properties"}, inheritProperties=true, properties={}, inheritLocations=true), @org.springframework.context.annotation.Import({org.springframework.boot.context.properties.EnableConfigurationPropertiesRegistrar.class}), @org.springframework.boot.context.properties.EnableConfigurationProperties({com.example.currencyrate.config.ConfigProperties.class})]], org.springframework.boot.test.context.filter.ExcludeFilterContextCustomizer@28ec166e, org.springframework.boot.test.json.DuplicateJsonObjectContextCustomizerFactory$DuplicateJsonObjectContextCustomizer@5629510, org.springframework.boot.test.mock.mockito.MockitoContextCustomizer@0], contextLoader = 'org.springframework.test.context.support.DelegatingSmartContextLoader', parent = [null]]]
12:41:23.580 [Test worker] DEBUG org.springframework.test.context.cache - Spring test ApplicationContext cache statistics: [DefaultContextCache@1bdbf9be size = 1, maxSize = 32, parentContextCount = 0, hitCount = 49, missCount = 1]
12:41:23.581 [Test worker] DEBUG org.springframework.test.context.cache.DefaultCacheAwareContextLoaderDelegate - Retrieved ApplicationContext [15477956] from cache with key [[MergedContextConfiguration@7103cb56 testClass = ConfigPropertiesTest, locations = '{}', classes = '{}', contextInitializerClasses = '[]', activeProfiles = '{}', propertySourceLocations = '{classpath:config-test.properties}', propertySourceProperties = '{}', contextCustomizers = set[org.springframework.boot.test.autoconfigure.actuate.metrics.MetricsExportContextCustomizerFactory$DisableMetricExportContextCustomizer@2f1de2d6, org.springframework.boot.test.autoconfigure.properties.PropertyMappingContextCustomizer@0, org.springframework.boot.test.autoconfigure.web.servlet.WebDriverContextCustomizerFactory$Customizer@38831718, [ImportsContextCustomizer@1b765a2c key = [@org.springframework.test.context.TestPropertySource(locations={}, value={"classpath:config-test.properties"}, inheritProperties=true, properties={}, inheritLocations=true), @org.springframework.context.annotation.Import({org.springframework.boot.context.properties.EnableConfigurationPropertiesRegistrar.class}), @org.springframework.boot.context.properties.EnableConfigurationProperties({com.example.currencyrate.config.ConfigProperties.class})]], org.springframework.boot.test.context.filter.ExcludeFilterContextCustomizer@28ec166e, org.springframework.boot.test.json.DuplicateJsonObjectContextCustomizerFactory$DuplicateJsonObjectContextCustomizer@5629510, org.springframework.boot.test.mock.mockito.MockitoContextCustomizer@0], contextLoader = 'org.springframework.test.context.support.DelegatingSmartContextLoader', parent = [null]]]
12:41:23.582 [Test worker] DEBUG org.springframework.test.context.cache - Spring test ApplicationContext cache statistics: [DefaultContextCache@1bdbf9be size = 1, maxSize = 32, parentContextCount = 0, hitCount = 50, missCount = 1]
12:41:23.584 [Test worker] DEBUG org.springframework.test.context.cache.DefaultCacheAwareContextLoaderDelegate - Retrieved ApplicationContext [15477956] from cache with key [[MergedContextConfiguration@7103cb56 testClass = ConfigPropertiesTest, locations = '{}', classes = '{}', contextInitializerClasses = '[]', activeProfiles = '{}', propertySourceLocations = '{classpath:config-test.properties}', propertySourceProperties = '{}', contextCustomizers = set[org.springframework.boot.test.autoconfigure.actuate.metrics.MetricsExportContextCustomizerFactory$DisableMetricExportContextCustomizer@2f1de2d6, org.springframework.boot.test.autoconfigure.properties.PropertyMappingContextCustomizer@0, org.springframework.boot.test.autoconfigure.web.servlet.WebDriverContextCustomizerFactory$Customizer@38831718, [ImportsContextCustomizer@1b765a2c key = [@org.springframework.test.context.TestPropertySource(locations={}, value={"classpath:config-test.properties"}, inheritProperties=true, properties={}, inheritLocations=true), @org.springframework.context.annotation.Import({org.springframework.boot.context.properties.EnableConfigurationPropertiesRegistrar.class}), @org.springframework.boot.context.properties.EnableConfigurationProperties({com.example.currencyrate.config.ConfigProperties.class})]], org.springframework.boot.test.context.filter.ExcludeFilterContextCustomizer@28ec166e, org.springframework.boot.test.json.DuplicateJsonObjectContextCustomizerFactory$DuplicateJsonObjectContextCustomizer@5629510, org.springframework.boot.test.mock.mockito.MockitoContextCustomizer@0], contextLoader = 'org.springframework.test.context.support.DelegatingSmartContextLoader', parent = [null]]]
12:41:23.585 [Test worker] DEBUG org.springframework.test.context.cache - Spring test ApplicationContext cache statistics: [DefaultContextCache@1bdbf9be size = 1, maxSize = 32, parentContextCount = 0, hitCount = 51, missCount = 1]
12:41:23.586 [Test worker] DEBUG org.springframework.test.context.cache.DefaultCacheAwareContextLoaderDelegate - Retrieved ApplicationContext [15477956] from cache with key [[MergedContextConfiguration@7103cb56 testClass = ConfigPropertiesTest, locations = '{}', classes = '{}', contextInitializerClasses = '[]', activeProfiles = '{}', propertySourceLocations = '{classpath:config-test.properties}', propertySourceProperties = '{}', contextCustomizers = set[org.springframework.boot.test.autoconfigure.actuate.metrics.MetricsExportContextCustomizerFactory$DisableMetricExportContextCustomizer@2f1de2d6, org.springframework.boot.test.autoconfigure.properties.PropertyMappingContextCustomizer@0, org.springframework.boot.test.autoconfigure.web.servlet.WebDriverContextCustomizerFactory$Customizer@38831718, [ImportsContextCustomizer@1b765a2c key = [@org.springframework.test.context.TestPropertySource(locations={}, value={"classpath:config-test.properties"}, inheritProperties=true, properties={}, inheritLocations=true), @org.springframework.context.annotation.Import({org.springframework.boot.context.properties.EnableConfigurationPropertiesRegistrar.class}), @org.springframework.boot.context.properties.EnableConfigurationProperties({com.example.currencyrate.config.ConfigProperties.class})]], org.springframework.boot.test.context.filter.ExcludeFilterContextCustomizer@28ec166e, org.springframework.boot.test.json.DuplicateJsonObjectContextCustomizerFactory$DuplicateJsonObjectContextCustomizer@5629510, org.springframework.boot.test.mock.mockito.MockitoContextCustomizer@0], contextLoader = 'org.springframework.test.context.support.DelegatingSmartContextLoader', parent = [null]]]
12:41:23.587 [Test worker] DEBUG org.springframework.test.context.cache - Spring test ApplicationContext cache statistics: [DefaultContextCache@1bdbf9be size = 1, maxSize = 32, parentContextCount = 0, hitCount = 52, missCount = 1]
12:41:23.588 [Test worker] DEBUG org.springframework.test.context.cache.DefaultCacheAwareContextLoaderDelegate - Retrieved ApplicationContext [15477956] from cache with key [[MergedContextConfiguration@7103cb56 testClass = ConfigPropertiesTest, locations = '{}', classes = '{}', contextInitializerClasses = '[]', activeProfiles = '{}', propertySourceLocations = '{classpath:config-test.properties}', propertySourceProperties = '{}', contextCustomizers = set[org.springframework.boot.test.autoconfigure.actuate.metrics.MetricsExportContextCustomizerFactory$DisableMetricExportContextCustomizer@2f1de2d6, org.springframework.boot.test.autoconfigure.properties.PropertyMappingContextCustomizer@0, org.springframework.boot.test.autoconfigure.web.servlet.WebDriverContextCustomizerFactory$Customizer@38831718, [ImportsContextCustomizer@1b765a2c key = [@org.springframework.test.context.TestPropertySource(locations={}, value={"classpath:config-test.properties"}, inheritProperties=true, properties={}, inheritLocations=true), @org.springframework.context.annotation.Import({org.springframework.boot.context.properties.EnableConfigurationPropertiesRegistrar.class}), @org.springframework.boot.context.properties.EnableConfigurationProperties({com.example.currencyrate.config.ConfigProperties.class})]], org.springframework.boot.test.context.filter.ExcludeFilterContextCustomizer@28ec166e, org.springframework.boot.test.json.DuplicateJsonObjectContextCustomizerFactory$DuplicateJsonObjectContextCustomizer@5629510, org.springframework.boot.test.mock.mockito.MockitoContextCustomizer@0], contextLoader = 'org.springframework.test.context.support.DelegatingSmartContextLoader', parent = [null]]]
12:41:23.589 [Test worker] DEBUG org.springframework.test.context.cache - Spring test ApplicationContext cache statistics: [DefaultContextCache@1bdbf9be size = 1, maxSize = 32, parentContextCount = 0, hitCount = 53, missCount = 1]
12:41:23.590 [Test worker] DEBUG org.springframework.test.context.cache.DefaultCacheAwareContextLoaderDelegate - Retrieved ApplicationContext [15477956] from cache with key [[MergedContextConfiguration@7103cb56 testClass = ConfigPropertiesTest, locations = '{}', classes = '{}', contextInitializerClasses = '[]', activeProfiles = '{}', propertySourceLocations = '{classpath:config-test.properties}', propertySourceProperties = '{}', contextCustomizers = set[org.springframework.boot.test.autoconfigure.actuate.metrics.MetricsExportContextCustomizerFactory$DisableMetricExportContextCustomizer@2f1de2d6, org.springframework.boot.test.autoconfigure.properties.PropertyMappingContextCustomizer@0, org.springframework.boot.test.autoconfigure.web.servlet.WebDriverContextCustomizerFactory$Customizer@38831718, [ImportsContextCustomizer@1b765a2c key = [@org.springframework.test.context.TestPropertySource(locations={}, value={"classpath:config-test.properties"}, inheritProperties=true, properties={}, inheritLocations=true), @org.springframework.context.annotation.Import({org.springframework.boot.context.properties.EnableConfigurationPropertiesRegistrar.class}), @org.springframework.boot.context.properties.EnableConfigurationProperties({com.example.currencyrate.config.ConfigProperties.class})]], org.springframework.boot.test.context.filter.ExcludeFilterContextCustomizer@28ec166e, org.springframework.boot.test.json.DuplicateJsonObjectContextCustomizerFactory$DuplicateJsonObjectContextCustomizer@5629510, org.springframework.boot.test.mock.mockito.MockitoContextCustomizer@0], contextLoader = 'org.springframework.test.context.support.DelegatingSmartContextLoader', parent = [null]]]
12:41:23.591 [Test worker] DEBUG org.springframework.test.context.cache - Spring test ApplicationContext cache statistics: [DefaultContextCache@1bdbf9be size = 1, maxSize = 32, parentContextCount = 0, hitCount = 54, missCount = 1]
12:41:23.592 [Test worker] DEBUG org.springframework.test.context.support.AbstractDirtiesContextTestExecutionListener - After test method: context [DefaultTestContext@178213b testClass = ConfigPropertiesTest, testInstance = com.example.currencyrate.ConfigPropertiesTest@14229fa7, testMethod = configPropertiesRequestWordDownError@ConfigPropertiesTest, testException = [null], mergedContextConfiguration = [MergedContextConfiguration@7103cb56 testClass = ConfigPropertiesTest, locations = '{}', classes = '{}', contextInitializerClasses = '[]', activeProfiles = '{}', propertySourceLocations = '{classpath:config-test.properties}', propertySourceProperties = '{}', contextCustomizers = set[org.springframework.boot.test.autoconfigure.actuate.metrics.MetricsExportContextCustomizerFactory$DisableMetricExportContextCustomizer@2f1de2d6, org.springframework.boot.test.autoconfigure.properties.PropertyMappingContextCustomizer@0, org.springframework.boot.test.autoconfigure.web.servlet.WebDriverContextCustomizerFactory$Customizer@38831718, [ImportsContextCustomizer@1b765a2c key = [@org.springframework.test.context.TestPropertySource(locations={}, value={"classpath:config-test.properties"}, inheritProperties=true, properties={}, inheritLocations=true), @org.springframework.context.annotation.Import({org.springframework.boot.context.properties.EnableConfigurationPropertiesRegistrar.class}), @org.springframework.boot.context.properties.EnableConfigurationProperties({com.example.currencyrate.config.ConfigProperties.class})]], org.springframework.boot.test.context.filter.ExcludeFilterContextCustomizer@28ec166e, org.springframework.boot.test.json.DuplicateJsonObjectContextCustomizerFactory$DuplicateJsonObjectContextCustomizer@5629510, org.springframework.boot.test.mock.mockito.MockitoContextCustomizer@0], contextLoader = 'org.springframework.test.context.support.DelegatingSmartContextLoader', parent = [null]], attributes = map['org.springframework.test.context.event.ApplicationEventsTestExecutionListener.recordApplicationEvents' -> false]], class annotated with @DirtiesContext [false] with mode [null], method annotated with @DirtiesContext [false] with mode [null].
12:41:23.595 [Test worker] DEBUG org.springframework.test.context.support.DependencyInjectionTestExecutionListener - Performing dependency injection for test context [[DefaultTestContext@178213b testClass = ConfigPropertiesTest, testInstance = com.example.currencyrate.ConfigPropertiesTest@2ab0702e, testMethod = [null], testException = [null], mergedContextConfiguration = [MergedContextConfiguration@7103cb56 testClass = ConfigPropertiesTest, locations = '{}', classes = '{}', contextInitializerClasses = '[]', activeProfiles = '{}', propertySourceLocations = '{classpath:config-test.properties}', propertySourceProperties = '{}', contextCustomizers = set[org.springframework.boot.test.autoconfigure.actuate.metrics.MetricsExportContextCustomizerFactory$DisableMetricExportContextCustomizer@2f1de2d6, org.springframework.boot.test.autoconfigure.properties.PropertyMappingContextCustomizer@0, org.springframework.boot.test.autoconfigure.web.servlet.WebDriverContextCustomizerFactory$Customizer@38831718, [ImportsContextCustomizer@1b765a2c key = [@org.springframework.test.context.TestPropertySource(locations={}, value={"classpath:config-test.properties"}, inheritProperties=true, properties={}, inheritLocations=true), @org.springframework.context.annotation.Import({org.springframework.boot.context.properties.EnableConfigurationPropertiesRegistrar.class}), @org.springframework.boot.context.properties.EnableConfigurationProperties({com.example.currencyrate.config.ConfigProperties.class})]], org.springframework.boot.test.context.filter.ExcludeFilterContextCustomizer@28ec166e, org.springframework.boot.test.json.DuplicateJsonObjectContextCustomizerFactory$DuplicateJsonObjectContextCustomizer@5629510, org.springframework.boot.test.mock.mockito.MockitoContextCustomizer@0], contextLoader = 'org.springframework.test.context.support.DelegatingSmartContextLoader', parent = [null]], attributes = map['org.springframework.test.context.event.ApplicationEventsTestExecutionListener.recordApplicationEvents' -> false]]].
12:41:23.596 [Test worker] DEBUG org.springframework.test.context.cache.DefaultCacheAwareContextLoaderDelegate - Retrieved ApplicationContext [15477956] from cache with key [[MergedContextConfiguration@7103cb56 testClass = ConfigPropertiesTest, locations = '{}', classes = '{}', contextInitializerClasses = '[]', activeProfiles = '{}', propertySourceLocations = '{classpath:config-test.properties}', propertySourceProperties = '{}', contextCustomizers = set[org.springframework.boot.test.autoconfigure.actuate.metrics.MetricsExportContextCustomizerFactory$DisableMetricExportContextCustomizer@2f1de2d6, org.springframework.boot.test.autoconfigure.properties.PropertyMappingContextCustomizer@0, org.springframework.boot.test.autoconfigure.web.servlet.WebDriverContextCustomizerFactory$Customizer@38831718, [ImportsContextCustomizer@1b765a2c key = [@org.springframework.test.context.TestPropertySource(locations={}, value={"classpath:config-test.properties"}, inheritProperties=true, properties={}, inheritLocations=true), @org.springframework.context.annotation.Import({org.springframework.boot.context.properties.EnableConfigurationPropertiesRegistrar.class}), @org.springframework.boot.context.properties.EnableConfigurationProperties({com.example.currencyrate.config.ConfigProperties.class})]], org.springframework.boot.test.context.filter.ExcludeFilterContextCustomizer@28ec166e, org.springframework.boot.test.json.DuplicateJsonObjectContextCustomizerFactory$DuplicateJsonObjectContextCustomizer@5629510, org.springframework.boot.test.mock.mockito.MockitoContextCustomizer@0], contextLoader = 'org.springframework.test.context.support.DelegatingSmartContextLoader', parent = [null]]]
12:41:23.597 [Test worker] DEBUG org.springframework.test.context.cache - Spring test ApplicationContext cache statistics: [DefaultContextCache@1bdbf9be size = 1, maxSize = 32, parentContextCount = 0, hitCount = 55, missCount = 1]
12:41:23.599 [Test worker] DEBUG org.springframework.test.context.cache.DefaultCacheAwareContextLoaderDelegate - Retrieved ApplicationContext [15477956] from cache with key [[MergedContextConfiguration@7103cb56 testClass = ConfigPropertiesTest, locations = '{}', classes = '{}', contextInitializerClasses = '[]', activeProfiles = '{}', propertySourceLocations = '{classpath:config-test.properties}', propertySourceProperties = '{}', contextCustomizers = set[org.springframework.boot.test.autoconfigure.actuate.metrics.MetricsExportContextCustomizerFactory$DisableMetricExportContextCustomizer@2f1de2d6, org.springframework.boot.test.autoconfigure.properties.PropertyMappingContextCustomizer@0, org.springframework.boot.test.autoconfigure.web.servlet.WebDriverContextCustomizerFactory$Customizer@38831718, [ImportsContextCustomizer@1b765a2c key = [@org.springframework.test.context.TestPropertySource(locations={}, value={"classpath:config-test.properties"}, inheritProperties=true, properties={}, inheritLocations=true), @org.springframework.context.annotation.Import({org.springframework.boot.context.properties.EnableConfigurationPropertiesRegistrar.class}), @org.springframework.boot.context.properties.EnableConfigurationProperties({com.example.currencyrate.config.ConfigProperties.class})]], org.springframework.boot.test.context.filter.ExcludeFilterContextCustomizer@28ec166e, org.springframework.boot.test.json.DuplicateJsonObjectContextCustomizerFactory$DuplicateJsonObjectContextCustomizer@5629510, org.springframework.boot.test.mock.mockito.MockitoContextCustomizer@0], contextLoader = 'org.springframework.test.context.support.DelegatingSmartContextLoader', parent = [null]]]
12:41:23.600 [Test worker] DEBUG org.springframework.test.context.cache - Spring test ApplicationContext cache statistics: [DefaultContextCache@1bdbf9be size = 1, maxSize = 32, parentContextCount = 0, hitCount = 56, missCount = 1]
12:41:23.603 [Test worker] DEBUG org.springframework.test.context.support.AbstractDirtiesContextTestExecutionListener - Before test method: context [DefaultTestContext@178213b testClass = ConfigPropertiesTest, testInstance = com.example.currencyrate.ConfigPropertiesTest@2ab0702e, testMethod = configPropertiesLimitGifError@ConfigPropertiesTest, testException = [null], mergedContextConfiguration = [MergedContextConfiguration@7103cb56 testClass = ConfigPropertiesTest, locations = '{}', classes = '{}', contextInitializerClasses = '[]', activeProfiles = '{}', propertySourceLocations = '{classpath:config-test.properties}', propertySourceProperties = '{}', contextCustomizers = set[org.springframework.boot.test.autoconfigure.actuate.metrics.MetricsExportContextCustomizerFactory$DisableMetricExportContextCustomizer@2f1de2d6, org.springframework.boot.test.autoconfigure.properties.PropertyMappingContextCustomizer@0, org.springframework.boot.test.autoconfigure.web.servlet.WebDriverContextCustomizerFactory$Customizer@38831718, [ImportsContextCustomizer@1b765a2c key = [@org.springframework.test.context.TestPropertySource(locations={}, value={"classpath:config-test.properties"}, inheritProperties=true, properties={}, inheritLocations=true), @org.springframework.context.annotation.Import({org.springframework.boot.context.properties.EnableConfigurationPropertiesRegistrar.class}), @org.springframework.boot.context.properties.EnableConfigurationProperties({com.example.currencyrate.config.ConfigProperties.class})]], org.springframework.boot.test.context.filter.ExcludeFilterContextCustomizer@28ec166e, org.springframework.boot.test.json.DuplicateJsonObjectContextCustomizerFactory$DuplicateJsonObjectContextCustomizer@5629510, org.springframework.boot.test.mock.mockito.MockitoContextCustomizer@0], contextLoader = 'org.springframework.test.context.support.DelegatingSmartContextLoader', parent = [null]], attributes = map['org.springframework.test.context.event.ApplicationEventsTestExecutionListener.recordApplicationEvents' -> false]], class annotated with @DirtiesContext [false] with mode [null], method annotated with @DirtiesContext [false] with mode [null].
12:41:23.604 [Test worker] DEBUG org.springframework.test.context.cache.DefaultCacheAwareContextLoaderDelegate - Retrieved ApplicationContext [15477956] from cache with key [[MergedContextConfiguration@7103cb56 testClass = ConfigPropertiesTest, locations = '{}', classes = '{}', contextInitializerClasses = '[]', activeProfiles = '{}', propertySourceLocations = '{classpath:config-test.properties}', propertySourceProperties = '{}', contextCustomizers = set[org.springframework.boot.test.autoconfigure.actuate.metrics.MetricsExportContextCustomizerFactory$DisableMetricExportContextCustomizer@2f1de2d6, org.springframework.boot.test.autoconfigure.properties.PropertyMappingContextCustomizer@0, org.springframework.boot.test.autoconfigure.web.servlet.WebDriverContextCustomizerFactory$Customizer@38831718, [ImportsContextCustomizer@1b765a2c key = [@org.springframework.test.context.TestPropertySource(locations={}, value={"classpath:config-test.properties"}, inheritProperties=true, properties={}, inheritLocations=true), @org.springframework.context.annotation.Import({org.springframework.boot.context.properties.EnableConfigurationPropertiesRegistrar.class}), @org.springframework.boot.context.properties.EnableConfigurationProperties({com.example.currencyrate.config.ConfigProperties.class})]], org.springframework.boot.test.context.filter.ExcludeFilterContextCustomizer@28ec166e, org.springframework.boot.test.json.DuplicateJsonObjectContextCustomizerFactory$DuplicateJsonObjectContextCustomizer@5629510, org.springframework.boot.test.mock.mockito.MockitoContextCustomizer@0], contextLoader = 'org.springframework.test.context.support.DelegatingSmartContextLoader', parent = [null]]]
12:41:23.605 [Test worker] DEBUG org.springframework.test.context.cache - Spring test ApplicationContext cache statistics: [DefaultContextCache@1bdbf9be size = 1, maxSize = 32, parentContextCount = 0, hitCount = 57, missCount = 1]
12:41:23.607 [Test worker] DEBUG org.springframework.test.context.cache.DefaultCacheAwareContextLoaderDelegate - Retrieved ApplicationContext [15477956] from cache with key [[MergedContextConfiguration@7103cb56 testClass = ConfigPropertiesTest, locations = '{}', classes = '{}', contextInitializerClasses = '[]', activeProfiles = '{}', propertySourceLocations = '{classpath:config-test.properties}', propertySourceProperties = '{}', contextCustomizers = set[org.springframework.boot.test.autoconfigure.actuate.metrics.MetricsExportContextCustomizerFactory$DisableMetricExportContextCustomizer@2f1de2d6, org.springframework.boot.test.autoconfigure.properties.PropertyMappingContextCustomizer@0, org.springframework.boot.test.autoconfigure.web.servlet.WebDriverContextCustomizerFactory$Customizer@38831718, [ImportsContextCustomizer@1b765a2c key = [@org.springframework.test.context.TestPropertySource(locations={}, value={"classpath:config-test.properties"}, inheritProperties=true, properties={}, inheritLocations=true), @org.springframework.context.annotation.Import({org.springframework.boot.context.properties.EnableConfigurationPropertiesRegistrar.class}), @org.springframework.boot.context.properties.EnableConfigurationProperties({com.example.currencyrate.config.ConfigProperties.class})]], org.springframework.boot.test.context.filter.ExcludeFilterContextCustomizer@28ec166e, org.springframework.boot.test.json.DuplicateJsonObjectContextCustomizerFactory$DuplicateJsonObjectContextCustomizer@5629510, org.springframework.boot.test.mock.mockito.MockitoContextCustomizer@0], contextLoader = 'org.springframework.test.context.support.DelegatingSmartContextLoader', parent = [null]]]
12:41:23.607 [Test worker] DEBUG org.springframework.test.context.cache - Spring test ApplicationContext cache statistics: [DefaultContextCache@1bdbf9be size = 1, maxSize = 32, parentContextCount = 0, hitCount = 58, missCount = 1]
12:41:23.608 [Test worker] DEBUG org.springframework.test.context.cache.DefaultCacheAwareContextLoaderDelegate - Retrieved ApplicationContext [15477956] from cache with key [[MergedContextConfiguration@7103cb56 testClass = ConfigPropertiesTest, locations = '{}', classes = '{}', contextInitializerClasses = '[]', activeProfiles = '{}', propertySourceLocations = '{classpath:config-test.properties}', propertySourceProperties = '{}', contextCustomizers = set[org.springframework.boot.test.autoconfigure.actuate.metrics.MetricsExportContextCustomizerFactory$DisableMetricExportContextCustomizer@2f1de2d6, org.springframework.boot.test.autoconfigure.properties.PropertyMappingContextCustomizer@0, org.springframework.boot.test.autoconfigure.web.servlet.WebDriverContextCustomizerFactory$Customizer@38831718, [ImportsContextCustomizer@1b765a2c key = [@org.springframework.test.context.TestPropertySource(locations={}, value={"classpath:config-test.properties"}, inheritProperties=true, properties={}, inheritLocations=true), @org.springframework.context.annotation.Import({org.springframework.boot.context.properties.EnableConfigurationPropertiesRegistrar.class}), @org.springframework.boot.context.properties.EnableConfigurationProperties({com.example.currencyrate.config.ConfigProperties.class})]], org.springframework.boot.test.context.filter.ExcludeFilterContextCustomizer@28ec166e, org.springframework.boot.test.json.DuplicateJsonObjectContextCustomizerFactory$DuplicateJsonObjectContextCustomizer@5629510, org.springframework.boot.test.mock.mockito.MockitoContextCustomizer@0], contextLoader = 'org.springframework.test.context.support.DelegatingSmartContextLoader', parent = [null]]]
12:41:23.608 [Test worker] DEBUG org.springframework.test.context.cache - Spring test ApplicationContext cache statistics: [DefaultContextCache@1bdbf9be size = 1, maxSize = 32, parentContextCount = 0, hitCount = 59, missCount = 1]
12:41:23.609 [Test worker] DEBUG org.springframework.test.context.cache.DefaultCacheAwareContextLoaderDelegate - Retrieved ApplicationContext [15477956] from cache with key [[MergedContextConfiguration@7103cb56 testClass = ConfigPropertiesTest, locations = '{}', classes = '{}', contextInitializerClasses = '[]', activeProfiles = '{}', propertySourceLocations = '{classpath:config-test.properties}', propertySourceProperties = '{}', contextCustomizers = set[org.springframework.boot.test.autoconfigure.actuate.metrics.MetricsExportContextCustomizerFactory$DisableMetricExportContextCustomizer@2f1de2d6, org.springframework.boot.test.autoconfigure.properties.PropertyMappingContextCustomizer@0, org.springframework.boot.test.autoconfigure.web.servlet.WebDriverContextCustomizerFactory$Customizer@38831718, [ImportsContextCustomizer@1b765a2c key = [@org.springframework.test.context.TestPropertySource(locations={}, value={"classpath:config-test.properties"}, inheritProperties=true, properties={}, inheritLocations=true), @org.springframework.context.annotation.Import({org.springframework.boot.context.properties.EnableConfigurationPropertiesRegistrar.class}), @org.springframework.boot.context.properties.EnableConfigurationProperties({com.example.currencyrate.config.ConfigProperties.class})]], org.springframework.boot.test.context.filter.ExcludeFilterContextCustomizer@28ec166e, org.springframework.boot.test.json.DuplicateJsonObjectContextCustomizerFactory$DuplicateJsonObjectContextCustomizer@5629510, org.springframework.boot.test.mock.mockito.MockitoContextCustomizer@0], contextLoader = 'org.springframework.test.context.support.DelegatingSmartContextLoader', parent = [null]]]
12:41:23.609 [Test worker] DEBUG org.springframework.test.context.cache - Spring test ApplicationContext cache statistics: [DefaultContextCache@1bdbf9be size = 1, maxSize = 32, parentContextCount = 0, hitCount = 60, missCount = 1]
12:41:23.610 [Test worker] DEBUG org.springframework.test.context.cache.DefaultCacheAwareContextLoaderDelegate - Retrieved ApplicationContext [15477956] from cache with key [[MergedContextConfiguration@7103cb56 testClass = ConfigPropertiesTest, locations = '{}', classes = '{}', contextInitializerClasses = '[]', activeProfiles = '{}', propertySourceLocations = '{classpath:config-test.properties}', propertySourceProperties = '{}', contextCustomizers = set[org.springframework.boot.test.autoconfigure.actuate.metrics.MetricsExportContextCustomizerFactory$DisableMetricExportContextCustomizer@2f1de2d6, org.springframework.boot.test.autoconfigure.properties.PropertyMappingContextCustomizer@0, org.springframework.boot.test.autoconfigure.web.servlet.WebDriverContextCustomizerFactory$Customizer@38831718, [ImportsContextCustomizer@1b765a2c key = [@org.springframework.test.context.TestPropertySource(locations={}, value={"classpath:config-test.properties"}, inheritProperties=true, properties={}, inheritLocations=true), @org.springframework.context.annotation.Import({org.springframework.boot.context.properties.EnableConfigurationPropertiesRegistrar.class}), @org.springframework.boot.context.properties.EnableConfigurationProperties({com.example.currencyrate.config.ConfigProperties.class})]], org.springframework.boot.test.context.filter.ExcludeFilterContextCustomizer@28ec166e, org.springframework.boot.test.json.DuplicateJsonObjectContextCustomizerFactory$DuplicateJsonObjectContextCustomizer@5629510, org.springframework.boot.test.mock.mockito.MockitoContextCustomizer@0], contextLoader = 'org.springframework.test.context.support.DelegatingSmartContextLoader', parent = [null]]]
12:41:23.610 [Test worker] DEBUG org.springframework.test.context.cache - Spring test ApplicationContext cache statistics: [DefaultContextCache@1bdbf9be size = 1, maxSize = 32, parentContextCount = 0, hitCount = 61, missCount = 1]
12:41:23.612 [Test worker] DEBUG org.springframework.test.context.cache.DefaultCacheAwareContextLoaderDelegate - Retrieved ApplicationContext [15477956] from cache with key [[MergedContextConfiguration@7103cb56 testClass = ConfigPropertiesTest, locations = '{}', classes = '{}', contextInitializerClasses = '[]', activeProfiles = '{}', propertySourceLocations = '{classpath:config-test.properties}', propertySourceProperties = '{}', contextCustomizers = set[org.springframework.boot.test.autoconfigure.actuate.metrics.MetricsExportContextCustomizerFactory$DisableMetricExportContextCustomizer@2f1de2d6, org.springframework.boot.test.autoconfigure.properties.PropertyMappingContextCustomizer@0, org.springframework.boot.test.autoconfigure.web.servlet.WebDriverContextCustomizerFactory$Customizer@38831718, [ImportsContextCustomizer@1b765a2c key = [@org.springframework.test.context.TestPropertySource(locations={}, value={"classpath:config-test.properties"}, inheritProperties=true, properties={}, inheritLocations=true), @org.springframework.context.annotation.Import({org.springframework.boot.context.properties.EnableConfigurationPropertiesRegistrar.class}), @org.springframework.boot.context.properties.EnableConfigurationProperties({com.example.currencyrate.config.ConfigProperties.class})]], org.springframework.boot.test.context.filter.ExcludeFilterContextCustomizer@28ec166e, org.springframework.boot.test.json.DuplicateJsonObjectContextCustomizerFactory$DuplicateJsonObjectContextCustomizer@5629510, org.springframework.boot.test.mock.mockito.MockitoContextCustomizer@0], contextLoader = 'org.springframework.test.context.support.DelegatingSmartContextLoader', parent = [null]]]
12:41:23.613 [Test worker] DEBUG org.springframework.test.context.cache - Spring test ApplicationContext cache statistics: [DefaultContextCache@1bdbf9be size = 1, maxSize = 32, parentContextCount = 0, hitCount = 62, missCount = 1]
12:41:23.613 [Test worker] DEBUG org.springframework.test.context.cache.DefaultCacheAwareContextLoaderDelegate - Retrieved ApplicationContext [15477956] from cache with key [[MergedContextConfiguration@7103cb56 testClass = ConfigPropertiesTest, locations = '{}', classes = '{}', contextInitializerClasses = '[]', activeProfiles = '{}', propertySourceLocations = '{classpath:config-test.properties}', propertySourceProperties = '{}', contextCustomizers = set[org.springframework.boot.test.autoconfigure.actuate.metrics.MetricsExportContextCustomizerFactory$DisableMetricExportContextCustomizer@2f1de2d6, org.springframework.boot.test.autoconfigure.properties.PropertyMappingContextCustomizer@0, org.springframework.boot.test.autoconfigure.web.servlet.WebDriverContextCustomizerFactory$Customizer@38831718, [ImportsContextCustomizer@1b765a2c key = [@org.springframework.test.context.TestPropertySource(locations={}, value={"classpath:config-test.properties"}, inheritProperties=true, properties={}, inheritLocations=true), @org.springframework.context.annotation.Import({org.springframework.boot.context.properties.EnableConfigurationPropertiesRegistrar.class}), @org.springframework.boot.context.properties.EnableConfigurationProperties({com.example.currencyrate.config.ConfigProperties.class})]], org.springframework.boot.test.context.filter.ExcludeFilterContextCustomizer@28ec166e, org.springframework.boot.test.json.DuplicateJsonObjectContextCustomizerFactory$DuplicateJsonObjectContextCustomizer@5629510, org.springframework.boot.test.mock.mockito.MockitoContextCustomizer@0], contextLoader = 'org.springframework.test.context.support.DelegatingSmartContextLoader', parent = [null]]]
12:41:23.613 [Test worker] DEBUG org.springframework.test.context.cache - Spring test ApplicationContext cache statistics: [DefaultContextCache@1bdbf9be size = 1, maxSize = 32, parentContextCount = 0, hitCount = 63, missCount = 1]
12:41:23.614 [Test worker] DEBUG org.springframework.test.context.cache.DefaultCacheAwareContextLoaderDelegate - Retrieved ApplicationContext [15477956] from cache with key [[MergedContextConfiguration@7103cb56 testClass = ConfigPropertiesTest, locations = '{}', classes = '{}', contextInitializerClasses = '[]', activeProfiles = '{}', propertySourceLocations = '{classpath:config-test.properties}', propertySourceProperties = '{}', contextCustomizers = set[org.springframework.boot.test.autoconfigure.actuate.metrics.MetricsExportContextCustomizerFactory$DisableMetricExportContextCustomizer@2f1de2d6, org.springframework.boot.test.autoconfigure.properties.PropertyMappingContextCustomizer@0, org.springframework.boot.test.autoconfigure.web.servlet.WebDriverContextCustomizerFactory$Customizer@38831718, [ImportsContextCustomizer@1b765a2c key = [@org.springframework.test.context.TestPropertySource(locations={}, value={"classpath:config-test.properties"}, inheritProperties=true, properties={}, inheritLocations=true), @org.springframework.context.annotation.Import({org.springframework.boot.context.properties.EnableConfigurationPropertiesRegistrar.class}), @org.springframework.boot.context.properties.EnableConfigurationProperties({com.example.currencyrate.config.ConfigProperties.class})]], org.springframework.boot.test.context.filter.ExcludeFilterContextCustomizer@28ec166e, org.springframework.boot.test.json.DuplicateJsonObjectContextCustomizerFactory$DuplicateJsonObjectContextCustomizer@5629510, org.springframework.boot.test.mock.mockito.MockitoContextCustomizer@0], contextLoader = 'org.springframework.test.context.support.DelegatingSmartContextLoader', parent = [null]]]
12:41:23.614 [Test worker] DEBUG org.springframework.test.context.cache - Spring test ApplicationContext cache statistics: [DefaultContextCache@1bdbf9be size = 1, maxSize = 32, parentContextCount = 0, hitCount = 64, missCount = 1]
12:41:23.616 [Test worker] DEBUG org.springframework.test.context.cache.DefaultCacheAwareContextLoaderDelegate - Retrieved ApplicationContext [15477956] from cache with key [[MergedContextConfiguration@7103cb56 testClass = ConfigPropertiesTest, locations = '{}', classes = '{}', contextInitializerClasses = '[]', activeProfiles = '{}', propertySourceLocations = '{classpath:config-test.properties}', propertySourceProperties = '{}', contextCustomizers = set[org.springframework.boot.test.autoconfigure.actuate.metrics.MetricsExportContextCustomizerFactory$DisableMetricExportContextCustomizer@2f1de2d6, org.springframework.boot.test.autoconfigure.properties.PropertyMappingContextCustomizer@0, org.springframework.boot.test.autoconfigure.web.servlet.WebDriverContextCustomizerFactory$Customizer@38831718, [ImportsContextCustomizer@1b765a2c key = [@org.springframework.test.context.TestPropertySource(locations={}, value={"classpath:config-test.properties"}, inheritProperties=true, properties={}, inheritLocations=true), @org.springframework.context.annotation.Import({org.springframework.boot.context.properties.EnableConfigurationPropertiesRegistrar.class}), @org.springframework.boot.context.properties.EnableConfigurationProperties({com.example.currencyrate.config.ConfigProperties.class})]], org.springframework.boot.test.context.filter.ExcludeFilterContextCustomizer@28ec166e, org.springframework.boot.test.json.DuplicateJsonObjectContextCustomizerFactory$DuplicateJsonObjectContextCustomizer@5629510, org.springframework.boot.test.mock.mockito.MockitoContextCustomizer@0], contextLoader = 'org.springframework.test.context.support.DelegatingSmartContextLoader', parent = [null]]]
12:41:23.616 [Test worker] DEBUG org.springframework.test.context.cache - Spring test ApplicationContext cache statistics: [DefaultContextCache@1bdbf9be size = 1, maxSize = 32, parentContextCount = 0, hitCount = 65, missCount = 1]
12:41:23.618 [Test worker] DEBUG org.springframework.test.context.support.AbstractDirtiesContextTestExecutionListener - After test method: context [DefaultTestContext@178213b testClass = ConfigPropertiesTest, testInstance = com.example.currencyrate.ConfigPropertiesTest@2ab0702e, testMethod = configPropertiesLimitGifError@ConfigPropertiesTest, testException = [null], mergedContextConfiguration = [MergedContextConfiguration@7103cb56 testClass = ConfigPropertiesTest, locations = '{}', classes = '{}', contextInitializerClasses = '[]', activeProfiles = '{}', propertySourceLocations = '{classpath:config-test.properties}', propertySourceProperties = '{}', contextCustomizers = set[org.springframework.boot.test.autoconfigure.actuate.metrics.MetricsExportContextCustomizerFactory$DisableMetricExportContextCustomizer@2f1de2d6, org.springframework.boot.test.autoconfigure.properties.PropertyMappingContextCustomizer@0, org.springframework.boot.test.autoconfigure.web.servlet.WebDriverContextCustomizerFactory$Customizer@38831718, [ImportsContextCustomizer@1b765a2c key = [@org.springframework.test.context.TestPropertySource(locations={}, value={"classpath:config-test.properties"}, inheritProperties=true, properties={}, inheritLocations=true), @org.springframework.context.annotation.Import({org.springframework.boot.context.properties.EnableConfigurationPropertiesRegistrar.class}), @org.springframework.boot.context.properties.EnableConfigurationProperties({com.example.currencyrate.config.ConfigProperties.class})]], org.springframework.boot.test.context.filter.ExcludeFilterContextCustomizer@28ec166e, org.springframework.boot.test.json.DuplicateJsonObjectContextCustomizerFactory$DuplicateJsonObjectContextCustomizer@5629510, org.springframework.boot.test.mock.mockito.MockitoContextCustomizer@0], contextLoader = 'org.springframework.test.context.support.DelegatingSmartContextLoader', parent = [null]], attributes = map['org.springframework.test.context.event.ApplicationEventsTestExecutionListener.recordApplicationEvents' -> false]], class annotated with @DirtiesContext [false] with mode [null], method annotated with @DirtiesContext [false] with mode [null].
12:41:23.621 [Test worker] DEBUG org.springframework.test.context.support.DependencyInjectionTestExecutionListener - Performing dependency injection for test context [[DefaultTestContext@178213b testClass = ConfigPropertiesTest, testInstance = com.example.currencyrate.ConfigPropertiesTest@7158daf2, testMethod = [null], testException = [null], mergedContextConfiguration = [MergedContextConfiguration@7103cb56 testClass = ConfigPropertiesTest, locations = '{}', classes = '{}', contextInitializerClasses = '[]', activeProfiles = '{}', propertySourceLocations = '{classpath:config-test.properties}', propertySourceProperties = '{}', contextCustomizers = set[org.springframework.boot.test.autoconfigure.actuate.metrics.MetricsExportContextCustomizerFactory$DisableMetricExportContextCustomizer@2f1de2d6, org.springframework.boot.test.autoconfigure.properties.PropertyMappingContextCustomizer@0, org.springframework.boot.test.autoconfigure.web.servlet.WebDriverContextCustomizerFactory$Customizer@38831718, [ImportsContextCustomizer@1b765a2c key = [@org.springframework.test.context.TestPropertySource(locations={}, value={"classpath:config-test.properties"}, inheritProperties=true, properties={}, inheritLocations=true), @org.springframework.context.annotation.Import({org.springframework.boot.context.properties.EnableConfigurationPropertiesRegistrar.class}), @org.springframework.boot.context.properties.EnableConfigurationProperties({com.example.currencyrate.config.ConfigProperties.class})]], org.springframework.boot.test.context.filter.ExcludeFilterContextCustomizer@28ec166e, org.springframework.boot.test.json.DuplicateJsonObjectContextCustomizerFactory$DuplicateJsonObjectContextCustomizer@5629510, org.springframework.boot.test.mock.mockito.MockitoContextCustomizer@0], contextLoader = 'org.springframework.test.context.support.DelegatingSmartContextLoader', parent = [null]], attributes = map['org.springframework.test.context.event.ApplicationEventsTestExecutionListener.recordApplicationEvents' -> false]]].
12:41:23.621 [Test worker] DEBUG org.springframework.test.context.cache.DefaultCacheAwareContextLoaderDelegate - Retrieved ApplicationContext [15477956] from cache with key [[MergedContextConfiguration@7103cb56 testClass = ConfigPropertiesTest, locations = '{}', classes = '{}', contextInitializerClasses = '[]', activeProfiles = '{}', propertySourceLocations = '{classpath:config-test.properties}', propertySourceProperties = '{}', contextCustomizers = set[org.springframework.boot.test.autoconfigure.actuate.metrics.MetricsExportContextCustomizerFactory$DisableMetricExportContextCustomizer@2f1de2d6, org.springframework.boot.test.autoconfigure.properties.PropertyMappingContextCustomizer@0, org.springframework.boot.test.autoconfigure.web.servlet.WebDriverContextCustomizerFactory$Customizer@38831718, [ImportsContextCustomizer@1b765a2c key = [@org.springframework.test.context.TestPropertySource(locations={}, value={"classpath:config-test.properties"}, inheritProperties=true, properties={}, inheritLocations=true), @org.springframework.context.annotation.Import({org.springframework.boot.context.properties.EnableConfigurationPropertiesRegistrar.class}), @org.springframework.boot.context.properties.EnableConfigurationProperties({com.example.currencyrate.config.ConfigProperties.class})]], org.springframework.boot.test.context.filter.ExcludeFilterContextCustomizer@28ec166e, org.springframework.boot.test.json.DuplicateJsonObjectContextCustomizerFactory$DuplicateJsonObjectContextCustomizer@5629510, org.springframework.boot.test.mock.mockito.MockitoContextCustomizer@0], contextLoader = 'org.springframework.test.context.support.DelegatingSmartContextLoader', parent = [null]]]
12:41:23.622 [Test worker] DEBUG org.springframework.test.context.cache - Spring test ApplicationContext cache statistics: [DefaultContextCache@1bdbf9be size = 1, maxSize = 32, parentContextCount = 0, hitCount = 66, missCount = 1]
12:41:23.624 [Test worker] DEBUG org.springframework.test.context.cache.DefaultCacheAwareContextLoaderDelegate - Retrieved ApplicationContext [15477956] from cache with key [[MergedContextConfiguration@7103cb56 testClass = ConfigPropertiesTest, locations = '{}', classes = '{}', contextInitializerClasses = '[]', activeProfiles = '{}', propertySourceLocations = '{classpath:config-test.properties}', propertySourceProperties = '{}', contextCustomizers = set[org.springframework.boot.test.autoconfigure.actuate.metrics.MetricsExportContextCustomizerFactory$DisableMetricExportContextCustomizer@2f1de2d6, org.springframework.boot.test.autoconfigure.properties.PropertyMappingContextCustomizer@0, org.springframework.boot.test.autoconfigure.web.servlet.WebDriverContextCustomizerFactory$Customizer@38831718, [ImportsContextCustomizer@1b765a2c key = [@org.springframework.test.context.TestPropertySource(locations={}, value={"classpath:config-test.properties"}, inheritProperties=true, properties={}, inheritLocations=true), @org.springframework.context.annotation.Import({org.springframework.boot.context.properties.EnableConfigurationPropertiesRegistrar.class}), @org.springframework.boot.context.properties.EnableConfigurationProperties({com.example.currencyrate.config.ConfigProperties.class})]], org.springframework.boot.test.context.filter.ExcludeFilterContextCustomizer@28ec166e, org.springframework.boot.test.json.DuplicateJsonObjectContextCustomizerFactory$DuplicateJsonObjectContextCustomizer@5629510, org.springframework.boot.test.mock.mockito.MockitoContextCustomizer@0], contextLoader = 'org.springframework.test.context.support.DelegatingSmartContextLoader', parent = [null]]]
12:41:23.625 [Test worker] DEBUG org.springframework.test.context.cache - Spring test ApplicationContext cache statistics: [DefaultContextCache@1bdbf9be size = 1, maxSize = 32, parentContextCount = 0, hitCount = 67, missCount = 1]
12:41:23.627 [Test worker] DEBUG org.springframework.test.context.support.AbstractDirtiesContextTestExecutionListener - Before test method: context [DefaultTestContext@178213b testClass = ConfigPropertiesTest, testInstance = com.example.currencyrate.ConfigPropertiesTest@7158daf2, testMethod = configPropertiesSetLimitGifNull@ConfigPropertiesTest, testException = [null], mergedContextConfiguration = [MergedContextConfiguration@7103cb56 testClass = ConfigPropertiesTest, locations = '{}', classes = '{}', contextInitializerClasses = '[]', activeProfiles = '{}', propertySourceLocations = '{classpath:config-test.properties}', propertySourceProperties = '{}', contextCustomizers = set[org.springframework.boot.test.autoconfigure.actuate.metrics.MetricsExportContextCustomizerFactory$DisableMetricExportContextCustomizer@2f1de2d6, org.springframework.boot.test.autoconfigure.properties.PropertyMappingContextCustomizer@0, org.springframework.boot.test.autoconfigure.web.servlet.WebDriverContextCustomizerFactory$Customizer@38831718, [ImportsContextCustomizer@1b765a2c key = [@org.springframework.test.context.TestPropertySource(locations={}, value={"classpath:config-test.properties"}, inheritProperties=true, properties={}, inheritLocations=true), @org.springframework.context.annotation.Import({org.springframework.boot.context.properties.EnableConfigurationPropertiesRegistrar.class}), @org.springframework.boot.context.properties.EnableConfigurationProperties({com.example.currencyrate.config.ConfigProperties.class})]], org.springframework.boot.test.context.filter.ExcludeFilterContextCustomizer@28ec166e, org.springframework.boot.test.json.DuplicateJsonObjectContextCustomizerFactory$DuplicateJsonObjectContextCustomizer@5629510, org.springframework.boot.test.mock.mockito.MockitoContextCustomizer@0], contextLoader = 'org.springframework.test.context.support.DelegatingSmartContextLoader', parent = [null]], attributes = map['org.springframework.test.context.event.ApplicationEventsTestExecutionListener.recordApplicationEvents' -> false]], class annotated with @DirtiesContext [false] with mode [null], method annotated with @DirtiesContext [false] with mode [null].
12:41:23.629 [Test worker] DEBUG org.springframework.test.context.cache.DefaultCacheAwareContextLoaderDelegate - Retrieved ApplicationContext [15477956] from cache with key [[MergedContextConfiguration@7103cb56 testClass = ConfigPropertiesTest, locations = '{}', classes = '{}', contextInitializerClasses = '[]', activeProfiles = '{}', propertySourceLocations = '{classpath:config-test.properties}', propertySourceProperties = '{}', contextCustomizers = set[org.springframework.boot.test.autoconfigure.actuate.metrics.MetricsExportContextCustomizerFactory$DisableMetricExportContextCustomizer@2f1de2d6, org.springframework.boot.test.autoconfigure.properties.PropertyMappingContextCustomizer@0, org.springframework.boot.test.autoconfigure.web.servlet.WebDriverContextCustomizerFactory$Customizer@38831718, [ImportsContextCustomizer@1b765a2c key = [@org.springframework.test.context.TestPropertySource(locations={}, value={"classpath:config-test.properties"}, inheritProperties=true, properties={}, inheritLocations=true), @org.springframework.context.annotation.Import({org.springframework.boot.context.properties.EnableConfigurationPropertiesRegistrar.class}), @org.springframework.boot.context.properties.EnableConfigurationProperties({com.example.currencyrate.config.ConfigProperties.class})]], org.springframework.boot.test.context.filter.ExcludeFilterContextCustomizer@28ec166e, org.springframework.boot.test.json.DuplicateJsonObjectContextCustomizerFactory$DuplicateJsonObjectContextCustomizer@5629510, org.springframework.boot.test.mock.mockito.MockitoContextCustomizer@0], contextLoader = 'org.springframework.test.context.support.DelegatingSmartContextLoader', parent = [null]]]
12:41:23.630 [Test worker] DEBUG org.springframework.test.context.cache - Spring test ApplicationContext cache statistics: [DefaultContextCache@1bdbf9be size = 1, maxSize = 32, parentContextCount = 0, hitCount = 68, missCount = 1]
12:41:23.632 [Test worker] DEBUG org.springframework.test.context.cache.DefaultCacheAwareContextLoaderDelegate - Retrieved ApplicationContext [15477956] from cache with key [[MergedContextConfiguration@7103cb56 testClass = ConfigPropertiesTest, locations = '{}', classes = '{}', contextInitializerClasses = '[]', activeProfiles = '{}', propertySourceLocations = '{classpath:config-test.properties}', propertySourceProperties = '{}', contextCustomizers = set[org.springframework.boot.test.autoconfigure.actuate.metrics.MetricsExportContextCustomizerFactory$DisableMetricExportContextCustomizer@2f1de2d6, org.springframework.boot.test.autoconfigure.properties.PropertyMappingContextCustomizer@0, org.springframework.boot.test.autoconfigure.web.servlet.WebDriverContextCustomizerFactory$Customizer@38831718, [ImportsContextCustomizer@1b765a2c key = [@org.springframework.test.context.TestPropertySource(locations={}, value={"classpath:config-test.properties"}, inheritProperties=true, properties={}, inheritLocations=true), @org.springframework.context.annotation.Import({org.springframework.boot.context.properties.EnableConfigurationPropertiesRegistrar.class}), @org.springframework.boot.context.properties.EnableConfigurationProperties({com.example.currencyrate.config.ConfigProperties.class})]], org.springframework.boot.test.context.filter.ExcludeFilterContextCustomizer@28ec166e, org.springframework.boot.test.json.DuplicateJsonObjectContextCustomizerFactory$DuplicateJsonObjectContextCustomizer@5629510, org.springframework.boot.test.mock.mockito.MockitoContextCustomizer@0], contextLoader = 'org.springframework.test.context.support.DelegatingSmartContextLoader', parent = [null]]]
12:41:23.632 [Test worker] DEBUG org.springframework.test.context.cache - Spring test ApplicationContext cache statistics: [DefaultContextCache@1bdbf9be size = 1, maxSize = 32, parentContextCount = 0, hitCount = 69, missCount = 1]
12:41:23.633 [Test worker] DEBUG org.springframework.test.context.cache.DefaultCacheAwareContextLoaderDelegate - Retrieved ApplicationContext [15477956] from cache with key [[MergedContextConfiguration@7103cb56 testClass = ConfigPropertiesTest, locations = '{}', classes = '{}', contextInitializerClasses = '[]', activeProfiles = '{}', propertySourceLocations = '{classpath:config-test.properties}', propertySourceProperties = '{}', contextCustomizers = set[org.springframework.boot.test.autoconfigure.actuate.metrics.MetricsExportContextCustomizerFactory$DisableMetricExportContextCustomizer@2f1de2d6, org.springframework.boot.test.autoconfigure.properties.PropertyMappingContextCustomizer@0, org.springframework.boot.test.autoconfigure.web.servlet.WebDriverContextCustomizerFactory$Customizer@38831718, [ImportsContextCustomizer@1b765a2c key = [@org.springframework.test.context.TestPropertySource(locations={}, value={"classpath:config-test.properties"}, inheritProperties=true, properties={}, inheritLocations=true), @org.springframework.context.annotation.Import({org.springframework.boot.context.properties.EnableConfigurationPropertiesRegistrar.class}), @org.springframework.boot.context.properties.EnableConfigurationProperties({com.example.currencyrate.config.ConfigProperties.class})]], org.springframework.boot.test.context.filter.ExcludeFilterContextCustomizer@28ec166e, org.springframework.boot.test.json.DuplicateJsonObjectContextCustomizerFactory$DuplicateJsonObjectContextCustomizer@5629510, org.springframework.boot.test.mock.mockito.MockitoContextCustomizer@0], contextLoader = 'org.springframework.test.context.support.DelegatingSmartContextLoader', parent = [null]]]
12:41:23.634 [Test worker] DEBUG org.springframework.test.context.cache - Spring test ApplicationContext cache statistics: [DefaultContextCache@1bdbf9be size = 1, maxSize = 32, parentContextCount = 0, hitCount = 70, missCount = 1]
12:41:23.636 [Test worker] DEBUG org.springframework.test.context.cache.DefaultCacheAwareContextLoaderDelegate - Retrieved ApplicationContext [15477956] from cache with key [[MergedContextConfiguration@7103cb56 testClass = ConfigPropertiesTest, locations = '{}', classes = '{}', contextInitializerClasses = '[]', activeProfiles = '{}', propertySourceLocations = '{classpath:config-test.properties}', propertySourceProperties = '{}', contextCustomizers = set[org.springframework.boot.test.autoconfigure.actuate.metrics.MetricsExportContextCustomizerFactory$DisableMetricExportContextCustomizer@2f1de2d6, org.springframework.boot.test.autoconfigure.properties.PropertyMappingContextCustomizer@0, org.springframework.boot.test.autoconfigure.web.servlet.WebDriverContextCustomizerFactory$Customizer@38831718, [ImportsContextCustomizer@1b765a2c key = [@org.springframework.test.context.TestPropertySource(locations={}, value={"classpath:config-test.properties"}, inheritProperties=true, properties={}, inheritLocations=true), @org.springframework.context.annotation.Import({org.springframework.boot.context.properties.EnableConfigurationPropertiesRegistrar.class}), @org.springframework.boot.context.properties.EnableConfigurationProperties({com.example.currencyrate.config.ConfigProperties.class})]], org.springframework.boot.test.context.filter.ExcludeFilterContextCustomizer@28ec166e, org.springframework.boot.test.json.DuplicateJsonObjectContextCustomizerFactory$DuplicateJsonObjectContextCustomizer@5629510, org.springframework.boot.test.mock.mockito.MockitoContextCustomizer@0], contextLoader = 'org.springframework.test.context.support.DelegatingSmartContextLoader', parent = [null]]]
12:41:23.636 [Test worker] DEBUG org.springframework.test.context.cache - Spring test ApplicationContext cache statistics: [DefaultContextCache@1bdbf9be size = 1, maxSize = 32, parentContextCount = 0, hitCount = 71, missCount = 1]
12:41:23.638 [Test worker] DEBUG org.springframework.test.context.cache.DefaultCacheAwareContextLoaderDelegate - Retrieved ApplicationContext [15477956] from cache with key [[MergedContextConfiguration@7103cb56 testClass = ConfigPropertiesTest, locations = '{}', classes = '{}', contextInitializerClasses = '[]', activeProfiles = '{}', propertySourceLocations = '{classpath:config-test.properties}', propertySourceProperties = '{}', contextCustomizers = set[org.springframework.boot.test.autoconfigure.actuate.metrics.MetricsExportContextCustomizerFactory$DisableMetricExportContextCustomizer@2f1de2d6, org.springframework.boot.test.autoconfigure.properties.PropertyMappingContextCustomizer@0, org.springframework.boot.test.autoconfigure.web.servlet.WebDriverContextCustomizerFactory$Customizer@38831718, [ImportsContextCustomizer@1b765a2c key = [@org.springframework.test.context.TestPropertySource(locations={}, value={"classpath:config-test.properties"}, inheritProperties=true, properties={}, inheritLocations=true), @org.springframework.context.annotation.Import({org.springframework.boot.context.properties.EnableConfigurationPropertiesRegistrar.class}), @org.springframework.boot.context.properties.EnableConfigurationProperties({com.example.currencyrate.config.ConfigProperties.class})]], org.springframework.boot.test.context.filter.ExcludeFilterContextCustomizer@28ec166e, org.springframework.boot.test.json.DuplicateJsonObjectContextCustomizerFactory$DuplicateJsonObjectContextCustomizer@5629510, org.springframework.boot.test.mock.mockito.MockitoContextCustomizer@0], contextLoader = 'org.springframework.test.context.support.DelegatingSmartContextLoader', parent = [null]]]
12:41:23.639 [Test worker] DEBUG org.springframework.test.context.cache - Spring test ApplicationContext cache statistics: [DefaultContextCache@1bdbf9be size = 1, maxSize = 32, parentContextCount = 0, hitCount = 72, missCount = 1]
12:41:23.642 [Test worker] DEBUG org.springframework.test.context.cache.DefaultCacheAwareContextLoaderDelegate - Retrieved ApplicationContext [15477956] from cache with key [[MergedContextConfiguration@7103cb56 testClass = ConfigPropertiesTest, locations = '{}', classes = '{}', contextInitializerClasses = '[]', activeProfiles = '{}', propertySourceLocations = '{classpath:config-test.properties}', propertySourceProperties = '{}', contextCustomizers = set[org.springframework.boot.test.autoconfigure.actuate.metrics.MetricsExportContextCustomizerFactory$DisableMetricExportContextCustomizer@2f1de2d6, org.springframework.boot.test.autoconfigure.properties.PropertyMappingContextCustomizer@0, org.springframework.boot.test.autoconfigure.web.servlet.WebDriverContextCustomizerFactory$Customizer@38831718, [ImportsContextCustomizer@1b765a2c key = [@org.springframework.test.context.TestPropertySource(locations={}, value={"classpath:config-test.properties"}, inheritProperties=true, properties={}, inheritLocations=true), @org.springframework.context.annotation.Import({org.springframework.boot.context.properties.EnableConfigurationPropertiesRegistrar.class}), @org.springframework.boot.context.properties.EnableConfigurationProperties({com.example.currencyrate.config.ConfigProperties.class})]], org.springframework.boot.test.context.filter.ExcludeFilterContextCustomizer@28ec166e, org.springframework.boot.test.json.DuplicateJsonObjectContextCustomizerFactory$DuplicateJsonObjectContextCustomizer@5629510, org.springframework.boot.test.mock.mockito.MockitoContextCustomizer@0], contextLoader = 'org.springframework.test.context.support.DelegatingSmartContextLoader', parent = [null]]]
12:41:23.642 [Test worker] DEBUG org.springframework.test.context.cache - Spring test ApplicationContext cache statistics: [DefaultContextCache@1bdbf9be size = 1, maxSize = 32, parentContextCount = 0, hitCount = 73, missCount = 1]
12:41:23.643 [Test worker] DEBUG org.springframework.test.context.cache.DefaultCacheAwareContextLoaderDelegate - Retrieved ApplicationContext [15477956] from cache with key [[MergedContextConfiguration@7103cb56 testClass = ConfigPropertiesTest, locations = '{}', classes = '{}', contextInitializerClasses = '[]', activeProfiles = '{}', propertySourceLocations = '{classpath:config-test.properties}', propertySourceProperties = '{}', contextCustomizers = set[org.springframework.boot.test.autoconfigure.actuate.metrics.MetricsExportContextCustomizerFactory$DisableMetricExportContextCustomizer@2f1de2d6, org.springframework.boot.test.autoconfigure.properties.PropertyMappingContextCustomizer@0, org.springframework.boot.test.autoconfigure.web.servlet.WebDriverContextCustomizerFactory$Customizer@38831718, [ImportsContextCustomizer@1b765a2c key = [@org.springframework.test.context.TestPropertySource(locations={}, value={"classpath:config-test.properties"}, inheritProperties=true, properties={}, inheritLocations=true), @org.springframework.context.annotation.Import({org.springframework.boot.context.properties.EnableConfigurationPropertiesRegistrar.class}), @org.springframework.boot.context.properties.EnableConfigurationProperties({com.example.currencyrate.config.ConfigProperties.class})]], org.springframework.boot.test.context.filter.ExcludeFilterContextCustomizer@28ec166e, org.springframework.boot.test.json.DuplicateJsonObjectContextCustomizerFactory$DuplicateJsonObjectContextCustomizer@5629510, org.springframework.boot.test.mock.mockito.MockitoContextCustomizer@0], contextLoader = 'org.springframework.test.context.support.DelegatingSmartContextLoader', parent = [null]]]
12:41:23.643 [Test worker] DEBUG org.springframework.test.context.cache - Spring test ApplicationContext cache statistics: [DefaultContextCache@1bdbf9be size = 1, maxSize = 32, parentContextCount = 0, hitCount = 74, missCount = 1]
12:41:23.645 [Test worker] DEBUG org.springframework.test.context.cache.DefaultCacheAwareContextLoaderDelegate - Retrieved ApplicationContext [15477956] from cache with key [[MergedContextConfiguration@7103cb56 testClass = ConfigPropertiesTest, locations = '{}', classes = '{}', contextInitializerClasses = '[]', activeProfiles = '{}', propertySourceLocations = '{classpath:config-test.properties}', propertySourceProperties = '{}', contextCustomizers = set[org.springframework.boot.test.autoconfigure.actuate.metrics.MetricsExportContextCustomizerFactory$DisableMetricExportContextCustomizer@2f1de2d6, org.springframework.boot.test.autoconfigure.properties.PropertyMappingContextCustomizer@0, org.springframework.boot.test.autoconfigure.web.servlet.WebDriverContextCustomizerFactory$Customizer@38831718, [ImportsContextCustomizer@1b765a2c key = [@org.springframework.test.context.TestPropertySource(locations={}, value={"classpath:config-test.properties"}, inheritProperties=true, properties={}, inheritLocations=true), @org.springframework.context.annotation.Import({org.springframework.boot.context.properties.EnableConfigurationPropertiesRegistrar.class}), @org.springframework.boot.context.properties.EnableConfigurationProperties({com.example.currencyrate.config.ConfigProperties.class})]], org.springframework.boot.test.context.filter.ExcludeFilterContextCustomizer@28ec166e, org.springframework.boot.test.json.DuplicateJsonObjectContextCustomizerFactory$DuplicateJsonObjectContextCustomizer@5629510, org.springframework.boot.test.mock.mockito.MockitoContextCustomizer@0], contextLoader = 'org.springframework.test.context.support.DelegatingSmartContextLoader', parent = [null]]]
12:41:23.645 [Test worker] DEBUG org.springframework.test.context.cache - Spring test ApplicationContext cache statistics: [DefaultContextCache@1bdbf9be size = 1, maxSize = 32, parentContextCount = 0, hitCount = 75, missCount = 1]
12:41:23.647 [Test worker] DEBUG org.springframework.test.context.cache.DefaultCacheAwareContextLoaderDelegate - Retrieved ApplicationContext [15477956] from cache with key [[MergedContextConfiguration@7103cb56 testClass = ConfigPropertiesTest, locations = '{}', classes = '{}', contextInitializerClasses = '[]', activeProfiles = '{}', propertySourceLocations = '{classpath:config-test.properties}', propertySourceProperties = '{}', contextCustomizers = set[org.springframework.boot.test.autoconfigure.actuate.metrics.MetricsExportContextCustomizerFactory$DisableMetricExportContextCustomizer@2f1de2d6, org.springframework.boot.test.autoconfigure.properties.PropertyMappingContextCustomizer@0, org.springframework.boot.test.autoconfigure.web.servlet.WebDriverContextCustomizerFactory$Customizer@38831718, [ImportsContextCustomizer@1b765a2c key = [@org.springframework.test.context.TestPropertySource(locations={}, value={"classpath:config-test.properties"}, inheritProperties=true, properties={}, inheritLocations=true), @org.springframework.context.annotation.Import({org.springframework.boot.context.properties.EnableConfigurationPropertiesRegistrar.class}), @org.springframework.boot.context.properties.EnableConfigurationProperties({com.example.currencyrate.config.ConfigProperties.class})]], org.springframework.boot.test.context.filter.ExcludeFilterContextCustomizer@28ec166e, org.springframework.boot.test.json.DuplicateJsonObjectContextCustomizerFactory$DuplicateJsonObjectContextCustomizer@5629510, org.springframework.boot.test.mock.mockito.MockitoContextCustomizer@0], contextLoader = 'org.springframework.test.context.support.DelegatingSmartContextLoader', parent = [null]]]
12:41:23.648 [Test worker] DEBUG org.springframework.test.context.cache - Spring test ApplicationContext cache statistics: [DefaultContextCache@1bdbf9be size = 1, maxSize = 32, parentContextCount = 0, hitCount = 76, missCount = 1]
12:41:23.650 [Test worker] DEBUG org.springframework.test.context.support.AbstractDirtiesContextTestExecutionListener - After test method: context [DefaultTestContext@178213b testClass = ConfigPropertiesTest, testInstance = com.example.currencyrate.ConfigPropertiesTest@7158daf2, testMethod = configPropertiesSetLimitGifNull@ConfigPropertiesTest, testException = [null], mergedContextConfiguration = [MergedContextConfiguration@7103cb56 testClass = ConfigPropertiesTest, locations = '{}', classes = '{}', contextInitializerClasses = '[]', activeProfiles = '{}', propertySourceLocations = '{classpath:config-test.properties}', propertySourceProperties = '{}', contextCustomizers = set[org.springframework.boot.test.autoconfigure.actuate.metrics.MetricsExportContextCustomizerFactory$DisableMetricExportContextCustomizer@2f1de2d6, org.springframework.boot.test.autoconfigure.properties.PropertyMappingContextCustomizer@0, org.springframework.boot.test.autoconfigure.web.servlet.WebDriverContextCustomizerFactory$Customizer@38831718, [ImportsContextCustomizer@1b765a2c key = [@org.springframework.test.context.TestPropertySource(locations={}, value={"classpath:config-test.properties"}, inheritProperties=true, properties={}, inheritLocations=true), @org.springframework.context.annotation.Import({org.springframework.boot.context.properties.EnableConfigurationPropertiesRegistrar.class}), @org.springframework.boot.context.properties.EnableConfigurationProperties({com.example.currencyrate.config.ConfigProperties.class})]], org.springframework.boot.test.context.filter.ExcludeFilterContextCustomizer@28ec166e, org.springframework.boot.test.json.DuplicateJsonObjectContextCustomizerFactory$DuplicateJsonObjectContextCustomizer@5629510, org.springframework.boot.test.mock.mockito.MockitoContextCustomizer@0], contextLoader = 'org.springframework.test.context.support.DelegatingSmartContextLoader', parent = [null]], attributes = map['org.springframework.test.context.event.ApplicationEventsTestExecutionListener.recordApplicationEvents' -> false]], class annotated with @DirtiesContext [false] with mode [null], method annotated with @DirtiesContext [false] with mode [null].
12:41:23.653 [Test worker] DEBUG org.springframework.test.context.support.DependencyInjectionTestExecutionListener - Performing dependency injection for test context [[DefaultTestContext@178213b testClass = ConfigPropertiesTest, testInstance = com.example.currencyrate.ConfigPropertiesTest@102efc59, testMethod = [null], testException = [null], mergedContextConfiguration = [MergedContextConfiguration@7103cb56 testClass = ConfigPropertiesTest, locations = '{}', classes = '{}', contextInitializerClasses = '[]', activeProfiles = '{}', propertySourceLocations = '{classpath:config-test.properties}', propertySourceProperties = '{}', contextCustomizers = set[org.springframework.boot.test.autoconfigure.actuate.metrics.MetricsExportContextCustomizerFactory$DisableMetricExportContextCustomizer@2f1de2d6, org.springframework.boot.test.autoconfigure.properties.PropertyMappingContextCustomizer@0, org.springframework.boot.test.autoconfigure.web.servlet.WebDriverContextCustomizerFactory$Customizer@38831718, [ImportsContextCustomizer@1b765a2c key = [@org.springframework.test.context.TestPropertySource(locations={}, value={"classpath:config-test.properties"}, inheritProperties=true, properties={}, inheritLocations=true), @org.springframework.context.annotation.Import({org.springframework.boot.context.properties.EnableConfigurationPropertiesRegistrar.class}), @org.springframework.boot.context.properties.EnableConfigurationProperties({com.example.currencyrate.config.ConfigProperties.class})]], org.springframework.boot.test.context.filter.ExcludeFilterContextCustomizer@28ec166e, org.springframework.boot.test.json.DuplicateJsonObjectContextCustomizerFactory$DuplicateJsonObjectContextCustomizer@5629510, org.springframework.boot.test.mock.mockito.MockitoContextCustomizer@0], contextLoader = 'org.springframework.test.context.support.DelegatingSmartContextLoader', parent = [null]], attributes = map['org.springframework.test.context.event.ApplicationEventsTestExecutionListener.recordApplicationEvents' -> false]]].
12:41:23.654 [Test worker] DEBUG org.springframework.test.context.cache.DefaultCacheAwareContextLoaderDelegate - Retrieved ApplicationContext [15477956] from cache with key [[MergedContextConfiguration@7103cb56 testClass = ConfigPropertiesTest, locations = '{}', classes = '{}', contextInitializerClasses = '[]', activeProfiles = '{}', propertySourceLocations = '{classpath:config-test.properties}', propertySourceProperties = '{}', contextCustomizers = set[org.springframework.boot.test.autoconfigure.actuate.metrics.MetricsExportContextCustomizerFactory$DisableMetricExportContextCustomizer@2f1de2d6, org.springframework.boot.test.autoconfigure.properties.PropertyMappingContextCustomizer@0, org.springframework.boot.test.autoconfigure.web.servlet.WebDriverContextCustomizerFactory$Customizer@38831718, [ImportsContextCustomizer@1b765a2c key = [@org.springframework.test.context.TestPropertySource(locations={}, value={"classpath:config-test.properties"}, inheritProperties=true, properties={}, inheritLocations=true), @org.springframework.context.annotation.Import({org.springframework.boot.context.properties.EnableConfigurationPropertiesRegistrar.class}), @org.springframework.boot.context.properties.EnableConfigurationProperties({com.example.currencyrate.config.ConfigProperties.class})]], org.springframework.boot.test.context.filter.ExcludeFilterContextCustomizer@28ec166e, org.springframework.boot.test.json.DuplicateJsonObjectContextCustomizerFactory$DuplicateJsonObjectContextCustomizer@5629510, org.springframework.boot.test.mock.mockito.MockitoContextCustomizer@0], contextLoader = 'org.springframework.test.context.support.DelegatingSmartContextLoader', parent = [null]]]
12:41:23.654 [Test worker] DEBUG org.springframework.test.context.cache - Spring test ApplicationContext cache statistics: [DefaultContextCache@1bdbf9be size = 1, maxSize = 32, parentContextCount = 0, hitCount = 77, missCount = 1]
12:41:23.655 [Test worker] DEBUG org.springframework.test.context.cache.DefaultCacheAwareContextLoaderDelegate - Retrieved ApplicationContext [15477956] from cache with key [[MergedContextConfiguration@7103cb56 testClass = ConfigPropertiesTest, locations = '{}', classes = '{}', contextInitializerClasses = '[]', activeProfiles = '{}', propertySourceLocations = '{classpath:config-test.properties}', propertySourceProperties = '{}', contextCustomizers = set[org.springframework.boot.test.autoconfigure.actuate.metrics.MetricsExportContextCustomizerFactory$DisableMetricExportContextCustomizer@2f1de2d6, org.springframework.boot.test.autoconfigure.properties.PropertyMappingContextCustomizer@0, org.springframework.boot.test.autoconfigure.web.servlet.WebDriverContextCustomizerFactory$Customizer@38831718, [ImportsContextCustomizer@1b765a2c key = [@org.springframework.test.context.TestPropertySource(locations={}, value={"classpath:config-test.properties"}, inheritProperties=true, properties={}, inheritLocations=true), @org.springframework.context.annotation.Import({org.springframework.boot.context.properties.EnableConfigurationPropertiesRegistrar.class}), @org.springframework.boot.context.properties.EnableConfigurationProperties({com.example.currencyrate.config.ConfigProperties.class})]], org.springframework.boot.test.context.filter.ExcludeFilterContextCustomizer@28ec166e, org.springframework.boot.test.json.DuplicateJsonObjectContextCustomizerFactory$DuplicateJsonObjectContextCustomizer@5629510, org.springframework.boot.test.mock.mockito.MockitoContextCustomizer@0], contextLoader = 'org.springframework.test.context.support.DelegatingSmartContextLoader', parent = [null]]]
12:41:23.656 [Test worker] DEBUG org.springframework.test.context.cache - Spring test ApplicationContext cache statistics: [DefaultContextCache@1bdbf9be size = 1, maxSize = 32, parentContextCount = 0, hitCount = 78, missCount = 1]
12:41:23.658 [Test worker] DEBUG org.springframework.test.context.support.AbstractDirtiesContextTestExecutionListener - Before test method: context [DefaultTestContext@178213b testClass = ConfigPropertiesTest, testInstance = com.example.currencyrate.ConfigPropertiesTest@102efc59, testMethod = configPropertiesUrlRateError@ConfigPropertiesTest, testException = [null], mergedContextConfiguration = [MergedContextConfiguration@7103cb56 testClass = ConfigPropertiesTest, locations = '{}', classes = '{}', contextInitializerClasses = '[]', activeProfiles = '{}', propertySourceLocations = '{classpath:config-test.properties}', propertySourceProperties = '{}', contextCustomizers = set[org.springframework.boot.test.autoconfigure.actuate.metrics.MetricsExportContextCustomizerFactory$DisableMetricExportContextCustomizer@2f1de2d6, org.springframework.boot.test.autoconfigure.properties.PropertyMappingContextCustomizer@0, org.springframework.boot.test.autoconfigure.web.servlet.WebDriverContextCustomizerFactory$Customizer@38831718, [ImportsContextCustomizer@1b765a2c key = [@org.springframework.test.context.TestPropertySource(locations={}, value={"classpath:config-test.properties"}, inheritProperties=true, properties={}, inheritLocations=true), @org.springframework.context.annotation.Import({org.springframework.boot.context.properties.EnableConfigurationPropertiesRegistrar.class}), @org.springframework.boot.context.properties.EnableConfigurationProperties({com.example.currencyrate.config.ConfigProperties.class})]], org.springframework.boot.test.context.filter.ExcludeFilterContextCustomizer@28ec166e, org.springframework.boot.test.json.DuplicateJsonObjectContextCustomizerFactory$DuplicateJsonObjectContextCustomizer@5629510, org.springframework.boot.test.mock.mockito.MockitoContextCustomizer@0], contextLoader = 'org.springframework.test.context.support.DelegatingSmartContextLoader', parent = [null]], attributes = map['org.springframework.test.context.event.ApplicationEventsTestExecutionListener.recordApplicationEvents' -> false]], class annotated with @DirtiesContext [false] with mode [null], method annotated with @DirtiesContext [false] with mode [null].
12:41:23.658 [Test worker] DEBUG org.springframework.test.context.cache.DefaultCacheAwareContextLoaderDelegate - Retrieved ApplicationContext [15477956] from cache with key [[MergedContextConfiguration@7103cb56 testClass = ConfigPropertiesTest, locations = '{}', classes = '{}', contextInitializerClasses = '[]', activeProfiles = '{}', propertySourceLocations = '{classpath:config-test.properties}', propertySourceProperties = '{}', contextCustomizers = set[org.springframework.boot.test.autoconfigure.actuate.metrics.MetricsExportContextCustomizerFactory$DisableMetricExportContextCustomizer@2f1de2d6, org.springframework.boot.test.autoconfigure.properties.PropertyMappingContextCustomizer@0, org.springframework.boot.test.autoconfigure.web.servlet.WebDriverContextCustomizerFactory$Customizer@38831718, [ImportsContextCustomizer@1b765a2c key = [@org.springframework.test.context.TestPropertySource(locations={}, value={"classpath:config-test.properties"}, inheritProperties=true, properties={}, inheritLocations=true), @org.springframework.context.annotation.Import({org.springframework.boot.context.properties.EnableConfigurationPropertiesRegistrar.class}), @org.springframework.boot.context.properties.EnableConfigurationProperties({com.example.currencyrate.config.ConfigProperties.class})]], org.springframework.boot.test.context.filter.ExcludeFilterContextCustomizer@28ec166e, org.springframework.boot.test.json.DuplicateJsonObjectContextCustomizerFactory$DuplicateJsonObjectContextCustomizer@5629510, org.springframework.boot.test.mock.mockito.MockitoContextCustomizer@0], contextLoader = 'org.springframework.test.context.support.DelegatingSmartContextLoader', parent = [null]]]
12:41:23.659 [Test worker] DEBUG org.springframework.test.context.cache - Spring test ApplicationContext cache statistics: [DefaultContextCache@1bdbf9be size = 1, maxSize = 32, parentContextCount = 0, hitCount = 79, missCount = 1]
12:41:23.661 [Test worker] DEBUG org.springframework.test.context.cache.DefaultCacheAwareContextLoaderDelegate - Retrieved ApplicationContext [15477956] from cache with key [[MergedContextConfiguration@7103cb56 testClass = ConfigPropertiesTest, locations = '{}', classes = '{}', contextInitializerClasses = '[]', activeProfiles = '{}', propertySourceLocations = '{classpath:config-test.properties}', propertySourceProperties = '{}', contextCustomizers = set[org.springframework.boot.test.autoconfigure.actuate.metrics.MetricsExportContextCustomizerFactory$DisableMetricExportContextCustomizer@2f1de2d6, org.springframework.boot.test.autoconfigure.properties.PropertyMappingContextCustomizer@0, org.springframework.boot.test.autoconfigure.web.servlet.WebDriverContextCustomizerFactory$Customizer@38831718, [ImportsContextCustomizer@1b765a2c key = [@org.springframework.test.context.TestPropertySource(locations={}, value={"classpath:config-test.properties"}, inheritProperties=true, properties={}, inheritLocations=true), @org.springframework.context.annotation.Import({org.springframework.boot.context.properties.EnableConfigurationPropertiesRegistrar.class}), @org.springframework.boot.context.properties.EnableConfigurationProperties({com.example.currencyrate.config.ConfigProperties.class})]], org.springframework.boot.test.context.filter.ExcludeFilterContextCustomizer@28ec166e, org.springframework.boot.test.json.DuplicateJsonObjectContextCustomizerFactory$DuplicateJsonObjectContextCustomizer@5629510, org.springframework.boot.test.mock.mockito.MockitoContextCustomizer@0], contextLoader = 'org.springframework.test.context.support.DelegatingSmartContextLoader', parent = [null]]]
12:41:23.662 [Test worker] DEBUG org.springframework.test.context.cache - Spring test ApplicationContext cache statistics: [DefaultContextCache@1bdbf9be size = 1, maxSize = 32, parentContextCount = 0, hitCount = 80, missCount = 1]
12:41:23.664 [Test worker] DEBUG org.springframework.test.context.cache.DefaultCacheAwareContextLoaderDelegate - Retrieved ApplicationContext [15477956] from cache with key [[MergedContextConfiguration@7103cb56 testClass = ConfigPropertiesTest, locations = '{}', classes = '{}', contextInitializerClasses = '[]', activeProfiles = '{}', propertySourceLocations = '{classpath:config-test.properties}', propertySourceProperties = '{}', contextCustomizers = set[org.springframework.boot.test.autoconfigure.actuate.metrics.MetricsExportContextCustomizerFactory$DisableMetricExportContextCustomizer@2f1de2d6, org.springframework.boot.test.autoconfigure.properties.PropertyMappingContextCustomizer@0, org.springframework.boot.test.autoconfigure.web.servlet.WebDriverContextCustomizerFactory$Customizer@38831718, [ImportsContextCustomizer@1b765a2c key = [@org.springframework.test.context.TestPropertySource(locations={}, value={"classpath:config-test.properties"}, inheritProperties=true, properties={}, inheritLocations=true), @org.springframework.context.annotation.Import({org.springframework.boot.context.properties.EnableConfigurationPropertiesRegistrar.class}), @org.springframework.boot.context.properties.EnableConfigurationProperties({com.example.currencyrate.config.ConfigProperties.class})]], org.springframework.boot.test.context.filter.ExcludeFilterContextCustomizer@28ec166e, org.springframework.boot.test.json.DuplicateJsonObjectContextCustomizerFactory$DuplicateJsonObjectContextCustomizer@5629510, org.springframework.boot.test.mock.mockito.MockitoContextCustomizer@0], contextLoader = 'org.springframework.test.context.support.DelegatingSmartContextLoader', parent = [null]]]
12:41:23.664 [Test worker] DEBUG org.springframework.test.context.cache - Spring test ApplicationContext cache statistics: [DefaultContextCache@1bdbf9be size = 1, maxSize = 32, parentContextCount = 0, hitCount = 81, missCount = 1]
12:41:23.666 [Test worker] DEBUG org.springframework.test.context.cache.DefaultCacheAwareContextLoaderDelegate - Retrieved ApplicationContext [15477956] from cache with key [[MergedContextConfiguration@7103cb56 testClass = ConfigPropertiesTest, locations = '{}', classes = '{}', contextInitializerClasses = '[]', activeProfiles = '{}', propertySourceLocations = '{classpath:config-test.properties}', propertySourceProperties = '{}', contextCustomizers = set[org.springframework.boot.test.autoconfigure.actuate.metrics.MetricsExportContextCustomizerFactory$DisableMetricExportContextCustomizer@2f1de2d6, org.springframework.boot.test.autoconfigure.properties.PropertyMappingContextCustomizer@0, org.springframework.boot.test.autoconfigure.web.servlet.WebDriverContextCustomizerFactory$Customizer@38831718, [ImportsContextCustomizer@1b765a2c key = [@org.springframework.test.context.TestPropertySource(locations={}, value={"classpath:config-test.properties"}, inheritProperties=true, properties={}, inheritLocations=true), @org.springframework.context.annotation.Import({org.springframework.boot.context.properties.EnableConfigurationPropertiesRegistrar.class}), @org.springframework.boot.context.properties.EnableConfigurationProperties({com.example.currencyrate.config.ConfigProperties.class})]], org.springframework.boot.test.context.filter.ExcludeFilterContextCustomizer@28ec166e, org.springframework.boot.test.json.DuplicateJsonObjectContextCustomizerFactory$DuplicateJsonObjectContextCustomizer@5629510, org.springframework.boot.test.mock.mockito.MockitoContextCustomizer@0], contextLoader = 'org.springframework.test.context.support.DelegatingSmartContextLoader', parent = [null]]]
12:41:23.666 [Test worker] DEBUG org.springframework.test.context.cache - Spring test ApplicationContext cache statistics: [DefaultContextCache@1bdbf9be size = 1, maxSize = 32, parentContextCount = 0, hitCount = 82, missCount = 1]
12:41:23.667 [Test worker] DEBUG org.springframework.test.context.cache.DefaultCacheAwareContextLoaderDelegate - Retrieved ApplicationContext [15477956] from cache with key [[MergedContextConfiguration@7103cb56 testClass = ConfigPropertiesTest, locations = '{}', classes = '{}', contextInitializerClasses = '[]', activeProfiles = '{}', propertySourceLocations = '{classpath:config-test.properties}', propertySourceProperties = '{}', contextCustomizers = set[org.springframework.boot.test.autoconfigure.actuate.metrics.MetricsExportContextCustomizerFactory$DisableMetricExportContextCustomizer@2f1de2d6, org.springframework.boot.test.autoconfigure.properties.PropertyMappingContextCustomizer@0, org.springframework.boot.test.autoconfigure.web.servlet.WebDriverContextCustomizerFactory$Customizer@38831718, [ImportsContextCustomizer@1b765a2c key = [@org.springframework.test.context.TestPropertySource(locations={}, value={"classpath:config-test.properties"}, inheritProperties=true, properties={}, inheritLocations=true), @org.springframework.context.annotation.Import({org.springframework.boot.context.properties.EnableConfigurationPropertiesRegistrar.class}), @org.springframework.boot.context.properties.EnableConfigurationProperties({com.example.currencyrate.config.ConfigProperties.class})]], org.springframework.boot.test.context.filter.ExcludeFilterContextCustomizer@28ec166e, org.springframework.boot.test.json.DuplicateJsonObjectContextCustomizerFactory$DuplicateJsonObjectContextCustomizer@5629510, org.springframework.boot.test.mock.mockito.MockitoContextCustomizer@0], contextLoader = 'org.springframework.test.context.support.DelegatingSmartContextLoader', parent = [null]]]
12:41:23.668 [Test worker] DEBUG org.springframework.test.context.cache - Spring test ApplicationContext cache statistics: [DefaultContextCache@1bdbf9be size = 1, maxSize = 32, parentContextCount = 0, hitCount = 83, missCount = 1]
12:41:23.670 [Test worker] DEBUG org.springframework.test.context.cache.DefaultCacheAwareContextLoaderDelegate - Retrieved ApplicationContext [15477956] from cache with key [[MergedContextConfiguration@7103cb56 testClass = ConfigPropertiesTest, locations = '{}', classes = '{}', contextInitializerClasses = '[]', activeProfiles = '{}', propertySourceLocations = '{classpath:config-test.properties}', propertySourceProperties = '{}', contextCustomizers = set[org.springframework.boot.test.autoconfigure.actuate.metrics.MetricsExportContextCustomizerFactory$DisableMetricExportContextCustomizer@2f1de2d6, org.springframework.boot.test.autoconfigure.properties.PropertyMappingContextCustomizer@0, org.springframework.boot.test.autoconfigure.web.servlet.WebDriverContextCustomizerFactory$Customizer@38831718, [ImportsContextCustomizer@1b765a2c key = [@org.springframework.test.context.TestPropertySource(locations={}, value={"classpath:config-test.properties"}, inheritProperties=true, properties={}, inheritLocations=true), @org.springframework.context.annotation.Import({org.springframework.boot.context.properties.EnableConfigurationPropertiesRegistrar.class}), @org.springframework.boot.context.properties.EnableConfigurationProperties({com.example.currencyrate.config.ConfigProperties.class})]], org.springframework.boot.test.context.filter.ExcludeFilterContextCustomizer@28ec166e, org.springframework.boot.test.json.DuplicateJsonObjectContextCustomizerFactory$DuplicateJsonObjectContextCustomizer@5629510, org.springframework.boot.test.mock.mockito.MockitoContextCustomizer@0], contextLoader = 'org.springframework.test.context.support.DelegatingSmartContextLoader', parent = [null]]]
12:41:23.670 [Test worker] DEBUG org.springframework.test.context.cache - Spring test ApplicationContext cache statistics: [DefaultContextCache@1bdbf9be size = 1, maxSize = 32, parentContextCount = 0, hitCount = 84, missCount = 1]
12:41:23.671 [Test worker] DEBUG org.springframework.test.context.cache.DefaultCacheAwareContextLoaderDelegate - Retrieved ApplicationContext [15477956] from cache with key [[MergedContextConfiguration@7103cb56 testClass = ConfigPropertiesTest, locations = '{}', classes = '{}', contextInitializerClasses = '[]', activeProfiles = '{}', propertySourceLocations = '{classpath:config-test.properties}', propertySourceProperties = '{}', contextCustomizers = set[org.springframework.boot.test.autoconfigure.actuate.metrics.MetricsExportContextCustomizerFactory$DisableMetricExportContextCustomizer@2f1de2d6, org.springframework.boot.test.autoconfigure.properties.PropertyMappingContextCustomizer@0, org.springframework.boot.test.autoconfigure.web.servlet.WebDriverContextCustomizerFactory$Customizer@38831718, [ImportsContextCustomizer@1b765a2c key = [@org.springframework.test.context.TestPropertySource(locations={}, value={"classpath:config-test.properties"}, inheritProperties=true, properties={}, inheritLocations=true), @org.springframework.context.annotation.Import({org.springframework.boot.context.properties.EnableConfigurationPropertiesRegistrar.class}), @org.springframework.boot.context.properties.EnableConfigurationProperties({com.example.currencyrate.config.ConfigProperties.class})]], org.springframework.boot.test.context.filter.ExcludeFilterContextCustomizer@28ec166e, org.springframework.boot.test.json.DuplicateJsonObjectContextCustomizerFactory$DuplicateJsonObjectContextCustomizer@5629510, org.springframework.boot.test.mock.mockito.MockitoContextCustomizer@0], contextLoader = 'org.springframework.test.context.support.DelegatingSmartContextLoader', parent = [null]]]
12:41:23.672 [Test worker] DEBUG org.springframework.test.context.cache - Spring test ApplicationContext cache statistics: [DefaultContextCache@1bdbf9be size = 1, maxSize = 32, parentContextCount = 0, hitCount = 85, missCount = 1]
12:41:23.674 [Test worker] DEBUG org.springframework.test.context.cache.DefaultCacheAwareContextLoaderDelegate - Retrieved ApplicationContext [15477956] from cache with key [[MergedContextConfiguration@7103cb56 testClass = ConfigPropertiesTest, locations = '{}', classes = '{}', contextInitializerClasses = '[]', activeProfiles = '{}', propertySourceLocations = '{classpath:config-test.properties}', propertySourceProperties = '{}', contextCustomizers = set[org.springframework.boot.test.autoconfigure.actuate.metrics.MetricsExportContextCustomizerFactory$DisableMetricExportContextCustomizer@2f1de2d6, org.springframework.boot.test.autoconfigure.properties.PropertyMappingContextCustomizer@0, org.springframework.boot.test.autoconfigure.web.servlet.WebDriverContextCustomizerFactory$Customizer@38831718, [ImportsContextCustomizer@1b765a2c key = [@org.springframework.test.context.TestPropertySource(locations={}, value={"classpath:config-test.properties"}, inheritProperties=true, properties={}, inheritLocations=true), @org.springframework.context.annotation.Import({org.springframework.boot.context.properties.EnableConfigurationPropertiesRegistrar.class}), @org.springframework.boot.context.properties.EnableConfigurationProperties({com.example.currencyrate.config.ConfigProperties.class})]], org.springframework.boot.test.context.filter.ExcludeFilterContextCustomizer@28ec166e, org.springframework.boot.test.json.DuplicateJsonObjectContextCustomizerFactory$DuplicateJsonObjectContextCustomizer@5629510, org.springframework.boot.test.mock.mockito.MockitoContextCustomizer@0], contextLoader = 'org.springframework.test.context.support.DelegatingSmartContextLoader', parent = [null]]]
12:41:23.675 [Test worker] DEBUG org.springframework.test.context.cache - Spring test ApplicationContext cache statistics: [DefaultContextCache@1bdbf9be size = 1, maxSize = 32, parentContextCount = 0, hitCount = 86, missCount = 1]
12:41:23.686 [Test worker] DEBUG org.springframework.test.context.cache.DefaultCacheAwareContextLoaderDelegate - Retrieved ApplicationContext [15477956] from cache with key [[MergedContextConfiguration@7103cb56 testClass = ConfigPropertiesTest, locations = '{}', classes = '{}', contextInitializerClasses = '[]', activeProfiles = '{}', propertySourceLocations = '{classpath:config-test.properties}', propertySourceProperties = '{}', contextCustomizers = set[org.springframework.boot.test.autoconfigure.actuate.metrics.MetricsExportContextCustomizerFactory$DisableMetricExportContextCustomizer@2f1de2d6, org.springframework.boot.test.autoconfigure.properties.PropertyMappingContextCustomizer@0, org.springframework.boot.test.autoconfigure.web.servlet.WebDriverContextCustomizerFactory$Customizer@38831718, [ImportsContextCustomizer@1b765a2c key = [@org.springframework.test.context.TestPropertySource(locations={}, value={"classpath:config-test.properties"}, inheritProperties=true, properties={}, inheritLocations=true), @org.springframework.context.annotation.Import({org.springframework.boot.context.properties.EnableConfigurationPropertiesRegistrar.class}), @org.springframework.boot.context.properties.EnableConfigurationProperties({com.example.currencyrate.config.ConfigProperties.class})]], org.springframework.boot.test.context.filter.ExcludeFilterContextCustomizer@28ec166e, org.springframework.boot.test.json.DuplicateJsonObjectContextCustomizerFactory$DuplicateJsonObjectContextCustomizer@5629510, org.springframework.boot.test.mock.mockito.MockitoContextCustomizer@0], contextLoader = 'org.springframework.test.context.support.DelegatingSmartContextLoader', parent = [null]]]
12:41:23.687 [Test worker] DEBUG org.springframework.test.context.cache - Spring test ApplicationContext cache statistics: [DefaultContextCache@1bdbf9be size = 1, maxSize = 32, parentContextCount = 0, hitCount = 87, missCount = 1]
12:41:23.691 [Test worker] DEBUG org.springframework.test.context.support.AbstractDirtiesContextTestExecutionListener - After test method: context [DefaultTestContext@178213b testClass = ConfigPropertiesTest, testInstance = com.example.currencyrate.ConfigPropertiesTest@102efc59, testMethod = configPropertiesUrlRateError@ConfigPropertiesTest, testException = [null], mergedContextConfiguration = [MergedContextConfiguration@7103cb56 testClass = ConfigPropertiesTest, locations = '{}', classes = '{}', contextInitializerClasses = '[]', activeProfiles = '{}', propertySourceLocations = '{classpath:config-test.properties}', propertySourceProperties = '{}', contextCustomizers = set[org.springframework.boot.test.autoconfigure.actuate.metrics.MetricsExportContextCustomizerFactory$DisableMetricExportContextCustomizer@2f1de2d6, org.springframework.boot.test.autoconfigure.properties.PropertyMappingContextCustomizer@0, org.springframework.boot.test.autoconfigure.web.servlet.WebDriverContextCustomizerFactory$Customizer@38831718, [ImportsContextCustomizer@1b765a2c key = [@org.springframework.test.context.TestPropertySource(locations={}, value={"classpath:config-test.properties"}, inheritProperties=true, properties={}, inheritLocations=true), @org.springframework.context.annotation.Import({org.springframework.boot.context.properties.EnableConfigurationPropertiesRegistrar.class}), @org.springframework.boot.context.properties.EnableConfigurationProperties({com.example.currencyrate.config.ConfigProperties.class})]], org.springframework.boot.test.context.filter.ExcludeFilterContextCustomizer@28ec166e, org.springframework.boot.test.json.DuplicateJsonObjectContextCustomizerFactory$DuplicateJsonObjectContextCustomizer@5629510, org.springframework.boot.test.mock.mockito.MockitoContextCustomizer@0], contextLoader = 'org.springframework.test.context.support.DelegatingSmartContextLoader', parent = [null]], attributes = map['org.springframework.test.context.event.ApplicationEventsTestExecutionListener.recordApplicationEvents' -> false]], class annotated with @DirtiesContext [false] with mode [null], method annotated with @DirtiesContext [false] with mode [null].
12:41:23.694 [Test worker] DEBUG org.springframework.test.context.support.DependencyInjectionTestExecutionListener - Performing dependency injection for test context [[DefaultTestContext@178213b testClass = ConfigPropertiesTest, testInstance = com.example.currencyrate.ConfigPropertiesTest@3936df72, testMethod = [null], testException = [null], mergedContextConfiguration = [MergedContextConfiguration@7103cb56 testClass = ConfigPropertiesTest, locations = '{}', classes = '{}', contextInitializerClasses = '[]', activeProfiles = '{}', propertySourceLocations = '{classpath:config-test.properties}', propertySourceProperties = '{}', contextCustomizers = set[org.springframework.boot.test.autoconfigure.actuate.metrics.MetricsExportContextCustomizerFactory$DisableMetricExportContextCustomizer@2f1de2d6, org.springframework.boot.test.autoconfigure.properties.PropertyMappingContextCustomizer@0, org.springframework.boot.test.autoconfigure.web.servlet.WebDriverContextCustomizerFactory$Customizer@38831718, [ImportsContextCustomizer@1b765a2c key = [@org.springframework.test.context.TestPropertySource(locations={}, value={"classpath:config-test.properties"}, inheritProperties=true, properties={}, inheritLocations=true), @org.springframework.context.annotation.Import({org.springframework.boot.context.properties.EnableConfigurationPropertiesRegistrar.class}), @org.springframework.boot.context.properties.EnableConfigurationProperties({com.example.currencyrate.config.ConfigProperties.class})]], org.springframework.boot.test.context.filter.ExcludeFilterContextCustomizer@28ec166e, org.springframework.boot.test.json.DuplicateJsonObjectContextCustomizerFactory$DuplicateJsonObjectContextCustomizer@5629510, org.springframework.boot.test.mock.mockito.MockitoContextCustomizer@0], contextLoader = 'org.springframework.test.context.support.DelegatingSmartContextLoader', parent = [null]], attributes = map['org.springframework.test.context.event.ApplicationEventsTestExecutionListener.recordApplicationEvents' -> false]]].
12:41:23.695 [Test worker] DEBUG org.springframework.test.context.cache.DefaultCacheAwareContextLoaderDelegate - Retrieved ApplicationContext [15477956] from cache with key [[MergedContextConfiguration@7103cb56 testClass = ConfigPropertiesTest, locations = '{}', classes = '{}', contextInitializerClasses = '[]', activeProfiles = '{}', propertySourceLocations = '{classpath:config-test.properties}', propertySourceProperties = '{}', contextCustomizers = set[org.springframework.boot.test.autoconfigure.actuate.metrics.MetricsExportContextCustomizerFactory$DisableMetricExportContextCustomizer@2f1de2d6, org.springframework.boot.test.autoconfigure.properties.PropertyMappingContextCustomizer@0, org.springframework.boot.test.autoconfigure.web.servlet.WebDriverContextCustomizerFactory$Customizer@38831718, [ImportsContextCustomizer@1b765a2c key = [@org.springframework.test.context.TestPropertySource(locations={}, value={"classpath:config-test.properties"}, inheritProperties=true, properties={}, inheritLocations=true), @org.springframework.context.annotation.Import({org.springframework.boot.context.properties.EnableConfigurationPropertiesRegistrar.class}), @org.springframework.boot.context.properties.EnableConfigurationProperties({com.example.currencyrate.config.ConfigProperties.class})]], org.springframework.boot.test.context.filter.ExcludeFilterContextCustomizer@28ec166e, org.springframework.boot.test.json.DuplicateJsonObjectContextCustomizerFactory$DuplicateJsonObjectContextCustomizer@5629510, org.springframework.boot.test.mock.mockito.MockitoContextCustomizer@0], contextLoader = 'org.springframework.test.context.support.DelegatingSmartContextLoader', parent = [null]]]
12:41:23.696 [Test worker] DEBUG org.springframework.test.context.cache - Spring test ApplicationContext cache statistics: [DefaultContextCache@1bdbf9be size = 1, maxSize = 32, parentContextCount = 0, hitCount = 88, missCount = 1]
12:41:23.704 [Test worker] DEBUG org.springframework.test.context.cache.DefaultCacheAwareContextLoaderDelegate - Retrieved ApplicationContext [15477956] from cache with key [[MergedContextConfiguration@7103cb56 testClass = ConfigPropertiesTest, locations = '{}', classes = '{}', contextInitializerClasses = '[]', activeProfiles = '{}', propertySourceLocations = '{classpath:config-test.properties}', propertySourceProperties = '{}', contextCustomizers = set[org.springframework.boot.test.autoconfigure.actuate.metrics.MetricsExportContextCustomizerFactory$DisableMetricExportContextCustomizer@2f1de2d6, org.springframework.boot.test.autoconfigure.properties.PropertyMappingContextCustomizer@0, org.springframework.boot.test.autoconfigure.web.servlet.WebDriverContextCustomizerFactory$Customizer@38831718, [ImportsContextCustomizer@1b765a2c key = [@org.springframework.test.context.TestPropertySource(locations={}, value={"classpath:config-test.properties"}, inheritProperties=true, properties={}, inheritLocations=true), @org.springframework.context.annotation.Import({org.springframework.boot.context.properties.EnableConfigurationPropertiesRegistrar.class}), @org.springframework.boot.context.properties.EnableConfigurationProperties({com.example.currencyrate.config.ConfigProperties.class})]], org.springframework.boot.test.context.filter.ExcludeFilterContextCustomizer@28ec166e, org.springframework.boot.test.json.DuplicateJsonObjectContextCustomizerFactory$DuplicateJsonObjectContextCustomizer@5629510, org.springframework.boot.test.mock.mockito.MockitoContextCustomizer@0], contextLoader = 'org.springframework.test.context.support.DelegatingSmartContextLoader', parent = [null]]]
12:41:23.704 [Test worker] DEBUG org.springframework.test.context.cache - Spring test ApplicationContext cache statistics: [DefaultContextCache@1bdbf9be size = 1, maxSize = 32, parentContextCount = 0, hitCount = 89, missCount = 1]
12:41:23.707 [Test worker] DEBUG org.springframework.test.context.support.AbstractDirtiesContextTestExecutionListener - Before test method: context [DefaultTestContext@178213b testClass = ConfigPropertiesTest, testInstance = com.example.currencyrate.ConfigPropertiesTest@3936df72, testMethod = configPropertiesSetUrlGifNull@ConfigPropertiesTest, testException = [null], mergedContextConfiguration = [MergedContextConfiguration@7103cb56 testClass = ConfigPropertiesTest, locations = '{}', classes = '{}', contextInitializerClasses = '[]', activeProfiles = '{}', propertySourceLocations = '{classpath:config-test.properties}', propertySourceProperties = '{}', contextCustomizers = set[org.springframework.boot.test.autoconfigure.actuate.metrics.MetricsExportContextCustomizerFactory$DisableMetricExportContextCustomizer@2f1de2d6, org.springframework.boot.test.autoconfigure.properties.PropertyMappingContextCustomizer@0, org.springframework.boot.test.autoconfigure.web.servlet.WebDriverContextCustomizerFactory$Customizer@38831718, [ImportsContextCustomizer@1b765a2c key = [@org.springframework.test.context.TestPropertySource(locations={}, value={"classpath:config-test.properties"}, inheritProperties=true, properties={}, inheritLocations=true), @org.springframework.context.annotation.Import({org.springframework.boot.context.properties.EnableConfigurationPropertiesRegistrar.class}), @org.springframework.boot.context.properties.EnableConfigurationProperties({com.example.currencyrate.config.ConfigProperties.class})]], org.springframework.boot.test.context.filter.ExcludeFilterContextCustomizer@28ec166e, org.springframework.boot.test.json.DuplicateJsonObjectContextCustomizerFactory$DuplicateJsonObjectContextCustomizer@5629510, org.springframework.boot.test.mock.mockito.MockitoContextCustomizer@0], contextLoader = 'org.springframework.test.context.support.DelegatingSmartContextLoader', parent = [null]], attributes = map['org.springframework.test.context.event.ApplicationEventsTestExecutionListener.recordApplicationEvents' -> false]], class annotated with @DirtiesContext [false] with mode [null], method annotated with @DirtiesContext [false] with mode [null].
12:41:23.708 [Test worker] DEBUG org.springframework.test.context.cache.DefaultCacheAwareContextLoaderDelegate - Retrieved ApplicationContext [15477956] from cache with key [[MergedContextConfiguration@7103cb56 testClass = ConfigPropertiesTest, locations = '{}', classes = '{}', contextInitializerClasses = '[]', activeProfiles = '{}', propertySourceLocations = '{classpath:config-test.properties}', propertySourceProperties = '{}', contextCustomizers = set[org.springframework.boot.test.autoconfigure.actuate.metrics.MetricsExportContextCustomizerFactory$DisableMetricExportContextCustomizer@2f1de2d6, org.springframework.boot.test.autoconfigure.properties.PropertyMappingContextCustomizer@0, org.springframework.boot.test.autoconfigure.web.servlet.WebDriverContextCustomizerFactory$Customizer@38831718, [ImportsContextCustomizer@1b765a2c key = [@org.springframework.test.context.TestPropertySource(locations={}, value={"classpath:config-test.properties"}, inheritProperties=true, properties={}, inheritLocations=true), @org.springframework.context.annotation.Import({org.springframework.boot.context.properties.EnableConfigurationPropertiesRegistrar.class}), @org.springframework.boot.context.properties.EnableConfigurationProperties({com.example.currencyrate.config.ConfigProperties.class})]], org.springframework.boot.test.context.filter.ExcludeFilterContextCustomizer@28ec166e, org.springframework.boot.test.json.DuplicateJsonObjectContextCustomizerFactory$DuplicateJsonObjectContextCustomizer@5629510, org.springframework.boot.test.mock.mockito.MockitoContextCustomizer@0], contextLoader = 'org.springframework.test.context.support.DelegatingSmartContextLoader', parent = [null]]]
12:41:23.708 [Test worker] DEBUG org.springframework.test.context.cache - Spring test ApplicationContext cache statistics: [DefaultContextCache@1bdbf9be size = 1, maxSize = 32, parentContextCount = 0, hitCount = 90, missCount = 1]
12:41:23.710 [Test worker] DEBUG org.springframework.test.context.cache.DefaultCacheAwareContextLoaderDelegate - Retrieved ApplicationContext [15477956] from cache with key [[MergedContextConfiguration@7103cb56 testClass = ConfigPropertiesTest, locations = '{}', classes = '{}', contextInitializerClasses = '[]', activeProfiles = '{}', propertySourceLocations = '{classpath:config-test.properties}', propertySourceProperties = '{}', contextCustomizers = set[org.springframework.boot.test.autoconfigure.actuate.metrics.MetricsExportContextCustomizerFactory$DisableMetricExportContextCustomizer@2f1de2d6, org.springframework.boot.test.autoconfigure.properties.PropertyMappingContextCustomizer@0, org.springframework.boot.test.autoconfigure.web.servlet.WebDriverContextCustomizerFactory$Customizer@38831718, [ImportsContextCustomizer@1b765a2c key = [@org.springframework.test.context.TestPropertySource(locations={}, value={"classpath:config-test.properties"}, inheritProperties=true, properties={}, inheritLocations=true), @org.springframework.context.annotation.Import({org.springframework.boot.context.properties.EnableConfigurationPropertiesRegistrar.class}), @org.springframework.boot.context.properties.EnableConfigurationProperties({com.example.currencyrate.config.ConfigProperties.class})]], org.springframework.boot.test.context.filter.ExcludeFilterContextCustomizer@28ec166e, org.springframework.boot.test.json.DuplicateJsonObjectContextCustomizerFactory$DuplicateJsonObjectContextCustomizer@5629510, org.springframework.boot.test.mock.mockito.MockitoContextCustomizer@0], contextLoader = 'org.springframework.test.context.support.DelegatingSmartContextLoader', parent = [null]]]
12:41:23.727 [Test worker] DEBUG org.springframework.test.context.cache - Spring test ApplicationContext cache statistics: [DefaultContextCache@1bdbf9be size = 1, maxSize = 32, parentContextCount = 0, hitCount = 91, missCount = 1]
12:41:23.728 [Test worker] DEBUG org.springframework.test.context.cache.DefaultCacheAwareContextLoaderDelegate - Retrieved ApplicationContext [15477956] from cache with key [[MergedContextConfiguration@7103cb56 testClass = ConfigPropertiesTest, locations = '{}', classes = '{}', contextInitializerClasses = '[]', activeProfiles = '{}', propertySourceLocations = '{classpath:config-test.properties}', propertySourceProperties = '{}', contextCustomizers = set[org.springframework.boot.test.autoconfigure.actuate.metrics.MetricsExportContextCustomizerFactory$DisableMetricExportContextCustomizer@2f1de2d6, org.springframework.boot.test.autoconfigure.properties.PropertyMappingContextCustomizer@0, org.springframework.boot.test.autoconfigure.web.servlet.WebDriverContextCustomizerFactory$Customizer@38831718, [ImportsContextCustomizer@1b765a2c key = [@org.springframework.test.context.TestPropertySource(locations={}, value={"classpath:config-test.properties"}, inheritProperties=true, properties={}, inheritLocations=true), @org.springframework.context.annotation.Import({org.springframework.boot.context.properties.EnableConfigurationPropertiesRegistrar.class}), @org.springframework.boot.context.properties.EnableConfigurationProperties({com.example.currencyrate.config.ConfigProperties.class})]], org.springframework.boot.test.context.filter.ExcludeFilterContextCustomizer@28ec166e, org.springframework.boot.test.json.DuplicateJsonObjectContextCustomizerFactory$DuplicateJsonObjectContextCustomizer@5629510, org.springframework.boot.test.mock.mockito.MockitoContextCustomizer@0], contextLoader = 'org.springframework.test.context.support.DelegatingSmartContextLoader', parent = [null]]]
12:41:23.730 [Test worker] DEBUG org.springframework.test.context.cache - Spring test ApplicationContext cache statistics: [DefaultContextCache@1bdbf9be size = 1, maxSize = 32, parentContextCount = 0, hitCount = 92, missCount = 1]
12:41:23.732 [Test worker] DEBUG org.springframework.test.context.cache.DefaultCacheAwareContextLoaderDelegate - Retrieved ApplicationContext [15477956] from cache with key [[MergedContextConfiguration@7103cb56 testClass = ConfigPropertiesTest, locations = '{}', classes = '{}', contextInitializerClasses = '[]', activeProfiles = '{}', propertySourceLocations = '{classpath:config-test.properties}', propertySourceProperties = '{}', contextCustomizers = set[org.springframework.boot.test.autoconfigure.actuate.metrics.MetricsExportContextCustomizerFactory$DisableMetricExportContextCustomizer@2f1de2d6, org.springframework.boot.test.autoconfigure.properties.PropertyMappingContextCustomizer@0, org.springframework.boot.test.autoconfigure.web.servlet.WebDriverContextCustomizerFactory$Customizer@38831718, [ImportsContextCustomizer@1b765a2c key = [@org.springframework.test.context.TestPropertySource(locations={}, value={"classpath:config-test.properties"}, inheritProperties=true, properties={}, inheritLocations=true), @org.springframework.context.annotation.Import({org.springframework.boot.context.properties.EnableConfigurationPropertiesRegistrar.class}), @org.springframework.boot.context.properties.EnableConfigurationProperties({com.example.currencyrate.config.ConfigProperties.class})]], org.springframework.boot.test.context.filter.ExcludeFilterContextCustomizer@28ec166e, org.springframework.boot.test.json.DuplicateJsonObjectContextCustomizerFactory$DuplicateJsonObjectContextCustomizer@5629510, org.springframework.boot.test.mock.mockito.MockitoContextCustomizer@0], contextLoader = 'org.springframework.test.context.support.DelegatingSmartContextLoader', parent = [null]]]
12:41:23.732 [Test worker] DEBUG org.springframework.test.context.cache - Spring test ApplicationContext cache statistics: [DefaultContextCache@1bdbf9be size = 1, maxSize = 32, parentContextCount = 0, hitCount = 93, missCount = 1]
12:41:23.733 [Test worker] DEBUG org.springframework.test.context.cache.DefaultCacheAwareContextLoaderDelegate - Retrieved ApplicationContext [15477956] from cache with key [[MergedContextConfiguration@7103cb56 testClass = ConfigPropertiesTest, locations = '{}', classes = '{}', contextInitializerClasses = '[]', activeProfiles = '{}', propertySourceLocations = '{classpath:config-test.properties}', propertySourceProperties = '{}', contextCustomizers = set[org.springframework.boot.test.autoconfigure.actuate.metrics.MetricsExportContextCustomizerFactory$DisableMetricExportContextCustomizer@2f1de2d6, org.springframework.boot.test.autoconfigure.properties.PropertyMappingContextCustomizer@0, org.springframework.boot.test.autoconfigure.web.servlet.WebDriverContextCustomizerFactory$Customizer@38831718, [ImportsContextCustomizer@1b765a2c key = [@org.springframework.test.context.TestPropertySource(locations={}, value={"classpath:config-test.properties"}, inheritProperties=true, properties={}, inheritLocations=true), @org.springframework.context.annotation.Import({org.springframework.boot.context.properties.EnableConfigurationPropertiesRegistrar.class}), @org.springframework.boot.context.properties.EnableConfigurationProperties({com.example.currencyrate.config.ConfigProperties.class})]], org.springframework.boot.test.context.filter.ExcludeFilterContextCustomizer@28ec166e, org.springframework.boot.test.json.DuplicateJsonObjectContextCustomizerFactory$DuplicateJsonObjectContextCustomizer@5629510, org.springframework.boot.test.mock.mockito.MockitoContextCustomizer@0], contextLoader = 'org.springframework.test.context.support.DelegatingSmartContextLoader', parent = [null]]]
12:41:23.733 [Test worker] DEBUG org.springframework.test.context.cache - Spring test ApplicationContext cache statistics: [DefaultContextCache@1bdbf9be size = 1, maxSize = 32, parentContextCount = 0, hitCount = 94, missCount = 1]
12:41:23.735 [Test worker] DEBUG org.springframework.test.context.cache.DefaultCacheAwareContextLoaderDelegate - Retrieved ApplicationContext [15477956] from cache with key [[MergedContextConfiguration@7103cb56 testClass = ConfigPropertiesTest, locations = '{}', classes = '{}', contextInitializerClasses = '[]', activeProfiles = '{}', propertySourceLocations = '{classpath:config-test.properties}', propertySourceProperties = '{}', contextCustomizers = set[org.springframework.boot.test.autoconfigure.actuate.metrics.MetricsExportContextCustomizerFactory$DisableMetricExportContextCustomizer@2f1de2d6, org.springframework.boot.test.autoconfigure.properties.PropertyMappingContextCustomizer@0, org.springframework.boot.test.autoconfigure.web.servlet.WebDriverContextCustomizerFactory$Customizer@38831718, [ImportsContextCustomizer@1b765a2c key = [@org.springframework.test.context.TestPropertySource(locations={}, value={"classpath:config-test.properties"}, inheritProperties=true, properties={}, inheritLocations=true), @org.springframework.context.annotation.Import({org.springframework.boot.context.properties.EnableConfigurationPropertiesRegistrar.class}), @org.springframework.boot.context.properties.EnableConfigurationProperties({com.example.currencyrate.config.ConfigProperties.class})]], org.springframework.boot.test.context.filter.ExcludeFilterContextCustomizer@28ec166e, org.springframework.boot.test.json.DuplicateJsonObjectContextCustomizerFactory$DuplicateJsonObjectContextCustomizer@5629510, org.springframework.boot.test.mock.mockito.MockitoContextCustomizer@0], contextLoader = 'org.springframework.test.context.support.DelegatingSmartContextLoader', parent = [null]]]
12:41:23.735 [Test worker] DEBUG org.springframework.test.context.cache - Spring test ApplicationContext cache statistics: [DefaultContextCache@1bdbf9be size = 1, maxSize = 32, parentContextCount = 0, hitCount = 95, missCount = 1]
12:41:23.737 [Test worker] DEBUG org.springframework.test.context.cache.DefaultCacheAwareContextLoaderDelegate - Retrieved ApplicationContext [15477956] from cache with key [[MergedContextConfiguration@7103cb56 testClass = ConfigPropertiesTest, locations = '{}', classes = '{}', contextInitializerClasses = '[]', activeProfiles = '{}', propertySourceLocations = '{classpath:config-test.properties}', propertySourceProperties = '{}', contextCustomizers = set[org.springframework.boot.test.autoconfigure.actuate.metrics.MetricsExportContextCustomizerFactory$DisableMetricExportContextCustomizer@2f1de2d6, org.springframework.boot.test.autoconfigure.properties.PropertyMappingContextCustomizer@0, org.springframework.boot.test.autoconfigure.web.servlet.WebDriverContextCustomizerFactory$Customizer@38831718, [ImportsContextCustomizer@1b765a2c key = [@org.springframework.test.context.TestPropertySource(locations={}, value={"classpath:config-test.properties"}, inheritProperties=true, properties={}, inheritLocations=true), @org.springframework.context.annotation.Import({org.springframework.boot.context.properties.EnableConfigurationPropertiesRegistrar.class}), @org.springframework.boot.context.properties.EnableConfigurationProperties({com.example.currencyrate.config.ConfigProperties.class})]], org.springframework.boot.test.context.filter.ExcludeFilterContextCustomizer@28ec166e, org.springframework.boot.test.json.DuplicateJsonObjectContextCustomizerFactory$DuplicateJsonObjectContextCustomizer@5629510, org.springframework.boot.test.mock.mockito.MockitoContextCustomizer@0], contextLoader = 'org.springframework.test.context.support.DelegatingSmartContextLoader', parent = [null]]]
12:41:23.741 [Test worker] DEBUG org.springframework.test.context.cache - Spring test ApplicationContext cache statistics: [DefaultContextCache@1bdbf9be size = 1, maxSize = 32, parentContextCount = 0, hitCount = 96, missCount = 1]
12:41:23.762 [Test worker] DEBUG org.springframework.test.context.cache.DefaultCacheAwareContextLoaderDelegate - Retrieved ApplicationContext [15477956] from cache with key [[MergedContextConfiguration@7103cb56 testClass = ConfigPropertiesTest, locations = '{}', classes = '{}', contextInitializerClasses = '[]', activeProfiles = '{}', propertySourceLocations = '{classpath:config-test.properties}', propertySourceProperties = '{}', contextCustomizers = set[org.springframework.boot.test.autoconfigure.actuate.metrics.MetricsExportContextCustomizerFactory$DisableMetricExportContextCustomizer@2f1de2d6, org.springframework.boot.test.autoconfigure.properties.PropertyMappingContextCustomizer@0, org.springframework.boot.test.autoconfigure.web.servlet.WebDriverContextCustomizerFactory$Customizer@38831718, [ImportsContextCustomizer@1b765a2c key = [@org.springframework.test.context.TestPropertySource(locations={}, value={"classpath:config-test.properties"}, inheritProperties=true, properties={}, inheritLocations=true), @org.springframework.context.annotation.Import({org.springframework.boot.context.properties.EnableConfigurationPropertiesRegistrar.class}), @org.springframework.boot.context.properties.EnableConfigurationProperties({com.example.currencyrate.config.ConfigProperties.class})]], org.springframework.boot.test.context.filter.ExcludeFilterContextCustomizer@28ec166e, org.springframework.boot.test.json.DuplicateJsonObjectContextCustomizerFactory$DuplicateJsonObjectContextCustomizer@5629510, org.springframework.boot.test.mock.mockito.MockitoContextCustomizer@0], contextLoader = 'org.springframework.test.context.support.DelegatingSmartContextLoader', parent = [null]]]
12:41:23.762 [Test worker] DEBUG org.springframework.test.context.cache - Spring test ApplicationContext cache statistics: [DefaultContextCache@1bdbf9be size = 1, maxSize = 32, parentContextCount = 0, hitCount = 97, missCount = 1]
12:41:23.773 [Test worker] DEBUG org.springframework.test.context.cache.DefaultCacheAwareContextLoaderDelegate - Retrieved ApplicationContext [15477956] from cache with key [[MergedContextConfiguration@7103cb56 testClass = ConfigPropertiesTest, locations = '{}', classes = '{}', contextInitializerClasses = '[]', activeProfiles = '{}', propertySourceLocations = '{classpath:config-test.properties}', propertySourceProperties = '{}', contextCustomizers = set[org.springframework.boot.test.autoconfigure.actuate.metrics.MetricsExportContextCustomizerFactory$DisableMetricExportContextCustomizer@2f1de2d6, org.springframework.boot.test.autoconfigure.properties.PropertyMappingContextCustomizer@0, org.springframework.boot.test.autoconfigure.web.servlet.WebDriverContextCustomizerFactory$Customizer@38831718, [ImportsContextCustomizer@1b765a2c key = [@org.springframework.test.context.TestPropertySource(locations={}, value={"classpath:config-test.properties"}, inheritProperties=true, properties={}, inheritLocations=true), @org.springframework.context.annotation.Import({org.springframework.boot.context.properties.EnableConfigurationPropertiesRegistrar.class}), @org.springframework.boot.context.properties.EnableConfigurationProperties({com.example.currencyrate.config.ConfigProperties.class})]], org.springframework.boot.test.context.filter.ExcludeFilterContextCustomizer@28ec166e, org.springframework.boot.test.json.DuplicateJsonObjectContextCustomizerFactory$DuplicateJsonObjectContextCustomizer@5629510, org.springframework.boot.test.mock.mockito.MockitoContextCustomizer@0], contextLoader = 'org.springframework.test.context.support.DelegatingSmartContextLoader', parent = [null]]]
12:41:23.774 [Test worker] DEBUG org.springframework.test.context.cache - Spring test ApplicationContext cache statistics: [DefaultContextCache@1bdbf9be size = 1, maxSize = 32, parentContextCount = 0, hitCount = 98, missCount = 1]
12:41:23.779 [Test worker] DEBUG org.springframework.test.context.support.AbstractDirtiesContextTestExecutionListener - After test method: context [DefaultTestContext@178213b testClass = ConfigPropertiesTest, testInstance = com.example.currencyrate.ConfigPropertiesTest@3936df72, testMethod = configPropertiesSetUrlGifNull@ConfigPropertiesTest, testException = [null], mergedContextConfiguration = [MergedContextConfiguration@7103cb56 testClass = ConfigPropertiesTest, locations = '{}', classes = '{}', contextInitializerClasses = '[]', activeProfiles = '{}', propertySourceLocations = '{classpath:config-test.properties}', propertySourceProperties = '{}', contextCustomizers = set[org.springframework.boot.test.autoconfigure.actuate.metrics.MetricsExportContextCustomizerFactory$DisableMetricExportContextCustomizer@2f1de2d6, org.springframework.boot.test.autoconfigure.properties.PropertyMappingContextCustomizer@0, org.springframework.boot.test.autoconfigure.web.servlet.WebDriverContextCustomizerFactory$Customizer@38831718, [ImportsContextCustomizer@1b765a2c key = [@org.springframework.test.context.TestPropertySource(locations={}, value={"classpath:config-test.properties"}, inheritProperties=true, properties={}, inheritLocations=true), @org.springframework.context.annotation.Import({org.springframework.boot.context.properties.EnableConfigurationPropertiesRegistrar.class}), @org.springframework.boot.context.properties.EnableConfigurationProperties({com.example.currencyrate.config.ConfigProperties.class})]], org.springframework.boot.test.context.filter.ExcludeFilterContextCustomizer@28ec166e, org.springframework.boot.test.json.DuplicateJsonObjectContextCustomizerFactory$DuplicateJsonObjectContextCustomizer@5629510, org.springframework.boot.test.mock.mockito.MockitoContextCustomizer@0], contextLoader = 'org.springframework.test.context.support.DelegatingSmartContextLoader', parent = [null]], attributes = map['org.springframework.test.context.event.ApplicationEventsTestExecutionListener.recordApplicationEvents' -> false]], class annotated with @DirtiesContext [false] with mode [null], method annotated with @DirtiesContext [false] with mode [null].
12:41:23.792 [Test worker] DEBUG org.springframework.test.context.support.DependencyInjectionTestExecutionListener - Performing dependency injection for test context [[DefaultTestContext@178213b testClass = ConfigPropertiesTest, testInstance = com.example.currencyrate.ConfigPropertiesTest@12d1f1d4, testMethod = [null], testException = [null], mergedContextConfiguration = [MergedContextConfiguration@7103cb56 testClass = ConfigPropertiesTest, locations = '{}', classes = '{}', contextInitializerClasses = '[]', activeProfiles = '{}', propertySourceLocations = '{classpath:config-test.properties}', propertySourceProperties = '{}', contextCustomizers = set[org.springframework.boot.test.autoconfigure.actuate.metrics.MetricsExportContextCustomizerFactory$DisableMetricExportContextCustomizer@2f1de2d6, org.springframework.boot.test.autoconfigure.properties.PropertyMappingContextCustomizer@0, org.springframework.boot.test.autoconfigure.web.servlet.WebDriverContextCustomizerFactory$Customizer@38831718, [ImportsContextCustomizer@1b765a2c key = [@org.springframework.test.context.TestPropertySource(locations={}, value={"classpath:config-test.properties"}, inheritProperties=true, properties={}, inheritLocations=true), @org.springframework.context.annotation.Import({org.springframework.boot.context.properties.EnableConfigurationPropertiesRegistrar.class}), @org.springframework.boot.context.properties.EnableConfigurationProperties({com.example.currencyrate.config.ConfigProperties.class})]], org.springframework.boot.test.context.filter.ExcludeFilterContextCustomizer@28ec166e, org.springframework.boot.test.json.DuplicateJsonObjectContextCustomizerFactory$DuplicateJsonObjectContextCustomizer@5629510, org.springframework.boot.test.mock.mockito.MockitoContextCustomizer@0], contextLoader = 'org.springframework.test.context.support.DelegatingSmartContextLoader', parent = [null]], attributes = map['org.springframework.test.context.event.ApplicationEventsTestExecutionListener.recordApplicationEvents' -> false]]].
12:41:23.793 [Test worker] DEBUG org.springframework.test.context.cache.DefaultCacheAwareContextLoaderDelegate - Retrieved ApplicationContext [15477956] from cache with key [[MergedContextConfiguration@7103cb56 testClass = ConfigPropertiesTest, locations = '{}', classes = '{}', contextInitializerClasses = '[]', activeProfiles = '{}', propertySourceLocations = '{classpath:config-test.properties}', propertySourceProperties = '{}', contextCustomizers = set[org.springframework.boot.test.autoconfigure.actuate.metrics.MetricsExportContextCustomizerFactory$DisableMetricExportContextCustomizer@2f1de2d6, org.springframework.boot.test.autoconfigure.properties.PropertyMappingContextCustomizer@0, org.springframework.boot.test.autoconfigure.web.servlet.WebDriverContextCustomizerFactory$Customizer@38831718, [ImportsContextCustomizer@1b765a2c key = [@org.springframework.test.context.TestPropertySource(locations={}, value={"classpath:config-test.properties"}, inheritProperties=true, properties={}, inheritLocations=true), @org.springframework.context.annotation.Import({org.springframework.boot.context.properties.EnableConfigurationPropertiesRegistrar.class}), @org.springframework.boot.context.properties.EnableConfigurationProperties({com.example.currencyrate.config.ConfigProperties.class})]], org.springframework.boot.test.context.filter.ExcludeFilterContextCustomizer@28ec166e, org.springframework.boot.test.json.DuplicateJsonObjectContextCustomizerFactory$DuplicateJsonObjectContextCustomizer@5629510, org.springframework.boot.test.mock.mockito.MockitoContextCustomizer@0], contextLoader = 'org.springframework.test.context.support.DelegatingSmartContextLoader', parent = [null]]]
12:41:23.794 [Test worker] DEBUG org.springframework.test.context.cache - Spring test ApplicationContext cache statistics: [DefaultContextCache@1bdbf9be size = 1, maxSize = 32, parentContextCount = 0, hitCount = 99, missCount = 1]
12:41:23.795 [Test worker] DEBUG org.springframework.test.context.cache.DefaultCacheAwareContextLoaderDelegate - Retrieved ApplicationContext [15477956] from cache with key [[MergedContextConfiguration@7103cb56 testClass = ConfigPropertiesTest, locations = '{}', classes = '{}', contextInitializerClasses = '[]', activeProfiles = '{}', propertySourceLocations = '{classpath:config-test.properties}', propertySourceProperties = '{}', contextCustomizers = set[org.springframework.boot.test.autoconfigure.actuate.metrics.MetricsExportContextCustomizerFactory$DisableMetricExportContextCustomizer@2f1de2d6, org.springframework.boot.test.autoconfigure.properties.PropertyMappingContextCustomizer@0, org.springframework.boot.test.autoconfigure.web.servlet.WebDriverContextCustomizerFactory$Customizer@38831718, [ImportsContextCustomizer@1b765a2c key = [@org.springframework.test.context.TestPropertySource(locations={}, value={"classpath:config-test.properties"}, inheritProperties=true, properties={}, inheritLocations=true), @org.springframework.context.annotation.Import({org.springframework.boot.context.properties.EnableConfigurationPropertiesRegistrar.class}), @org.springframework.boot.context.properties.EnableConfigurationProperties({com.example.currencyrate.config.ConfigProperties.class})]], org.springframework.boot.test.context.filter.ExcludeFilterContextCustomizer@28ec166e, org.springframework.boot.test.json.DuplicateJsonObjectContextCustomizerFactory$DuplicateJsonObjectContextCustomizer@5629510, org.springframework.boot.test.mock.mockito.MockitoContextCustomizer@0], contextLoader = 'org.springframework.test.context.support.DelegatingSmartContextLoader', parent = [null]]]
12:41:23.801 [Test worker] DEBUG org.springframework.test.context.cache - Spring test ApplicationContext cache statistics: [DefaultContextCache@1bdbf9be size = 1, maxSize = 32, parentContextCount = 0, hitCount = 100, missCount = 1]
12:41:23.808 [Test worker] DEBUG org.springframework.test.context.support.AbstractDirtiesContextTestExecutionListener - Before test method: context [DefaultTestContext@178213b testClass = ConfigPropertiesTest, testInstance = com.example.currencyrate.ConfigPropertiesTest@12d1f1d4, testMethod = configPropertiesUrlGifError@ConfigPropertiesTest, testException = [null], mergedContextConfiguration = [MergedContextConfiguration@7103cb56 testClass = ConfigPropertiesTest, locations = '{}', classes = '{}', contextInitializerClasses = '[]', activeProfiles = '{}', propertySourceLocations = '{classpath:config-test.properties}', propertySourceProperties = '{}', contextCustomizers = set[org.springframework.boot.test.autoconfigure.actuate.metrics.MetricsExportContextCustomizerFactory$DisableMetricExportContextCustomizer@2f1de2d6, org.springframework.boot.test.autoconfigure.properties.PropertyMappingContextCustomizer@0, org.springframework.boot.test.autoconfigure.web.servlet.WebDriverContextCustomizerFactory$Customizer@38831718, [ImportsContextCustomizer@1b765a2c key = [@org.springframework.test.context.TestPropertySource(locations={}, value={"classpath:config-test.properties"}, inheritProperties=true, properties={}, inheritLocations=true), @org.springframework.context.annotation.Import({org.springframework.boot.context.properties.EnableConfigurationPropertiesRegistrar.class}), @org.springframework.boot.context.properties.EnableConfigurationProperties({com.example.currencyrate.config.ConfigProperties.class})]], org.springframework.boot.test.context.filter.ExcludeFilterContextCustomizer@28ec166e, org.springframework.boot.test.json.DuplicateJsonObjectContextCustomizerFactory$DuplicateJsonObjectContextCustomizer@5629510, org.springframework.boot.test.mock.mockito.MockitoContextCustomizer@0], contextLoader = 'org.springframework.test.context.support.DelegatingSmartContextLoader', parent = [null]], attributes = map['org.springframework.test.context.event.ApplicationEventsTestExecutionListener.recordApplicationEvents' -> false]], class annotated with @DirtiesContext [false] with mode [null], method annotated with @DirtiesContext [false] with mode [null].
12:41:23.811 [Test worker] DEBUG org.springframework.test.context.cache.DefaultCacheAwareContextLoaderDelegate - Retrieved ApplicationContext [15477956] from cache with key [[MergedContextConfiguration@7103cb56 testClass = ConfigPropertiesTest, locations = '{}', classes = '{}', contextInitializerClasses = '[]', activeProfiles = '{}', propertySourceLocations = '{classpath:config-test.properties}', propertySourceProperties = '{}', contextCustomizers = set[org.springframework.boot.test.autoconfigure.actuate.metrics.MetricsExportContextCustomizerFactory$DisableMetricExportContextCustomizer@2f1de2d6, org.springframework.boot.test.autoconfigure.properties.PropertyMappingContextCustomizer@0, org.springframework.boot.test.autoconfigure.web.servlet.WebDriverContextCustomizerFactory$Customizer@38831718, [ImportsContextCustomizer@1b765a2c key = [@org.springframework.test.context.TestPropertySource(locations={}, value={"classpath:config-test.properties"}, inheritProperties=true, properties={}, inheritLocations=true), @org.springframework.context.annotation.Import({org.springframework.boot.context.properties.EnableConfigurationPropertiesRegistrar.class}), @org.springframework.boot.context.properties.EnableConfigurationProperties({com.example.currencyrate.config.ConfigProperties.class})]], org.springframework.boot.test.context.filter.ExcludeFilterContextCustomizer@28ec166e, org.springframework.boot.test.json.DuplicateJsonObjectContextCustomizerFactory$DuplicateJsonObjectContextCustomizer@5629510, org.springframework.boot.test.mock.mockito.MockitoContextCustomizer@0], contextLoader = 'org.springframework.test.context.support.DelegatingSmartContextLoader', parent = [null]]]
12:41:23.811 [Test worker] DEBUG org.springframework.test.context.cache - Spring test ApplicationContext cache statistics: [DefaultContextCache@1bdbf9be size = 1, maxSize = 32, parentContextCount = 0, hitCount = 101, missCount = 1]
12:41:23.813 [Test worker] DEBUG org.springframework.test.context.cache.DefaultCacheAwareContextLoaderDelegate - Retrieved ApplicationContext [15477956] from cache with key [[MergedContextConfiguration@7103cb56 testClass = ConfigPropertiesTest, locations = '{}', classes = '{}', contextInitializerClasses = '[]', activeProfiles = '{}', propertySourceLocations = '{classpath:config-test.properties}', propertySourceProperties = '{}', contextCustomizers = set[org.springframework.boot.test.autoconfigure.actuate.metrics.MetricsExportContextCustomizerFactory$DisableMetricExportContextCustomizer@2f1de2d6, org.springframework.boot.test.autoconfigure.properties.PropertyMappingContextCustomizer@0, org.springframework.boot.test.autoconfigure.web.servlet.WebDriverContextCustomizerFactory$Customizer@38831718, [ImportsContextCustomizer@1b765a2c key = [@org.springframework.test.context.TestPropertySource(locations={}, value={"classpath:config-test.properties"}, inheritProperties=true, properties={}, inheritLocations=true), @org.springframework.context.annotation.Import({org.springframework.boot.context.properties.EnableConfigurationPropertiesRegistrar.class}), @org.springframework.boot.context.properties.EnableConfigurationProperties({com.example.currencyrate.config.ConfigProperties.class})]], org.springframework.boot.test.context.filter.ExcludeFilterContextCustomizer@28ec166e, org.springframework.boot.test.json.DuplicateJsonObjectContextCustomizerFactory$DuplicateJsonObjectContextCustomizer@5629510, org.springframework.boot.test.mock.mockito.MockitoContextCustomizer@0], contextLoader = 'org.springframework.test.context.support.DelegatingSmartContextLoader', parent = [null]]]
12:41:23.814 [Test worker] DEBUG org.springframework.test.context.cache - Spring test ApplicationContext cache statistics: [DefaultContextCache@1bdbf9be size = 1, maxSize = 32, parentContextCount = 0, hitCount = 102, missCount = 1]
12:41:23.818 [Test worker] DEBUG org.springframework.test.context.cache.DefaultCacheAwareContextLoaderDelegate - Retrieved ApplicationContext [15477956] from cache with key [[MergedContextConfiguration@7103cb56 testClass = ConfigPropertiesTest, locations = '{}', classes = '{}', contextInitializerClasses = '[]', activeProfiles = '{}', propertySourceLocations = '{classpath:config-test.properties}', propertySourceProperties = '{}', contextCustomizers = set[org.springframework.boot.test.autoconfigure.actuate.metrics.MetricsExportContextCustomizerFactory$DisableMetricExportContextCustomizer@2f1de2d6, org.springframework.boot.test.autoconfigure.properties.PropertyMappingContextCustomizer@0, org.springframework.boot.test.autoconfigure.web.servlet.WebDriverContextCustomizerFactory$Customizer@38831718, [ImportsContextCustomizer@1b765a2c key = [@org.springframework.test.context.TestPropertySource(locations={}, value={"classpath:config-test.properties"}, inheritProperties=true, properties={}, inheritLocations=true), @org.springframework.context.annotation.Import({org.springframework.boot.context.properties.EnableConfigurationPropertiesRegistrar.class}), @org.springframework.boot.context.properties.EnableConfigurationProperties({com.example.currencyrate.config.ConfigProperties.class})]], org.springframework.boot.test.context.filter.ExcludeFilterContextCustomizer@28ec166e, org.springframework.boot.test.json.DuplicateJsonObjectContextCustomizerFactory$DuplicateJsonObjectContextCustomizer@5629510, org.springframework.boot.test.mock.mockito.MockitoContextCustomizer@0], contextLoader = 'org.springframework.test.context.support.DelegatingSmartContextLoader', parent = [null]]]
12:41:23.818 [Test worker] DEBUG org.springframework.test.context.cache - Spring test ApplicationContext cache statistics: [DefaultContextCache@1bdbf9be size = 1, maxSize = 32, parentContextCount = 0, hitCount = 103, missCount = 1]
12:41:23.821 [Test worker] DEBUG org.springframework.test.context.cache.DefaultCacheAwareContextLoaderDelegate - Retrieved ApplicationContext [15477956] from cache with key [[MergedContextConfiguration@7103cb56 testClass = ConfigPropertiesTest, locations = '{}', classes = '{}', contextInitializerClasses = '[]', activeProfiles = '{}', propertySourceLocations = '{classpath:config-test.properties}', propertySourceProperties = '{}', contextCustomizers = set[org.springframework.boot.test.autoconfigure.actuate.metrics.MetricsExportContextCustomizerFactory$DisableMetricExportContextCustomizer@2f1de2d6, org.springframework.boot.test.autoconfigure.properties.PropertyMappingContextCustomizer@0, org.springframework.boot.test.autoconfigure.web.servlet.WebDriverContextCustomizerFactory$Customizer@38831718, [ImportsContextCustomizer@1b765a2c key = [@org.springframework.test.context.TestPropertySource(locations={}, value={"classpath:config-test.properties"}, inheritProperties=true, properties={}, inheritLocations=true), @org.springframework.context.annotation.Import({org.springframework.boot.context.properties.EnableConfigurationPropertiesRegistrar.class}), @org.springframework.boot.context.properties.EnableConfigurationProperties({com.example.currencyrate.config.ConfigProperties.class})]], org.springframework.boot.test.context.filter.ExcludeFilterContextCustomizer@28ec166e, org.springframework.boot.test.json.DuplicateJsonObjectContextCustomizerFactory$DuplicateJsonObjectContextCustomizer@5629510, org.springframework.boot.test.mock.mockito.MockitoContextCustomizer@0], contextLoader = 'org.springframework.test.context.support.DelegatingSmartContextLoader', parent = [null]]]
12:41:23.822 [Test worker] DEBUG org.springframework.test.context.cache - Spring test ApplicationContext cache statistics: [DefaultContextCache@1bdbf9be size = 1, maxSize = 32, parentContextCount = 0, hitCount = 104, missCount = 1]
12:41:23.824 [Test worker] DEBUG org.springframework.test.context.cache.DefaultCacheAwareContextLoaderDelegate - Retrieved ApplicationContext [15477956] from cache with key [[MergedContextConfiguration@7103cb56 testClass = ConfigPropertiesTest, locations = '{}', classes = '{}', contextInitializerClasses = '[]', activeProfiles = '{}', propertySourceLocations = '{classpath:config-test.properties}', propertySourceProperties = '{}', contextCustomizers = set[org.springframework.boot.test.autoconfigure.actuate.metrics.MetricsExportContextCustomizerFactory$DisableMetricExportContextCustomizer@2f1de2d6, org.springframework.boot.test.autoconfigure.properties.PropertyMappingContextCustomizer@0, org.springframework.boot.test.autoconfigure.web.servlet.WebDriverContextCustomizerFactory$Customizer@38831718, [ImportsContextCustomizer@1b765a2c key = [@org.springframework.test.context.TestPropertySource(locations={}, value={"classpath:config-test.properties"}, inheritProperties=true, properties={}, inheritLocations=true), @org.springframework.context.annotation.Import({org.springframework.boot.context.properties.EnableConfigurationPropertiesRegistrar.class}), @org.springframework.boot.context.properties.EnableConfigurationProperties({com.example.currencyrate.config.ConfigProperties.class})]], org.springframework.boot.test.context.filter.ExcludeFilterContextCustomizer@28ec166e, org.springframework.boot.test.json.DuplicateJsonObjectContextCustomizerFactory$DuplicateJsonObjectContextCustomizer@5629510, org.springframework.boot.test.mock.mockito.MockitoContextCustomizer@0], contextLoader = 'org.springframework.test.context.support.DelegatingSmartContextLoader', parent = [null]]]
12:41:23.825 [Test worker] DEBUG org.springframework.test.context.cache - Spring test ApplicationContext cache statistics: [DefaultContextCache@1bdbf9be size = 1, maxSize = 32, parentContextCount = 0, hitCount = 105, missCount = 1]
12:41:23.827 [Test worker] DEBUG org.springframework.test.context.cache.DefaultCacheAwareContextLoaderDelegate - Retrieved ApplicationContext [15477956] from cache with key [[MergedContextConfiguration@7103cb56 testClass = ConfigPropertiesTest, locations = '{}', classes = '{}', contextInitializerClasses = '[]', activeProfiles = '{}', propertySourceLocations = '{classpath:config-test.properties}', propertySourceProperties = '{}', contextCustomizers = set[org.springframework.boot.test.autoconfigure.actuate.metrics.MetricsExportContextCustomizerFactory$DisableMetricExportContextCustomizer@2f1de2d6, org.springframework.boot.test.autoconfigure.properties.PropertyMappingContextCustomizer@0, org.springframework.boot.test.autoconfigure.web.servlet.WebDriverContextCustomizerFactory$Customizer@38831718, [ImportsContextCustomizer@1b765a2c key = [@org.springframework.test.context.TestPropertySource(locations={}, value={"classpath:config-test.properties"}, inheritProperties=true, properties={}, inheritLocations=true), @org.springframework.context.annotation.Import({org.springframework.boot.context.properties.EnableConfigurationPropertiesRegistrar.class}), @org.springframework.boot.context.properties.EnableConfigurationProperties({com.example.currencyrate.config.ConfigProperties.class})]], org.springframework.boot.test.context.filter.ExcludeFilterContextCustomizer@28ec166e, org.springframework.boot.test.json.DuplicateJsonObjectContextCustomizerFactory$DuplicateJsonObjectContextCustomizer@5629510, org.springframework.boot.test.mock.mockito.MockitoContextCustomizer@0], contextLoader = 'org.springframework.test.context.support.DelegatingSmartContextLoader', parent = [null]]]
12:41:23.827 [Test worker] DEBUG org.springframework.test.context.cache - Spring test ApplicationContext cache statistics: [DefaultContextCache@1bdbf9be size = 1, maxSize = 32, parentContextCount = 0, hitCount = 106, missCount = 1]
12:41:23.829 [Test worker] DEBUG org.springframework.test.context.cache.DefaultCacheAwareContextLoaderDelegate - Retrieved ApplicationContext [15477956] from cache with key [[MergedContextConfiguration@7103cb56 testClass = ConfigPropertiesTest, locations = '{}', classes = '{}', contextInitializerClasses = '[]', activeProfiles = '{}', propertySourceLocations = '{classpath:config-test.properties}', propertySourceProperties = '{}', contextCustomizers = set[org.springframework.boot.test.autoconfigure.actuate.metrics.MetricsExportContextCustomizerFactory$DisableMetricExportContextCustomizer@2f1de2d6, org.springframework.boot.test.autoconfigure.properties.PropertyMappingContextCustomizer@0, org.springframework.boot.test.autoconfigure.web.servlet.WebDriverContextCustomizerFactory$Customizer@38831718, [ImportsContextCustomizer@1b765a2c key = [@org.springframework.test.context.TestPropertySource(locations={}, value={"classpath:config-test.properties"}, inheritProperties=true, properties={}, inheritLocations=true), @org.springframework.context.annotation.Import({org.springframework.boot.context.properties.EnableConfigurationPropertiesRegistrar.class}), @org.springframework.boot.context.properties.EnableConfigurationProperties({com.example.currencyrate.config.ConfigProperties.class})]], org.springframework.boot.test.context.filter.ExcludeFilterContextCustomizer@28ec166e, org.springframework.boot.test.json.DuplicateJsonObjectContextCustomizerFactory$DuplicateJsonObjectContextCustomizer@5629510, org.springframework.boot.test.mock.mockito.MockitoContextCustomizer@0], contextLoader = 'org.springframework.test.context.support.DelegatingSmartContextLoader', parent = [null]]]
12:41:23.830 [Test worker] DEBUG org.springframework.test.context.cache - Spring test ApplicationContext cache statistics: [DefaultContextCache@1bdbf9be size = 1, maxSize = 32, parentContextCount = 0, hitCount = 107, missCount = 1]
12:41:23.831 [Test worker] DEBUG org.springframework.test.context.cache.DefaultCacheAwareContextLoaderDelegate - Retrieved ApplicationContext [15477956] from cache with key [[MergedContextConfiguration@7103cb56 testClass = ConfigPropertiesTest, locations = '{}', classes = '{}', contextInitializerClasses = '[]', activeProfiles = '{}', propertySourceLocations = '{classpath:config-test.properties}', propertySourceProperties = '{}', contextCustomizers = set[org.springframework.boot.test.autoconfigure.actuate.metrics.MetricsExportContextCustomizerFactory$DisableMetricExportContextCustomizer@2f1de2d6, org.springframework.boot.test.autoconfigure.properties.PropertyMappingContextCustomizer@0, org.springframework.boot.test.autoconfigure.web.servlet.WebDriverContextCustomizerFactory$Customizer@38831718, [ImportsContextCustomizer@1b765a2c key = [@org.springframework.test.context.TestPropertySource(locations={}, value={"classpath:config-test.properties"}, inheritProperties=true, properties={}, inheritLocations=true), @org.springframework.context.annotation.Import({org.springframework.boot.context.properties.EnableConfigurationPropertiesRegistrar.class}), @org.springframework.boot.context.properties.EnableConfigurationProperties({com.example.currencyrate.config.ConfigProperties.class})]], org.springframework.boot.test.context.filter.ExcludeFilterContextCustomizer@28ec166e, org.springframework.boot.test.json.DuplicateJsonObjectContextCustomizerFactory$DuplicateJsonObjectContextCustomizer@5629510, org.springframework.boot.test.mock.mockito.MockitoContextCustomizer@0], contextLoader = 'org.springframework.test.context.support.DelegatingSmartContextLoader', parent = [null]]]
12:41:23.833 [Test worker] DEBUG org.springframework.test.context.cache - Spring test ApplicationContext cache statistics: [DefaultContextCache@1bdbf9be size = 1, maxSize = 32, parentContextCount = 0, hitCount = 108, missCount = 1]
12:41:23.840 [Test worker] DEBUG org.springframework.test.context.cache.DefaultCacheAwareContextLoaderDelegate - Retrieved ApplicationContext [15477956] from cache with key [[MergedContextConfiguration@7103cb56 testClass = ConfigPropertiesTest, locations = '{}', classes = '{}', contextInitializerClasses = '[]', activeProfiles = '{}', propertySourceLocations = '{classpath:config-test.properties}', propertySourceProperties = '{}', contextCustomizers = set[org.springframework.boot.test.autoconfigure.actuate.metrics.MetricsExportContextCustomizerFactory$DisableMetricExportContextCustomizer@2f1de2d6, org.springframework.boot.test.autoconfigure.properties.PropertyMappingContextCustomizer@0, org.springframework.boot.test.autoconfigure.web.servlet.WebDriverContextCustomizerFactory$Customizer@38831718, [ImportsContextCustomizer@1b765a2c key = [@org.springframework.test.context.TestPropertySource(locations={}, value={"classpath:config-test.properties"}, inheritProperties=true, properties={}, inheritLocations=true), @org.springframework.context.annotation.Import({org.springframework.boot.context.properties.EnableConfigurationPropertiesRegistrar.class}), @org.springframework.boot.context.properties.EnableConfigurationProperties({com.example.currencyrate.config.ConfigProperties.class})]], org.springframework.boot.test.context.filter.ExcludeFilterContextCustomizer@28ec166e, org.springframework.boot.test.json.DuplicateJsonObjectContextCustomizerFactory$DuplicateJsonObjectContextCustomizer@5629510, org.springframework.boot.test.mock.mockito.MockitoContextCustomizer@0], contextLoader = 'org.springframework.test.context.support.DelegatingSmartContextLoader', parent = [null]]]
12:41:23.844 [Test worker] DEBUG org.springframework.test.context.cache - Spring test ApplicationContext cache statistics: [DefaultContextCache@1bdbf9be size = 1, maxSize = 32, parentContextCount = 0, hitCount = 109, missCount = 1]
12:41:23.847 [Test worker] DEBUG org.springframework.test.context.support.AbstractDirtiesContextTestExecutionListener - After test method: context [DefaultTestContext@178213b testClass = ConfigPropertiesTest, testInstance = com.example.currencyrate.ConfigPropertiesTest@12d1f1d4, testMethod = configPropertiesUrlGifError@ConfigPropertiesTest, testException = [null], mergedContextConfiguration = [MergedContextConfiguration@7103cb56 testClass = ConfigPropertiesTest, locations = '{}', classes = '{}', contextInitializerClasses = '[]', activeProfiles = '{}', propertySourceLocations = '{classpath:config-test.properties}', propertySourceProperties = '{}', contextCustomizers = set[org.springframework.boot.test.autoconfigure.actuate.metrics.MetricsExportContextCustomizerFactory$DisableMetricExportContextCustomizer@2f1de2d6, org.springframework.boot.test.autoconfigure.properties.PropertyMappingContextCustomizer@0, org.springframework.boot.test.autoconfigure.web.servlet.WebDriverContextCustomizerFactory$Customizer@38831718, [ImportsContextCustomizer@1b765a2c key = [@org.springframework.test.context.TestPropertySource(locations={}, value={"classpath:config-test.properties"}, inheritProperties=true, properties={}, inheritLocations=true), @org.springframework.context.annotation.Import({org.springframework.boot.context.properties.EnableConfigurationPropertiesRegistrar.class}), @org.springframework.boot.context.properties.EnableConfigurationProperties({com.example.currencyrate.config.ConfigProperties.class})]], org.springframework.boot.test.context.filter.ExcludeFilterContextCustomizer@28ec166e, org.springframework.boot.test.json.DuplicateJsonObjectContextCustomizerFactory$DuplicateJsonObjectContextCustomizer@5629510, org.springframework.boot.test.mock.mockito.MockitoContextCustomizer@0], contextLoader = 'org.springframework.test.context.support.DelegatingSmartContextLoader', parent = [null]], attributes = map['org.springframework.test.context.event.ApplicationEventsTestExecutionListener.recordApplicationEvents' -> false]], class annotated with @DirtiesContext [false] with mode [null], method annotated with @DirtiesContext [false] with mode [null].
12:41:23.851 [Test worker] DEBUG org.springframework.test.context.support.DependencyInjectionTestExecutionListener - Performing dependency injection for test context [[DefaultTestContext@178213b testClass = ConfigPropertiesTest, testInstance = com.example.currencyrate.ConfigPropertiesTest@75fa1be3, testMethod = [null], testException = [null], mergedContextConfiguration = [MergedContextConfiguration@7103cb56 testClass = ConfigPropertiesTest, locations = '{}', classes = '{}', contextInitializerClasses = '[]', activeProfiles = '{}', propertySourceLocations = '{classpath:config-test.properties}', propertySourceProperties = '{}', contextCustomizers = set[org.springframework.boot.test.autoconfigure.actuate.metrics.MetricsExportContextCustomizerFactory$DisableMetricExportContextCustomizer@2f1de2d6, org.springframework.boot.test.autoconfigure.properties.PropertyMappingContextCustomizer@0, org.springframework.boot.test.autoconfigure.web.servlet.WebDriverContextCustomizerFactory$Customizer@38831718, [ImportsContextCustomizer@1b765a2c key = [@org.springframework.test.context.TestPropertySource(locations={}, value={"classpath:config-test.properties"}, inheritProperties=true, properties={}, inheritLocations=true), @org.springframework.context.annotation.Import({org.springframework.boot.context.properties.EnableConfigurationPropertiesRegistrar.class}), @org.springframework.boot.context.properties.EnableConfigurationProperties({com.example.currencyrate.config.ConfigProperties.class})]], org.springframework.boot.test.context.filter.ExcludeFilterContextCustomizer@28ec166e, org.springframework.boot.test.json.DuplicateJsonObjectContextCustomizerFactory$DuplicateJsonObjectContextCustomizer@5629510, org.springframework.boot.test.mock.mockito.MockitoContextCustomizer@0], contextLoader = 'org.springframework.test.context.support.DelegatingSmartContextLoader', parent = [null]], attributes = map['org.springframework.test.context.event.ApplicationEventsTestExecutionListener.recordApplicationEvents' -> false]]].
12:41:23.852 [Test worker] DEBUG org.springframework.test.context.cache.DefaultCacheAwareContextLoaderDelegate - Retrieved ApplicationContext [15477956] from cache with key [[MergedContextConfiguration@7103cb56 testClass = ConfigPropertiesTest, locations = '{}', classes = '{}', contextInitializerClasses = '[]', activeProfiles = '{}', propertySourceLocations = '{classpath:config-test.properties}', propertySourceProperties = '{}', contextCustomizers = set[org.springframework.boot.test.autoconfigure.actuate.metrics.MetricsExportContextCustomizerFactory$DisableMetricExportContextCustomizer@2f1de2d6, org.springframework.boot.test.autoconfigure.properties.PropertyMappingContextCustomizer@0, org.springframework.boot.test.autoconfigure.web.servlet.WebDriverContextCustomizerFactory$Customizer@38831718, [ImportsContextCustomizer@1b765a2c key = [@org.springframework.test.context.TestPropertySource(locations={}, value={"classpath:config-test.properties"}, inheritProperties=true, properties={}, inheritLocations=true), @org.springframework.context.annotation.Import({org.springframework.boot.context.properties.EnableConfigurationPropertiesRegistrar.class}), @org.springframework.boot.context.properties.EnableConfigurationProperties({com.example.currencyrate.config.ConfigProperties.class})]], org.springframework.boot.test.context.filter.ExcludeFilterContextCustomizer@28ec166e, org.springframework.boot.test.json.DuplicateJsonObjectContextCustomizerFactory$DuplicateJsonObjectContextCustomizer@5629510, org.springframework.boot.test.mock.mockito.MockitoContextCustomizer@0], contextLoader = 'org.springframework.test.context.support.DelegatingSmartContextLoader', parent = [null]]]
12:41:23.852 [Test worker] DEBUG org.springframework.test.context.cache - Spring test ApplicationContext cache statistics: [DefaultContextCache@1bdbf9be size = 1, maxSize = 32, parentContextCount = 0, hitCount = 110, missCount = 1]
12:41:23.853 [Test worker] DEBUG org.springframework.test.context.cache.DefaultCacheAwareContextLoaderDelegate - Retrieved ApplicationContext [15477956] from cache with key [[MergedContextConfiguration@7103cb56 testClass = ConfigPropertiesTest, locations = '{}', classes = '{}', contextInitializerClasses = '[]', activeProfiles = '{}', propertySourceLocations = '{classpath:config-test.properties}', propertySourceProperties = '{}', contextCustomizers = set[org.springframework.boot.test.autoconfigure.actuate.metrics.MetricsExportContextCustomizerFactory$DisableMetricExportContextCustomizer@2f1de2d6, org.springframework.boot.test.autoconfigure.properties.PropertyMappingContextCustomizer@0, org.springframework.boot.test.autoconfigure.web.servlet.WebDriverContextCustomizerFactory$Customizer@38831718, [ImportsContextCustomizer@1b765a2c key = [@org.springframework.test.context.TestPropertySource(locations={}, value={"classpath:config-test.properties"}, inheritProperties=true, properties={}, inheritLocations=true), @org.springframework.context.annotation.Import({org.springframework.boot.context.properties.EnableConfigurationPropertiesRegistrar.class}), @org.springframework.boot.context.properties.EnableConfigurationProperties({com.example.currencyrate.config.ConfigProperties.class})]], org.springframework.boot.test.context.filter.ExcludeFilterContextCustomizer@28ec166e, org.springframework.boot.test.json.DuplicateJsonObjectContextCustomizerFactory$DuplicateJsonObjectContextCustomizer@5629510, org.springframework.boot.test.mock.mockito.MockitoContextCustomizer@0], contextLoader = 'org.springframework.test.context.support.DelegatingSmartContextLoader', parent = [null]]]
12:41:23.854 [Test worker] DEBUG org.springframework.test.context.cache - Spring test ApplicationContext cache statistics: [DefaultContextCache@1bdbf9be size = 1, maxSize = 32, parentContextCount = 0, hitCount = 111, missCount = 1]
12:41:23.860 [Test worker] DEBUG org.springframework.test.context.support.AbstractDirtiesContextTestExecutionListener - Before test method: context [DefaultTestContext@178213b testClass = ConfigPropertiesTest, testInstance = com.example.currencyrate.ConfigPropertiesTest@75fa1be3, testMethod = configPropertiesSetRequestWordUpNull@ConfigPropertiesTest, testException = [null], mergedContextConfiguration = [MergedContextConfiguration@7103cb56 testClass = ConfigPropertiesTest, locations = '{}', classes = '{}', contextInitializerClasses = '[]', activeProfiles = '{}', propertySourceLocations = '{classpath:config-test.properties}', propertySourceProperties = '{}', contextCustomizers = set[org.springframework.boot.test.autoconfigure.actuate.metrics.MetricsExportContextCustomizerFactory$DisableMetricExportContextCustomizer@2f1de2d6, org.springframework.boot.test.autoconfigure.properties.PropertyMappingContextCustomizer@0, org.springframework.boot.test.autoconfigure.web.servlet.WebDriverContextCustomizerFactory$Customizer@38831718, [ImportsContextCustomizer@1b765a2c key = [@org.springframework.test.context.TestPropertySource(locations={}, value={"classpath:config-test.properties"}, inheritProperties=true, properties={}, inheritLocations=true), @org.springframework.context.annotation.Import({org.springframework.boot.context.properties.EnableConfigurationPropertiesRegistrar.class}), @org.springframework.boot.context.properties.EnableConfigurationProperties({com.example.currencyrate.config.ConfigProperties.class})]], org.springframework.boot.test.context.filter.ExcludeFilterContextCustomizer@28ec166e, org.springframework.boot.test.json.DuplicateJsonObjectContextCustomizerFactory$DuplicateJsonObjectContextCustomizer@5629510, org.springframework.boot.test.mock.mockito.MockitoContextCustomizer@0], contextLoader = 'org.springframework.test.context.support.DelegatingSmartContextLoader', parent = [null]], attributes = map['org.springframework.test.context.event.ApplicationEventsTestExecutionListener.recordApplicationEvents' -> false]], class annotated with @DirtiesContext [false] with mode [null], method annotated with @DirtiesContext [false] with mode [null].
12:41:23.862 [Test worker] DEBUG org.springframework.test.context.cache.DefaultCacheAwareContextLoaderDelegate - Retrieved ApplicationContext [15477956] from cache with key [[MergedContextConfiguration@7103cb56 testClass = ConfigPropertiesTest, locations = '{}', classes = '{}', contextInitializerClasses = '[]', activeProfiles = '{}', propertySourceLocations = '{classpath:config-test.properties}', propertySourceProperties = '{}', contextCustomizers = set[org.springframework.boot.test.autoconfigure.actuate.metrics.MetricsExportContextCustomizerFactory$DisableMetricExportContextCustomizer@2f1de2d6, org.springframework.boot.test.autoconfigure.properties.PropertyMappingContextCustomizer@0, org.springframework.boot.test.autoconfigure.web.servlet.WebDriverContextCustomizerFactory$Customizer@38831718, [ImportsContextCustomizer@1b765a2c key = [@org.springframework.test.context.TestPropertySource(locations={}, value={"classpath:config-test.properties"}, inheritProperties=true, properties={}, inheritLocations=true), @org.springframework.context.annotation.Import({org.springframework.boot.context.properties.EnableConfigurationPropertiesRegistrar.class}), @org.springframework.boot.context.properties.EnableConfigurationProperties({com.example.currencyrate.config.ConfigProperties.class})]], org.springframework.boot.test.context.filter.ExcludeFilterContextCustomizer@28ec166e, org.springframework.boot.test.json.DuplicateJsonObjectContextCustomizerFactory$DuplicateJsonObjectContextCustomizer@5629510, org.springframework.boot.test.mock.mockito.MockitoContextCustomizer@0], contextLoader = 'org.springframework.test.context.support.DelegatingSmartContextLoader', parent = [null]]]
12:41:23.862 [Test worker] DEBUG org.springframework.test.context.cache - Spring test ApplicationContext cache statistics: [DefaultContextCache@1bdbf9be size = 1, maxSize = 32, parentContextCount = 0, hitCount = 112, missCount = 1]
12:41:23.864 [Test worker] DEBUG org.springframework.test.context.cache.DefaultCacheAwareContextLoaderDelegate - Retrieved ApplicationContext [15477956] from cache with key [[MergedContextConfiguration@7103cb56 testClass = ConfigPropertiesTest, locations = '{}', classes = '{}', contextInitializerClasses = '[]', activeProfiles = '{}', propertySourceLocations = '{classpath:config-test.properties}', propertySourceProperties = '{}', contextCustomizers = set[org.springframework.boot.test.autoconfigure.actuate.metrics.MetricsExportContextCustomizerFactory$DisableMetricExportContextCustomizer@2f1de2d6, org.springframework.boot.test.autoconfigure.properties.PropertyMappingContextCustomizer@0, org.springframework.boot.test.autoconfigure.web.servlet.WebDriverContextCustomizerFactory$Customizer@38831718, [ImportsContextCustomizer@1b765a2c key = [@org.springframework.test.context.TestPropertySource(locations={}, value={"classpath:config-test.properties"}, inheritProperties=true, properties={}, inheritLocations=true), @org.springframework.context.annotation.Import({org.springframework.boot.context.properties.EnableConfigurationPropertiesRegistrar.class}), @org.springframework.boot.context.properties.EnableConfigurationProperties({com.example.currencyrate.config.ConfigProperties.class})]], org.springframework.boot.test.context.filter.ExcludeFilterContextCustomizer@28ec166e, org.springframework.boot.test.json.DuplicateJsonObjectContextCustomizerFactory$DuplicateJsonObjectContextCustomizer@5629510, org.springframework.boot.test.mock.mockito.MockitoContextCustomizer@0], contextLoader = 'org.springframework.test.context.support.DelegatingSmartContextLoader', parent = [null]]]
12:41:23.864 [Test worker] DEBUG org.springframework.test.context.cache - Spring test ApplicationContext cache statistics: [DefaultContextCache@1bdbf9be size = 1, maxSize = 32, parentContextCount = 0, hitCount = 113, missCount = 1]
12:41:23.865 [Test worker] DEBUG org.springframework.test.context.cache.DefaultCacheAwareContextLoaderDelegate - Retrieved ApplicationContext [15477956] from cache with key [[MergedContextConfiguration@7103cb56 testClass = ConfigPropertiesTest, locations = '{}', classes = '{}', contextInitializerClasses = '[]', activeProfiles = '{}', propertySourceLocations = '{classpath:config-test.properties}', propertySourceProperties = '{}', contextCustomizers = set[org.springframework.boot.test.autoconfigure.actuate.metrics.MetricsExportContextCustomizerFactory$DisableMetricExportContextCustomizer@2f1de2d6, org.springframework.boot.test.autoconfigure.properties.PropertyMappingContextCustomizer@0, org.springframework.boot.test.autoconfigure.web.servlet.WebDriverContextCustomizerFactory$Customizer@38831718, [ImportsContextCustomizer@1b765a2c key = [@org.springframework.test.context.TestPropertySource(locations={}, value={"classpath:config-test.properties"}, inheritProperties=true, properties={}, inheritLocations=true), @org.springframework.context.annotation.Import({org.springframework.boot.context.properties.EnableConfigurationPropertiesRegistrar.class}), @org.springframework.boot.context.properties.EnableConfigurationProperties({com.example.currencyrate.config.ConfigProperties.class})]], org.springframework.boot.test.context.filter.ExcludeFilterContextCustomizer@28ec166e, org.springframework.boot.test.json.DuplicateJsonObjectContextCustomizerFactory$DuplicateJsonObjectContextCustomizer@5629510, org.springframework.boot.test.mock.mockito.MockitoContextCustomizer@0], contextLoader = 'org.springframework.test.context.support.DelegatingSmartContextLoader', parent = [null]]]
12:41:23.865 [Test worker] DEBUG org.springframework.test.context.cache - Spring test ApplicationContext cache statistics: [DefaultContextCache@1bdbf9be size = 1, maxSize = 32, parentContextCount = 0, hitCount = 114, missCount = 1]
12:41:23.868 [Test worker] DEBUG org.springframework.test.context.cache.DefaultCacheAwareContextLoaderDelegate - Retrieved ApplicationContext [15477956] from cache with key [[MergedContextConfiguration@7103cb56 testClass = ConfigPropertiesTest, locations = '{}', classes = '{}', contextInitializerClasses = '[]', activeProfiles = '{}', propertySourceLocations = '{classpath:config-test.properties}', propertySourceProperties = '{}', contextCustomizers = set[org.springframework.boot.test.autoconfigure.actuate.metrics.MetricsExportContextCustomizerFactory$DisableMetricExportContextCustomizer@2f1de2d6, org.springframework.boot.test.autoconfigure.properties.PropertyMappingContextCustomizer@0, org.springframework.boot.test.autoconfigure.web.servlet.WebDriverContextCustomizerFactory$Customizer@38831718, [ImportsContextCustomizer@1b765a2c key = [@org.springframework.test.context.TestPropertySource(locations={}, value={"classpath:config-test.properties"}, inheritProperties=true, properties={}, inheritLocations=true), @org.springframework.context.annotation.Import({org.springframework.boot.context.properties.EnableConfigurationPropertiesRegistrar.class}), @org.springframework.boot.context.properties.EnableConfigurationProperties({com.example.currencyrate.config.ConfigProperties.class})]], org.springframework.boot.test.context.filter.ExcludeFilterContextCustomizer@28ec166e, org.springframework.boot.test.json.DuplicateJsonObjectContextCustomizerFactory$DuplicateJsonObjectContextCustomizer@5629510, org.springframework.boot.test.mock.mockito.MockitoContextCustomizer@0], contextLoader = 'org.springframework.test.context.support.DelegatingSmartContextLoader', parent = [null]]]
12:41:23.868 [Test worker] DEBUG org.springframework.test.context.cache - Spring test ApplicationContext cache statistics: [DefaultContextCache@1bdbf9be size = 1, maxSize = 32, parentContextCount = 0, hitCount = 115, missCount = 1]
12:41:23.868 [Test worker] DEBUG org.springframework.test.context.cache.DefaultCacheAwareContextLoaderDelegate - Retrieved ApplicationContext [15477956] from cache with key [[MergedContextConfiguration@7103cb56 testClass = ConfigPropertiesTest, locations = '{}', classes = '{}', contextInitializerClasses = '[]', activeProfiles = '{}', propertySourceLocations = '{classpath:config-test.properties}', propertySourceProperties = '{}', contextCustomizers = set[org.springframework.boot.test.autoconfigure.actuate.metrics.MetricsExportContextCustomizerFactory$DisableMetricExportContextCustomizer@2f1de2d6, org.springframework.boot.test.autoconfigure.properties.PropertyMappingContextCustomizer@0, org.springframework.boot.test.autoconfigure.web.servlet.WebDriverContextCustomizerFactory$Customizer@38831718, [ImportsContextCustomizer@1b765a2c key = [@org.springframework.test.context.TestPropertySource(locations={}, value={"classpath:config-test.properties"}, inheritProperties=true, properties={}, inheritLocations=true), @org.springframework.context.annotation.Import({org.springframework.boot.context.properties.EnableConfigurationPropertiesRegistrar.class}), @org.springframework.boot.context.properties.EnableConfigurationProperties({com.example.currencyrate.config.ConfigProperties.class})]], org.springframework.boot.test.context.filter.ExcludeFilterContextCustomizer@28ec166e, org.springframework.boot.test.json.DuplicateJsonObjectContextCustomizerFactory$DuplicateJsonObjectContextCustomizer@5629510, org.springframework.boot.test.mock.mockito.MockitoContextCustomizer@0], contextLoader = 'org.springframework.test.context.support.DelegatingSmartContextLoader', parent = [null]]]
12:41:23.868 [Test worker] DEBUG org.springframework.test.context.cache - Spring test ApplicationContext cache statistics: [DefaultContextCache@1bdbf9be size = 1, maxSize = 32, parentContextCount = 0, hitCount = 116, missCount = 1]
12:41:23.870 [Test worker] DEBUG org.springframework.test.context.cache.DefaultCacheAwareContextLoaderDelegate - Retrieved ApplicationContext [15477956] from cache with key [[MergedContextConfiguration@7103cb56 testClass = ConfigPropertiesTest, locations = '{}', classes = '{}', contextInitializerClasses = '[]', activeProfiles = '{}', propertySourceLocations = '{classpath:config-test.properties}', propertySourceProperties = '{}', contextCustomizers = set[org.springframework.boot.test.autoconfigure.actuate.metrics.MetricsExportContextCustomizerFactory$DisableMetricExportContextCustomizer@2f1de2d6, org.springframework.boot.test.autoconfigure.properties.PropertyMappingContextCustomizer@0, org.springframework.boot.test.autoconfigure.web.servlet.WebDriverContextCustomizerFactory$Customizer@38831718, [ImportsContextCustomizer@1b765a2c key = [@org.springframework.test.context.TestPropertySource(locations={}, value={"classpath:config-test.properties"}, inheritProperties=true, properties={}, inheritLocations=true), @org.springframework.context.annotation.Import({org.springframework.boot.context.properties.EnableConfigurationPropertiesRegistrar.class}), @org.springframework.boot.context.properties.EnableConfigurationProperties({com.example.currencyrate.config.ConfigProperties.class})]], org.springframework.boot.test.context.filter.ExcludeFilterContextCustomizer@28ec166e, org.springframework.boot.test.json.DuplicateJsonObjectContextCustomizerFactory$DuplicateJsonObjectContextCustomizer@5629510, org.springframework.boot.test.mock.mockito.MockitoContextCustomizer@0], contextLoader = 'org.springframework.test.context.support.DelegatingSmartContextLoader', parent = [null]]]
12:41:23.874 [Test worker] DEBUG org.springframework.test.context.cache - Spring test ApplicationContext cache statistics: [DefaultContextCache@1bdbf9be size = 1, maxSize = 32, parentContextCount = 0, hitCount = 117, missCount = 1]
12:41:23.874 [Test worker] DEBUG org.springframework.test.context.cache.DefaultCacheAwareContextLoaderDelegate - Retrieved ApplicationContext [15477956] from cache with key [[MergedContextConfiguration@7103cb56 testClass = ConfigPropertiesTest, locations = '{}', classes = '{}', contextInitializerClasses = '[]', activeProfiles = '{}', propertySourceLocations = '{classpath:config-test.properties}', propertySourceProperties = '{}', contextCustomizers = set[org.springframework.boot.test.autoconfigure.actuate.metrics.MetricsExportContextCustomizerFactory$DisableMetricExportContextCustomizer@2f1de2d6, org.springframework.boot.test.autoconfigure.properties.PropertyMappingContextCustomizer@0, org.springframework.boot.test.autoconfigure.web.servlet.WebDriverContextCustomizerFactory$Customizer@38831718, [ImportsContextCustomizer@1b765a2c key = [@org.springframework.test.context.TestPropertySource(locations={}, value={"classpath:config-test.properties"}, inheritProperties=true, properties={}, inheritLocations=true), @org.springframework.context.annotation.Import({org.springframework.boot.context.properties.EnableConfigurationPropertiesRegistrar.class}), @org.springframework.boot.context.properties.EnableConfigurationProperties({com.example.currencyrate.config.ConfigProperties.class})]], org.springframework.boot.test.context.filter.ExcludeFilterContextCustomizer@28ec166e, org.springframework.boot.test.json.DuplicateJsonObjectContextCustomizerFactory$DuplicateJsonObjectContextCustomizer@5629510, org.springframework.boot.test.mock.mockito.MockitoContextCustomizer@0], contextLoader = 'org.springframework.test.context.support.DelegatingSmartContextLoader', parent = [null]]]
12:41:23.874 [Test worker] DEBUG org.springframework.test.context.cache - Spring test ApplicationContext cache statistics: [DefaultContextCache@1bdbf9be size = 1, maxSize = 32, parentContextCount = 0, hitCount = 118, missCount = 1]
12:41:23.875 [Test worker] DEBUG org.springframework.test.context.cache.DefaultCacheAwareContextLoaderDelegate - Retrieved ApplicationContext [15477956] from cache with key [[MergedContextConfiguration@7103cb56 testClass = ConfigPropertiesTest, locations = '{}', classes = '{}', contextInitializerClasses = '[]', activeProfiles = '{}', propertySourceLocations = '{classpath:config-test.properties}', propertySourceProperties = '{}', contextCustomizers = set[org.springframework.boot.test.autoconfigure.actuate.metrics.MetricsExportContextCustomizerFactory$DisableMetricExportContextCustomizer@2f1de2d6, org.springframework.boot.test.autoconfigure.properties.PropertyMappingContextCustomizer@0, org.springframework.boot.test.autoconfigure.web.servlet.WebDriverContextCustomizerFactory$Customizer@38831718, [ImportsContextCustomizer@1b765a2c key = [@org.springframework.test.context.TestPropertySource(locations={}, value={"classpath:config-test.properties"}, inheritProperties=true, properties={}, inheritLocations=true), @org.springframework.context.annotation.Import({org.springframework.boot.context.properties.EnableConfigurationPropertiesRegistrar.class}), @org.springframework.boot.context.properties.EnableConfigurationProperties({com.example.currencyrate.config.ConfigProperties.class})]], org.springframework.boot.test.context.filter.ExcludeFilterContextCustomizer@28ec166e, org.springframework.boot.test.json.DuplicateJsonObjectContextCustomizerFactory$DuplicateJsonObjectContextCustomizer@5629510, org.springframework.boot.test.mock.mockito.MockitoContextCustomizer@0], contextLoader = 'org.springframework.test.context.support.DelegatingSmartContextLoader', parent = [null]]]
12:41:23.875 [Test worker] DEBUG org.springframework.test.context.cache - Spring test ApplicationContext cache statistics: [DefaultContextCache@1bdbf9be size = 1, maxSize = 32, parentContextCount = 0, hitCount = 119, missCount = 1]
12:41:23.877 [Test worker] DEBUG org.springframework.test.context.cache.DefaultCacheAwareContextLoaderDelegate - Retrieved ApplicationContext [15477956] from cache with key [[MergedContextConfiguration@7103cb56 testClass = ConfigPropertiesTest, locations = '{}', classes = '{}', contextInitializerClasses = '[]', activeProfiles = '{}', propertySourceLocations = '{classpath:config-test.properties}', propertySourceProperties = '{}', contextCustomizers = set[org.springframework.boot.test.autoconfigure.actuate.metrics.MetricsExportContextCustomizerFactory$DisableMetricExportContextCustomizer@2f1de2d6, org.springframework.boot.test.autoconfigure.properties.PropertyMappingContextCustomizer@0, org.springframework.boot.test.autoconfigure.web.servlet.WebDriverContextCustomizerFactory$Customizer@38831718, [ImportsContextCustomizer@1b765a2c key = [@org.springframework.test.context.TestPropertySource(locations={}, value={"classpath:config-test.properties"}, inheritProperties=true, properties={}, inheritLocations=true), @org.springframework.context.annotation.Import({org.springframework.boot.context.properties.EnableConfigurationPropertiesRegistrar.class}), @org.springframework.boot.context.properties.EnableConfigurationProperties({com.example.currencyrate.config.ConfigProperties.class})]], org.springframework.boot.test.context.filter.ExcludeFilterContextCustomizer@28ec166e, org.springframework.boot.test.json.DuplicateJsonObjectContextCustomizerFactory$DuplicateJsonObjectContextCustomizer@5629510, org.springframework.boot.test.mock.mockito.MockitoContextCustomizer@0], contextLoader = 'org.springframework.test.context.support.DelegatingSmartContextLoader', parent = [null]]]
12:41:23.877 [Test worker] DEBUG org.springframework.test.context.cache - Spring test ApplicationContext cache statistics: [DefaultContextCache@1bdbf9be size = 1, maxSize = 32, parentContextCount = 0, hitCount = 120, missCount = 1]
12:41:23.878 [Test worker] DEBUG org.springframework.test.context.support.AbstractDirtiesContextTestExecutionListener - After test method: context [DefaultTestContext@178213b testClass = ConfigPropertiesTest, testInstance = com.example.currencyrate.ConfigPropertiesTest@75fa1be3, testMethod = configPropertiesSetRequestWordUpNull@ConfigPropertiesTest, testException = [null], mergedContextConfiguration = [MergedContextConfiguration@7103cb56 testClass = ConfigPropertiesTest, locations = '{}', classes = '{}', contextInitializerClasses = '[]', activeProfiles = '{}', propertySourceLocations = '{classpath:config-test.properties}', propertySourceProperties = '{}', contextCustomizers = set[org.springframework.boot.test.autoconfigure.actuate.metrics.MetricsExportContextCustomizerFactory$DisableMetricExportContextCustomizer@2f1de2d6, org.springframework.boot.test.autoconfigure.properties.PropertyMappingContextCustomizer@0, org.springframework.boot.test.autoconfigure.web.servlet.WebDriverContextCustomizerFactory$Customizer@38831718, [ImportsContextCustomizer@1b765a2c key = [@org.springframework.test.context.TestPropertySource(locations={}, value={"classpath:config-test.properties"}, inheritProperties=true, properties={}, inheritLocations=true), @org.springframework.context.annotation.Import({org.springframework.boot.context.properties.EnableConfigurationPropertiesRegistrar.class}), @org.springframework.boot.context.properties.EnableConfigurationProperties({com.example.currencyrate.config.ConfigProperties.class})]], org.springframework.boot.test.context.filter.ExcludeFilterContextCustomizer@28ec166e, org.springframework.boot.test.json.DuplicateJsonObjectContextCustomizerFactory$DuplicateJsonObjectContextCustomizer@5629510, org.springframework.boot.test.mock.mockito.MockitoContextCustomizer@0], contextLoader = 'org.springframework.test.context.support.DelegatingSmartContextLoader', parent = [null]], attributes = map['org.springframework.test.context.event.ApplicationEventsTestExecutionListener.recordApplicationEvents' -> false]], class annotated with @DirtiesContext [false] with mode [null], method annotated with @DirtiesContext [false] with mode [null].
12:41:23.879 [Test worker] DEBUG org.springframework.test.context.support.DependencyInjectionTestExecutionListener - Performing dependency injection for test context [[DefaultTestContext@178213b testClass = ConfigPropertiesTest, testInstance = com.example.currencyrate.ConfigPropertiesTest@42714a7, testMethod = [null], testException = [null], mergedContextConfiguration = [MergedContextConfiguration@7103cb56 testClass = ConfigPropertiesTest, locations = '{}', classes = '{}', contextInitializerClasses = '[]', activeProfiles = '{}', propertySourceLocations = '{classpath:config-test.properties}', propertySourceProperties = '{}', contextCustomizers = set[org.springframework.boot.test.autoconfigure.actuate.metrics.MetricsExportContextCustomizerFactory$DisableMetricExportContextCustomizer@2f1de2d6, org.springframework.boot.test.autoconfigure.properties.PropertyMappingContextCustomizer@0, org.springframework.boot.test.autoconfigure.web.servlet.WebDriverContextCustomizerFactory$Customizer@38831718, [ImportsContextCustomizer@1b765a2c key = [@org.springframework.test.context.TestPropertySource(locations={}, value={"classpath:config-test.properties"}, inheritProperties=true, properties={}, inheritLocations=true), @org.springframework.context.annotation.Import({org.springframework.boot.context.properties.EnableConfigurationPropertiesRegistrar.class}), @org.springframework.boot.context.properties.EnableConfigurationProperties({com.example.currencyrate.config.ConfigProperties.class})]], org.springframework.boot.test.context.filter.ExcludeFilterContextCustomizer@28ec166e, org.springframework.boot.test.json.DuplicateJsonObjectContextCustomizerFactory$DuplicateJsonObjectContextCustomizer@5629510, org.springframework.boot.test.mock.mockito.MockitoContextCustomizer@0], contextLoader = 'org.springframework.test.context.support.DelegatingSmartContextLoader', parent = [null]], attributes = map['org.springframework.test.context.event.ApplicationEventsTestExecutionListener.recordApplicationEvents' -> false]]].
12:41:23.880 [Test worker] DEBUG org.springframework.test.context.cache.DefaultCacheAwareContextLoaderDelegate - Retrieved ApplicationContext [15477956] from cache with key [[MergedContextConfiguration@7103cb56 testClass = ConfigPropertiesTest, locations = '{}', classes = '{}', contextInitializerClasses = '[]', activeProfiles = '{}', propertySourceLocations = '{classpath:config-test.properties}', propertySourceProperties = '{}', contextCustomizers = set[org.springframework.boot.test.autoconfigure.actuate.metrics.MetricsExportContextCustomizerFactory$DisableMetricExportContextCustomizer@2f1de2d6, org.springframework.boot.test.autoconfigure.properties.PropertyMappingContextCustomizer@0, org.springframework.boot.test.autoconfigure.web.servlet.WebDriverContextCustomizerFactory$Customizer@38831718, [ImportsContextCustomizer@1b765a2c key = [@org.springframework.test.context.TestPropertySource(locations={}, value={"classpath:config-test.properties"}, inheritProperties=true, properties={}, inheritLocations=true), @org.springframework.context.annotation.Import({org.springframework.boot.context.properties.EnableConfigurationPropertiesRegistrar.class}), @org.springframework.boot.context.properties.EnableConfigurationProperties({com.example.currencyrate.config.ConfigProperties.class})]], org.springframework.boot.test.context.filter.ExcludeFilterContextCustomizer@28ec166e, org.springframework.boot.test.json.DuplicateJsonObjectContextCustomizerFactory$DuplicateJsonObjectContextCustomizer@5629510, org.springframework.boot.test.mock.mockito.MockitoContextCustomizer@0], contextLoader = 'org.springframework.test.context.support.DelegatingSmartContextLoader', parent = [null]]]
12:41:23.880 [Test worker] DEBUG org.springframework.test.context.cache - Spring test ApplicationContext cache statistics: [DefaultContextCache@1bdbf9be size = 1, maxSize = 32, parentContextCount = 0, hitCount = 121, missCount = 1]
12:41:23.881 [Test worker] DEBUG org.springframework.test.context.cache.DefaultCacheAwareContextLoaderDelegate - Retrieved ApplicationContext [15477956] from cache with key [[MergedContextConfiguration@7103cb56 testClass = ConfigPropertiesTest, locations = '{}', classes = '{}', contextInitializerClasses = '[]', activeProfiles = '{}', propertySourceLocations = '{classpath:config-test.properties}', propertySourceProperties = '{}', contextCustomizers = set[org.springframework.boot.test.autoconfigure.actuate.metrics.MetricsExportContextCustomizerFactory$DisableMetricExportContextCustomizer@2f1de2d6, org.springframework.boot.test.autoconfigure.properties.PropertyMappingContextCustomizer@0, org.springframework.boot.test.autoconfigure.web.servlet.WebDriverContextCustomizerFactory$Customizer@38831718, [ImportsContextCustomizer@1b765a2c key = [@org.springframework.test.context.TestPropertySource(locations={}, value={"classpath:config-test.properties"}, inheritProperties=true, properties={}, inheritLocations=true), @org.springframework.context.annotation.Import({org.springframework.boot.context.properties.EnableConfigurationPropertiesRegistrar.class}), @org.springframework.boot.context.properties.EnableConfigurationProperties({com.example.currencyrate.config.ConfigProperties.class})]], org.springframework.boot.test.context.filter.ExcludeFilterContextCustomizer@28ec166e, org.springframework.boot.test.json.DuplicateJsonObjectContextCustomizerFactory$DuplicateJsonObjectContextCustomizer@5629510, org.springframework.boot.test.mock.mockito.MockitoContextCustomizer@0], contextLoader = 'org.springframework.test.context.support.DelegatingSmartContextLoader', parent = [null]]]
12:41:23.881 [Test worker] DEBUG org.springframework.test.context.cache - Spring test ApplicationContext cache statistics: [DefaultContextCache@1bdbf9be size = 1, maxSize = 32, parentContextCount = 0, hitCount = 122, missCount = 1]
12:41:23.883 [Test worker] DEBUG org.springframework.test.context.support.AbstractDirtiesContextTestExecutionListener - Before test method: context [DefaultTestContext@178213b testClass = ConfigPropertiesTest, testInstance = com.example.currencyrate.ConfigPropertiesTest@42714a7, testMethod = configPropertiesSetAppIdNull@ConfigPropertiesTest, testException = [null], mergedContextConfiguration = [MergedContextConfiguration@7103cb56 testClass = ConfigPropertiesTest, locations = '{}', classes = '{}', contextInitializerClasses = '[]', activeProfiles = '{}', propertySourceLocations = '{classpath:config-test.properties}', propertySourceProperties = '{}', contextCustomizers = set[org.springframework.boot.test.autoconfigure.actuate.metrics.MetricsExportContextCustomizerFactory$DisableMetricExportContextCustomizer@2f1de2d6, org.springframework.boot.test.autoconfigure.properties.PropertyMappingContextCustomizer@0, org.springframework.boot.test.autoconfigure.web.servlet.WebDriverContextCustomizerFactory$Customizer@38831718, [ImportsContextCustomizer@1b765a2c key = [@org.springframework.test.context.TestPropertySource(locations={}, value={"classpath:config-test.properties"}, inheritProperties=true, properties={}, inheritLocations=true), @org.springframework.context.annotation.Import({org.springframework.boot.context.properties.EnableConfigurationPropertiesRegistrar.class}), @org.springframework.boot.context.properties.EnableConfigurationProperties({com.example.currencyrate.config.ConfigProperties.class})]], org.springframework.boot.test.context.filter.ExcludeFilterContextCustomizer@28ec166e, org.springframework.boot.test.json.DuplicateJsonObjectContextCustomizerFactory$DuplicateJsonObjectContextCustomizer@5629510, org.springframework.boot.test.mock.mockito.MockitoContextCustomizer@0], contextLoader = 'org.springframework.test.context.support.DelegatingSmartContextLoader', parent = [null]], attributes = map['org.springframework.test.context.event.ApplicationEventsTestExecutionListener.recordApplicationEvents' -> false]], class annotated with @DirtiesContext [false] with mode [null], method annotated with @DirtiesContext [false] with mode [null].
12:41:23.884 [Test worker] DEBUG org.springframework.test.context.cache.DefaultCacheAwareContextLoaderDelegate - Retrieved ApplicationContext [15477956] from cache with key [[MergedContextConfiguration@7103cb56 testClass = ConfigPropertiesTest, locations = '{}', classes = '{}', contextInitializerClasses = '[]', activeProfiles = '{}', propertySourceLocations = '{classpath:config-test.properties}', propertySourceProperties = '{}', contextCustomizers = set[org.springframework.boot.test.autoconfigure.actuate.metrics.MetricsExportContextCustomizerFactory$DisableMetricExportContextCustomizer@2f1de2d6, org.springframework.boot.test.autoconfigure.properties.PropertyMappingContextCustomizer@0, org.springframework.boot.test.autoconfigure.web.servlet.WebDriverContextCustomizerFactory$Customizer@38831718, [ImportsContextCustomizer@1b765a2c key = [@org.springframework.test.context.TestPropertySource(locations={}, value={"classpath:config-test.properties"}, inheritProperties=true, properties={}, inheritLocations=true), @org.springframework.context.annotation.Import({org.springframework.boot.context.properties.EnableConfigurationPropertiesRegistrar.class}), @org.springframework.boot.context.properties.EnableConfigurationProperties({com.example.currencyrate.config.ConfigProperties.class})]], org.springframework.boot.test.context.filter.ExcludeFilterContextCustomizer@28ec166e, org.springframework.boot.test.json.DuplicateJsonObjectContextCustomizerFactory$DuplicateJsonObjectContextCustomizer@5629510, org.springframework.boot.test.mock.mockito.MockitoContextCustomizer@0], contextLoader = 'org.springframework.test.context.support.DelegatingSmartContextLoader', parent = [null]]]
12:41:23.885 [Test worker] DEBUG org.springframework.test.context.cache - Spring test ApplicationContext cache statistics: [DefaultContextCache@1bdbf9be size = 1, maxSize = 32, parentContextCount = 0, hitCount = 123, missCount = 1]
12:41:23.886 [Test worker] DEBUG org.springframework.test.context.cache.DefaultCacheAwareContextLoaderDelegate - Retrieved ApplicationContext [15477956] from cache with key [[MergedContextConfiguration@7103cb56 testClass = ConfigPropertiesTest, locations = '{}', classes = '{}', contextInitializerClasses = '[]', activeProfiles = '{}', propertySourceLocations = '{classpath:config-test.properties}', propertySourceProperties = '{}', contextCustomizers = set[org.springframework.boot.test.autoconfigure.actuate.metrics.MetricsExportContextCustomizerFactory$DisableMetricExportContextCustomizer@2f1de2d6, org.springframework.boot.test.autoconfigure.properties.PropertyMappingContextCustomizer@0, org.springframework.boot.test.autoconfigure.web.servlet.WebDriverContextCustomizerFactory$Customizer@38831718, [ImportsContextCustomizer@1b765a2c key = [@org.springframework.test.context.TestPropertySource(locations={}, value={"classpath:config-test.properties"}, inheritProperties=true, properties={}, inheritLocations=true), @org.springframework.context.annotation.Import({org.springframework.boot.context.properties.EnableConfigurationPropertiesRegistrar.class}), @org.springframework.boot.context.properties.EnableConfigurationProperties({com.example.currencyrate.config.ConfigProperties.class})]], org.springframework.boot.test.context.filter.ExcludeFilterContextCustomizer@28ec166e, org.springframework.boot.test.json.DuplicateJsonObjectContextCustomizerFactory$DuplicateJsonObjectContextCustomizer@5629510, org.springframework.boot.test.mock.mockito.MockitoContextCustomizer@0], contextLoader = 'org.springframework.test.context.support.DelegatingSmartContextLoader', parent = [null]]]
12:41:23.887 [Test worker] DEBUG org.springframework.test.context.cache - Spring test ApplicationContext cache statistics: [DefaultContextCache@1bdbf9be size = 1, maxSize = 32, parentContextCount = 0, hitCount = 124, missCount = 1]
12:41:23.889 [Test worker] DEBUG org.springframework.test.context.cache.DefaultCacheAwareContextLoaderDelegate - Retrieved ApplicationContext [15477956] from cache with key [[MergedContextConfiguration@7103cb56 testClass = ConfigPropertiesTest, locations = '{}', classes = '{}', contextInitializerClasses = '[]', activeProfiles = '{}', propertySourceLocations = '{classpath:config-test.properties}', propertySourceProperties = '{}', contextCustomizers = set[org.springframework.boot.test.autoconfigure.actuate.metrics.MetricsExportContextCustomizerFactory$DisableMetricExportContextCustomizer@2f1de2d6, org.springframework.boot.test.autoconfigure.properties.PropertyMappingContextCustomizer@0, org.springframework.boot.test.autoconfigure.web.servlet.WebDriverContextCustomizerFactory$Customizer@38831718, [ImportsContextCustomizer@1b765a2c key = [@org.springframework.test.context.TestPropertySource(locations={}, value={"classpath:config-test.properties"}, inheritProperties=true, properties={}, inheritLocations=true), @org.springframework.context.annotation.Import({org.springframework.boot.context.properties.EnableConfigurationPropertiesRegistrar.class}), @org.springframework.boot.context.properties.EnableConfigurationProperties({com.example.currencyrate.config.ConfigProperties.class})]], org.springframework.boot.test.context.filter.ExcludeFilterContextCustomizer@28ec166e, org.springframework.boot.test.json.DuplicateJsonObjectContextCustomizerFactory$DuplicateJsonObjectContextCustomizer@5629510, org.springframework.boot.test.mock.mockito.MockitoContextCustomizer@0], contextLoader = 'org.springframework.test.context.support.DelegatingSmartContextLoader', parent = [null]]]
12:41:23.889 [Test worker] DEBUG org.springframework.test.context.cache - Spring test ApplicationContext cache statistics: [DefaultContextCache@1bdbf9be size = 1, maxSize = 32, parentContextCount = 0, hitCount = 125, missCount = 1]
12:41:23.891 [Test worker] DEBUG org.springframework.test.context.cache.DefaultCacheAwareContextLoaderDelegate - Retrieved ApplicationContext [15477956] from cache with key [[MergedContextConfiguration@7103cb56 testClass = ConfigPropertiesTest, locations = '{}', classes = '{}', contextInitializerClasses = '[]', activeProfiles = '{}', propertySourceLocations = '{classpath:config-test.properties}', propertySourceProperties = '{}', contextCustomizers = set[org.springframework.boot.test.autoconfigure.actuate.metrics.MetricsExportContextCustomizerFactory$DisableMetricExportContextCustomizer@2f1de2d6, org.springframework.boot.test.autoconfigure.properties.PropertyMappingContextCustomizer@0, org.springframework.boot.test.autoconfigure.web.servlet.WebDriverContextCustomizerFactory$Customizer@38831718, [ImportsContextCustomizer@1b765a2c key = [@org.springframework.test.context.TestPropertySource(locations={}, value={"classpath:config-test.properties"}, inheritProperties=true, properties={}, inheritLocations=true), @org.springframework.context.annotation.Import({org.springframework.boot.context.properties.EnableConfigurationPropertiesRegistrar.class}), @org.springframework.boot.context.properties.EnableConfigurationProperties({com.example.currencyrate.config.ConfigProperties.class})]], org.springframework.boot.test.context.filter.ExcludeFilterContextCustomizer@28ec166e, org.springframework.boot.test.json.DuplicateJsonObjectContextCustomizerFactory$DuplicateJsonObjectContextCustomizer@5629510, org.springframework.boot.test.mock.mockito.MockitoContextCustomizer@0], contextLoader = 'org.springframework.test.context.support.DelegatingSmartContextLoader', parent = [null]]]
12:41:23.891 [Test worker] DEBUG org.springframework.test.context.cache - Spring test ApplicationContext cache statistics: [DefaultContextCache@1bdbf9be size = 1, maxSize = 32, parentContextCount = 0, hitCount = 126, missCount = 1]
12:41:23.893 [Test worker] DEBUG org.springframework.test.context.cache.DefaultCacheAwareContextLoaderDelegate - Retrieved ApplicationContext [15477956] from cache with key [[MergedContextConfiguration@7103cb56 testClass = ConfigPropertiesTest, locations = '{}', classes = '{}', contextInitializerClasses = '[]', activeProfiles = '{}', propertySourceLocations = '{classpath:config-test.properties}', propertySourceProperties = '{}', contextCustomizers = set[org.springframework.boot.test.autoconfigure.actuate.metrics.MetricsExportContextCustomizerFactory$DisableMetricExportContextCustomizer@2f1de2d6, org.springframework.boot.test.autoconfigure.properties.PropertyMappingContextCustomizer@0, org.springframework.boot.test.autoconfigure.web.servlet.WebDriverContextCustomizerFactory$Customizer@38831718, [ImportsContextCustomizer@1b765a2c key = [@org.springframework.test.context.TestPropertySource(locations={}, value={"classpath:config-test.properties"}, inheritProperties=true, properties={}, inheritLocations=true), @org.springframework.context.annotation.Import({org.springframework.boot.context.properties.EnableConfigurationPropertiesRegistrar.class}), @org.springframework.boot.context.properties.EnableConfigurationProperties({com.example.currencyrate.config.ConfigProperties.class})]], org.springframework.boot.test.context.filter.ExcludeFilterContextCustomizer@28ec166e, org.springframework.boot.test.json.DuplicateJsonObjectContextCustomizerFactory$DuplicateJsonObjectContextCustomizer@5629510, org.springframework.boot.test.mock.mockito.MockitoContextCustomizer@0], contextLoader = 'org.springframework.test.context.support.DelegatingSmartContextLoader', parent = [null]]]
12:41:23.897 [Test worker] DEBUG org.springframework.test.context.cache - Spring test ApplicationContext cache statistics: [DefaultContextCache@1bdbf9be size = 1, maxSize = 32, parentContextCount = 0, hitCount = 127, missCount = 1]
12:41:23.899 [Test worker] DEBUG org.springframework.test.context.cache.DefaultCacheAwareContextLoaderDelegate - Retrieved ApplicationContext [15477956] from cache with key [[MergedContextConfiguration@7103cb56 testClass = ConfigPropertiesTest, locations = '{}', classes = '{}', contextInitializerClasses = '[]', activeProfiles = '{}', propertySourceLocations = '{classpath:config-test.properties}', propertySourceProperties = '{}', contextCustomizers = set[org.springframework.boot.test.autoconfigure.actuate.metrics.MetricsExportContextCustomizerFactory$DisableMetricExportContextCustomizer@2f1de2d6, org.springframework.boot.test.autoconfigure.properties.PropertyMappingContextCustomizer@0, org.springframework.boot.test.autoconfigure.web.servlet.WebDriverContextCustomizerFactory$Customizer@38831718, [ImportsContextCustomizer@1b765a2c key = [@org.springframework.test.context.TestPropertySource(locations={}, value={"classpath:config-test.properties"}, inheritProperties=true, properties={}, inheritLocations=true), @org.springframework.context.annotation.Import({org.springframework.boot.context.properties.EnableConfigurationPropertiesRegistrar.class}), @org.springframework.boot.context.properties.EnableConfigurationProperties({com.example.currencyrate.config.ConfigProperties.class})]], org.springframework.boot.test.context.filter.ExcludeFilterContextCustomizer@28ec166e, org.springframework.boot.test.json.DuplicateJsonObjectContextCustomizerFactory$DuplicateJsonObjectContextCustomizer@5629510, org.springframework.boot.test.mock.mockito.MockitoContextCustomizer@0], contextLoader = 'org.springframework.test.context.support.DelegatingSmartContextLoader', parent = [null]]]
12:41:23.901 [Test worker] DEBUG org.springframework.test.context.cache - Spring test ApplicationContext cache statistics: [DefaultContextCache@1bdbf9be size = 1, maxSize = 32, parentContextCount = 0, hitCount = 128, missCount = 1]
12:41:23.902 [Test worker] DEBUG org.springframework.test.context.cache.DefaultCacheAwareContextLoaderDelegate - Retrieved ApplicationContext [15477956] from cache with key [[MergedContextConfiguration@7103cb56 testClass = ConfigPropertiesTest, locations = '{}', classes = '{}', contextInitializerClasses = '[]', activeProfiles = '{}', propertySourceLocations = '{classpath:config-test.properties}', propertySourceProperties = '{}', contextCustomizers = set[org.springframework.boot.test.autoconfigure.actuate.metrics.MetricsExportContextCustomizerFactory$DisableMetricExportContextCustomizer@2f1de2d6, org.springframework.boot.test.autoconfigure.properties.PropertyMappingContextCustomizer@0, org.springframework.boot.test.autoconfigure.web.servlet.WebDriverContextCustomizerFactory$Customizer@38831718, [ImportsContextCustomizer@1b765a2c key = [@org.springframework.test.context.TestPropertySource(locations={}, value={"classpath:config-test.properties"}, inheritProperties=true, properties={}, inheritLocations=true), @org.springframework.context.annotation.Import({org.springframework.boot.context.properties.EnableConfigurationPropertiesRegistrar.class}), @org.springframework.boot.context.properties.EnableConfigurationProperties({com.example.currencyrate.config.ConfigProperties.class})]], org.springframework.boot.test.context.filter.ExcludeFilterContextCustomizer@28ec166e, org.springframework.boot.test.json.DuplicateJsonObjectContextCustomizerFactory$DuplicateJsonObjectContextCustomizer@5629510, org.springframework.boot.test.mock.mockito.MockitoContextCustomizer@0], contextLoader = 'org.springframework.test.context.support.DelegatingSmartContextLoader', parent = [null]]]
12:41:23.903 [Test worker] DEBUG org.springframework.test.context.cache - Spring test ApplicationContext cache statistics: [DefaultContextCache@1bdbf9be size = 1, maxSize = 32, parentContextCount = 0, hitCount = 129, missCount = 1]
12:41:23.903 [Test worker] DEBUG org.springframework.test.context.cache.DefaultCacheAwareContextLoaderDelegate - Retrieved ApplicationContext [15477956] from cache with key [[MergedContextConfiguration@7103cb56 testClass = ConfigPropertiesTest, locations = '{}', classes = '{}', contextInitializerClasses = '[]', activeProfiles = '{}', propertySourceLocations = '{classpath:config-test.properties}', propertySourceProperties = '{}', contextCustomizers = set[org.springframework.boot.test.autoconfigure.actuate.metrics.MetricsExportContextCustomizerFactory$DisableMetricExportContextCustomizer@2f1de2d6, org.springframework.boot.test.autoconfigure.properties.PropertyMappingContextCustomizer@0, org.springframework.boot.test.autoconfigure.web.servlet.WebDriverContextCustomizerFactory$Customizer@38831718, [ImportsContextCustomizer@1b765a2c key = [@org.springframework.test.context.TestPropertySource(locations={}, value={"classpath:config-test.properties"}, inheritProperties=true, properties={}, inheritLocations=true), @org.springframework.context.annotation.Import({org.springframework.boot.context.properties.EnableConfigurationPropertiesRegistrar.class}), @org.springframework.boot.context.properties.EnableConfigurationProperties({com.example.currencyrate.config.ConfigProperties.class})]], org.springframework.boot.test.context.filter.ExcludeFilterContextCustomizer@28ec166e, org.springframework.boot.test.json.DuplicateJsonObjectContextCustomizerFactory$DuplicateJsonObjectContextCustomizer@5629510, org.springframework.boot.test.mock.mockito.MockitoContextCustomizer@0], contextLoader = 'org.springframework.test.context.support.DelegatingSmartContextLoader', parent = [null]]]
12:41:23.904 [Test worker] DEBUG org.springframework.test.context.cache - Spring test ApplicationContext cache statistics: [DefaultContextCache@1bdbf9be size = 1, maxSize = 32, parentContextCount = 0, hitCount = 130, missCount = 1]
12:41:23.906 [Test worker] DEBUG org.springframework.test.context.cache.DefaultCacheAwareContextLoaderDelegate - Retrieved ApplicationContext [15477956] from cache with key [[MergedContextConfiguration@7103cb56 testClass = ConfigPropertiesTest, locations = '{}', classes = '{}', contextInitializerClasses = '[]', activeProfiles = '{}', propertySourceLocations = '{classpath:config-test.properties}', propertySourceProperties = '{}', contextCustomizers = set[org.springframework.boot.test.autoconfigure.actuate.metrics.MetricsExportContextCustomizerFactory$DisableMetricExportContextCustomizer@2f1de2d6, org.springframework.boot.test.autoconfigure.properties.PropertyMappingContextCustomizer@0, org.springframework.boot.test.autoconfigure.web.servlet.WebDriverContextCustomizerFactory$Customizer@38831718, [ImportsContextCustomizer@1b765a2c key = [@org.springframework.test.context.TestPropertySource(locations={}, value={"classpath:config-test.properties"}, inheritProperties=true, properties={}, inheritLocations=true), @org.springframework.context.annotation.Import({org.springframework.boot.context.properties.EnableConfigurationPropertiesRegistrar.class}), @org.springframework.boot.context.properties.EnableConfigurationProperties({com.example.currencyrate.config.ConfigProperties.class})]], org.springframework.boot.test.context.filter.ExcludeFilterContextCustomizer@28ec166e, org.springframework.boot.test.json.DuplicateJsonObjectContextCustomizerFactory$DuplicateJsonObjectContextCustomizer@5629510, org.springframework.boot.test.mock.mockito.MockitoContextCustomizer@0], contextLoader = 'org.springframework.test.context.support.DelegatingSmartContextLoader', parent = [null]]]
12:41:23.907 [Test worker] DEBUG org.springframework.test.context.cache - Spring test ApplicationContext cache statistics: [DefaultContextCache@1bdbf9be size = 1, maxSize = 32, parentContextCount = 0, hitCount = 131, missCount = 1]
12:41:23.908 [Test worker] DEBUG org.springframework.test.context.support.AbstractDirtiesContextTestExecutionListener - After test method: context [DefaultTestContext@178213b testClass = ConfigPropertiesTest, testInstance = com.example.currencyrate.ConfigPropertiesTest@42714a7, testMethod = configPropertiesSetAppIdNull@ConfigPropertiesTest, testException = [null], mergedContextConfiguration = [MergedContextConfiguration@7103cb56 testClass = ConfigPropertiesTest, locations = '{}', classes = '{}', contextInitializerClasses = '[]', activeProfiles = '{}', propertySourceLocations = '{classpath:config-test.properties}', propertySourceProperties = '{}', contextCustomizers = set[org.springframework.boot.test.autoconfigure.actuate.metrics.MetricsExportContextCustomizerFactory$DisableMetricExportContextCustomizer@2f1de2d6, org.springframework.boot.test.autoconfigure.properties.PropertyMappingContextCustomizer@0, org.springframework.boot.test.autoconfigure.web.servlet.WebDriverContextCustomizerFactory$Customizer@38831718, [ImportsContextCustomizer@1b765a2c key = [@org.springframework.test.context.TestPropertySource(locations={}, value={"classpath:config-test.properties"}, inheritProperties=true, properties={}, inheritLocations=true), @org.springframework.context.annotation.Import({org.springframework.boot.context.properties.EnableConfigurationPropertiesRegistrar.class}), @org.springframework.boot.context.properties.EnableConfigurationProperties({com.example.currencyrate.config.ConfigProperties.class})]], org.springframework.boot.test.context.filter.ExcludeFilterContextCustomizer@28ec166e, org.springframework.boot.test.json.DuplicateJsonObjectContextCustomizerFactory$DuplicateJsonObjectContextCustomizer@5629510, org.springframework.boot.test.mock.mockito.MockitoContextCustomizer@0], contextLoader = 'org.springframework.test.context.support.DelegatingSmartContextLoader', parent = [null]], attributes = map['org.springframework.test.context.event.ApplicationEventsTestExecutionListener.recordApplicationEvents' -> false]], class annotated with @DirtiesContext [false] with mode [null], method annotated with @DirtiesContext [false] with mode [null].
12:41:23.913 [Test worker] DEBUG org.springframework.test.context.support.DependencyInjectionTestExecutionListener - Performing dependency injection for test context [[DefaultTestContext@178213b testClass = ConfigPropertiesTest, testInstance = com.example.currencyrate.ConfigPropertiesTest@3ce53f6a, testMethod = [null], testException = [null], mergedContextConfiguration = [MergedContextConfiguration@7103cb56 testClass = ConfigPropertiesTest, locations = '{}', classes = '{}', contextInitializerClasses = '[]', activeProfiles = '{}', propertySourceLocations = '{classpath:config-test.properties}', propertySourceProperties = '{}', contextCustomizers = set[org.springframework.boot.test.autoconfigure.actuate.metrics.MetricsExportContextCustomizerFactory$DisableMetricExportContextCustomizer@2f1de2d6, org.springframework.boot.test.autoconfigure.properties.PropertyMappingContextCustomizer@0, org.springframework.boot.test.autoconfigure.web.servlet.WebDriverContextCustomizerFactory$Customizer@38831718, [ImportsContextCustomizer@1b765a2c key = [@org.springframework.test.context.TestPropertySource(locations={}, value={"classpath:config-test.properties"}, inheritProperties=true, properties={}, inheritLocations=true), @org.springframework.context.annotation.Import({org.springframework.boot.context.properties.EnableConfigurationPropertiesRegistrar.class}), @org.springframework.boot.context.properties.EnableConfigurationProperties({com.example.currencyrate.config.ConfigProperties.class})]], org.springframework.boot.test.context.filter.ExcludeFilterContextCustomizer@28ec166e, org.springframework.boot.test.json.DuplicateJsonObjectContextCustomizerFactory$DuplicateJsonObjectContextCustomizer@5629510, org.springframework.boot.test.mock.mockito.MockitoContextCustomizer@0], contextLoader = 'org.springframework.test.context.support.DelegatingSmartContextLoader', parent = [null]], attributes = map['org.springframework.test.context.event.ApplicationEventsTestExecutionListener.recordApplicationEvents' -> false]]].
12:41:23.914 [Test worker] DEBUG org.springframework.test.context.cache.DefaultCacheAwareContextLoaderDelegate - Retrieved ApplicationContext [15477956] from cache with key [[MergedContextConfiguration@7103cb56 testClass = ConfigPropertiesTest, locations = '{}', classes = '{}', contextInitializerClasses = '[]', activeProfiles = '{}', propertySourceLocations = '{classpath:config-test.properties}', propertySourceProperties = '{}', contextCustomizers = set[org.springframework.boot.test.autoconfigure.actuate.metrics.MetricsExportContextCustomizerFactory$DisableMetricExportContextCustomizer@2f1de2d6, org.springframework.boot.test.autoconfigure.properties.PropertyMappingContextCustomizer@0, org.springframework.boot.test.autoconfigure.web.servlet.WebDriverContextCustomizerFactory$Customizer@38831718, [ImportsContextCustomizer@1b765a2c key = [@org.springframework.test.context.TestPropertySource(locations={}, value={"classpath:config-test.properties"}, inheritProperties=true, properties={}, inheritLocations=true), @org.springframework.context.annotation.Import({org.springframework.boot.context.properties.EnableConfigurationPropertiesRegistrar.class}), @org.springframework.boot.context.properties.EnableConfigurationProperties({com.example.currencyrate.config.ConfigProperties.class})]], org.springframework.boot.test.context.filter.ExcludeFilterContextCustomizer@28ec166e, org.springframework.boot.test.json.DuplicateJsonObjectContextCustomizerFactory$DuplicateJsonObjectContextCustomizer@5629510, org.springframework.boot.test.mock.mockito.MockitoContextCustomizer@0], contextLoader = 'org.springframework.test.context.support.DelegatingSmartContextLoader', parent = [null]]]
12:41:23.914 [Test worker] DEBUG org.springframework.test.context.cache - Spring test ApplicationContext cache statistics: [DefaultContextCache@1bdbf9be size = 1, maxSize = 32, parentContextCount = 0, hitCount = 132, missCount = 1]
12:41:23.915 [Test worker] DEBUG org.springframework.test.context.cache.DefaultCacheAwareContextLoaderDelegate - Retrieved ApplicationContext [15477956] from cache with key [[MergedContextConfiguration@7103cb56 testClass = ConfigPropertiesTest, locations = '{}', classes = '{}', contextInitializerClasses = '[]', activeProfiles = '{}', propertySourceLocations = '{classpath:config-test.properties}', propertySourceProperties = '{}', contextCustomizers = set[org.springframework.boot.test.autoconfigure.actuate.metrics.MetricsExportContextCustomizerFactory$DisableMetricExportContextCustomizer@2f1de2d6, org.springframework.boot.test.autoconfigure.properties.PropertyMappingContextCustomizer@0, org.springframework.boot.test.autoconfigure.web.servlet.WebDriverContextCustomizerFactory$Customizer@38831718, [ImportsContextCustomizer@1b765a2c key = [@org.springframework.test.context.TestPropertySource(locations={}, value={"classpath:config-test.properties"}, inheritProperties=true, properties={}, inheritLocations=true), @org.springframework.context.annotation.Import({org.springframework.boot.context.properties.EnableConfigurationPropertiesRegistrar.class}), @org.springframework.boot.context.properties.EnableConfigurationProperties({com.example.currencyrate.config.ConfigProperties.class})]], org.springframework.boot.test.context.filter.ExcludeFilterContextCustomizer@28ec166e, org.springframework.boot.test.json.DuplicateJsonObjectContextCustomizerFactory$DuplicateJsonObjectContextCustomizer@5629510, org.springframework.boot.test.mock.mockito.MockitoContextCustomizer@0], contextLoader = 'org.springframework.test.context.support.DelegatingSmartContextLoader', parent = [null]]]
12:41:23.915 [Test worker] DEBUG org.springframework.test.context.cache - Spring test ApplicationContext cache statistics: [DefaultContextCache@1bdbf9be size = 1, maxSize = 32, parentContextCount = 0, hitCount = 133, missCount = 1]
12:41:23.917 [Test worker] DEBUG org.springframework.test.context.support.AbstractDirtiesContextTestExecutionListener - Before test method: context [DefaultTestContext@178213b testClass = ConfigPropertiesTest, testInstance = com.example.currencyrate.ConfigPropertiesTest@3ce53f6a, testMethod = configPropertiesSetUrlRateNull@ConfigPropertiesTest, testException = [null], mergedContextConfiguration = [MergedContextConfiguration@7103cb56 testClass = ConfigPropertiesTest, locations = '{}', classes = '{}', contextInitializerClasses = '[]', activeProfiles = '{}', propertySourceLocations = '{classpath:config-test.properties}', propertySourceProperties = '{}', contextCustomizers = set[org.springframework.boot.test.autoconfigure.actuate.metrics.MetricsExportContextCustomizerFactory$DisableMetricExportContextCustomizer@2f1de2d6, org.springframework.boot.test.autoconfigure.properties.PropertyMappingContextCustomizer@0, org.springframework.boot.test.autoconfigure.web.servlet.WebDriverContextCustomizerFactory$Customizer@38831718, [ImportsContextCustomizer@1b765a2c key = [@org.springframework.test.context.TestPropertySource(locations={}, value={"classpath:config-test.properties"}, inheritProperties=true, properties={}, inheritLocations=true), @org.springframework.context.annotation.Import({org.springframework.boot.context.properties.EnableConfigurationPropertiesRegistrar.class}), @org.springframework.boot.context.properties.EnableConfigurationProperties({com.example.currencyrate.config.ConfigProperties.class})]], org.springframework.boot.test.context.filter.ExcludeFilterContextCustomizer@28ec166e, org.springframework.boot.test.json.DuplicateJsonObjectContextCustomizerFactory$DuplicateJsonObjectContextCustomizer@5629510, org.springframework.boot.test.mock.mockito.MockitoContextCustomizer@0], contextLoader = 'org.springframework.test.context.support.DelegatingSmartContextLoader', parent = [null]], attributes = map['org.springframework.test.context.event.ApplicationEventsTestExecutionListener.recordApplicationEvents' -> false]], class annotated with @DirtiesContext [false] with mode [null], method annotated with @DirtiesContext [false] with mode [null].
12:41:23.918 [Test worker] DEBUG org.springframework.test.context.cache.DefaultCacheAwareContextLoaderDelegate - Retrieved ApplicationContext [15477956] from cache with key [[MergedContextConfiguration@7103cb56 testClass = ConfigPropertiesTest, locations = '{}', classes = '{}', contextInitializerClasses = '[]', activeProfiles = '{}', propertySourceLocations = '{classpath:config-test.properties}', propertySourceProperties = '{}', contextCustomizers = set[org.springframework.boot.test.autoconfigure.actuate.metrics.MetricsExportContextCustomizerFactory$DisableMetricExportContextCustomizer@2f1de2d6, org.springframework.boot.test.autoconfigure.properties.PropertyMappingContextCustomizer@0, org.springframework.boot.test.autoconfigure.web.servlet.WebDriverContextCustomizerFactory$Customizer@38831718, [ImportsContextCustomizer@1b765a2c key = [@org.springframework.test.context.TestPropertySource(locations={}, value={"classpath:config-test.properties"}, inheritProperties=true, properties={}, inheritLocations=true), @org.springframework.context.annotation.Import({org.springframework.boot.context.properties.EnableConfigurationPropertiesRegistrar.class}), @org.springframework.boot.context.properties.EnableConfigurationProperties({com.example.currencyrate.config.ConfigProperties.class})]], org.springframework.boot.test.context.filter.ExcludeFilterContextCustomizer@28ec166e, org.springframework.boot.test.json.DuplicateJsonObjectContextCustomizerFactory$DuplicateJsonObjectContextCustomizer@5629510, org.springframework.boot.test.mock.mockito.MockitoContextCustomizer@0], contextLoader = 'org.springframework.test.context.support.DelegatingSmartContextLoader', parent = [null]]]
12:41:23.918 [Test worker] DEBUG org.springframework.test.context.cache - Spring test ApplicationContext cache statistics: [DefaultContextCache@1bdbf9be size = 1, maxSize = 32, parentContextCount = 0, hitCount = 134, missCount = 1]
12:41:23.919 [Test worker] DEBUG org.springframework.test.context.cache.DefaultCacheAwareContextLoaderDelegate - Retrieved ApplicationContext [15477956] from cache with key [[MergedContextConfiguration@7103cb56 testClass = ConfigPropertiesTest, locations = '{}', classes = '{}', contextInitializerClasses = '[]', activeProfiles = '{}', propertySourceLocations = '{classpath:config-test.properties}', propertySourceProperties = '{}', contextCustomizers = set[org.springframework.boot.test.autoconfigure.actuate.metrics.MetricsExportContextCustomizerFactory$DisableMetricExportContextCustomizer@2f1de2d6, org.springframework.boot.test.autoconfigure.properties.PropertyMappingContextCustomizer@0, org.springframework.boot.test.autoconfigure.web.servlet.WebDriverContextCustomizerFactory$Customizer@38831718, [ImportsContextCustomizer@1b765a2c key = [@org.springframework.test.context.TestPropertySource(locations={}, value={"classpath:config-test.properties"}, inheritProperties=true, properties={}, inheritLocations=true), @org.springframework.context.annotation.Import({org.springframework.boot.context.properties.EnableConfigurationPropertiesRegistrar.class}), @org.springframework.boot.context.properties.EnableConfigurationProperties({com.example.currencyrate.config.ConfigProperties.class})]], org.springframework.boot.test.context.filter.ExcludeFilterContextCustomizer@28ec166e, org.springframework.boot.test.json.DuplicateJsonObjectContextCustomizerFactory$DuplicateJsonObjectContextCustomizer@5629510, org.springframework.boot.test.mock.mockito.MockitoContextCustomizer@0], contextLoader = 'org.springframework.test.context.support.DelegatingSmartContextLoader', parent = [null]]]
12:41:23.919 [Test worker] DEBUG org.springframework.test.context.cache - Spring test ApplicationContext cache statistics: [DefaultContextCache@1bdbf9be size = 1, maxSize = 32, parentContextCount = 0, hitCount = 135, missCount = 1]
12:41:23.920 [Test worker] DEBUG org.springframework.test.context.cache.DefaultCacheAwareContextLoaderDelegate - Retrieved ApplicationContext [15477956] from cache with key [[MergedContextConfiguration@7103cb56 testClass = ConfigPropertiesTest, locations = '{}', classes = '{}', contextInitializerClasses = '[]', activeProfiles = '{}', propertySourceLocations = '{classpath:config-test.properties}', propertySourceProperties = '{}', contextCustomizers = set[org.springframework.boot.test.autoconfigure.actuate.metrics.MetricsExportContextCustomizerFactory$DisableMetricExportContextCustomizer@2f1de2d6, org.springframework.boot.test.autoconfigure.properties.PropertyMappingContextCustomizer@0, org.springframework.boot.test.autoconfigure.web.servlet.WebDriverContextCustomizerFactory$Customizer@38831718, [ImportsContextCustomizer@1b765a2c key = [@org.springframework.test.context.TestPropertySource(locations={}, value={"classpath:config-test.properties"}, inheritProperties=true, properties={}, inheritLocations=true), @org.springframework.context.annotation.Import({org.springframework.boot.context.properties.EnableConfigurationPropertiesRegistrar.class}), @org.springframework.boot.context.properties.EnableConfigurationProperties({com.example.currencyrate.config.ConfigProperties.class})]], org.springframework.boot.test.context.filter.ExcludeFilterContextCustomizer@28ec166e, org.springframework.boot.test.json.DuplicateJsonObjectContextCustomizerFactory$DuplicateJsonObjectContextCustomizer@5629510, org.springframework.boot.test.mock.mockito.MockitoContextCustomizer@0], contextLoader = 'org.springframework.test.context.support.DelegatingSmartContextLoader', parent = [null]]]
12:41:23.920 [Test worker] DEBUG org.springframework.test.context.cache - Spring test ApplicationContext cache statistics: [DefaultContextCache@1bdbf9be size = 1, maxSize = 32, parentContextCount = 0, hitCount = 136, missCount = 1]
12:41:23.921 [Test worker] DEBUG org.springframework.test.context.cache.DefaultCacheAwareContextLoaderDelegate - Retrieved ApplicationContext [15477956] from cache with key [[MergedContextConfiguration@7103cb56 testClass = ConfigPropertiesTest, locations = '{}', classes = '{}', contextInitializerClasses = '[]', activeProfiles = '{}', propertySourceLocations = '{classpath:config-test.properties}', propertySourceProperties = '{}', contextCustomizers = set[org.springframework.boot.test.autoconfigure.actuate.metrics.MetricsExportContextCustomizerFactory$DisableMetricExportContextCustomizer@2f1de2d6, org.springframework.boot.test.autoconfigure.properties.PropertyMappingContextCustomizer@0, org.springframework.boot.test.autoconfigure.web.servlet.WebDriverContextCustomizerFactory$Customizer@38831718, [ImportsContextCustomizer@1b765a2c key = [@org.springframework.test.context.TestPropertySource(locations={}, value={"classpath:config-test.properties"}, inheritProperties=true, properties={}, inheritLocations=true), @org.springframework.context.annotation.Import({org.springframework.boot.context.properties.EnableConfigurationPropertiesRegistrar.class}), @org.springframework.boot.context.properties.EnableConfigurationProperties({com.example.currencyrate.config.ConfigProperties.class})]], org.springframework.boot.test.context.filter.ExcludeFilterContextCustomizer@28ec166e, org.springframework.boot.test.json.DuplicateJsonObjectContextCustomizerFactory$DuplicateJsonObjectContextCustomizer@5629510, org.springframework.boot.test.mock.mockito.MockitoContextCustomizer@0], contextLoader = 'org.springframework.test.context.support.DelegatingSmartContextLoader', parent = [null]]]
12:41:23.921 [Test worker] DEBUG org.springframework.test.context.cache - Spring test ApplicationContext cache statistics: [DefaultContextCache@1bdbf9be size = 1, maxSize = 32, parentContextCount = 0, hitCount = 137, missCount = 1]
12:41:23.921 [Test worker] DEBUG org.springframework.test.context.cache.DefaultCacheAwareContextLoaderDelegate - Retrieved ApplicationContext [15477956] from cache with key [[MergedContextConfiguration@7103cb56 testClass = ConfigPropertiesTest, locations = '{}', classes = '{}', contextInitializerClasses = '[]', activeProfiles = '{}', propertySourceLocations = '{classpath:config-test.properties}', propertySourceProperties = '{}', contextCustomizers = set[org.springframework.boot.test.autoconfigure.actuate.metrics.MetricsExportContextCustomizerFactory$DisableMetricExportContextCustomizer@2f1de2d6, org.springframework.boot.test.autoconfigure.properties.PropertyMappingContextCustomizer@0, org.springframework.boot.test.autoconfigure.web.servlet.WebDriverContextCustomizerFactory$Customizer@38831718, [ImportsContextCustomizer@1b765a2c key = [@org.springframework.test.context.TestPropertySource(locations={}, value={"classpath:config-test.properties"}, inheritProperties=true, properties={}, inheritLocations=true), @org.springframework.context.annotation.Import({org.springframework.boot.context.properties.EnableConfigurationPropertiesRegistrar.class}), @org.springframework.boot.context.properties.EnableConfigurationProperties({com.example.currencyrate.config.ConfigProperties.class})]], org.springframework.boot.test.context.filter.ExcludeFilterContextCustomizer@28ec166e, org.springframework.boot.test.json.DuplicateJsonObjectContextCustomizerFactory$DuplicateJsonObjectContextCustomizer@5629510, org.springframework.boot.test.mock.mockito.MockitoContextCustomizer@0], contextLoader = 'org.springframework.test.context.support.DelegatingSmartContextLoader', parent = [null]]]
12:41:23.922 [Test worker] DEBUG org.springframework.test.context.cache - Spring test ApplicationContext cache statistics: [DefaultContextCache@1bdbf9be size = 1, maxSize = 32, parentContextCount = 0, hitCount = 138, missCount = 1]
12:41:23.923 [Test worker] DEBUG org.springframework.test.context.cache.DefaultCacheAwareContextLoaderDelegate - Retrieved ApplicationContext [15477956] from cache with key [[MergedContextConfiguration@7103cb56 testClass = ConfigPropertiesTest, locations = '{}', classes = '{}', contextInitializerClasses = '[]', activeProfiles = '{}', propertySourceLocations = '{classpath:config-test.properties}', propertySourceProperties = '{}', contextCustomizers = set[org.springframework.boot.test.autoconfigure.actuate.metrics.MetricsExportContextCustomizerFactory$DisableMetricExportContextCustomizer@2f1de2d6, org.springframework.boot.test.autoconfigure.properties.PropertyMappingContextCustomizer@0, org.springframework.boot.test.autoconfigure.web.servlet.WebDriverContextCustomizerFactory$Customizer@38831718, [ImportsContextCustomizer@1b765a2c key = [@org.springframework.test.context.TestPropertySource(locations={}, value={"classpath:config-test.properties"}, inheritProperties=true, properties={}, inheritLocations=true), @org.springframework.context.annotation.Import({org.springframework.boot.context.properties.EnableConfigurationPropertiesRegistrar.class}), @org.springframework.boot.context.properties.EnableConfigurationProperties({com.example.currencyrate.config.ConfigProperties.class})]], org.springframework.boot.test.context.filter.ExcludeFilterContextCustomizer@28ec166e, org.springframework.boot.test.json.DuplicateJsonObjectContextCustomizerFactory$DuplicateJsonObjectContextCustomizer@5629510, org.springframework.boot.test.mock.mockito.MockitoContextCustomizer@0], contextLoader = 'org.springframework.test.context.support.DelegatingSmartContextLoader', parent = [null]]]
12:41:23.923 [Test worker] DEBUG org.springframework.test.context.cache - Spring test ApplicationContext cache statistics: [DefaultContextCache@1bdbf9be size = 1, maxSize = 32, parentContextCount = 0, hitCount = 139, missCount = 1]
12:41:23.923 [Test worker] DEBUG org.springframework.test.context.cache.DefaultCacheAwareContextLoaderDelegate - Retrieved ApplicationContext [15477956] from cache with key [[MergedContextConfiguration@7103cb56 testClass = ConfigPropertiesTest, locations = '{}', classes = '{}', contextInitializerClasses = '[]', activeProfiles = '{}', propertySourceLocations = '{classpath:config-test.properties}', propertySourceProperties = '{}', contextCustomizers = set[org.springframework.boot.test.autoconfigure.actuate.metrics.MetricsExportContextCustomizerFactory$DisableMetricExportContextCustomizer@2f1de2d6, org.springframework.boot.test.autoconfigure.properties.PropertyMappingContextCustomizer@0, org.springframework.boot.test.autoconfigure.web.servlet.WebDriverContextCustomizerFactory$Customizer@38831718, [ImportsContextCustomizer@1b765a2c key = [@org.springframework.test.context.TestPropertySource(locations={}, value={"classpath:config-test.properties"}, inheritProperties=true, properties={}, inheritLocations=true), @org.springframework.context.annotation.Import({org.springframework.boot.context.properties.EnableConfigurationPropertiesRegistrar.class}), @org.springframework.boot.context.properties.EnableConfigurationProperties({com.example.currencyrate.config.ConfigProperties.class})]], org.springframework.boot.test.context.filter.ExcludeFilterContextCustomizer@28ec166e, org.springframework.boot.test.json.DuplicateJsonObjectContextCustomizerFactory$DuplicateJsonObjectContextCustomizer@5629510, org.springframework.boot.test.mock.mockito.MockitoContextCustomizer@0], contextLoader = 'org.springframework.test.context.support.DelegatingSmartContextLoader', parent = [null]]]
12:41:23.923 [Test worker] DEBUG org.springframework.test.context.cache - Spring test ApplicationContext cache statistics: [DefaultContextCache@1bdbf9be size = 1, maxSize = 32, parentContextCount = 0, hitCount = 140, missCount = 1]
12:41:23.923 [Test worker] DEBUG org.springframework.test.context.cache.DefaultCacheAwareContextLoaderDelegate - Retrieved ApplicationContext [15477956] from cache with key [[MergedContextConfiguration@7103cb56 testClass = ConfigPropertiesTest, locations = '{}', classes = '{}', contextInitializerClasses = '[]', activeProfiles = '{}', propertySourceLocations = '{classpath:config-test.properties}', propertySourceProperties = '{}', contextCustomizers = set[org.springframework.boot.test.autoconfigure.actuate.metrics.MetricsExportContextCustomizerFactory$DisableMetricExportContextCustomizer@2f1de2d6, org.springframework.boot.test.autoconfigure.properties.PropertyMappingContextCustomizer@0, org.springframework.boot.test.autoconfigure.web.servlet.WebDriverContextCustomizerFactory$Customizer@38831718, [ImportsContextCustomizer@1b765a2c key = [@org.springframework.test.context.TestPropertySource(locations={}, value={"classpath:config-test.properties"}, inheritProperties=true, properties={}, inheritLocations=true), @org.springframework.context.annotation.Import({org.springframework.boot.context.properties.EnableConfigurationPropertiesRegistrar.class}), @org.springframework.boot.context.properties.EnableConfigurationProperties({com.example.currencyrate.config.ConfigProperties.class})]], org.springframework.boot.test.context.filter.ExcludeFilterContextCustomizer@28ec166e, org.springframework.boot.test.json.DuplicateJsonObjectContextCustomizerFactory$DuplicateJsonObjectContextCustomizer@5629510, org.springframework.boot.test.mock.mockito.MockitoContextCustomizer@0], contextLoader = 'org.springframework.test.context.support.DelegatingSmartContextLoader', parent = [null]]]
12:41:23.923 [Test worker] DEBUG org.springframework.test.context.cache - Spring test ApplicationContext cache statistics: [DefaultContextCache@1bdbf9be size = 1, maxSize = 32, parentContextCount = 0, hitCount = 141, missCount = 1]
12:41:23.925 [Test worker] DEBUG org.springframework.test.context.cache.DefaultCacheAwareContextLoaderDelegate - Retrieved ApplicationContext [15477956] from cache with key [[MergedContextConfiguration@7103cb56 testClass = ConfigPropertiesTest, locations = '{}', classes = '{}', contextInitializerClasses = '[]', activeProfiles = '{}', propertySourceLocations = '{classpath:config-test.properties}', propertySourceProperties = '{}', contextCustomizers = set[org.springframework.boot.test.autoconfigure.actuate.metrics.MetricsExportContextCustomizerFactory$DisableMetricExportContextCustomizer@2f1de2d6, org.springframework.boot.test.autoconfigure.properties.PropertyMappingContextCustomizer@0, org.springframework.boot.test.autoconfigure.web.servlet.WebDriverContextCustomizerFactory$Customizer@38831718, [ImportsContextCustomizer@1b765a2c key = [@org.springframework.test.context.TestPropertySource(locations={}, value={"classpath:config-test.properties"}, inheritProperties=true, properties={}, inheritLocations=true), @org.springframework.context.annotation.Import({org.springframework.boot.context.properties.EnableConfigurationPropertiesRegistrar.class}), @org.springframework.boot.context.properties.EnableConfigurationProperties({com.example.currencyrate.config.ConfigProperties.class})]], org.springframework.boot.test.context.filter.ExcludeFilterContextCustomizer@28ec166e, org.springframework.boot.test.json.DuplicateJsonObjectContextCustomizerFactory$DuplicateJsonObjectContextCustomizer@5629510, org.springframework.boot.test.mock.mockito.MockitoContextCustomizer@0], contextLoader = 'org.springframework.test.context.support.DelegatingSmartContextLoader', parent = [null]]]
12:41:23.925 [Test worker] DEBUG org.springframework.test.context.cache - Spring test ApplicationContext cache statistics: [DefaultContextCache@1bdbf9be size = 1, maxSize = 32, parentContextCount = 0, hitCount = 142, missCount = 1]
12:41:23.926 [Test worker] DEBUG org.springframework.test.context.support.AbstractDirtiesContextTestExecutionListener - After test method: context [DefaultTestContext@178213b testClass = ConfigPropertiesTest, testInstance = com.example.currencyrate.ConfigPropertiesTest@3ce53f6a, testMethod = configPropertiesSetUrlRateNull@ConfigPropertiesTest, testException = [null], mergedContextConfiguration = [MergedContextConfiguration@7103cb56 testClass = ConfigPropertiesTest, locations = '{}', classes = '{}', contextInitializerClasses = '[]', activeProfiles = '{}', propertySourceLocations = '{classpath:config-test.properties}', propertySourceProperties = '{}', contextCustomizers = set[org.springframework.boot.test.autoconfigure.actuate.metrics.MetricsExportContextCustomizerFactory$DisableMetricExportContextCustomizer@2f1de2d6, org.springframework.boot.test.autoconfigure.properties.PropertyMappingContextCustomizer@0, org.springframework.boot.test.autoconfigure.web.servlet.WebDriverContextCustomizerFactory$Customizer@38831718, [ImportsContextCustomizer@1b765a2c key = [@org.springframework.test.context.TestPropertySource(locations={}, value={"classpath:config-test.properties"}, inheritProperties=true, properties={}, inheritLocations=true), @org.springframework.context.annotation.Import({org.springframework.boot.context.properties.EnableConfigurationPropertiesRegistrar.class}), @org.springframework.boot.context.properties.EnableConfigurationProperties({com.example.currencyrate.config.ConfigProperties.class})]], org.springframework.boot.test.context.filter.ExcludeFilterContextCustomizer@28ec166e, org.springframework.boot.test.json.DuplicateJsonObjectContextCustomizerFactory$DuplicateJsonObjectContextCustomizer@5629510, org.springframework.boot.test.mock.mockito.MockitoContextCustomizer@0], contextLoader = 'org.springframework.test.context.support.DelegatingSmartContextLoader', parent = [null]], attributes = map['org.springframework.test.context.event.ApplicationEventsTestExecutionListener.recordApplicationEvents' -> false]], class annotated with @DirtiesContext [false] with mode [null], method annotated with @DirtiesContext [false] with mode [null].
12:41:23.927 [Test worker] DEBUG org.springframework.test.context.support.DependencyInjectionTestExecutionListener - Performing dependency injection for test context [[DefaultTestContext@178213b testClass = ConfigPropertiesTest, testInstance = com.example.currencyrate.ConfigPropertiesTest@3ee69ad8, testMethod = [null], testException = [null], mergedContextConfiguration = [MergedContextConfiguration@7103cb56 testClass = ConfigPropertiesTest, locations = '{}', classes = '{}', contextInitializerClasses = '[]', activeProfiles = '{}', propertySourceLocations = '{classpath:config-test.properties}', propertySourceProperties = '{}', contextCustomizers = set[org.springframework.boot.test.autoconfigure.actuate.metrics.MetricsExportContextCustomizerFactory$DisableMetricExportContextCustomizer@2f1de2d6, org.springframework.boot.test.autoconfigure.properties.PropertyMappingContextCustomizer@0, org.springframework.boot.test.autoconfigure.web.servlet.WebDriverContextCustomizerFactory$Customizer@38831718, [ImportsContextCustomizer@1b765a2c key = [@org.springframework.test.context.TestPropertySource(locations={}, value={"classpath:config-test.properties"}, inheritProperties=true, properties={}, inheritLocations=true), @org.springframework.context.annotation.Import({org.springframework.boot.context.properties.EnableConfigurationPropertiesRegistrar.class}), @org.springframework.boot.context.properties.EnableConfigurationProperties({com.example.currencyrate.config.ConfigProperties.class})]], org.springframework.boot.test.context.filter.ExcludeFilterContextCustomizer@28ec166e, org.springframework.boot.test.json.DuplicateJsonObjectContextCustomizerFactory$DuplicateJsonObjectContextCustomizer@5629510, org.springframework.boot.test.mock.mockito.MockitoContextCustomizer@0], contextLoader = 'org.springframework.test.context.support.DelegatingSmartContextLoader', parent = [null]], attributes = map['org.springframework.test.context.event.ApplicationEventsTestExecutionListener.recordApplicationEvents' -> false]]].
12:41:23.928 [Test worker] DEBUG org.springframework.test.context.cache.DefaultCacheAwareContextLoaderDelegate - Retrieved ApplicationContext [15477956] from cache with key [[MergedContextConfiguration@7103cb56 testClass = ConfigPropertiesTest, locations = '{}', classes = '{}', contextInitializerClasses = '[]', activeProfiles = '{}', propertySourceLocations = '{classpath:config-test.properties}', propertySourceProperties = '{}', contextCustomizers = set[org.springframework.boot.test.autoconfigure.actuate.metrics.MetricsExportContextCustomizerFactory$DisableMetricExportContextCustomizer@2f1de2d6, org.springframework.boot.test.autoconfigure.properties.PropertyMappingContextCustomizer@0, org.springframework.boot.test.autoconfigure.web.servlet.WebDriverContextCustomizerFactory$Customizer@38831718, [ImportsContextCustomizer@1b765a2c key = [@org.springframework.test.context.TestPropertySource(locations={}, value={"classpath:config-test.properties"}, inheritProperties=true, properties={}, inheritLocations=true), @org.springframework.context.annotation.Import({org.springframework.boot.context.properties.EnableConfigurationPropertiesRegistrar.class}), @org.springframework.boot.context.properties.EnableConfigurationProperties({com.example.currencyrate.config.ConfigProperties.class})]], org.springframework.boot.test.context.filter.ExcludeFilterContextCustomizer@28ec166e, org.springframework.boot.test.json.DuplicateJsonObjectContextCustomizerFactory$DuplicateJsonObjectContextCustomizer@5629510, org.springframework.boot.test.mock.mockito.MockitoContextCustomizer@0], contextLoader = 'org.springframework.test.context.support.DelegatingSmartContextLoader', parent = [null]]]
12:41:23.928 [Test worker] DEBUG org.springframework.test.context.cache - Spring test ApplicationContext cache statistics: [DefaultContextCache@1bdbf9be size = 1, maxSize = 32, parentContextCount = 0, hitCount = 143, missCount = 1]
12:41:23.929 [Test worker] DEBUG org.springframework.test.context.cache.DefaultCacheAwareContextLoaderDelegate - Retrieved ApplicationContext [15477956] from cache with key [[MergedContextConfiguration@7103cb56 testClass = ConfigPropertiesTest, locations = '{}', classes = '{}', contextInitializerClasses = '[]', activeProfiles = '{}', propertySourceLocations = '{classpath:config-test.properties}', propertySourceProperties = '{}', contextCustomizers = set[org.springframework.boot.test.autoconfigure.actuate.metrics.MetricsExportContextCustomizerFactory$DisableMetricExportContextCustomizer@2f1de2d6, org.springframework.boot.test.autoconfigure.properties.PropertyMappingContextCustomizer@0, org.springframework.boot.test.autoconfigure.web.servlet.WebDriverContextCustomizerFactory$Customizer@38831718, [ImportsContextCustomizer@1b765a2c key = [@org.springframework.test.context.TestPropertySource(locations={}, value={"classpath:config-test.properties"}, inheritProperties=true, properties={}, inheritLocations=true), @org.springframework.context.annotation.Import({org.springframework.boot.context.properties.EnableConfigurationPropertiesRegistrar.class}), @org.springframework.boot.context.properties.EnableConfigurationProperties({com.example.currencyrate.config.ConfigProperties.class})]], org.springframework.boot.test.context.filter.ExcludeFilterContextCustomizer@28ec166e, org.springframework.boot.test.json.DuplicateJsonObjectContextCustomizerFactory$DuplicateJsonObjectContextCustomizer@5629510, org.springframework.boot.test.mock.mockito.MockitoContextCustomizer@0], contextLoader = 'org.springframework.test.context.support.DelegatingSmartContextLoader', parent = [null]]]
12:41:23.929 [Test worker] DEBUG org.springframework.test.context.cache - Spring test ApplicationContext cache statistics: [DefaultContextCache@1bdbf9be size = 1, maxSize = 32, parentContextCount = 0, hitCount = 144, missCount = 1]
12:41:23.930 [Test worker] DEBUG org.springframework.test.context.support.AbstractDirtiesContextTestExecutionListener - Before test method: context [DefaultTestContext@178213b testClass = ConfigPropertiesTest, testInstance = com.example.currencyrate.ConfigPropertiesTest@3ee69ad8, testMethod = configPropertiesSetRequestWordDownNull@ConfigPropertiesTest, testException = [null], mergedContextConfiguration = [MergedContextConfiguration@7103cb56 testClass = ConfigPropertiesTest, locations = '{}', classes = '{}', contextInitializerClasses = '[]', activeProfiles = '{}', propertySourceLocations = '{classpath:config-test.properties}', propertySourceProperties = '{}', contextCustomizers = set[org.springframework.boot.test.autoconfigure.actuate.metrics.MetricsExportContextCustomizerFactory$DisableMetricExportContextCustomizer@2f1de2d6, org.springframework.boot.test.autoconfigure.properties.PropertyMappingContextCustomizer@0, org.springframework.boot.test.autoconfigure.web.servlet.WebDriverContextCustomizerFactory$Customizer@38831718, [ImportsContextCustomizer@1b765a2c key = [@org.springframework.test.context.TestPropertySource(locations={}, value={"classpath:config-test.properties"}, inheritProperties=true, properties={}, inheritLocations=true), @org.springframework.context.annotation.Import({org.springframework.boot.context.properties.EnableConfigurationPropertiesRegistrar.class}), @org.springframework.boot.context.properties.EnableConfigurationProperties({com.example.currencyrate.config.ConfigProperties.class})]], org.springframework.boot.test.context.filter.ExcludeFilterContextCustomizer@28ec166e, org.springframework.boot.test.json.DuplicateJsonObjectContextCustomizerFactory$DuplicateJsonObjectContextCustomizer@5629510, org.springframework.boot.test.mock.mockito.MockitoContextCustomizer@0], contextLoader = 'org.springframework.test.context.support.DelegatingSmartContextLoader', parent = [null]], attributes = map['org.springframework.test.context.event.ApplicationEventsTestExecutionListener.recordApplicationEvents' -> false]], class annotated with @DirtiesContext [false] with mode [null], method annotated with @DirtiesContext [false] with mode [null].
12:41:23.930 [Test worker] DEBUG org.springframework.test.context.cache.DefaultCacheAwareContextLoaderDelegate - Retrieved ApplicationContext [15477956] from cache with key [[MergedContextConfiguration@7103cb56 testClass = ConfigPropertiesTest, locations = '{}', classes = '{}', contextInitializerClasses = '[]', activeProfiles = '{}', propertySourceLocations = '{classpath:config-test.properties}', propertySourceProperties = '{}', contextCustomizers = set[org.springframework.boot.test.autoconfigure.actuate.metrics.MetricsExportContextCustomizerFactory$DisableMetricExportContextCustomizer@2f1de2d6, org.springframework.boot.test.autoconfigure.properties.PropertyMappingContextCustomizer@0, org.springframework.boot.test.autoconfigure.web.servlet.WebDriverContextCustomizerFactory$Customizer@38831718, [ImportsContextCustomizer@1b765a2c key = [@org.springframework.test.context.TestPropertySource(locations={}, value={"classpath:config-test.properties"}, inheritProperties=true, properties={}, inheritLocations=true), @org.springframework.context.annotation.Import({org.springframework.boot.context.properties.EnableConfigurationPropertiesRegistrar.class}), @org.springframework.boot.context.properties.EnableConfigurationProperties({com.example.currencyrate.config.ConfigProperties.class})]], org.springframework.boot.test.context.filter.ExcludeFilterContextCustomizer@28ec166e, org.springframework.boot.test.json.DuplicateJsonObjectContextCustomizerFactory$DuplicateJsonObjectContextCustomizer@5629510, org.springframework.boot.test.mock.mockito.MockitoContextCustomizer@0], contextLoader = 'org.springframework.test.context.support.DelegatingSmartContextLoader', parent = [null]]]
12:41:23.931 [Test worker] DEBUG org.springframework.test.context.cache - Spring test ApplicationContext cache statistics: [DefaultContextCache@1bdbf9be size = 1, maxSize = 32, parentContextCount = 0, hitCount = 145, missCount = 1]
12:41:23.932 [Test worker] DEBUG org.springframework.test.context.cache.DefaultCacheAwareContextLoaderDelegate - Retrieved ApplicationContext [15477956] from cache with key [[MergedContextConfiguration@7103cb56 testClass = ConfigPropertiesTest, locations = '{}', classes = '{}', contextInitializerClasses = '[]', activeProfiles = '{}', propertySourceLocations = '{classpath:config-test.properties}', propertySourceProperties = '{}', contextCustomizers = set[org.springframework.boot.test.autoconfigure.actuate.metrics.MetricsExportContextCustomizerFactory$DisableMetricExportContextCustomizer@2f1de2d6, org.springframework.boot.test.autoconfigure.properties.PropertyMappingContextCustomizer@0, org.springframework.boot.test.autoconfigure.web.servlet.WebDriverContextCustomizerFactory$Customizer@38831718, [ImportsContextCustomizer@1b765a2c key = [@org.springframework.test.context.TestPropertySource(locations={}, value={"classpath:config-test.properties"}, inheritProperties=true, properties={}, inheritLocations=true), @org.springframework.context.annotation.Import({org.springframework.boot.context.properties.EnableConfigurationPropertiesRegistrar.class}), @org.springframework.boot.context.properties.EnableConfigurationProperties({com.example.currencyrate.config.ConfigProperties.class})]], org.springframework.boot.test.context.filter.ExcludeFilterContextCustomizer@28ec166e, org.springframework.boot.test.json.DuplicateJsonObjectContextCustomizerFactory$DuplicateJsonObjectContextCustomizer@5629510, org.springframework.boot.test.mock.mockito.MockitoContextCustomizer@0], contextLoader = 'org.springframework.test.context.support.DelegatingSmartContextLoader', parent = [null]]]
12:41:23.932 [Test worker] DEBUG org.springframework.test.context.cache - Spring test ApplicationContext cache statistics: [DefaultContextCache@1bdbf9be size = 1, maxSize = 32, parentContextCount = 0, hitCount = 146, missCount = 1]
12:41:23.933 [Test worker] DEBUG org.springframework.test.context.cache.DefaultCacheAwareContextLoaderDelegate - Retrieved ApplicationContext [15477956] from cache with key [[MergedContextConfiguration@7103cb56 testClass = ConfigPropertiesTest, locations = '{}', classes = '{}', contextInitializerClasses = '[]', activeProfiles = '{}', propertySourceLocations = '{classpath:config-test.properties}', propertySourceProperties = '{}', contextCustomizers = set[org.springframework.boot.test.autoconfigure.actuate.metrics.MetricsExportContextCustomizerFactory$DisableMetricExportContextCustomizer@2f1de2d6, org.springframework.boot.test.autoconfigure.properties.PropertyMappingContextCustomizer@0, org.springframework.boot.test.autoconfigure.web.servlet.WebDriverContextCustomizerFactory$Customizer@38831718, [ImportsContextCustomizer@1b765a2c key = [@org.springframework.test.context.TestPropertySource(locations={}, value={"classpath:config-test.properties"}, inheritProperties=true, properties={}, inheritLocations=true), @org.springframework.context.annotation.Import({org.springframework.boot.context.properties.EnableConfigurationPropertiesRegistrar.class}), @org.springframework.boot.context.properties.EnableConfigurationProperties({com.example.currencyrate.config.ConfigProperties.class})]], org.springframework.boot.test.context.filter.ExcludeFilterContextCustomizer@28ec166e, org.springframework.boot.test.json.DuplicateJsonObjectContextCustomizerFactory$DuplicateJsonObjectContextCustomizer@5629510, org.springframework.boot.test.mock.mockito.MockitoContextCustomizer@0], contextLoader = 'org.springframework.test.context.support.DelegatingSmartContextLoader', parent = [null]]]
12:41:23.934 [Test worker] DEBUG org.springframework.test.context.cache - Spring test ApplicationContext cache statistics: [DefaultContextCache@1bdbf9be size = 1, maxSize = 32, parentContextCount = 0, hitCount = 147, missCount = 1]
12:41:23.935 [Test worker] DEBUG org.springframework.test.context.cache.DefaultCacheAwareContextLoaderDelegate - Retrieved ApplicationContext [15477956] from cache with key [[MergedContextConfiguration@7103cb56 testClass = ConfigPropertiesTest, locations = '{}', classes = '{}', contextInitializerClasses = '[]', activeProfiles = '{}', propertySourceLocations = '{classpath:config-test.properties}', propertySourceProperties = '{}', contextCustomizers = set[org.springframework.boot.test.autoconfigure.actuate.metrics.MetricsExportContextCustomizerFactory$DisableMetricExportContextCustomizer@2f1de2d6, org.springframework.boot.test.autoconfigure.properties.PropertyMappingContextCustomizer@0, org.springframework.boot.test.autoconfigure.web.servlet.WebDriverContextCustomizerFactory$Customizer@38831718, [ImportsContextCustomizer@1b765a2c key = [@org.springframework.test.context.TestPropertySource(locations={}, value={"classpath:config-test.properties"}, inheritProperties=true, properties={}, inheritLocations=true), @org.springframework.context.annotation.Import({org.springframework.boot.context.properties.EnableConfigurationPropertiesRegistrar.class}), @org.springframework.boot.context.properties.EnableConfigurationProperties({com.example.currencyrate.config.ConfigProperties.class})]], org.springframework.boot.test.context.filter.ExcludeFilterContextCustomizer@28ec166e, org.springframework.boot.test.json.DuplicateJsonObjectContextCustomizerFactory$DuplicateJsonObjectContextCustomizer@5629510, org.springframework.boot.test.mock.mockito.MockitoContextCustomizer@0], contextLoader = 'org.springframework.test.context.support.DelegatingSmartContextLoader', parent = [null]]]
12:41:23.935 [Test worker] DEBUG org.springframework.test.context.cache - Spring test ApplicationContext cache statistics: [DefaultContextCache@1bdbf9be size = 1, maxSize = 32, parentContextCount = 0, hitCount = 148, missCount = 1]
12:41:23.935 [Test worker] DEBUG org.springframework.test.context.cache.DefaultCacheAwareContextLoaderDelegate - Retrieved ApplicationContext [15477956] from cache with key [[MergedContextConfiguration@7103cb56 testClass = ConfigPropertiesTest, locations = '{}', classes = '{}', contextInitializerClasses = '[]', activeProfiles = '{}', propertySourceLocations = '{classpath:config-test.properties}', propertySourceProperties = '{}', contextCustomizers = set[org.springframework.boot.test.autoconfigure.actuate.metrics.MetricsExportContextCustomizerFactory$DisableMetricExportContextCustomizer@2f1de2d6, org.springframework.boot.test.autoconfigure.properties.PropertyMappingContextCustomizer@0, org.springframework.boot.test.autoconfigure.web.servlet.WebDriverContextCustomizerFactory$Customizer@38831718, [ImportsContextCustomizer@1b765a2c key = [@org.springframework.test.context.TestPropertySource(locations={}, value={"classpath:config-test.properties"}, inheritProperties=true, properties={}, inheritLocations=true), @org.springframework.context.annotation.Import({org.springframework.boot.context.properties.EnableConfigurationPropertiesRegistrar.class}), @org.springframework.boot.context.properties.EnableConfigurationProperties({com.example.currencyrate.config.ConfigProperties.class})]], org.springframework.boot.test.context.filter.ExcludeFilterContextCustomizer@28ec166e, org.springframework.boot.test.json.DuplicateJsonObjectContextCustomizerFactory$DuplicateJsonObjectContextCustomizer@5629510, org.springframework.boot.test.mock.mockito.MockitoContextCustomizer@0], contextLoader = 'org.springframework.test.context.support.DelegatingSmartContextLoader', parent = [null]]]
12:41:23.936 [Test worker] DEBUG org.springframework.test.context.cache - Spring test ApplicationContext cache statistics: [DefaultContextCache@1bdbf9be size = 1, maxSize = 32, parentContextCount = 0, hitCount = 149, missCount = 1]
12:41:23.937 [Test worker] DEBUG org.springframework.test.context.cache.DefaultCacheAwareContextLoaderDelegate - Retrieved ApplicationContext [15477956] from cache with key [[MergedContextConfiguration@7103cb56 testClass = ConfigPropertiesTest, locations = '{}', classes = '{}', contextInitializerClasses = '[]', activeProfiles = '{}', propertySourceLocations = '{classpath:config-test.properties}', propertySourceProperties = '{}', contextCustomizers = set[org.springframework.boot.test.autoconfigure.actuate.metrics.MetricsExportContextCustomizerFactory$DisableMetricExportContextCustomizer@2f1de2d6, org.springframework.boot.test.autoconfigure.properties.PropertyMappingContextCustomizer@0, org.springframework.boot.test.autoconfigure.web.servlet.WebDriverContextCustomizerFactory$Customizer@38831718, [ImportsContextCustomizer@1b765a2c key = [@org.springframework.test.context.TestPropertySource(locations={}, value={"classpath:config-test.properties"}, inheritProperties=true, properties={}, inheritLocations=true), @org.springframework.context.annotation.Import({org.springframework.boot.context.properties.EnableConfigurationPropertiesRegistrar.class}), @org.springframework.boot.context.properties.EnableConfigurationProperties({com.example.currencyrate.config.ConfigProperties.class})]], org.springframework.boot.test.context.filter.ExcludeFilterContextCustomizer@28ec166e, org.springframework.boot.test.json.DuplicateJsonObjectContextCustomizerFactory$DuplicateJsonObjectContextCustomizer@5629510, org.springframework.boot.test.mock.mockito.MockitoContextCustomizer@0], contextLoader = 'org.springframework.test.context.support.DelegatingSmartContextLoader', parent = [null]]]
12:41:23.937 [Test worker] DEBUG org.springframework.test.context.cache - Spring test ApplicationContext cache statistics: [DefaultContextCache@1bdbf9be size = 1, maxSize = 32, parentContextCount = 0, hitCount = 150, missCount = 1]
12:41:23.938 [Test worker] DEBUG org.springframework.test.context.cache.DefaultCacheAwareContextLoaderDelegate - Retrieved ApplicationContext [15477956] from cache with key [[MergedContextConfiguration@7103cb56 testClass = ConfigPropertiesTest, locations = '{}', classes = '{}', contextInitializerClasses = '[]', activeProfiles = '{}', propertySourceLocations = '{classpath:config-test.properties}', propertySourceProperties = '{}', contextCustomizers = set[org.springframework.boot.test.autoconfigure.actuate.metrics.MetricsExportContextCustomizerFactory$DisableMetricExportContextCustomizer@2f1de2d6, org.springframework.boot.test.autoconfigure.properties.PropertyMappingContextCustomizer@0, org.springframework.boot.test.autoconfigure.web.servlet.WebDriverContextCustomizerFactory$Customizer@38831718, [ImportsContextCustomizer@1b765a2c key = [@org.springframework.test.context.TestPropertySource(locations={}, value={"classpath:config-test.properties"}, inheritProperties=true, properties={}, inheritLocations=true), @org.springframework.context.annotation.Import({org.springframework.boot.context.properties.EnableConfigurationPropertiesRegistrar.class}), @org.springframework.boot.context.properties.EnableConfigurationProperties({com.example.currencyrate.config.ConfigProperties.class})]], org.springframework.boot.test.context.filter.ExcludeFilterContextCustomizer@28ec166e, org.springframework.boot.test.json.DuplicateJsonObjectContextCustomizerFactory$DuplicateJsonObjectContextCustomizer@5629510, org.springframework.boot.test.mock.mockito.MockitoContextCustomizer@0], contextLoader = 'org.springframework.test.context.support.DelegatingSmartContextLoader', parent = [null]]]
12:41:23.938 [Test worker] DEBUG org.springframework.test.context.cache - Spring test ApplicationContext cache statistics: [DefaultContextCache@1bdbf9be size = 1, maxSize = 32, parentContextCount = 0, hitCount = 151, missCount = 1]
12:41:23.938 [Test worker] DEBUG org.springframework.test.context.cache.DefaultCacheAwareContextLoaderDelegate - Retrieved ApplicationContext [15477956] from cache with key [[MergedContextConfiguration@7103cb56 testClass = ConfigPropertiesTest, locations = '{}', classes = '{}', contextInitializerClasses = '[]', activeProfiles = '{}', propertySourceLocations = '{classpath:config-test.properties}', propertySourceProperties = '{}', contextCustomizers = set[org.springframework.boot.test.autoconfigure.actuate.metrics.MetricsExportContextCustomizerFactory$DisableMetricExportContextCustomizer@2f1de2d6, org.springframework.boot.test.autoconfigure.properties.PropertyMappingContextCustomizer@0, org.springframework.boot.test.autoconfigure.web.servlet.WebDriverContextCustomizerFactory$Customizer@38831718, [ImportsContextCustomizer@1b765a2c key = [@org.springframework.test.context.TestPropertySource(locations={}, value={"classpath:config-test.properties"}, inheritProperties=true, properties={}, inheritLocations=true), @org.springframework.context.annotation.Import({org.springframework.boot.context.properties.EnableConfigurationPropertiesRegistrar.class}), @org.springframework.boot.context.properties.EnableConfigurationProperties({com.example.currencyrate.config.ConfigProperties.class})]], org.springframework.boot.test.context.filter.ExcludeFilterContextCustomizer@28ec166e, org.springframework.boot.test.json.DuplicateJsonObjectContextCustomizerFactory$DuplicateJsonObjectContextCustomizer@5629510, org.springframework.boot.test.mock.mockito.MockitoContextCustomizer@0], contextLoader = 'org.springframework.test.context.support.DelegatingSmartContextLoader', parent = [null]]]
12:41:23.938 [Test worker] DEBUG org.springframework.test.context.cache - Spring test ApplicationContext cache statistics: [DefaultContextCache@1bdbf9be size = 1, maxSize = 32, parentContextCount = 0, hitCount = 152, missCount = 1]
12:41:23.940 [Test worker] DEBUG org.springframework.test.context.cache.DefaultCacheAwareContextLoaderDelegate - Retrieved ApplicationContext [15477956] from cache with key [[MergedContextConfiguration@7103cb56 testClass = ConfigPropertiesTest, locations = '{}', classes = '{}', contextInitializerClasses = '[]', activeProfiles = '{}', propertySourceLocations = '{classpath:config-test.properties}', propertySourceProperties = '{}', contextCustomizers = set[org.springframework.boot.test.autoconfigure.actuate.metrics.MetricsExportContextCustomizerFactory$DisableMetricExportContextCustomizer@2f1de2d6, org.springframework.boot.test.autoconfigure.properties.PropertyMappingContextCustomizer@0, org.springframework.boot.test.autoconfigure.web.servlet.WebDriverContextCustomizerFactory$Customizer@38831718, [ImportsContextCustomizer@1b765a2c key = [@org.springframework.test.context.TestPropertySource(locations={}, value={"classpath:config-test.properties"}, inheritProperties=true, properties={}, inheritLocations=true), @org.springframework.context.annotation.Import({org.springframework.boot.context.properties.EnableConfigurationPropertiesRegistrar.class}), @org.springframework.boot.context.properties.EnableConfigurationProperties({com.example.currencyrate.config.ConfigProperties.class})]], org.springframework.boot.test.context.filter.ExcludeFilterContextCustomizer@28ec166e, org.springframework.boot.test.json.DuplicateJsonObjectContextCustomizerFactory$DuplicateJsonObjectContextCustomizer@5629510, org.springframework.boot.test.mock.mockito.MockitoContextCustomizer@0], contextLoader = 'org.springframework.test.context.support.DelegatingSmartContextLoader', parent = [null]]]
12:41:23.940 [Test worker] DEBUG org.springframework.test.context.cache - Spring test ApplicationContext cache statistics: [DefaultContextCache@1bdbf9be size = 1, maxSize = 32, parentContextCount = 0, hitCount = 153, missCount = 1]
12:41:23.941 [Test worker] DEBUG org.springframework.test.context.support.AbstractDirtiesContextTestExecutionListener - After test method: context [DefaultTestContext@178213b testClass = ConfigPropertiesTest, testInstance = com.example.currencyrate.ConfigPropertiesTest@3ee69ad8, testMethod = configPropertiesSetRequestWordDownNull@ConfigPropertiesTest, testException = [null], mergedContextConfiguration = [MergedContextConfiguration@7103cb56 testClass = ConfigPropertiesTest, locations = '{}', classes = '{}', contextInitializerClasses = '[]', activeProfiles = '{}', propertySourceLocations = '{classpath:config-test.properties}', propertySourceProperties = '{}', contextCustomizers = set[org.springframework.boot.test.autoconfigure.actuate.metrics.MetricsExportContextCustomizerFactory$DisableMetricExportContextCustomizer@2f1de2d6, org.springframework.boot.test.autoconfigure.properties.PropertyMappingContextCustomizer@0, org.springframework.boot.test.autoconfigure.web.servlet.WebDriverContextCustomizerFactory$Customizer@38831718, [ImportsContextCustomizer@1b765a2c key = [@org.springframework.test.context.TestPropertySource(locations={}, value={"classpath:config-test.properties"}, inheritProperties=true, properties={}, inheritLocations=true), @org.springframework.context.annotation.Import({org.springframework.boot.context.properties.EnableConfigurationPropertiesRegistrar.class}), @org.springframework.boot.context.properties.EnableConfigurationProperties({com.example.currencyrate.config.ConfigProperties.class})]], org.springframework.boot.test.context.filter.ExcludeFilterContextCustomizer@28ec166e, org.springframework.boot.test.json.DuplicateJsonObjectContextCustomizerFactory$DuplicateJsonObjectContextCustomizer@5629510, org.springframework.boot.test.mock.mockito.MockitoContextCustomizer@0], contextLoader = 'org.springframework.test.context.support.DelegatingSmartContextLoader', parent = [null]], attributes = map['org.springframework.test.context.event.ApplicationEventsTestExecutionListener.recordApplicationEvents' -> false]], class annotated with @DirtiesContext [false] with mode [null], method annotated with @DirtiesContext [false] with mode [null].
12:41:23.943 [Test worker] DEBUG org.springframework.test.context.support.DependencyInjectionTestExecutionListener - Performing dependency injection for test context [[DefaultTestContext@178213b testClass = ConfigPropertiesTest, testInstance = com.example.currencyrate.ConfigPropertiesTest@1a6cf771, testMethod = [null], testException = [null], mergedContextConfiguration = [MergedContextConfiguration@7103cb56 testClass = ConfigPropertiesTest, locations = '{}', classes = '{}', contextInitializerClasses = '[]', activeProfiles = '{}', propertySourceLocations = '{classpath:config-test.properties}', propertySourceProperties = '{}', contextCustomizers = set[org.springframework.boot.test.autoconfigure.actuate.metrics.MetricsExportContextCustomizerFactory$DisableMetricExportContextCustomizer@2f1de2d6, org.springframework.boot.test.autoconfigure.properties.PropertyMappingContextCustomizer@0, org.springframework.boot.test.autoconfigure.web.servlet.WebDriverContextCustomizerFactory$Customizer@38831718, [ImportsContextCustomizer@1b765a2c key = [@org.springframework.test.context.TestPropertySource(locations={}, value={"classpath:config-test.properties"}, inheritProperties=true, properties={}, inheritLocations=true), @org.springframework.context.annotation.Import({org.springframework.boot.context.properties.EnableConfigurationPropertiesRegistrar.class}), @org.springframework.boot.context.properties.EnableConfigurationProperties({com.example.currencyrate.config.ConfigProperties.class})]], org.springframework.boot.test.context.filter.ExcludeFilterContextCustomizer@28ec166e, org.springframework.boot.test.json.DuplicateJsonObjectContextCustomizerFactory$DuplicateJsonObjectContextCustomizer@5629510, org.springframework.boot.test.mock.mockito.MockitoContextCustomizer@0], contextLoader = 'org.springframework.test.context.support.DelegatingSmartContextLoader', parent = [null]], attributes = map['org.springframework.test.context.event.ApplicationEventsTestExecutionListener.recordApplicationEvents' -> false]]].
12:41:23.944 [Test worker] DEBUG org.springframework.test.context.cache.DefaultCacheAwareContextLoaderDelegate - Retrieved ApplicationContext [15477956] from cache with key [[MergedContextConfiguration@7103cb56 testClass = ConfigPropertiesTest, locations = '{}', classes = '{}', contextInitializerClasses = '[]', activeProfiles = '{}', propertySourceLocations = '{classpath:config-test.properties}', propertySourceProperties = '{}', contextCustomizers = set[org.springframework.boot.test.autoconfigure.actuate.metrics.MetricsExportContextCustomizerFactory$DisableMetricExportContextCustomizer@2f1de2d6, org.springframework.boot.test.autoconfigure.properties.PropertyMappingContextCustomizer@0, org.springframework.boot.test.autoconfigure.web.servlet.WebDriverContextCustomizerFactory$Customizer@38831718, [ImportsContextCustomizer@1b765a2c key = [@org.springframework.test.context.TestPropertySource(locations={}, value={"classpath:config-test.properties"}, inheritProperties=true, properties={}, inheritLocations=true), @org.springframework.context.annotation.Import({org.springframework.boot.context.properties.EnableConfigurationPropertiesRegistrar.class}), @org.springframework.boot.context.properties.EnableConfigurationProperties({com.example.currencyrate.config.ConfigProperties.class})]], org.springframework.boot.test.context.filter.ExcludeFilterContextCustomizer@28ec166e, org.springframework.boot.test.json.DuplicateJsonObjectContextCustomizerFactory$DuplicateJsonObjectContextCustomizer@5629510, org.springframework.boot.test.mock.mockito.MockitoContextCustomizer@0], contextLoader = 'org.springframework.test.context.support.DelegatingSmartContextLoader', parent = [null]]]
12:41:23.944 [Test worker] DEBUG org.springframework.test.context.cache - Spring test ApplicationContext cache statistics: [DefaultContextCache@1bdbf9be size = 1, maxSize = 32, parentContextCount = 0, hitCount = 154, missCount = 1]
12:41:23.946 [Test worker] DEBUG org.springframework.test.context.cache.DefaultCacheAwareContextLoaderDelegate - Retrieved ApplicationContext [15477956] from cache with key [[MergedContextConfiguration@7103cb56 testClass = ConfigPropertiesTest, locations = '{}', classes = '{}', contextInitializerClasses = '[]', activeProfiles = '{}', propertySourceLocations = '{classpath:config-test.properties}', propertySourceProperties = '{}', contextCustomizers = set[org.springframework.boot.test.autoconfigure.actuate.metrics.MetricsExportContextCustomizerFactory$DisableMetricExportContextCustomizer@2f1de2d6, org.springframework.boot.test.autoconfigure.properties.PropertyMappingContextCustomizer@0, org.springframework.boot.test.autoconfigure.web.servlet.WebDriverContextCustomizerFactory$Customizer@38831718, [ImportsContextCustomizer@1b765a2c key = [@org.springframework.test.context.TestPropertySource(locations={}, value={"classpath:config-test.properties"}, inheritProperties=true, properties={}, inheritLocations=true), @org.springframework.context.annotation.Import({org.springframework.boot.context.properties.EnableConfigurationPropertiesRegistrar.class}), @org.springframework.boot.context.properties.EnableConfigurationProperties({com.example.currencyrate.config.ConfigProperties.class})]], org.springframework.boot.test.context.filter.ExcludeFilterContextCustomizer@28ec166e, org.springframework.boot.test.json.DuplicateJsonObjectContextCustomizerFactory$DuplicateJsonObjectContextCustomizer@5629510, org.springframework.boot.test.mock.mockito.MockitoContextCustomizer@0], contextLoader = 'org.springframework.test.context.support.DelegatingSmartContextLoader', parent = [null]]]
12:41:23.946 [Test worker] DEBUG org.springframework.test.context.cache - Spring test ApplicationContext cache statistics: [DefaultContextCache@1bdbf9be size = 1, maxSize = 32, parentContextCount = 0, hitCount = 155, missCount = 1]
12:41:23.951 [Test worker] DEBUG org.springframework.test.context.support.AbstractDirtiesContextTestExecutionListener - Before test method: context [DefaultTestContext@178213b testClass = ConfigPropertiesTest, testInstance = com.example.currencyrate.ConfigPropertiesTest@1a6cf771, testMethod = configPropertiesRequestWordUpError@ConfigPropertiesTest, testException = [null], mergedContextConfiguration = [MergedContextConfiguration@7103cb56 testClass = ConfigPropertiesTest, locations = '{}', classes = '{}', contextInitializerClasses = '[]', activeProfiles = '{}', propertySourceLocations = '{classpath:config-test.properties}', propertySourceProperties = '{}', contextCustomizers = set[org.springframework.boot.test.autoconfigure.actuate.metrics.MetricsExportContextCustomizerFactory$DisableMetricExportContextCustomizer@2f1de2d6, org.springframework.boot.test.autoconfigure.properties.PropertyMappingContextCustomizer@0, org.springframework.boot.test.autoconfigure.web.servlet.WebDriverContextCustomizerFactory$Customizer@38831718, [ImportsContextCustomizer@1b765a2c key = [@org.springframework.test.context.TestPropertySource(locations={}, value={"classpath:config-test.properties"}, inheritProperties=true, properties={}, inheritLocations=true), @org.springframework.context.annotation.Import({org.springframework.boot.context.properties.EnableConfigurationPropertiesRegistrar.class}), @org.springframework.boot.context.properties.EnableConfigurationProperties({com.example.currencyrate.config.ConfigProperties.class})]], org.springframework.boot.test.context.filter.ExcludeFilterContextCustomizer@28ec166e, org.springframework.boot.test.json.DuplicateJsonObjectContextCustomizerFactory$DuplicateJsonObjectContextCustomizer@5629510, org.springframework.boot.test.mock.mockito.MockitoContextCustomizer@0], contextLoader = 'org.springframework.test.context.support.DelegatingSmartContextLoader', parent = [null]], attributes = map['org.springframework.test.context.event.ApplicationEventsTestExecutionListener.recordApplicationEvents' -> false]], class annotated with @DirtiesContext [false] with mode [null], method annotated with @DirtiesContext [false] with mode [null].
12:41:23.952 [Test worker] DEBUG org.springframework.test.context.cache.DefaultCacheAwareContextLoaderDelegate - Retrieved ApplicationContext [15477956] from cache with key [[MergedContextConfiguration@7103cb56 testClass = ConfigPropertiesTest, locations = '{}', classes = '{}', contextInitializerClasses = '[]', activeProfiles = '{}', propertySourceLocations = '{classpath:config-test.properties}', propertySourceProperties = '{}', contextCustomizers = set[org.springframework.boot.test.autoconfigure.actuate.metrics.MetricsExportContextCustomizerFactory$DisableMetricExportContextCustomizer@2f1de2d6, org.springframework.boot.test.autoconfigure.properties.PropertyMappingContextCustomizer@0, org.springframework.boot.test.autoconfigure.web.servlet.WebDriverContextCustomizerFactory$Customizer@38831718, [ImportsContextCustomizer@1b765a2c key = [@org.springframework.test.context.TestPropertySource(locations={}, value={"classpath:config-test.properties"}, inheritProperties=true, properties={}, inheritLocations=true), @org.springframework.context.annotation.Import({org.springframework.boot.context.properties.EnableConfigurationPropertiesRegistrar.class}), @org.springframework.boot.context.properties.EnableConfigurationProperties({com.example.currencyrate.config.ConfigProperties.class})]], org.springframework.boot.test.context.filter.ExcludeFilterContextCustomizer@28ec166e, org.springframework.boot.test.json.DuplicateJsonObjectContextCustomizerFactory$DuplicateJsonObjectContextCustomizer@5629510, org.springframework.boot.test.mock.mockito.MockitoContextCustomizer@0], contextLoader = 'org.springframework.test.context.support.DelegatingSmartContextLoader', parent = [null]]]
12:41:23.952 [Test worker] DEBUG org.springframework.test.context.cache - Spring test ApplicationContext cache statistics: [DefaultContextCache@1bdbf9be size = 1, maxSize = 32, parentContextCount = 0, hitCount = 156, missCount = 1]
12:41:23.954 [Test worker] DEBUG org.springframework.test.context.cache.DefaultCacheAwareContextLoaderDelegate - Retrieved ApplicationContext [15477956] from cache with key [[MergedContextConfiguration@7103cb56 testClass = ConfigPropertiesTest, locations = '{}', classes = '{}', contextInitializerClasses = '[]', activeProfiles = '{}', propertySourceLocations = '{classpath:config-test.properties}', propertySourceProperties = '{}', contextCustomizers = set[org.springframework.boot.test.autoconfigure.actuate.metrics.MetricsExportContextCustomizerFactory$DisableMetricExportContextCustomizer@2f1de2d6, org.springframework.boot.test.autoconfigure.properties.PropertyMappingContextCustomizer@0, org.springframework.boot.test.autoconfigure.web.servlet.WebDriverContextCustomizerFactory$Customizer@38831718, [ImportsContextCustomizer@1b765a2c key = [@org.springframework.test.context.TestPropertySource(locations={}, value={"classpath:config-test.properties"}, inheritProperties=true, properties={}, inheritLocations=true), @org.springframework.context.annotation.Import({org.springframework.boot.context.properties.EnableConfigurationPropertiesRegistrar.class}), @org.springframework.boot.context.properties.EnableConfigurationProperties({com.example.currencyrate.config.ConfigProperties.class})]], org.springframework.boot.test.context.filter.ExcludeFilterContextCustomizer@28ec166e, org.springframework.boot.test.json.DuplicateJsonObjectContextCustomizerFactory$DuplicateJsonObjectContextCustomizer@5629510, org.springframework.boot.test.mock.mockito.MockitoContextCustomizer@0], contextLoader = 'org.springframework.test.context.support.DelegatingSmartContextLoader', parent = [null]]]
12:41:23.954 [Test worker] DEBUG org.springframework.test.context.cache - Spring test ApplicationContext cache statistics: [DefaultContextCache@1bdbf9be size = 1, maxSize = 32, parentContextCount = 0, hitCount = 157, missCount = 1]
12:41:23.955 [Test worker] DEBUG org.springframework.test.context.cache.DefaultCacheAwareContextLoaderDelegate - Retrieved ApplicationContext [15477956] from cache with key [[MergedContextConfiguration@7103cb56 testClass = ConfigPropertiesTest, locations = '{}', classes = '{}', contextInitializerClasses = '[]', activeProfiles = '{}', propertySourceLocations = '{classpath:config-test.properties}', propertySourceProperties = '{}', contextCustomizers = set[org.springframework.boot.test.autoconfigure.actuate.metrics.MetricsExportContextCustomizerFactory$DisableMetricExportContextCustomizer@2f1de2d6, org.springframework.boot.test.autoconfigure.properties.PropertyMappingContextCustomizer@0, org.springframework.boot.test.autoconfigure.web.servlet.WebDriverContextCustomizerFactory$Customizer@38831718, [ImportsContextCustomizer@1b765a2c key = [@org.springframework.test.context.TestPropertySource(locations={}, value={"classpath:config-test.properties"}, inheritProperties=true, properties={}, inheritLocations=true), @org.springframework.context.annotation.Import({org.springframework.boot.context.properties.EnableConfigurationPropertiesRegistrar.class}), @org.springframework.boot.context.properties.EnableConfigurationProperties({com.example.currencyrate.config.ConfigProperties.class})]], org.springframework.boot.test.context.filter.ExcludeFilterContextCustomizer@28ec166e, org.springframework.boot.test.json.DuplicateJsonObjectContextCustomizerFactory$DuplicateJsonObjectContextCustomizer@5629510, org.springframework.boot.test.mock.mockito.MockitoContextCustomizer@0], contextLoader = 'org.springframework.test.context.support.DelegatingSmartContextLoader', parent = [null]]]
12:41:23.955 [Test worker] DEBUG org.springframework.test.context.cache - Spring test ApplicationContext cache statistics: [DefaultContextCache@1bdbf9be size = 1, maxSize = 32, parentContextCount = 0, hitCount = 158, missCount = 1]
12:41:23.956 [Test worker] DEBUG org.springframework.test.context.cache.DefaultCacheAwareContextLoaderDelegate - Retrieved ApplicationContext [15477956] from cache with key [[MergedContextConfiguration@7103cb56 testClass = ConfigPropertiesTest, locations = '{}', classes = '{}', contextInitializerClasses = '[]', activeProfiles = '{}', propertySourceLocations = '{classpath:config-test.properties}', propertySourceProperties = '{}', contextCustomizers = set[org.springframework.boot.test.autoconfigure.actuate.metrics.MetricsExportContextCustomizerFactory$DisableMetricExportContextCustomizer@2f1de2d6, org.springframework.boot.test.autoconfigure.properties.PropertyMappingContextCustomizer@0, org.springframework.boot.test.autoconfigure.web.servlet.WebDriverContextCustomizerFactory$Customizer@38831718, [ImportsContextCustomizer@1b765a2c key = [@org.springframework.test.context.TestPropertySource(locations={}, value={"classpath:config-test.properties"}, inheritProperties=true, properties={}, inheritLocations=true), @org.springframework.context.annotation.Import({org.springframework.boot.context.properties.EnableConfigurationPropertiesRegistrar.class}), @org.springframework.boot.context.properties.EnableConfigurationProperties({com.example.currencyrate.config.ConfigProperties.class})]], org.springframework.boot.test.context.filter.ExcludeFilterContextCustomizer@28ec166e, org.springframework.boot.test.json.DuplicateJsonObjectContextCustomizerFactory$DuplicateJsonObjectContextCustomizer@5629510, org.springframework.boot.test.mock.mockito.MockitoContextCustomizer@0], contextLoader = 'org.springframework.test.context.support.DelegatingSmartContextLoader', parent = [null]]]
12:41:23.957 [Test worker] DEBUG org.springframework.test.context.cache - Spring test ApplicationContext cache statistics: [DefaultContextCache@1bdbf9be size = 1, maxSize = 32, parentContextCount = 0, hitCount = 159, missCount = 1]
12:41:23.958 [Test worker] DEBUG org.springframework.test.context.cache.DefaultCacheAwareContextLoaderDelegate - Retrieved ApplicationContext [15477956] from cache with key [[MergedContextConfiguration@7103cb56 testClass = ConfigPropertiesTest, locations = '{}', classes = '{}', contextInitializerClasses = '[]', activeProfiles = '{}', propertySourceLocations = '{classpath:config-test.properties}', propertySourceProperties = '{}', contextCustomizers = set[org.springframework.boot.test.autoconfigure.actuate.metrics.MetricsExportContextCustomizerFactory$DisableMetricExportContextCustomizer@2f1de2d6, org.springframework.boot.test.autoconfigure.properties.PropertyMappingContextCustomizer@0, org.springframework.boot.test.autoconfigure.web.servlet.WebDriverContextCustomizerFactory$Customizer@38831718, [ImportsContextCustomizer@1b765a2c key = [@org.springframework.test.context.TestPropertySource(locations={}, value={"classpath:config-test.properties"}, inheritProperties=true, properties={}, inheritLocations=true), @org.springframework.context.annotation.Import({org.springframework.boot.context.properties.EnableConfigurationPropertiesRegistrar.class}), @org.springframework.boot.context.properties.EnableConfigurationProperties({com.example.currencyrate.config.ConfigProperties.class})]], org.springframework.boot.test.context.filter.ExcludeFilterContextCustomizer@28ec166e, org.springframework.boot.test.json.DuplicateJsonObjectContextCustomizerFactory$DuplicateJsonObjectContextCustomizer@5629510, org.springframework.boot.test.mock.mockito.MockitoContextCustomizer@0], contextLoader = 'org.springframework.test.context.support.DelegatingSmartContextLoader', parent = [null]]]
12:41:23.958 [Test worker] DEBUG org.springframework.test.context.cache - Spring test ApplicationContext cache statistics: [DefaultContextCache@1bdbf9be size = 1, maxSize = 32, parentContextCount = 0, hitCount = 160, missCount = 1]
12:41:23.959 [Test worker] DEBUG org.springframework.test.context.cache.DefaultCacheAwareContextLoaderDelegate - Retrieved ApplicationContext [15477956] from cache with key [[MergedContextConfiguration@7103cb56 testClass = ConfigPropertiesTest, locations = '{}', classes = '{}', contextInitializerClasses = '[]', activeProfiles = '{}', propertySourceLocations = '{classpath:config-test.properties}', propertySourceProperties = '{}', contextCustomizers = set[org.springframework.boot.test.autoconfigure.actuate.metrics.MetricsExportContextCustomizerFactory$DisableMetricExportContextCustomizer@2f1de2d6, org.springframework.boot.test.autoconfigure.properties.PropertyMappingContextCustomizer@0, org.springframework.boot.test.autoconfigure.web.servlet.WebDriverContextCustomizerFactory$Customizer@38831718, [ImportsContextCustomizer@1b765a2c key = [@org.springframework.test.context.TestPropertySource(locations={}, value={"classpath:config-test.properties"}, inheritProperties=true, properties={}, inheritLocations=true), @org.springframework.context.annotation.Import({org.springframework.boot.context.properties.EnableConfigurationPropertiesRegistrar.class}), @org.springframework.boot.context.properties.EnableConfigurationProperties({com.example.currencyrate.config.ConfigProperties.class})]], org.springframework.boot.test.context.filter.ExcludeFilterContextCustomizer@28ec166e, org.springframework.boot.test.json.DuplicateJsonObjectContextCustomizerFactory$DuplicateJsonObjectContextCustomizer@5629510, org.springframework.boot.test.mock.mockito.MockitoContextCustomizer@0], contextLoader = 'org.springframework.test.context.support.DelegatingSmartContextLoader', parent = [null]]]
12:41:23.959 [Test worker] DEBUG org.springframework.test.context.cache - Spring test ApplicationContext cache statistics: [DefaultContextCache@1bdbf9be size = 1, maxSize = 32, parentContextCount = 0, hitCount = 161, missCount = 1]
12:41:23.962 [Test worker] DEBUG org.springframework.test.context.cache.DefaultCacheAwareContextLoaderDelegate - Retrieved ApplicationContext [15477956] from cache with key [[MergedContextConfiguration@7103cb56 testClass = ConfigPropertiesTest, locations = '{}', classes = '{}', contextInitializerClasses = '[]', activeProfiles = '{}', propertySourceLocations = '{classpath:config-test.properties}', propertySourceProperties = '{}', contextCustomizers = set[org.springframework.boot.test.autoconfigure.actuate.metrics.MetricsExportContextCustomizerFactory$DisableMetricExportContextCustomizer@2f1de2d6, org.springframework.boot.test.autoconfigure.properties.PropertyMappingContextCustomizer@0, org.springframework.boot.test.autoconfigure.web.servlet.WebDriverContextCustomizerFactory$Customizer@38831718, [ImportsContextCustomizer@1b765a2c key = [@org.springframework.test.context.TestPropertySource(locations={}, value={"classpath:config-test.properties"}, inheritProperties=true, properties={}, inheritLocations=true), @org.springframework.context.annotation.Import({org.springframework.boot.context.properties.EnableConfigurationPropertiesRegistrar.class}), @org.springframework.boot.context.properties.EnableConfigurationProperties({com.example.currencyrate.config.ConfigProperties.class})]], org.springframework.boot.test.context.filter.ExcludeFilterContextCustomizer@28ec166e, org.springframework.boot.test.json.DuplicateJsonObjectContextCustomizerFactory$DuplicateJsonObjectContextCustomizer@5629510, org.springframework.boot.test.mock.mockito.MockitoContextCustomizer@0], contextLoader = 'org.springframework.test.context.support.DelegatingSmartContextLoader', parent = [null]]]
12:41:23.963 [Test worker] DEBUG org.springframework.test.context.cache - Spring test ApplicationContext cache statistics: [DefaultContextCache@1bdbf9be size = 1, maxSize = 32, parentContextCount = 0, hitCount = 162, missCount = 1]
12:41:23.964 [Test worker] DEBUG org.springframework.test.context.cache.DefaultCacheAwareContextLoaderDelegate - Retrieved ApplicationContext [15477956] from cache with key [[MergedContextConfiguration@7103cb56 testClass = ConfigPropertiesTest, locations = '{}', classes = '{}', contextInitializerClasses = '[]', activeProfiles = '{}', propertySourceLocations = '{classpath:config-test.properties}', propertySourceProperties = '{}', contextCustomizers = set[org.springframework.boot.test.autoconfigure.actuate.metrics.MetricsExportContextCustomizerFactory$DisableMetricExportContextCustomizer@2f1de2d6, org.springframework.boot.test.autoconfigure.properties.PropertyMappingContextCustomizer@0, org.springframework.boot.test.autoconfigure.web.servlet.WebDriverContextCustomizerFactory$Customizer@38831718, [ImportsContextCustomizer@1b765a2c key = [@org.springframework.test.context.TestPropertySource(locations={}, value={"classpath:config-test.properties"}, inheritProperties=true, properties={}, inheritLocations=true), @org.springframework.context.annotation.Import({org.springframework.boot.context.properties.EnableConfigurationPropertiesRegistrar.class}), @org.springframework.boot.context.properties.EnableConfigurationProperties({com.example.currencyrate.config.ConfigProperties.class})]], org.springframework.boot.test.context.filter.ExcludeFilterContextCustomizer@28ec166e, org.springframework.boot.test.json.DuplicateJsonObjectContextCustomizerFactory$DuplicateJsonObjectContextCustomizer@5629510, org.springframework.boot.test.mock.mockito.MockitoContextCustomizer@0], contextLoader = 'org.springframework.test.context.support.DelegatingSmartContextLoader', parent = [null]]]
12:41:23.964 [Test worker] DEBUG org.springframework.test.context.cache - Spring test ApplicationContext cache statistics: [DefaultContextCache@1bdbf9be size = 1, maxSize = 32, parentContextCount = 0, hitCount = 163, missCount = 1]
12:41:23.966 [Test worker] DEBUG org.springframework.test.context.cache.DefaultCacheAwareContextLoaderDelegate - Retrieved ApplicationContext [15477956] from cache with key [[MergedContextConfiguration@7103cb56 testClass = ConfigPropertiesTest, locations = '{}', classes = '{}', contextInitializerClasses = '[]', activeProfiles = '{}', propertySourceLocations = '{classpath:config-test.properties}', propertySourceProperties = '{}', contextCustomizers = set[org.springframework.boot.test.autoconfigure.actuate.metrics.MetricsExportContextCustomizerFactory$DisableMetricExportContextCustomizer@2f1de2d6, org.springframework.boot.test.autoconfigure.properties.PropertyMappingContextCustomizer@0, org.springframework.boot.test.autoconfigure.web.servlet.WebDriverContextCustomizerFactory$Customizer@38831718, [ImportsContextCustomizer@1b765a2c key = [@org.springframework.test.context.TestPropertySource(locations={}, value={"classpath:config-test.properties"}, inheritProperties=true, properties={}, inheritLocations=true), @org.springframework.context.annotation.Import({org.springframework.boot.context.properties.EnableConfigurationPropertiesRegistrar.class}), @org.springframework.boot.context.properties.EnableConfigurationProperties({com.example.currencyrate.config.ConfigProperties.class})]], org.springframework.boot.test.context.filter.ExcludeFilterContextCustomizer@28ec166e, org.springframework.boot.test.json.DuplicateJsonObjectContextCustomizerFactory$DuplicateJsonObjectContextCustomizer@5629510, org.springframework.boot.test.mock.mockito.MockitoContextCustomizer@0], contextLoader = 'org.springframework.test.context.support.DelegatingSmartContextLoader', parent = [null]]]
12:41:23.966 [Test worker] DEBUG org.springframework.test.context.cache - Spring test ApplicationContext cache statistics: [DefaultContextCache@1bdbf9be size = 1, maxSize = 32, parentContextCount = 0, hitCount = 164, missCount = 1]
12:41:23.967 [Test worker] DEBUG org.springframework.test.context.support.AbstractDirtiesContextTestExecutionListener - After test method: context [DefaultTestContext@178213b testClass = ConfigPropertiesTest, testInstance = com.example.currencyrate.ConfigPropertiesTest@1a6cf771, testMethod = configPropertiesRequestWordUpError@ConfigPropertiesTest, testException = [null], mergedContextConfiguration = [MergedContextConfiguration@7103cb56 testClass = ConfigPropertiesTest, locations = '{}', classes = '{}', contextInitializerClasses = '[]', activeProfiles = '{}', propertySourceLocations = '{classpath:config-test.properties}', propertySourceProperties = '{}', contextCustomizers = set[org.springframework.boot.test.autoconfigure.actuate.metrics.MetricsExportContextCustomizerFactory$DisableMetricExportContextCustomizer@2f1de2d6, org.springframework.boot.test.autoconfigure.properties.PropertyMappingContextCustomizer@0, org.springframework.boot.test.autoconfigure.web.servlet.WebDriverContextCustomizerFactory$Customizer@38831718, [ImportsContextCustomizer@1b765a2c key = [@org.springframework.test.context.TestPropertySource(locations={}, value={"classpath:config-test.properties"}, inheritProperties=true, properties={}, inheritLocations=true), @org.springframework.context.annotation.Import({org.springframework.boot.context.properties.EnableConfigurationPropertiesRegistrar.class}), @org.springframework.boot.context.properties.EnableConfigurationProperties({com.example.currencyrate.config.ConfigProperties.class})]], org.springframework.boot.test.context.filter.ExcludeFilterContextCustomizer@28ec166e, org.springframework.boot.test.json.DuplicateJsonObjectContextCustomizerFactory$DuplicateJsonObjectContextCustomizer@5629510, org.springframework.boot.test.mock.mockito.MockitoContextCustomizer@0], contextLoader = 'org.springframework.test.context.support.DelegatingSmartContextLoader', parent = [null]], attributes = map['org.springframework.test.context.event.ApplicationEventsTestExecutionListener.recordApplicationEvents' -> false]], class annotated with @DirtiesContext [false] with mode [null], method annotated with @DirtiesContext [false] with mode [null].
12:41:23.970 [Test worker] DEBUG org.springframework.test.context.support.DependencyInjectionTestExecutionListener - Performing dependency injection for test context [[DefaultTestContext@178213b testClass = ConfigPropertiesTest, testInstance = com.example.currencyrate.ConfigPropertiesTest@7fd8c559, testMethod = [null], testException = [null], mergedContextConfiguration = [MergedContextConfiguration@7103cb56 testClass = ConfigPropertiesTest, locations = '{}', classes = '{}', contextInitializerClasses = '[]', activeProfiles = '{}', propertySourceLocations = '{classpath:config-test.properties}', propertySourceProperties = '{}', contextCustomizers = set[org.springframework.boot.test.autoconfigure.actuate.metrics.MetricsExportContextCustomizerFactory$DisableMetricExportContextCustomizer@2f1de2d6, org.springframework.boot.test.autoconfigure.properties.PropertyMappingContextCustomizer@0, org.springframework.boot.test.autoconfigure.web.servlet.WebDriverContextCustomizerFactory$Customizer@38831718, [ImportsContextCustomizer@1b765a2c key = [@org.springframework.test.context.TestPropertySource(locations={}, value={"classpath:config-test.properties"}, inheritProperties=true, properties={}, inheritLocations=true), @org.springframework.context.annotation.Import({org.springframework.boot.context.properties.EnableConfigurationPropertiesRegistrar.class}), @org.springframework.boot.context.properties.EnableConfigurationProperties({com.example.currencyrate.config.ConfigProperties.class})]], org.springframework.boot.test.context.filter.ExcludeFilterContextCustomizer@28ec166e, org.springframework.boot.test.json.DuplicateJsonObjectContextCustomizerFactory$DuplicateJsonObjectContextCustomizer@5629510, org.springframework.boot.test.mock.mockito.MockitoContextCustomizer@0], contextLoader = 'org.springframework.test.context.support.DelegatingSmartContextLoader', parent = [null]], attributes = map['org.springframework.test.context.event.ApplicationEventsTestExecutionListener.recordApplicationEvents' -> false]]].
12:41:23.971 [Test worker] DEBUG org.springframework.test.context.cache.DefaultCacheAwareContextLoaderDelegate - Retrieved ApplicationContext [15477956] from cache with key [[MergedContextConfiguration@7103cb56 testClass = ConfigPropertiesTest, locations = '{}', classes = '{}', contextInitializerClasses = '[]', activeProfiles = '{}', propertySourceLocations = '{classpath:config-test.properties}', propertySourceProperties = '{}', contextCustomizers = set[org.springframework.boot.test.autoconfigure.actuate.metrics.MetricsExportContextCustomizerFactory$DisableMetricExportContextCustomizer@2f1de2d6, org.springframework.boot.test.autoconfigure.properties.PropertyMappingContextCustomizer@0, org.springframework.boot.test.autoconfigure.web.servlet.WebDriverContextCustomizerFactory$Customizer@38831718, [ImportsContextCustomizer@1b765a2c key = [@org.springframework.test.context.TestPropertySource(locations={}, value={"classpath:config-test.properties"}, inheritProperties=true, properties={}, inheritLocations=true), @org.springframework.context.annotation.Import({org.springframework.boot.context.properties.EnableConfigurationPropertiesRegistrar.class}), @org.springframework.boot.context.properties.EnableConfigurationProperties({com.example.currencyrate.config.ConfigProperties.class})]], org.springframework.boot.test.context.filter.ExcludeFilterContextCustomizer@28ec166e, org.springframework.boot.test.json.DuplicateJsonObjectContextCustomizerFactory$DuplicateJsonObjectContextCustomizer@5629510, org.springframework.boot.test.mock.mockito.MockitoContextCustomizer@0], contextLoader = 'org.springframework.test.context.support.DelegatingSmartContextLoader', parent = [null]]]
12:41:23.971 [Test worker] DEBUG org.springframework.test.context.cache - Spring test ApplicationContext cache statistics: [DefaultContextCache@1bdbf9be size = 1, maxSize = 32, parentContextCount = 0, hitCount = 165, missCount = 1]
12:41:23.972 [Test worker] DEBUG org.springframework.test.context.cache.DefaultCacheAwareContextLoaderDelegate - Retrieved ApplicationContext [15477956] from cache with key [[MergedContextConfiguration@7103cb56 testClass = ConfigPropertiesTest, locations = '{}', classes = '{}', contextInitializerClasses = '[]', activeProfiles = '{}', propertySourceLocations = '{classpath:config-test.properties}', propertySourceProperties = '{}', contextCustomizers = set[org.springframework.boot.test.autoconfigure.actuate.metrics.MetricsExportContextCustomizerFactory$DisableMetricExportContextCustomizer@2f1de2d6, org.springframework.boot.test.autoconfigure.properties.PropertyMappingContextCustomizer@0, org.springframework.boot.test.autoconfigure.web.servlet.WebDriverContextCustomizerFactory$Customizer@38831718, [ImportsContextCustomizer@1b765a2c key = [@org.springframework.test.context.TestPropertySource(locations={}, value={"classpath:config-test.properties"}, inheritProperties=true, properties={}, inheritLocations=true), @org.springframework.context.annotation.Import({org.springframework.boot.context.properties.EnableConfigurationPropertiesRegistrar.class}), @org.springframework.boot.context.properties.EnableConfigurationProperties({com.example.currencyrate.config.ConfigProperties.class})]], org.springframework.boot.test.context.filter.ExcludeFilterContextCustomizer@28ec166e, org.springframework.boot.test.json.DuplicateJsonObjectContextCustomizerFactory$DuplicateJsonObjectContextCustomizer@5629510, org.springframework.boot.test.mock.mockito.MockitoContextCustomizer@0], contextLoader = 'org.springframework.test.context.support.DelegatingSmartContextLoader', parent = [null]]]
12:41:23.972 [Test worker] DEBUG org.springframework.test.context.cache - Spring test ApplicationContext cache statistics: [DefaultContextCache@1bdbf9be size = 1, maxSize = 32, parentContextCount = 0, hitCount = 166, missCount = 1]
12:41:23.974 [Test worker] DEBUG org.springframework.test.context.support.AbstractDirtiesContextTestExecutionListener - Before test method: context [DefaultTestContext@178213b testClass = ConfigPropertiesTest, testInstance = com.example.currencyrate.ConfigPropertiesTest@7fd8c559, testMethod = configPropertiesCurrencyError@ConfigPropertiesTest, testException = [null], mergedContextConfiguration = [MergedContextConfiguration@7103cb56 testClass = ConfigPropertiesTest, locations = '{}', classes = '{}', contextInitializerClasses = '[]', activeProfiles = '{}', propertySourceLocations = '{classpath:config-test.properties}', propertySourceProperties = '{}', contextCustomizers = set[org.springframework.boot.test.autoconfigure.actuate.metrics.MetricsExportContextCustomizerFactory$DisableMetricExportContextCustomizer@2f1de2d6, org.springframework.boot.test.autoconfigure.properties.PropertyMappingContextCustomizer@0, org.springframework.boot.test.autoconfigure.web.servlet.WebDriverContextCustomizerFactory$Customizer@38831718, [ImportsContextCustomizer@1b765a2c key = [@org.springframework.test.context.TestPropertySource(locations={}, value={"classpath:config-test.properties"}, inheritProperties=true, properties={}, inheritLocations=true), @org.springframework.context.annotation.Import({org.springframework.boot.context.properties.EnableConfigurationPropertiesRegistrar.class}), @org.springframework.boot.context.properties.EnableConfigurationProperties({com.example.currencyrate.config.ConfigProperties.class})]], org.springframework.boot.test.context.filter.ExcludeFilterContextCustomizer@28ec166e, org.springframework.boot.test.json.DuplicateJsonObjectContextCustomizerFactory$DuplicateJsonObjectContextCustomizer@5629510, org.springframework.boot.test.mock.mockito.MockitoContextCustomizer@0], contextLoader = 'org.springframework.test.context.support.DelegatingSmartContextLoader', parent = [null]], attributes = map['org.springframework.test.context.event.ApplicationEventsTestExecutionListener.recordApplicationEvents' -> false]], class annotated with @DirtiesContext [false] with mode [null], method annotated with @DirtiesContext [false] with mode [null].
12:41:23.975 [Test worker] DEBUG org.springframework.test.context.cache.DefaultCacheAwareContextLoaderDelegate - Retrieved ApplicationContext [15477956] from cache with key [[MergedContextConfiguration@7103cb56 testClass = ConfigPropertiesTest, locations = '{}', classes = '{}', contextInitializerClasses = '[]', activeProfiles = '{}', propertySourceLocations = '{classpath:config-test.properties}', propertySourceProperties = '{}', contextCustomizers = set[org.springframework.boot.test.autoconfigure.actuate.metrics.MetricsExportContextCustomizerFactory$DisableMetricExportContextCustomizer@2f1de2d6, org.springframework.boot.test.autoconfigure.properties.PropertyMappingContextCustomizer@0, org.springframework.boot.test.autoconfigure.web.servlet.WebDriverContextCustomizerFactory$Customizer@38831718, [ImportsContextCustomizer@1b765a2c key = [@org.springframework.test.context.TestPropertySource(locations={}, value={"classpath:config-test.properties"}, inheritProperties=true, properties={}, inheritLocations=true), @org.springframework.context.annotation.Import({org.springframework.boot.context.properties.EnableConfigurationPropertiesRegistrar.class}), @org.springframework.boot.context.properties.EnableConfigurationProperties({com.example.currencyrate.config.ConfigProperties.class})]], org.springframework.boot.test.context.filter.ExcludeFilterContextCustomizer@28ec166e, org.springframework.boot.test.json.DuplicateJsonObjectContextCustomizerFactory$DuplicateJsonObjectContextCustomizer@5629510, org.springframework.boot.test.mock.mockito.MockitoContextCustomizer@0], contextLoader = 'org.springframework.test.context.support.DelegatingSmartContextLoader', parent = [null]]]
12:41:23.976 [Test worker] DEBUG org.springframework.test.context.cache - Spring test ApplicationContext cache statistics: [DefaultContextCache@1bdbf9be size = 1, maxSize = 32, parentContextCount = 0, hitCount = 167, missCount = 1]
12:41:23.978 [Test worker] DEBUG org.springframework.test.context.cache.DefaultCacheAwareContextLoaderDelegate - Retrieved ApplicationContext [15477956] from cache with key [[MergedContextConfiguration@7103cb56 testClass = ConfigPropertiesTest, locations = '{}', classes = '{}', contextInitializerClasses = '[]', activeProfiles = '{}', propertySourceLocations = '{classpath:config-test.properties}', propertySourceProperties = '{}', contextCustomizers = set[org.springframework.boot.test.autoconfigure.actuate.metrics.MetricsExportContextCustomizerFactory$DisableMetricExportContextCustomizer@2f1de2d6, org.springframework.boot.test.autoconfigure.properties.PropertyMappingContextCustomizer@0, org.springframework.boot.test.autoconfigure.web.servlet.WebDriverContextCustomizerFactory$Customizer@38831718, [ImportsContextCustomizer@1b765a2c key = [@org.springframework.test.context.TestPropertySource(locations={}, value={"classpath:config-test.properties"}, inheritProperties=true, properties={}, inheritLocations=true), @org.springframework.context.annotation.Import({org.springframework.boot.context.properties.EnableConfigurationPropertiesRegistrar.class}), @org.springframework.boot.context.properties.EnableConfigurationProperties({com.example.currencyrate.config.ConfigProperties.class})]], org.springframework.boot.test.context.filter.ExcludeFilterContextCustomizer@28ec166e, org.springframework.boot.test.json.DuplicateJsonObjectContextCustomizerFactory$DuplicateJsonObjectContextCustomizer@5629510, org.springframework.boot.test.mock.mockito.MockitoContextCustomizer@0], contextLoader = 'org.springframework.test.context.support.DelegatingSmartContextLoader', parent = [null]]]
12:41:23.978 [Test worker] DEBUG org.springframework.test.context.cache - Spring test ApplicationContext cache statistics: [DefaultContextCache@1bdbf9be size = 1, maxSize = 32, parentContextCount = 0, hitCount = 168, missCount = 1]
12:41:23.980 [Test worker] DEBUG org.springframework.test.context.cache.DefaultCacheAwareContextLoaderDelegate - Retrieved ApplicationContext [15477956] from cache with key [[MergedContextConfiguration@7103cb56 testClass = ConfigPropertiesTest, locations = '{}', classes = '{}', contextInitializerClasses = '[]', activeProfiles = '{}', propertySourceLocations = '{classpath:config-test.properties}', propertySourceProperties = '{}', contextCustomizers = set[org.springframework.boot.test.autoconfigure.actuate.metrics.MetricsExportContextCustomizerFactory$DisableMetricExportContextCustomizer@2f1de2d6, org.springframework.boot.test.autoconfigure.properties.PropertyMappingContextCustomizer@0, org.springframework.boot.test.autoconfigure.web.servlet.WebDriverContextCustomizerFactory$Customizer@38831718, [ImportsContextCustomizer@1b765a2c key = [@org.springframework.test.context.TestPropertySource(locations={}, value={"classpath:config-test.properties"}, inheritProperties=true, properties={}, inheritLocations=true), @org.springframework.context.annotation.Import({org.springframework.boot.context.properties.EnableConfigurationPropertiesRegistrar.class}), @org.springframework.boot.context.properties.EnableConfigurationProperties({com.example.currencyrate.config.ConfigProperties.class})]], org.springframework.boot.test.context.filter.ExcludeFilterContextCustomizer@28ec166e, org.springframework.boot.test.json.DuplicateJsonObjectContextCustomizerFactory$DuplicateJsonObjectContextCustomizer@5629510, org.springframework.boot.test.mock.mockito.MockitoContextCustomizer@0], contextLoader = 'org.springframework.test.context.support.DelegatingSmartContextLoader', parent = [null]]]
12:41:23.981 [Test worker] DEBUG org.springframework.test.context.cache - Spring test ApplicationContext cache statistics: [DefaultContextCache@1bdbf9be size = 1, maxSize = 32, parentContextCount = 0, hitCount = 169, missCount = 1]
12:41:23.982 [Test worker] DEBUG org.springframework.test.context.cache.DefaultCacheAwareContextLoaderDelegate - Retrieved ApplicationContext [15477956] from cache with key [[MergedContextConfiguration@7103cb56 testClass = ConfigPropertiesTest, locations = '{}', classes = '{}', contextInitializerClasses = '[]', activeProfiles = '{}', propertySourceLocations = '{classpath:config-test.properties}', propertySourceProperties = '{}', contextCustomizers = set[org.springframework.boot.test.autoconfigure.actuate.metrics.MetricsExportContextCustomizerFactory$DisableMetricExportContextCustomizer@2f1de2d6, org.springframework.boot.test.autoconfigure.properties.PropertyMappingContextCustomizer@0, org.springframework.boot.test.autoconfigure.web.servlet.WebDriverContextCustomizerFactory$Customizer@38831718, [ImportsContextCustomizer@1b765a2c key = [@org.springframework.test.context.TestPropertySource(locations={}, value={"classpath:config-test.properties"}, inheritProperties=true, properties={}, inheritLocations=true), @org.springframework.context.annotation.Import({org.springframework.boot.context.properties.EnableConfigurationPropertiesRegistrar.class}), @org.springframework.boot.context.properties.EnableConfigurationProperties({com.example.currencyrate.config.ConfigProperties.class})]], org.springframework.boot.test.context.filter.ExcludeFilterContextCustomizer@28ec166e, org.springframework.boot.test.json.DuplicateJsonObjectContextCustomizerFactory$DuplicateJsonObjectContextCustomizer@5629510, org.springframework.boot.test.mock.mockito.MockitoContextCustomizer@0], contextLoader = 'org.springframework.test.context.support.DelegatingSmartContextLoader', parent = [null]]]
12:41:23.982 [Test worker] DEBUG org.springframework.test.context.cache - Spring test ApplicationContext cache statistics: [DefaultContextCache@1bdbf9be size = 1, maxSize = 32, parentContextCount = 0, hitCount = 170, missCount = 1]
12:41:23.986 [Test worker] DEBUG org.springframework.test.context.cache.DefaultCacheAwareContextLoaderDelegate - Retrieved ApplicationContext [15477956] from cache with key [[MergedContextConfiguration@7103cb56 testClass = ConfigPropertiesTest, locations = '{}', classes = '{}', contextInitializerClasses = '[]', activeProfiles = '{}', propertySourceLocations = '{classpath:config-test.properties}', propertySourceProperties = '{}', contextCustomizers = set[org.springframework.boot.test.autoconfigure.actuate.metrics.MetricsExportContextCustomizerFactory$DisableMetricExportContextCustomizer@2f1de2d6, org.springframework.boot.test.autoconfigure.properties.PropertyMappingContextCustomizer@0, org.springframework.boot.test.autoconfigure.web.servlet.WebDriverContextCustomizerFactory$Customizer@38831718, [ImportsContextCustomizer@1b765a2c key = [@org.springframework.test.context.TestPropertySource(locations={}, value={"classpath:config-test.properties"}, inheritProperties=true, properties={}, inheritLocations=true), @org.springframework.context.annotation.Import({org.springframework.boot.context.properties.EnableConfigurationPropertiesRegistrar.class}), @org.springframework.boot.context.properties.EnableConfigurationProperties({com.example.currencyrate.config.ConfigProperties.class})]], org.springframework.boot.test.context.filter.ExcludeFilterContextCustomizer@28ec166e, org.springframework.boot.test.json.DuplicateJsonObjectContextCustomizerFactory$DuplicateJsonObjectContextCustomizer@5629510, org.springframework.boot.test.mock.mockito.MockitoContextCustomizer@0], contextLoader = 'org.springframework.test.context.support.DelegatingSmartContextLoader', parent = [null]]]
12:41:23.986 [Test worker] DEBUG org.springframework.test.context.cache - Spring test ApplicationContext cache statistics: [DefaultContextCache@1bdbf9be size = 1, maxSize = 32, parentContextCount = 0, hitCount = 171, missCount = 1]
12:41:23.988 [Test worker] DEBUG org.springframework.test.context.cache.DefaultCacheAwareContextLoaderDelegate - Retrieved ApplicationContext [15477956] from cache with key [[MergedContextConfiguration@7103cb56 testClass = ConfigPropertiesTest, locations = '{}', classes = '{}', contextInitializerClasses = '[]', activeProfiles = '{}', propertySourceLocations = '{classpath:config-test.properties}', propertySourceProperties = '{}', contextCustomizers = set[org.springframework.boot.test.autoconfigure.actuate.metrics.MetricsExportContextCustomizerFactory$DisableMetricExportContextCustomizer@2f1de2d6, org.springframework.boot.test.autoconfigure.properties.PropertyMappingContextCustomizer@0, org.springframework.boot.test.autoconfigure.web.servlet.WebDriverContextCustomizerFactory$Customizer@38831718, [ImportsContextCustomizer@1b765a2c key = [@org.springframework.test.context.TestPropertySource(locations={}, value={"classpath:config-test.properties"}, inheritProperties=true, properties={}, inheritLocations=true), @org.springframework.context.annotation.Import({org.springframework.boot.context.properties.EnableConfigurationPropertiesRegistrar.class}), @org.springframework.boot.context.properties.EnableConfigurationProperties({com.example.currencyrate.config.ConfigProperties.class})]], org.springframework.boot.test.context.filter.ExcludeFilterContextCustomizer@28ec166e, org.springframework.boot.test.json.DuplicateJsonObjectContextCustomizerFactory$DuplicateJsonObjectContextCustomizer@5629510, org.springframework.boot.test.mock.mockito.MockitoContextCustomizer@0], contextLoader = 'org.springframework.test.context.support.DelegatingSmartContextLoader', parent = [null]]]
12:41:23.988 [Test worker] DEBUG org.springframework.test.context.cache - Spring test ApplicationContext cache statistics: [DefaultContextCache@1bdbf9be size = 1, maxSize = 32, parentContextCount = 0, hitCount = 172, missCount = 1]
12:41:23.989 [Test worker] DEBUG org.springframework.test.context.cache.DefaultCacheAwareContextLoaderDelegate - Retrieved ApplicationContext [15477956] from cache with key [[MergedContextConfiguration@7103cb56 testClass = ConfigPropertiesTest, locations = '{}', classes = '{}', contextInitializerClasses = '[]', activeProfiles = '{}', propertySourceLocations = '{classpath:config-test.properties}', propertySourceProperties = '{}', contextCustomizers = set[org.springframework.boot.test.autoconfigure.actuate.metrics.MetricsExportContextCustomizerFactory$DisableMetricExportContextCustomizer@2f1de2d6, org.springframework.boot.test.autoconfigure.properties.PropertyMappingContextCustomizer@0, org.springframework.boot.test.autoconfigure.web.servlet.WebDriverContextCustomizerFactory$Customizer@38831718, [ImportsContextCustomizer@1b765a2c key = [@org.springframework.test.context.TestPropertySource(locations={}, value={"classpath:config-test.properties"}, inheritProperties=true, properties={}, inheritLocations=true), @org.springframework.context.annotation.Import({org.springframework.boot.context.properties.EnableConfigurationPropertiesRegistrar.class}), @org.springframework.boot.context.properties.EnableConfigurationProperties({com.example.currencyrate.config.ConfigProperties.class})]], org.springframework.boot.test.context.filter.ExcludeFilterContextCustomizer@28ec166e, org.springframework.boot.test.json.DuplicateJsonObjectContextCustomizerFactory$DuplicateJsonObjectContextCustomizer@5629510, org.springframework.boot.test.mock.mockito.MockitoContextCustomizer@0], contextLoader = 'org.springframework.test.context.support.DelegatingSmartContextLoader', parent = [null]]]
12:41:23.989 [Test worker] DEBUG org.springframework.test.context.cache - Spring test ApplicationContext cache statistics: [DefaultContextCache@1bdbf9be size = 1, maxSize = 32, parentContextCount = 0, hitCount = 173, missCount = 1]
12:41:23.990 [Test worker] DEBUG org.springframework.test.context.cache.DefaultCacheAwareContextLoaderDelegate - Retrieved ApplicationContext [15477956] from cache with key [[MergedContextConfiguration@7103cb56 testClass = ConfigPropertiesTest, locations = '{}', classes = '{}', contextInitializerClasses = '[]', activeProfiles = '{}', propertySourceLocations = '{classpath:config-test.properties}', propertySourceProperties = '{}', contextCustomizers = set[org.springframework.boot.test.autoconfigure.actuate.metrics.MetricsExportContextCustomizerFactory$DisableMetricExportContextCustomizer@2f1de2d6, org.springframework.boot.test.autoconfigure.properties.PropertyMappingContextCustomizer@0, org.springframework.boot.test.autoconfigure.web.servlet.WebDriverContextCustomizerFactory$Customizer@38831718, [ImportsContextCustomizer@1b765a2c key = [@org.springframework.test.context.TestPropertySource(locations={}, value={"classpath:config-test.properties"}, inheritProperties=true, properties={}, inheritLocations=true), @org.springframework.context.annotation.Import({org.springframework.boot.context.properties.EnableConfigurationPropertiesRegistrar.class}), @org.springframework.boot.context.properties.EnableConfigurationProperties({com.example.currencyrate.config.ConfigProperties.class})]], org.springframework.boot.test.context.filter.ExcludeFilterContextCustomizer@28ec166e, org.springframework.boot.test.json.DuplicateJsonObjectContextCustomizerFactory$DuplicateJsonObjectContextCustomizer@5629510, org.springframework.boot.test.mock.mockito.MockitoContextCustomizer@0], contextLoader = 'org.springframework.test.context.support.DelegatingSmartContextLoader', parent = [null]]]
12:41:23.990 [Test worker] DEBUG org.springframework.test.context.cache - Spring test ApplicationContext cache statistics: [DefaultContextCache@1bdbf9be size = 1, maxSize = 32, parentContextCount = 0, hitCount = 174, missCount = 1]
12:41:23.992 [Test worker] DEBUG org.springframework.test.context.cache.DefaultCacheAwareContextLoaderDelegate - Retrieved ApplicationContext [15477956] from cache with key [[MergedContextConfiguration@7103cb56 testClass = ConfigPropertiesTest, locations = '{}', classes = '{}', contextInitializerClasses = '[]', activeProfiles = '{}', propertySourceLocations = '{classpath:config-test.properties}', propertySourceProperties = '{}', contextCustomizers = set[org.springframework.boot.test.autoconfigure.actuate.metrics.MetricsExportContextCustomizerFactory$DisableMetricExportContextCustomizer@2f1de2d6, org.springframework.boot.test.autoconfigure.properties.PropertyMappingContextCustomizer@0, org.springframework.boot.test.autoconfigure.web.servlet.WebDriverContextCustomizerFactory$Customizer@38831718, [ImportsContextCustomizer@1b765a2c key = [@org.springframework.test.context.TestPropertySource(locations={}, value={"classpath:config-test.properties"}, inheritProperties=true, properties={}, inheritLocations=true), @org.springframework.context.annotation.Import({org.springframework.boot.context.properties.EnableConfigurationPropertiesRegistrar.class}), @org.springframework.boot.context.properties.EnableConfigurationProperties({com.example.currencyrate.config.ConfigProperties.class})]], org.springframework.boot.test.context.filter.ExcludeFilterContextCustomizer@28ec166e, org.springframework.boot.test.json.DuplicateJsonObjectContextCustomizerFactory$DuplicateJsonObjectContextCustomizer@5629510, org.springframework.boot.test.mock.mockito.MockitoContextCustomizer@0], contextLoader = 'org.springframework.test.context.support.DelegatingSmartContextLoader', parent = [null]]]
12:41:23.993 [Test worker] DEBUG org.springframework.test.context.cache - Spring test ApplicationContext cache statistics: [DefaultContextCache@1bdbf9be size = 1, maxSize = 32, parentContextCount = 0, hitCount = 175, missCount = 1]
12:41:23.993 [Test worker] DEBUG org.springframework.test.context.support.AbstractDirtiesContextTestExecutionListener - After test method: context [DefaultTestContext@178213b testClass = ConfigPropertiesTest, testInstance = com.example.currencyrate.ConfigPropertiesTest@7fd8c559, testMethod = configPropertiesCurrencyError@ConfigPropertiesTest, testException = [null], mergedContextConfiguration = [MergedContextConfiguration@7103cb56 testClass = ConfigPropertiesTest, locations = '{}', classes = '{}', contextInitializerClasses = '[]', activeProfiles = '{}', propertySourceLocations = '{classpath:config-test.properties}', propertySourceProperties = '{}', contextCustomizers = set[org.springframework.boot.test.autoconfigure.actuate.metrics.MetricsExportContextCustomizerFactory$DisableMetricExportContextCustomizer@2f1de2d6, org.springframework.boot.test.autoconfigure.properties.PropertyMappingContextCustomizer@0, org.springframework.boot.test.autoconfigure.web.servlet.WebDriverContextCustomizerFactory$Customizer@38831718, [ImportsContextCustomizer@1b765a2c key = [@org.springframework.test.context.TestPropertySource(locations={}, value={"classpath:config-test.properties"}, inheritProperties=true, properties={}, inheritLocations=true), @org.springframework.context.annotation.Import({org.springframework.boot.context.properties.EnableConfigurationPropertiesRegistrar.class}), @org.springframework.boot.context.properties.EnableConfigurationProperties({com.example.currencyrate.config.ConfigProperties.class})]], org.springframework.boot.test.context.filter.ExcludeFilterContextCustomizer@28ec166e, org.springframework.boot.test.json.DuplicateJsonObjectContextCustomizerFactory$DuplicateJsonObjectContextCustomizer@5629510, org.springframework.boot.test.mock.mockito.MockitoContextCustomizer@0], contextLoader = 'org.springframework.test.context.support.DelegatingSmartContextLoader', parent = [null]], attributes = map['org.springframework.test.context.event.ApplicationEventsTestExecutionListener.recordApplicationEvents' -> false]], class annotated with @DirtiesContext [false] with mode [null], method annotated with @DirtiesContext [false] with mode [null].
12:41:23.996 [Test worker] DEBUG org.springframework.test.context.support.DependencyInjectionTestExecutionListener - Performing dependency injection for test context [[DefaultTestContext@178213b testClass = ConfigPropertiesTest, testInstance = com.example.currencyrate.ConfigPropertiesTest@6c6366cf, testMethod = [null], testException = [null], mergedContextConfiguration = [MergedContextConfiguration@7103cb56 testClass = ConfigPropertiesTest, locations = '{}', classes = '{}', contextInitializerClasses = '[]', activeProfiles = '{}', propertySourceLocations = '{classpath:config-test.properties}', propertySourceProperties = '{}', contextCustomizers = set[org.springframework.boot.test.autoconfigure.actuate.metrics.MetricsExportContextCustomizerFactory$DisableMetricExportContextCustomizer@2f1de2d6, org.springframework.boot.test.autoconfigure.properties.PropertyMappingContextCustomizer@0, org.springframework.boot.test.autoconfigure.web.servlet.WebDriverContextCustomizerFactory$Customizer@38831718, [ImportsContextCustomizer@1b765a2c key = [@org.springframework.test.context.TestPropertySource(locations={}, value={"classpath:config-test.properties"}, inheritProperties=true, properties={}, inheritLocations=true), @org.springframework.context.annotation.Import({org.springframework.boot.context.properties.EnableConfigurationPropertiesRegistrar.class}), @org.springframework.boot.context.properties.EnableConfigurationProperties({com.example.currencyrate.config.ConfigProperties.class})]], org.springframework.boot.test.context.filter.ExcludeFilterContextCustomizer@28ec166e, org.springframework.boot.test.json.DuplicateJsonObjectContextCustomizerFactory$DuplicateJsonObjectContextCustomizer@5629510, org.springframework.boot.test.mock.mockito.MockitoContextCustomizer@0], contextLoader = 'org.springframework.test.context.support.DelegatingSmartContextLoader', parent = [null]], attributes = map['org.springframework.test.context.event.ApplicationEventsTestExecutionListener.recordApplicationEvents' -> false]]].
12:41:23.997 [Test worker] DEBUG org.springframework.test.context.cache.DefaultCacheAwareContextLoaderDelegate - Retrieved ApplicationContext [15477956] from cache with key [[MergedContextConfiguration@7103cb56 testClass = ConfigPropertiesTest, locations = '{}', classes = '{}', contextInitializerClasses = '[]', activeProfiles = '{}', propertySourceLocations = '{classpath:config-test.properties}', propertySourceProperties = '{}', contextCustomizers = set[org.springframework.boot.test.autoconfigure.actuate.metrics.MetricsExportContextCustomizerFactory$DisableMetricExportContextCustomizer@2f1de2d6, org.springframework.boot.test.autoconfigure.properties.PropertyMappingContextCustomizer@0, org.springframework.boot.test.autoconfigure.web.servlet.WebDriverContextCustomizerFactory$Customizer@38831718, [ImportsContextCustomizer@1b765a2c key = [@org.springframework.test.context.TestPropertySource(locations={}, value={"classpath:config-test.properties"}, inheritProperties=true, properties={}, inheritLocations=true), @org.springframework.context.annotation.Import({org.springframework.boot.context.properties.EnableConfigurationPropertiesRegistrar.class}), @org.springframework.boot.context.properties.EnableConfigurationProperties({com.example.currencyrate.config.ConfigProperties.class})]], org.springframework.boot.test.context.filter.ExcludeFilterContextCustomizer@28ec166e, org.springframework.boot.test.json.DuplicateJsonObjectContextCustomizerFactory$DuplicateJsonObjectContextCustomizer@5629510, org.springframework.boot.test.mock.mockito.MockitoContextCustomizer@0], contextLoader = 'org.springframework.test.context.support.DelegatingSmartContextLoader', parent = [null]]]
12:41:23.998 [Test worker] DEBUG org.springframework.test.context.cache - Spring test ApplicationContext cache statistics: [DefaultContextCache@1bdbf9be size = 1, maxSize = 32, parentContextCount = 0, hitCount = 176, missCount = 1]
12:41:23.999 [Test worker] DEBUG org.springframework.test.context.cache.DefaultCacheAwareContextLoaderDelegate - Retrieved ApplicationContext [15477956] from cache with key [[MergedContextConfiguration@7103cb56 testClass = ConfigPropertiesTest, locations = '{}', classes = '{}', contextInitializerClasses = '[]', activeProfiles = '{}', propertySourceLocations = '{classpath:config-test.properties}', propertySourceProperties = '{}', contextCustomizers = set[org.springframework.boot.test.autoconfigure.actuate.metrics.MetricsExportContextCustomizerFactory$DisableMetricExportContextCustomizer@2f1de2d6, org.springframework.boot.test.autoconfigure.properties.PropertyMappingContextCustomizer@0, org.springframework.boot.test.autoconfigure.web.servlet.WebDriverContextCustomizerFactory$Customizer@38831718, [ImportsContextCustomizer@1b765a2c key = [@org.springframework.test.context.TestPropertySource(locations={}, value={"classpath:config-test.properties"}, inheritProperties=true, properties={}, inheritLocations=true), @org.springframework.context.annotation.Import({org.springframework.boot.context.properties.EnableConfigurationPropertiesRegistrar.class}), @org.springframework.boot.context.properties.EnableConfigurationProperties({com.example.currencyrate.config.ConfigProperties.class})]], org.springframework.boot.test.context.filter.ExcludeFilterContextCustomizer@28ec166e, org.springframework.boot.test.json.DuplicateJsonObjectContextCustomizerFactory$DuplicateJsonObjectContextCustomizer@5629510, org.springframework.boot.test.mock.mockito.MockitoContextCustomizer@0], contextLoader = 'org.springframework.test.context.support.DelegatingSmartContextLoader', parent = [null]]]
12:41:24.000 [Test worker] DEBUG org.springframework.test.context.cache - Spring test ApplicationContext cache statistics: [DefaultContextCache@1bdbf9be size = 1, maxSize = 32, parentContextCount = 0, hitCount = 177, missCount = 1]
12:41:24.005 [Test worker] DEBUG org.springframework.test.context.support.AbstractDirtiesContextTestExecutionListener - Before test method: context [DefaultTestContext@178213b testClass = ConfigPropertiesTest, testInstance = com.example.currencyrate.ConfigPropertiesTest@6c6366cf, testMethod = configPropertiesSetApiKeyNull@ConfigPropertiesTest, testException = [null], mergedContextConfiguration = [MergedContextConfiguration@7103cb56 testClass = ConfigPropertiesTest, locations = '{}', classes = '{}', contextInitializerClasses = '[]', activeProfiles = '{}', propertySourceLocations = '{classpath:config-test.properties}', propertySourceProperties = '{}', contextCustomizers = set[org.springframework.boot.test.autoconfigure.actuate.metrics.MetricsExportContextCustomizerFactory$DisableMetricExportContextCustomizer@2f1de2d6, org.springframework.boot.test.autoconfigure.properties.PropertyMappingContextCustomizer@0, org.springframework.boot.test.autoconfigure.web.servlet.WebDriverContextCustomizerFactory$Customizer@38831718, [ImportsContextCustomizer@1b765a2c key = [@org.springframework.test.context.TestPropertySource(locations={}, value={"classpath:config-test.properties"}, inheritProperties=true, properties={}, inheritLocations=true), @org.springframework.context.annotation.Import({org.springframework.boot.context.properties.EnableConfigurationPropertiesRegistrar.class}), @org.springframework.boot.context.properties.EnableConfigurationProperties({com.example.currencyrate.config.ConfigProperties.class})]], org.springframework.boot.test.context.filter.ExcludeFilterContextCustomizer@28ec166e, org.springframework.boot.test.json.DuplicateJsonObjectContextCustomizerFactory$DuplicateJsonObjectContextCustomizer@5629510, org.springframework.boot.test.mock.mockito.MockitoContextCustomizer@0], contextLoader = 'org.springframework.test.context.support.DelegatingSmartContextLoader', parent = [null]], attributes = map['org.springframework.test.context.event.ApplicationEventsTestExecutionListener.recordApplicationEvents' -> false]], class annotated with @DirtiesContext [false] with mode [null], method annotated with @DirtiesContext [false] with mode [null].
12:41:24.006 [Test worker] DEBUG org.springframework.test.context.cache.DefaultCacheAwareContextLoaderDelegate - Retrieved ApplicationContext [15477956] from cache with key [[MergedContextConfiguration@7103cb56 testClass = ConfigPropertiesTest, locations = '{}', classes = '{}', contextInitializerClasses = '[]', activeProfiles = '{}', propertySourceLocations = '{classpath:config-test.properties}', propertySourceProperties = '{}', contextCustomizers = set[org.springframework.boot.test.autoconfigure.actuate.metrics.MetricsExportContextCustomizerFactory$DisableMetricExportContextCustomizer@2f1de2d6, org.springframework.boot.test.autoconfigure.properties.PropertyMappingContextCustomizer@0, org.springframework.boot.test.autoconfigure.web.servlet.WebDriverContextCustomizerFactory$Customizer@38831718, [ImportsContextCustomizer@1b765a2c key = [@org.springframework.test.context.TestPropertySource(locations={}, value={"classpath:config-test.properties"}, inheritProperties=true, properties={}, inheritLocations=true), @org.springframework.context.annotation.Import({org.springframework.boot.context.properties.EnableConfigurationPropertiesRegistrar.class}), @org.springframework.boot.context.properties.EnableConfigurationProperties({com.example.currencyrate.config.ConfigProperties.class})]], org.springframework.boot.test.context.filter.ExcludeFilterContextCustomizer@28ec166e, org.springframework.boot.test.json.DuplicateJsonObjectContextCustomizerFactory$DuplicateJsonObjectContextCustomizer@5629510, org.springframework.boot.test.mock.mockito.MockitoContextCustomizer@0], contextLoader = 'org.springframework.test.context.support.DelegatingSmartContextLoader', parent = [null]]]
12:41:24.007 [Test worker] DEBUG org.springframework.test.context.cache - Spring test ApplicationContext cache statistics: [DefaultContextCache@1bdbf9be size = 1, maxSize = 32, parentContextCount = 0, hitCount = 178, missCount = 1]
12:41:24.008 [Test worker] DEBUG org.springframework.test.context.cache.DefaultCacheAwareContextLoaderDelegate - Retrieved ApplicationContext [15477956] from cache with key [[MergedContextConfiguration@7103cb56 testClass = ConfigPropertiesTest, locations = '{}', classes = '{}', contextInitializerClasses = '[]', activeProfiles = '{}', propertySourceLocations = '{classpath:config-test.properties}', propertySourceProperties = '{}', contextCustomizers = set[org.springframework.boot.test.autoconfigure.actuate.metrics.MetricsExportContextCustomizerFactory$DisableMetricExportContextCustomizer@2f1de2d6, org.springframework.boot.test.autoconfigure.properties.PropertyMappingContextCustomizer@0, org.springframework.boot.test.autoconfigure.web.servlet.WebDriverContextCustomizerFactory$Customizer@38831718, [ImportsContextCustomizer@1b765a2c key = [@org.springframework.test.context.TestPropertySource(locations={}, value={"classpath:config-test.properties"}, inheritProperties=true, properties={}, inheritLocations=true), @org.springframework.context.annotation.Import({org.springframework.boot.context.properties.EnableConfigurationPropertiesRegistrar.class}), @org.springframework.boot.context.properties.EnableConfigurationProperties({com.example.currencyrate.config.ConfigProperties.class})]], org.springframework.boot.test.context.filter.ExcludeFilterContextCustomizer@28ec166e, org.springframework.boot.test.json.DuplicateJsonObjectContextCustomizerFactory$DuplicateJsonObjectContextCustomizer@5629510, org.springframework.boot.test.mock.mockito.MockitoContextCustomizer@0], contextLoader = 'org.springframework.test.context.support.DelegatingSmartContextLoader', parent = [null]]]
12:41:24.012 [Test worker] DEBUG org.springframework.test.context.cache - Spring test ApplicationContext cache statistics: [DefaultContextCache@1bdbf9be size = 1, maxSize = 32, parentContextCount = 0, hitCount = 179, missCount = 1]
12:41:24.013 [Test worker] DEBUG org.springframework.test.context.cache.DefaultCacheAwareContextLoaderDelegate - Retrieved ApplicationContext [15477956] from cache with key [[MergedContextConfiguration@7103cb56 testClass = ConfigPropertiesTest, locations = '{}', classes = '{}', contextInitializerClasses = '[]', activeProfiles = '{}', propertySourceLocations = '{classpath:config-test.properties}', propertySourceProperties = '{}', contextCustomizers = set[org.springframework.boot.test.autoconfigure.actuate.metrics.MetricsExportContextCustomizerFactory$DisableMetricExportContextCustomizer@2f1de2d6, org.springframework.boot.test.autoconfigure.properties.PropertyMappingContextCustomizer@0, org.springframework.boot.test.autoconfigure.web.servlet.WebDriverContextCustomizerFactory$Customizer@38831718, [ImportsContextCustomizer@1b765a2c key = [@org.springframework.test.context.TestPropertySource(locations={}, value={"classpath:config-test.properties"}, inheritProperties=true, properties={}, inheritLocations=true), @org.springframework.context.annotation.Import({org.springframework.boot.context.properties.EnableConfigurationPropertiesRegistrar.class}), @org.springframework.boot.context.properties.EnableConfigurationProperties({com.example.currencyrate.config.ConfigProperties.class})]], org.springframework.boot.test.context.filter.ExcludeFilterContextCustomizer@28ec166e, org.springframework.boot.test.json.DuplicateJsonObjectContextCustomizerFactory$DuplicateJsonObjectContextCustomizer@5629510, org.springframework.boot.test.mock.mockito.MockitoContextCustomizer@0], contextLoader = 'org.springframework.test.context.support.DelegatingSmartContextLoader', parent = [null]]]
12:41:24.013 [Test worker] DEBUG org.springframework.test.context.cache - Spring test ApplicationContext cache statistics: [DefaultContextCache@1bdbf9be size = 1, maxSize = 32, parentContextCount = 0, hitCount = 180, missCount = 1]
12:41:24.015 [Test worker] DEBUG org.springframework.test.context.cache.DefaultCacheAwareContextLoaderDelegate - Retrieved ApplicationContext [15477956] from cache with key [[MergedContextConfiguration@7103cb56 testClass = ConfigPropertiesTest, locations = '{}', classes = '{}', contextInitializerClasses = '[]', activeProfiles = '{}', propertySourceLocations = '{classpath:config-test.properties}', propertySourceProperties = '{}', contextCustomizers = set[org.springframework.boot.test.autoconfigure.actuate.metrics.MetricsExportContextCustomizerFactory$DisableMetricExportContextCustomizer@2f1de2d6, org.springframework.boot.test.autoconfigure.properties.PropertyMappingContextCustomizer@0, org.springframework.boot.test.autoconfigure.web.servlet.WebDriverContextCustomizerFactory$Customizer@38831718, [ImportsContextCustomizer@1b765a2c key = [@org.springframework.test.context.TestPropertySource(locations={}, value={"classpath:config-test.properties"}, inheritProperties=true, properties={}, inheritLocations=true), @org.springframework.context.annotation.Import({org.springframework.boot.context.properties.EnableConfigurationPropertiesRegistrar.class}), @org.springframework.boot.context.properties.EnableConfigurationProperties({com.example.currencyrate.config.ConfigProperties.class})]], org.springframework.boot.test.context.filter.ExcludeFilterContextCustomizer@28ec166e, org.springframework.boot.test.json.DuplicateJsonObjectContextCustomizerFactory$DuplicateJsonObjectContextCustomizer@5629510, org.springframework.boot.test.mock.mockito.MockitoContextCustomizer@0], contextLoader = 'org.springframework.test.context.support.DelegatingSmartContextLoader', parent = [null]]]
12:41:24.015 [Test worker] DEBUG org.springframework.test.context.cache - Spring test ApplicationContext cache statistics: [DefaultContextCache@1bdbf9be size = 1, maxSize = 32, parentContextCount = 0, hitCount = 181, missCount = 1]
12:41:24.016 [Test worker] DEBUG org.springframework.test.context.cache.DefaultCacheAwareContextLoaderDelegate - Retrieved ApplicationContext [15477956] from cache with key [[MergedContextConfiguration@7103cb56 testClass = ConfigPropertiesTest, locations = '{}', classes = '{}', contextInitializerClasses = '[]', activeProfiles = '{}', propertySourceLocations = '{classpath:config-test.properties}', propertySourceProperties = '{}', contextCustomizers = set[org.springframework.boot.test.autoconfigure.actuate.metrics.MetricsExportContextCustomizerFactory$DisableMetricExportContextCustomizer@2f1de2d6, org.springframework.boot.test.autoconfigure.properties.PropertyMappingContextCustomizer@0, org.springframework.boot.test.autoconfigure.web.servlet.WebDriverContextCustomizerFactory$Customizer@38831718, [ImportsContextCustomizer@1b765a2c key = [@org.springframework.test.context.TestPropertySource(locations={}, value={"classpath:config-test.properties"}, inheritProperties=true, properties={}, inheritLocations=true), @org.springframework.context.annotation.Import({org.springframework.boot.context.properties.EnableConfigurationPropertiesRegistrar.class}), @org.springframework.boot.context.properties.EnableConfigurationProperties({com.example.currencyrate.config.ConfigProperties.class})]], org.springframework.boot.test.context.filter.ExcludeFilterContextCustomizer@28ec166e, org.springframework.boot.test.json.DuplicateJsonObjectContextCustomizerFactory$DuplicateJsonObjectContextCustomizer@5629510, org.springframework.boot.test.mock.mockito.MockitoContextCustomizer@0], contextLoader = 'org.springframework.test.context.support.DelegatingSmartContextLoader', parent = [null]]]
12:41:24.017 [Test worker] DEBUG org.springframework.test.context.cache - Spring test ApplicationContext cache statistics: [DefaultContextCache@1bdbf9be size = 1, maxSize = 32, parentContextCount = 0, hitCount = 182, missCount = 1]
12:41:24.018 [Test worker] DEBUG org.springframework.test.context.cache.DefaultCacheAwareContextLoaderDelegate - Retrieved ApplicationContext [15477956] from cache with key [[MergedContextConfiguration@7103cb56 testClass = ConfigPropertiesTest, locations = '{}', classes = '{}', contextInitializerClasses = '[]', activeProfiles = '{}', propertySourceLocations = '{classpath:config-test.properties}', propertySourceProperties = '{}', contextCustomizers = set[org.springframework.boot.test.autoconfigure.actuate.metrics.MetricsExportContextCustomizerFactory$DisableMetricExportContextCustomizer@2f1de2d6, org.springframework.boot.test.autoconfigure.properties.PropertyMappingContextCustomizer@0, org.springframework.boot.test.autoconfigure.web.servlet.WebDriverContextCustomizerFactory$Customizer@38831718, [ImportsContextCustomizer@1b765a2c key = [@org.springframework.test.context.TestPropertySource(locations={}, value={"classpath:config-test.properties"}, inheritProperties=true, properties={}, inheritLocations=true), @org.springframework.context.annotation.Import({org.springframework.boot.context.properties.EnableConfigurationPropertiesRegistrar.class}), @org.springframework.boot.context.properties.EnableConfigurationProperties({com.example.currencyrate.config.ConfigProperties.class})]], org.springframework.boot.test.context.filter.ExcludeFilterContextCustomizer@28ec166e, org.springframework.boot.test.json.DuplicateJsonObjectContextCustomizerFactory$DuplicateJsonObjectContextCustomizer@5629510, org.springframework.boot.test.mock.mockito.MockitoContextCustomizer@0], contextLoader = 'org.springframework.test.context.support.DelegatingSmartContextLoader', parent = [null]]]
12:41:24.019 [Test worker] DEBUG org.springframework.test.context.cache - Spring test ApplicationContext cache statistics: [DefaultContextCache@1bdbf9be size = 1, maxSize = 32, parentContextCount = 0, hitCount = 183, missCount = 1]
12:41:24.020 [Test worker] DEBUG org.springframework.test.context.cache.DefaultCacheAwareContextLoaderDelegate - Retrieved ApplicationContext [15477956] from cache with key [[MergedContextConfiguration@7103cb56 testClass = ConfigPropertiesTest, locations = '{}', classes = '{}', contextInitializerClasses = '[]', activeProfiles = '{}', propertySourceLocations = '{classpath:config-test.properties}', propertySourceProperties = '{}', contextCustomizers = set[org.springframework.boot.test.autoconfigure.actuate.metrics.MetricsExportContextCustomizerFactory$DisableMetricExportContextCustomizer@2f1de2d6, org.springframework.boot.test.autoconfigure.properties.PropertyMappingContextCustomizer@0, org.springframework.boot.test.autoconfigure.web.servlet.WebDriverContextCustomizerFactory$Customizer@38831718, [ImportsContextCustomizer@1b765a2c key = [@org.springframework.test.context.TestPropertySource(locations={}, value={"classpath:config-test.properties"}, inheritProperties=true, properties={}, inheritLocations=true), @org.springframework.context.annotation.Import({org.springframework.boot.context.properties.EnableConfigurationPropertiesRegistrar.class}), @org.springframework.boot.context.properties.EnableConfigurationProperties({com.example.currencyrate.config.ConfigProperties.class})]], org.springframework.boot.test.context.filter.ExcludeFilterContextCustomizer@28ec166e, org.springframework.boot.test.json.DuplicateJsonObjectContextCustomizerFactory$DuplicateJsonObjectContextCustomizer@5629510, org.springframework.boot.test.mock.mockito.MockitoContextCustomizer@0], contextLoader = 'org.springframework.test.context.support.DelegatingSmartContextLoader', parent = [null]]]
12:41:24.020 [Test worker] DEBUG org.springframework.test.context.cache - Spring test ApplicationContext cache statistics: [DefaultContextCache@1bdbf9be size = 1, maxSize = 32, parentContextCount = 0, hitCount = 184, missCount = 1]
12:41:24.021 [Test worker] DEBUG org.springframework.test.context.cache.DefaultCacheAwareContextLoaderDelegate - Retrieved ApplicationContext [15477956] from cache with key [[MergedContextConfiguration@7103cb56 testClass = ConfigPropertiesTest, locations = '{}', classes = '{}', contextInitializerClasses = '[]', activeProfiles = '{}', propertySourceLocations = '{classpath:config-test.properties}', propertySourceProperties = '{}', contextCustomizers = set[org.springframework.boot.test.autoconfigure.actuate.metrics.MetricsExportContextCustomizerFactory$DisableMetricExportContextCustomizer@2f1de2d6, org.springframework.boot.test.autoconfigure.properties.PropertyMappingContextCustomizer@0, org.springframework.boot.test.autoconfigure.web.servlet.WebDriverContextCustomizerFactory$Customizer@38831718, [ImportsContextCustomizer@1b765a2c key = [@org.springframework.test.context.TestPropertySource(locations={}, value={"classpath:config-test.properties"}, inheritProperties=true, properties={}, inheritLocations=true), @org.springframework.context.annotation.Import({org.springframework.boot.context.properties.EnableConfigurationPropertiesRegistrar.class}), @org.springframework.boot.context.properties.EnableConfigurationProperties({com.example.currencyrate.config.ConfigProperties.class})]], org.springframework.boot.test.context.filter.ExcludeFilterContextCustomizer@28ec166e, org.springframework.boot.test.json.DuplicateJsonObjectContextCustomizerFactory$DuplicateJsonObjectContextCustomizer@5629510, org.springframework.boot.test.mock.mockito.MockitoContextCustomizer@0], contextLoader = 'org.springframework.test.context.support.DelegatingSmartContextLoader', parent = [null]]]
12:41:24.021 [Test worker] DEBUG org.springframework.test.context.cache - Spring test ApplicationContext cache statistics: [DefaultContextCache@1bdbf9be size = 1, maxSize = 32, parentContextCount = 0, hitCount = 185, missCount = 1]
12:41:24.023 [Test worker] DEBUG org.springframework.test.context.cache.DefaultCacheAwareContextLoaderDelegate - Retrieved ApplicationContext [15477956] from cache with key [[MergedContextConfiguration@7103cb56 testClass = ConfigPropertiesTest, locations = '{}', classes = '{}', contextInitializerClasses = '[]', activeProfiles = '{}', propertySourceLocations = '{classpath:config-test.properties}', propertySourceProperties = '{}', contextCustomizers = set[org.springframework.boot.test.autoconfigure.actuate.metrics.MetricsExportContextCustomizerFactory$DisableMetricExportContextCustomizer@2f1de2d6, org.springframework.boot.test.autoconfigure.properties.PropertyMappingContextCustomizer@0, org.springframework.boot.test.autoconfigure.web.servlet.WebDriverContextCustomizerFactory$Customizer@38831718, [ImportsContextCustomizer@1b765a2c key = [@org.springframework.test.context.TestPropertySource(locations={}, value={"classpath:config-test.properties"}, inheritProperties=true, properties={}, inheritLocations=true), @org.springframework.context.annotation.Import({org.springframework.boot.context.properties.EnableConfigurationPropertiesRegistrar.class}), @org.springframework.boot.context.properties.EnableConfigurationProperties({com.example.currencyrate.config.ConfigProperties.class})]], org.springframework.boot.test.context.filter.ExcludeFilterContextCustomizer@28ec166e, org.springframework.boot.test.json.DuplicateJsonObjectContextCustomizerFactory$DuplicateJsonObjectContextCustomizer@5629510, org.springframework.boot.test.mock.mockito.MockitoContextCustomizer@0], contextLoader = 'org.springframework.test.context.support.DelegatingSmartContextLoader', parent = [null]]]
12:41:24.023 [Test worker] DEBUG org.springframework.test.context.cache - Spring test ApplicationContext cache statistics: [DefaultContextCache@1bdbf9be size = 1, maxSize = 32, parentContextCount = 0, hitCount = 186, missCount = 1]
12:41:24.023 [Test worker] DEBUG org.springframework.test.context.support.AbstractDirtiesContextTestExecutionListener - After test method: context [DefaultTestContext@178213b testClass = ConfigPropertiesTest, testInstance = com.example.currencyrate.ConfigPropertiesTest@6c6366cf, testMethod = configPropertiesSetApiKeyNull@ConfigPropertiesTest, testException = [null], mergedContextConfiguration = [MergedContextConfiguration@7103cb56 testClass = ConfigPropertiesTest, locations = '{}', classes = '{}', contextInitializerClasses = '[]', activeProfiles = '{}', propertySourceLocations = '{classpath:config-test.properties}', propertySourceProperties = '{}', contextCustomizers = set[org.springframework.boot.test.autoconfigure.actuate.metrics.MetricsExportContextCustomizerFactory$DisableMetricExportContextCustomizer@2f1de2d6, org.springframework.boot.test.autoconfigure.properties.PropertyMappingContextCustomizer@0, org.springframework.boot.test.autoconfigure.web.servlet.WebDriverContextCustomizerFactory$Customizer@38831718, [ImportsContextCustomizer@1b765a2c key = [@org.springframework.test.context.TestPropertySource(locations={}, value={"classpath:config-test.properties"}, inheritProperties=true, properties={}, inheritLocations=true), @org.springframework.context.annotation.Import({org.springframework.boot.context.properties.EnableConfigurationPropertiesRegistrar.class}), @org.springframework.boot.context.properties.EnableConfigurationProperties({com.example.currencyrate.config.ConfigProperties.class})]], org.springframework.boot.test.context.filter.ExcludeFilterContextCustomizer@28ec166e, org.springframework.boot.test.json.DuplicateJsonObjectContextCustomizerFactory$DuplicateJsonObjectContextCustomizer@5629510, org.springframework.boot.test.mock.mockito.MockitoContextCustomizer@0], contextLoader = 'org.springframework.test.context.support.DelegatingSmartContextLoader', parent = [null]], attributes = map['org.springframework.test.context.event.ApplicationEventsTestExecutionListener.recordApplicationEvents' -> false]], class annotated with @DirtiesContext [false] with mode [null], method annotated with @DirtiesContext [false] with mode [null].
12:41:24.030 [Test worker] DEBUG org.springframework.test.context.cache.DefaultCacheAwareContextLoaderDelegate - Retrieved ApplicationContext [15477956] from cache with key [[MergedContextConfiguration@7103cb56 testClass = ConfigPropertiesTest, locations = '{}', classes = '{}', contextInitializerClasses = '[]', activeProfiles = '{}', propertySourceLocations = '{classpath:config-test.properties}', propertySourceProperties = '{}', contextCustomizers = set[org.springframework.boot.test.autoconfigure.actuate.metrics.MetricsExportContextCustomizerFactory$DisableMetricExportContextCustomizer@2f1de2d6, org.springframework.boot.test.autoconfigure.properties.PropertyMappingContextCustomizer@0, org.springframework.boot.test.autoconfigure.web.servlet.WebDriverContextCustomizerFactory$Customizer@38831718, [ImportsContextCustomizer@1b765a2c key = [@org.springframework.test.context.TestPropertySource(locations={}, value={"classpath:config-test.properties"}, inheritProperties=true, properties={}, inheritLocations=true), @org.springframework.context.annotation.Import({org.springframework.boot.context.properties.EnableConfigurationPropertiesRegistrar.class}), @org.springframework.boot.context.properties.EnableConfigurationProperties({com.example.currencyrate.config.ConfigProperties.class})]], org.springframework.boot.test.context.filter.ExcludeFilterContextCustomizer@28ec166e, org.springframework.boot.test.json.DuplicateJsonObjectContextCustomizerFactory$DuplicateJsonObjectContextCustomizer@5629510, org.springframework.boot.test.mock.mockito.MockitoContextCustomizer@0], contextLoader = 'org.springframework.test.context.support.DelegatingSmartContextLoader', parent = [null]]]
12:41:24.031 [Test worker] DEBUG org.springframework.test.context.cache - Spring test ApplicationContext cache statistics: [DefaultContextCache@1bdbf9be size = 1, maxSize = 32, parentContextCount = 0, hitCount = 187, missCount = 1]
12:41:24.034 [Test worker] DEBUG org.springframework.test.context.support.AbstractDirtiesContextTestExecutionListener - After test class: context [DefaultTestContext@178213b testClass = ConfigPropertiesTest, testInstance = [null], testMethod = [null], testException = [null], mergedContextConfiguration = [MergedContextConfiguration@7103cb56 testClass = ConfigPropertiesTest, locations = '{}', classes = '{}', contextInitializerClasses = '[]', activeProfiles = '{}', propertySourceLocations = '{classpath:config-test.properties}', propertySourceProperties = '{}', contextCustomizers = set[org.springframework.boot.test.autoconfigure.actuate.metrics.MetricsExportContextCustomizerFactory$DisableMetricExportContextCustomizer@2f1de2d6, org.springframework.boot.test.autoconfigure.properties.PropertyMappingContextCustomizer@0, org.springframework.boot.test.autoconfigure.web.servlet.WebDriverContextCustomizerFactory$Customizer@38831718, [ImportsContextCustomizer@1b765a2c key = [@org.springframework.test.context.TestPropertySource(locations={}, value={"classpath:config-test.properties"}, inheritProperties=true, properties={}, inheritLocations=true), @org.springframework.context.annotation.Import({org.springframework.boot.context.properties.EnableConfigurationPropertiesRegistrar.class}), @org.springframework.boot.context.properties.EnableConfigurationProperties({com.example.currencyrate.config.ConfigProperties.class})]], org.springframework.boot.test.context.filter.ExcludeFilterContextCustomizer@28ec166e, org.springframework.boot.test.json.DuplicateJsonObjectContextCustomizerFactory$DuplicateJsonObjectContextCustomizer@5629510, org.springframework.boot.test.mock.mockito.MockitoContextCustomizer@0], contextLoader = 'org.springframework.test.context.support.DelegatingSmartContextLoader', parent = [null]], attributes = map['org.springframework.test.context.event.ApplicationEventsTestExecutionListener.recordApplicationEvents' -> false]], class annotated with @DirtiesContext [false] with mode [null].
]]></system-out>
  <system-err><![CDATA[]]></system-err>
</testsuite>
